<?xml version="1.0" ?>
<!DOCTYPE coverage SYSTEM "http://cobertura.sourceforge.net/xml/coverage-04.dtd">
<coverage lines-valid="12732" lines-covered="8414" line-rate="0.6607999999999999" branches-valid="2005" branches-covered="1589" branch-rate="0.7925" timestamp="1752782515658" complexity="0" version="0.1">
  <sources>
    <source>/Users/alexanderhuth/Code/yelm/packages/core</source>
  </sources>
  <packages>
    <package name="src" line-rate="1" branch-rate="1">
      <classes>
        <class name="index.ts" filename="src/index.ts" line-rate="1" branch-rate="1">
          <methods>
          </methods>
          <lines>
            <line number="1" hits="1" branch="false"/>
            <line number="8" hits="1" branch="false"/>
            <line number="11" hits="1" branch="false"/>
            <line number="12" hits="1" branch="false"/>
            <line number="13" hits="1" branch="false"/>
            <line number="14" hits="1" branch="false"/>
            <line number="15" hits="1" branch="false"/>
            <line number="16" hits="1" branch="false"/>
            <line number="17" hits="1" branch="false"/>
            <line number="18" hits="1" branch="false"/>
            <line number="19" hits="1" branch="false"/>
            <line number="20" hits="1" branch="false"/>
            <line number="22" hits="1" branch="false"/>
            <line number="23" hits="1" branch="false"/>
            <line number="24" hits="1" branch="false"/>
            <line number="25" hits="1" branch="false"/>
            <line number="28" hits="1" branch="false"/>
            <line number="29" hits="1" branch="false"/>
            <line number="30" hits="1" branch="false"/>
            <line number="31" hits="1" branch="false"/>
            <line number="32" hits="1" branch="false"/>
            <line number="33" hits="1" branch="false"/>
            <line number="34" hits="1" branch="false"/>
            <line number="35" hits="1" branch="false"/>
            <line number="38" hits="1" branch="false"/>
            <line number="39" hits="1" branch="false"/>
            <line number="42" hits="1" branch="false"/>
            <line number="43" hits="1" branch="false"/>
            <line number="46" hits="1" branch="false"/>
            <line number="47" hits="1" branch="false"/>
            <line number="48" hits="1" branch="false"/>
            <line number="49" hits="1" branch="false"/>
            <line number="50" hits="1" branch="false"/>
            <line number="51" hits="1" branch="false"/>
            <line number="52" hits="1" branch="false"/>
            <line number="53" hits="1" branch="false"/>
            <line number="54" hits="1" branch="false"/>
            <line number="55" hits="1" branch="false"/>
            <line number="56" hits="1" branch="false"/>
            <line number="57" hits="1" branch="false"/>
            <line number="58" hits="1" branch="false"/>
            <line number="61" hits="1" branch="false"/>
            <line number="62" hits="1" branch="false"/>
          </lines>
        </class>
      </classes>
    </package>
    <package name="src.__mocks__.fs" line-rate="1" branch-rate="1">
      <classes>
        <class name="promises.ts" filename="src/__mocks__/fs/promises.ts" line-rate="1" branch-rate="1">
          <methods>
          </methods>
          <lines>
            <line number="1" hits="1" branch="false"/>
            <line number="7" hits="1" branch="false"/>
            <line number="8" hits="1" branch="false"/>
            <line number="10" hits="1" branch="false"/>
            <line number="13" hits="1" branch="false"/>
            <line number="14" hits="1" branch="false"/>
            <line number="15" hits="1" branch="false"/>
            <line number="18" hits="1" branch="false"/>
            <line number="19" hits="1" branch="false"/>
            <line number="20" hits="1" branch="false"/>
            <line number="21" hits="1" branch="false"/>
            <line number="22" hits="1" branch="false"/>
            <line number="23" hits="1" branch="false"/>
            <line number="24" hits="1" branch="false"/>
            <line number="25" hits="1" branch="false"/>
            <line number="26" hits="1" branch="false"/>
            <line number="27" hits="1" branch="false"/>
            <line number="28" hits="1" branch="false"/>
            <line number="29" hits="1" branch="false"/>
            <line number="30" hits="1" branch="false"/>
            <line number="31" hits="1" branch="false"/>
            <line number="32" hits="1" branch="false"/>
            <line number="33" hits="1" branch="false"/>
            <line number="34" hits="1" branch="false"/>
            <line number="35" hits="1" branch="false"/>
            <line number="36" hits="1" branch="false"/>
            <line number="37" hits="1" branch="false"/>
            <line number="38" hits="1" branch="false"/>
            <line number="39" hits="1" branch="false"/>
            <line number="40" hits="1" branch="false"/>
            <line number="41" hits="1" branch="false"/>
            <line number="42" hits="1" branch="false"/>
            <line number="43" hits="1" branch="false"/>
            <line number="44" hits="1" branch="false"/>
            <line number="45" hits="1" branch="false"/>
            <line number="48" hits="1" branch="false"/>
          </lines>
        </class>
      </classes>
    </package>
    <package name="src.benchmarking" line-rate="0" branch-rate="0">
      <classes>
        <class name="benchmark.ts" filename="src/benchmarking/benchmark.ts" line-rate="0" branch-rate="0">
          <methods>
            <method name="(empty-report)" hits="0" signature="()V">
              <lines>
                <line number="1" hits="0"/>
              </lines>
            </method>
          </methods>
          <lines>
            <line number="1" hits="0" branch="true" condition-coverage="0% (0/1)"/>
            <line number="8" hits="0" branch="false"/>
            <line number="9" hits="0" branch="false"/>
            <line number="11" hits="0" branch="false"/>
            <line number="12" hits="0" branch="false"/>
            <line number="13" hits="0" branch="false"/>
            <line number="16" hits="0" branch="false"/>
            <line number="17" hits="0" branch="false"/>
            <line number="18" hits="0" branch="false"/>
            <line number="19" hits="0" branch="false"/>
            <line number="20" hits="0" branch="false"/>
            <line number="21" hits="0" branch="false"/>
            <line number="22" hits="0" branch="false"/>
            <line number="23" hits="0" branch="false"/>
            <line number="25" hits="0" branch="false"/>
            <line number="28" hits="0" branch="false"/>
            <line number="29" hits="0" branch="false"/>
            <line number="32" hits="0" branch="false"/>
            <line number="33" hits="0" branch="false"/>
            <line number="35" hits="0" branch="false"/>
            <line number="36" hits="0" branch="false"/>
            <line number="37" hits="0" branch="false"/>
            <line number="38" hits="0" branch="false"/>
            <line number="40" hits="0" branch="false"/>
            <line number="41" hits="0" branch="false"/>
            <line number="43" hits="0" branch="false"/>
            <line number="44" hits="0" branch="false"/>
            <line number="45" hits="0" branch="false"/>
            <line number="46" hits="0" branch="false"/>
            <line number="47" hits="0" branch="false"/>
            <line number="48" hits="0" branch="false"/>
            <line number="49" hits="0" branch="false"/>
            <line number="51" hits="0" branch="false"/>
            <line number="52" hits="0" branch="false"/>
            <line number="53" hits="0" branch="false"/>
            <line number="54" hits="0" branch="false"/>
          </lines>
        </class>
        <class name="index.ts" filename="src/benchmarking/index.ts" line-rate="0" branch-rate="0">
          <methods>
            <method name="(empty-report)" hits="0" signature="()V">
              <lines>
                <line number="1" hits="0"/>
              </lines>
            </method>
          </methods>
          <lines>
            <line number="1" hits="0" branch="true" condition-coverage="0% (0/1)"/>
            <line number="7" hits="0" branch="false"/>
          </lines>
        </class>
      </classes>
    </package>
    <package name="src.code_assist" line-rate="0.669" branch-rate="0.7575">
      <classes>
        <class name="codeAssist.ts" filename="src/code_assist/codeAssist.ts" line-rate="0.23800000000000002" branch-rate="1">
          <methods>
            <method name="createCodeAssistContentGenerator" hits="0" signature="()V">
              <lines>
                <line number="13" hits="0"/>
              </lines>
            </method>
          </methods>
          <lines>
            <line number="1" hits="1" branch="false"/>
            <line number="7" hits="1" branch="false"/>
            <line number="8" hits="1" branch="false"/>
            <line number="9" hits="1" branch="false"/>
            <line number="10" hits="1" branch="false"/>
            <line number="13" hits="0" branch="false"/>
            <line number="14" hits="0" branch="false"/>
            <line number="15" hits="0" branch="false"/>
            <line number="16" hits="0" branch="false"/>
            <line number="17" hits="0" branch="false"/>
            <line number="18" hits="0" branch="false"/>
            <line number="19" hits="0" branch="false"/>
            <line number="20" hits="0" branch="false"/>
            <line number="21" hits="0" branch="false"/>
            <line number="22" hits="0" branch="false"/>
            <line number="23" hits="0" branch="false"/>
            <line number="24" hits="0" branch="false"/>
            <line number="25" hits="0" branch="false"/>
            <line number="26" hits="0" branch="false"/>
            <line number="28" hits="0" branch="false"/>
            <line number="29" hits="0" branch="false"/>
          </lines>
        </class>
        <class name="converter.ts" filename="src/code_assist/converter.ts" line-rate="0.8906000000000001" branch-rate="0.9615">
          <methods>
            <method name="toCountTokenRequest" hits="1" signature="()V">
              <lines>
                <line number="97" hits="1"/>
              </lines>
            </method>
            <method name="fromCountTokenResponse" hits="1" signature="()V">
              <lines>
                <line number="108" hits="1"/>
              </lines>
            </method>
            <method name="toGenerateContentRequest" hits="10" signature="()V">
              <lines>
                <line number="116" hits="10"/>
              </lines>
            </method>
            <method name="fromGenerateContentResponse" hits="5" signature="()V">
              <lines>
                <line number="128" hits="5"/>
              </lines>
            </method>
            <method name="toVertexGenerateContentRequest" hits="10" signature="()V">
              <lines>
                <line number="140" hits="10"/>
              </lines>
            </method>
            <method name="toContents" hits="11" signature="()V">
              <lines>
                <line number="157" hits="11"/>
              </lines>
            </method>
            <method name="maybeToContent" hits="10" signature="()V">
              <lines>
                <line number="166" hits="10"/>
              </lines>
            </method>
            <method name="toContent" hits="13" signature="()V">
              <lines>
                <line number="173" hits="13"/>
              </lines>
            </method>
            <method name="toParts" hits="0" signature="()V">
              <lines>
                <line number="199" hits="0"/>
              </lines>
            </method>
            <method name="toPart" hits="0" signature="()V">
              <lines>
                <line number="203" hits="0"/>
              </lines>
            </method>
            <method name="toVertexGenerationConfig" hits="10" signature="()V">
              <lines>
                <line number="211" hits="10"/>
              </lines>
            </method>
          </methods>
          <lines>
            <line number="1" hits="1" branch="false"/>
            <line number="7" hits="1" branch="false"/>
            <line number="97" hits="1" branch="true" condition-coverage="100% (1/1)"/>
            <line number="98" hits="1" branch="false"/>
            <line number="99" hits="1" branch="false"/>
            <line number="100" hits="1" branch="false"/>
            <line number="101" hits="1" branch="false"/>
            <line number="102" hits="1" branch="false"/>
            <line number="103" hits="1" branch="false"/>
            <line number="104" hits="1" branch="false"/>
            <line number="105" hits="1" branch="false"/>
            <line number="106" hits="1" branch="false"/>
            <line number="108" hits="1" branch="true" condition-coverage="100% (1/1)"/>
            <line number="109" hits="1" branch="false"/>
            <line number="110" hits="1" branch="false"/>
            <line number="111" hits="1" branch="false"/>
            <line number="112" hits="1" branch="false"/>
            <line number="113" hits="1" branch="false"/>
            <line number="114" hits="1" branch="false"/>
            <line number="116" hits="1" branch="true" condition-coverage="100% (1/1)"/>
            <line number="117" hits="10" branch="false"/>
            <line number="118" hits="10" branch="false"/>
            <line number="119" hits="10" branch="false"/>
            <line number="120" hits="10" branch="false"/>
            <line number="121" hits="10" branch="false"/>
            <line number="122" hits="10" branch="false"/>
            <line number="123" hits="10" branch="false"/>
            <line number="124" hits="10" branch="false"/>
            <line number="125" hits="10" branch="false"/>
            <line number="126" hits="10" branch="false"/>
            <line number="128" hits="1" branch="true" condition-coverage="100% (1/1)"/>
            <line number="129" hits="5" branch="false"/>
            <line number="130" hits="5" branch="false"/>
            <line number="131" hits="5" branch="false"/>
            <line number="132" hits="5" branch="false"/>
            <line number="133" hits="5" branch="false"/>
            <line number="134" hits="5" branch="false"/>
            <line number="135" hits="5" branch="false"/>
            <line number="136" hits="5" branch="false"/>
            <line number="137" hits="5" branch="false"/>
            <line number="138" hits="5" branch="false"/>
            <line number="140" hits="10" branch="true" condition-coverage="100% (1/1)"/>
            <line number="141" hits="10" branch="false"/>
            <line number="142" hits="10" branch="false"/>
            <line number="143" hits="10" branch="false"/>
            <line number="144" hits="10" branch="false"/>
            <line number="145" hits="10" branch="false"/>
            <line number="146" hits="10" branch="true" condition-coverage="100% (1/1)"/>
            <line number="147" hits="10" branch="true" condition-coverage="100% (1/1)"/>
            <line number="148" hits="10" branch="true" condition-coverage="100% (1/1)"/>
            <line number="149" hits="10" branch="true" condition-coverage="100% (1/1)"/>
            <line number="150" hits="10" branch="true" condition-coverage="100% (1/1)"/>
            <line number="151" hits="10" branch="true" condition-coverage="100% (1/1)"/>
            <line number="152" hits="10" branch="false"/>
            <line number="153" hits="10" branch="false"/>
            <line number="154" hits="10" branch="false"/>
            <line number="155" hits="10" branch="false"/>
            <line number="157" hits="11" branch="true" condition-coverage="100% (1/1)"/>
            <line number="158" hits="11" branch="true" condition-coverage="100% (1/1)"/>
            <line number="160" hits="7" branch="false"/>
            <line number="161" hits="7" branch="true" condition-coverage="100% (1/1)"/>
            <line number="163" hits="4" branch="false"/>
            <line number="164" hits="4" branch="false"/>
            <line number="166" hits="10" branch="true" condition-coverage="100% (1/1)"/>
            <line number="167" hits="10" branch="true" condition-coverage="100% (1/1)"/>
            <line number="168" hits="9" branch="false"/>
            <line number="169" hits="9" branch="true" condition-coverage="100% (1/1)"/>
            <line number="170" hits="1" branch="false"/>
            <line number="171" hits="1" branch="false"/>
            <line number="173" hits="13" branch="true" condition-coverage="100% (1/1)"/>
            <line number="174" hits="13" branch="true" condition-coverage="0% (0/1)"/>
            <line number="176" hits="0" branch="false"/>
            <line number="177" hits="0" branch="false"/>
            <line number="178" hits="0" branch="false"/>
            <line number="179" hits="0" branch="false"/>
            <line number="180" hits="0" branch="false"/>
            <line number="181" hits="13" branch="true" condition-coverage="100% (2/2)"/>
            <line number="183" hits="5" branch="false"/>
            <line number="184" hits="5" branch="false"/>
            <line number="185" hits="5" branch="false"/>
            <line number="186" hits="5" branch="false"/>
            <line number="187" hits="5" branch="false"/>
            <line number="188" hits="13" branch="true" condition-coverage="100% (1/1)"/>
            <line number="190" hits="6" branch="false"/>
            <line number="191" hits="6" branch="true" condition-coverage="100% (1/1)"/>
            <line number="193" hits="2" branch="false"/>
            <line number="194" hits="2" branch="false"/>
            <line number="195" hits="2" branch="false"/>
            <line number="196" hits="2" branch="false"/>
            <line number="197" hits="2" branch="false"/>
            <line number="199" hits="0" branch="false"/>
            <line number="200" hits="0" branch="false"/>
            <line number="201" hits="0" branch="false"/>
            <line number="203" hits="0" branch="false"/>
            <line number="204" hits="0" branch="false"/>
            <line number="206" hits="0" branch="false"/>
            <line number="207" hits="0" branch="false"/>
            <line number="208" hits="0" branch="false"/>
            <line number="209" hits="0" branch="false"/>
            <line number="211" hits="10" branch="true" condition-coverage="100% (1/1)"/>
            <line number="212" hits="10" branch="false"/>
            <line number="213" hits="10" branch="false"/>
            <line number="214" hits="10" branch="true" condition-coverage="100% (1/1)"/>
            <line number="215" hits="7" branch="false"/>
            <line number="216" hits="7" branch="true" condition-coverage="100% (1/1)"/>
            <line number="217" hits="3" branch="false"/>
            <line number="218" hits="3" branch="false"/>
            <line number="219" hits="3" branch="false"/>
            <line number="220" hits="3" branch="false"/>
            <line number="221" hits="3" branch="false"/>
            <line number="222" hits="3" branch="false"/>
            <line number="223" hits="3" branch="false"/>
            <line number="224" hits="3" branch="false"/>
            <line number="225" hits="3" branch="false"/>
            <line number="226" hits="3" branch="false"/>
            <line number="227" hits="3" branch="false"/>
            <line number="228" hits="3" branch="false"/>
            <line number="229" hits="3" branch="false"/>
            <line number="230" hits="3" branch="false"/>
            <line number="231" hits="3" branch="false"/>
            <line number="232" hits="3" branch="false"/>
            <line number="233" hits="3" branch="false"/>
            <line number="234" hits="3" branch="false"/>
            <line number="235" hits="3" branch="false"/>
            <line number="236" hits="3" branch="false"/>
            <line number="237" hits="3" branch="false"/>
            <line number="238" hits="3" branch="false"/>
            <line number="239" hits="3" branch="false"/>
          </lines>
        </class>
        <class name="oauth2.ts" filename="src/code_assist/oauth2.ts" line-rate="0.7927" branch-rate="0.6511">
          <methods>
            <method name="getOauthClient" hits="7" signature="()V">
              <lines>
                <line number="67" hits="7"/>
              </lines>
            </method>
            <method name="authWithUserCode" hits="1" signature="()V">
              <lines>
                <line number="152" hits="1"/>
              </lines>
            </method>
            <method name="code" hits="1" signature="()V">
              <lines>
                <line number="169" hits="1"/>
              </lines>
            </method>
            <method name="authWithWeb" hits="1" signature="()V">
              <lines>
                <line number="198" hits="1"/>
              </lines>
            </method>
            <method name="getAvailablePort" hits="1" signature="()V">
              <lines>
                <line number="266" hits="1"/>
              </lines>
            </method>
            <method name="loadCachedCredentials" hits="7" signature="()V">
              <lines>
                <line number="287" hits="7"/>
              </lines>
            </method>
            <method name="cacheCredentials" hits="0" signature="()V">
              <lines>
                <line number="310" hits="0"/>
              </lines>
            </method>
            <method name="getCachedCredentialPath" hits="7" signature="()V">
              <lines>
                <line number="318" hits="7"/>
              </lines>
            </method>
            <method name="clearCachedCredentialFile" hits="0" signature="()V">
              <lines>
                <line number="322" hits="0"/>
              </lines>
            </method>
            <method name="fetchAndCacheUserInfo" hits="2" signature="()V">
              <lines>
                <line number="332" hits="2"/>
              </lines>
            </method>
          </methods>
          <lines>
            <line number="1" hits="1" branch="false"/>
            <line number="7" hits="1" branch="false"/>
            <line number="13" hits="1" branch="false"/>
            <line number="14" hits="1" branch="false"/>
            <line number="15" hits="1" branch="false"/>
            <line number="16" hits="1" branch="false"/>
            <line number="17" hits="1" branch="false"/>
            <line number="18" hits="1" branch="false"/>
            <line number="19" hits="1" branch="false"/>
            <line number="20" hits="1" branch="false"/>
            <line number="22" hits="1" branch="false"/>
            <line number="23" hits="1" branch="false"/>
            <line number="28" hits="1" branch="false"/>
            <line number="29" hits="1" branch="false"/>
            <line number="34" hits="1" branch="false"/>
            <line number="39" hits="1" branch="false"/>
            <line number="42" hits="1" branch="false"/>
            <line number="43" hits="1" branch="false"/>
            <line number="44" hits="1" branch="false"/>
            <line number="45" hits="1" branch="false"/>
            <line number="46" hits="1" branch="false"/>
            <line number="48" hits="1" branch="false"/>
            <line number="49" hits="1" branch="false"/>
            <line number="50" hits="1" branch="false"/>
            <line number="51" hits="1" branch="false"/>
            <line number="52" hits="1" branch="false"/>
            <line number="54" hits="1" branch="false"/>
            <line number="55" hits="1" branch="false"/>
            <line number="67" hits="7" branch="true" condition-coverage="100% (1/1)"/>
            <line number="68" hits="7" branch="false"/>
            <line number="69" hits="7" branch="false"/>
            <line number="70" hits="7" branch="false"/>
            <line number="71" hits="7" branch="false"/>
            <line number="72" hits="7" branch="false"/>
            <line number="73" hits="7" branch="false"/>
            <line number="74" hits="7" branch="false"/>
            <line number="76" hits="7" branch="false"/>
            <line number="77" hits="0" branch="false"/>
            <line number="78" hits="7" branch="false"/>
            <line number="81" hits="7" branch="true" condition-coverage="100% (1/1)"/>
            <line number="84" hits="1" branch="false"/>
            <line number="85" hits="1" branch="false"/>
            <line number="86" hits="1" branch="false"/>
            <line number="87" hits="1" branch="true" condition-coverage="0% (0/1)"/>
            <line number="89" hits="0" branch="false"/>
            <line number="90" hits="1" branch="false"/>
            <line number="91" hits="1" branch="false"/>
            <line number="92" hits="1" branch="false"/>
            <line number="93" hits="1" branch="true" condition-coverage="100% (1/1)"/>
            <line number="98" hits="7" branch="true" condition-coverage="100% (1/1)"/>
            <line number="99" hits="4" branch="false"/>
            <line number="100" hits="4" branch="false"/>
            <line number="101" hits="4" branch="false"/>
            <line number="104" hits="4" branch="false"/>
            <line number="105" hits="4" branch="true" condition-coverage="100% (1/1)"/>
            <line number="106" hits="3" branch="false"/>
            <line number="109" hits="3" branch="false"/>
            <line number="110" hits="4" branch="true" condition-coverage="100% (1/1)"/>
            <line number="111" hits="1" branch="false"/>
            <line number="112" hits="1" branch="false"/>
            <line number="113" hits="1" branch="false"/>
            <line number="114" hits="1" branch="false"/>
            <line number="115" hits="1" branch="false"/>
            <line number="116" hits="1" branch="false"/>
            <line number="117" hits="4" branch="true" condition-coverage="100% (1/1)"/>
            <line number="119" hits="7" branch="true" condition-coverage="100% (1/1)"/>
            <line number="120" hits="1" branch="false"/>
            <line number="121" hits="1" branch="false"/>
            <line number="122" hits="1" branch="false"/>
            <line number="123" hits="1" branch="false"/>
            <line number="124" hits="1" branch="true" condition-coverage="0% (0/1)"/>
            <line number="125" hits="0" branch="false"/>
            <line number="126" hits="0" branch="false"/>
            <line number="127" hits="0" branch="false"/>
            <line number="128" hits="0" branch="false"/>
            <line number="129" hits="0" branch="false"/>
            <line number="130" hits="1" branch="false"/>
            <line number="131" hits="1" branch="true" condition-coverage="0% (0/1)"/>
            <line number="132" hits="0" branch="false"/>
            <line number="133" hits="0" branch="false"/>
            <line number="134" hits="1" branch="false"/>
            <line number="135" hits="1" branch="false"/>
            <line number="138" hits="1" branch="false"/>
            <line number="139" hits="1" branch="false"/>
            <line number="141" hits="1" branch="false"/>
            <line number="142" hits="1" branch="false"/>
            <line number="143" hits="1" branch="false"/>
            <line number="144" hits="1" branch="false"/>
            <line number="146" hits="1" branch="false"/>
            <line number="147" hits="1" branch="true" condition-coverage="100% (1/1)"/>
            <line number="149" hits="2" branch="false"/>
            <line number="150" hits="2" branch="false"/>
            <line number="152" hits="1" branch="true" condition-coverage="100% (1/1)"/>
            <line number="153" hits="1" branch="false"/>
            <line number="154" hits="1" branch="false"/>
            <line number="155" hits="1" branch="false"/>
            <line number="156" hits="1" branch="false"/>
            <line number="157" hits="1" branch="false"/>
            <line number="158" hits="1" branch="false"/>
            <line number="159" hits="1" branch="false"/>
            <line number="160" hits="1" branch="false"/>
            <line number="161" hits="1" branch="false"/>
            <line number="162" hits="1" branch="false"/>
            <line number="163" hits="1" branch="false"/>
            <line number="164" hits="1" branch="false"/>
            <line number="165" hits="1" branch="false"/>
            <line number="166" hits="1" branch="false"/>
            <line number="167" hits="1" branch="false"/>
            <line number="169" hits="1" branch="true" condition-coverage="100% (1/1)"/>
            <line number="170" hits="1" branch="false"/>
            <line number="171" hits="1" branch="false"/>
            <line number="172" hits="1" branch="false"/>
            <line number="173" hits="1" branch="false"/>
            <line number="174" hits="1" branch="true" condition-coverage="100% (1/1)"/>
            <line number="175" hits="1" branch="false"/>
            <line number="176" hits="1" branch="false"/>
            <line number="177" hits="1" branch="false"/>
            <line number="178" hits="1" branch="false"/>
            <line number="180" hits="1" branch="true" condition-coverage="0% (0/1)"/>
            <line number="181" hits="0" branch="false"/>
            <line number="182" hits="0" branch="false"/>
            <line number="183" hits="0" branch="false"/>
            <line number="185" hits="1" branch="false"/>
            <line number="186" hits="1" branch="false"/>
            <line number="187" hits="1" branch="false"/>
            <line number="188" hits="1" branch="false"/>
            <line number="189" hits="1" branch="false"/>
            <line number="190" hits="1" branch="false"/>
            <line number="191" hits="1" branch="false"/>
            <line number="192" hits="1" branch="true" condition-coverage="0% (0/1)"/>
            <line number="193" hits="0" branch="false"/>
            <line number="194" hits="0" branch="false"/>
            <line number="195" hits="1" branch="false"/>
            <line number="196" hits="1" branch="false"/>
            <line number="198" hits="1" branch="true" condition-coverage="100% (1/1)"/>
            <line number="199" hits="1" branch="false"/>
            <line number="200" hits="1" branch="false"/>
            <line number="201" hits="1" branch="false"/>
            <line number="202" hits="1" branch="false"/>
            <line number="203" hits="1" branch="false"/>
            <line number="204" hits="1" branch="false"/>
            <line number="205" hits="1" branch="false"/>
            <line number="206" hits="1" branch="false"/>
            <line number="207" hits="1" branch="false"/>
            <line number="209" hits="1" branch="true" condition-coverage="100% (1/1)"/>
            <line number="210" hits="1" branch="true" condition-coverage="100% (1/1)"/>
            <line number="211" hits="1" branch="false"/>
            <line number="212" hits="1" branch="true" condition-coverage="0% (0/1)"/>
            <line number="213" hits="0" branch="false"/>
            <line number="214" hits="0" branch="false"/>
            <line number="215" hits="0" branch="false"/>
            <line number="216" hits="0" branch="false"/>
            <line number="218" hits="1" branch="false"/>
            <line number="219" hits="1" branch="true" condition-coverage="0% (0/1)"/>
            <line number="220" hits="0" branch="false"/>
            <line number="221" hits="0" branch="false"/>
            <line number="223" hits="0" branch="false"/>
            <line number="224" hits="1" branch="true" condition-coverage="0% (0/1)"/>
            <line number="225" hits="0" branch="false"/>
            <line number="227" hits="0" branch="false"/>
            <line number="228" hits="1" branch="false"/>
            <line number="229" hits="1" branch="false"/>
            <line number="230" hits="1" branch="false"/>
            <line number="231" hits="1" branch="false"/>
            <line number="232" hits="1" branch="false"/>
            <line number="233" hits="1" branch="false"/>
            <line number="235" hits="1" branch="false"/>
            <line number="236" hits="1" branch="false"/>
            <line number="237" hits="1" branch="true" condition-coverage="0% (0/1)"/>
            <line number="238" hits="0" branch="false"/>
            <line number="239" hits="0" branch="false"/>
            <line number="240" hits="0" branch="false"/>
            <line number="241" hits="0" branch="false"/>
            <line number="243" hits="0" branch="false"/>
            <line number="245" hits="1" branch="false"/>
            <line number="246" hits="1" branch="false"/>
            <line number="247" hits="1" branch="false"/>
            <line number="248" hits="1" branch="true" condition-coverage="0% (0/1)"/>
            <line number="249" hits="0" branch="false"/>
            <line number="250" hits="0" branch="false"/>
            <line number="251" hits="1" branch="true" condition-coverage="0% (0/1)"/>
            <line number="252" hits="0" branch="false"/>
            <line number="253" hits="1" branch="false"/>
            <line number="254" hits="1" branch="false"/>
            <line number="255" hits="1" branch="false"/>
            <line number="256" hits="1" branch="false"/>
            <line number="257" hits="1" branch="false"/>
            <line number="258" hits="1" branch="false"/>
            <line number="260" hits="1" branch="false"/>
            <line number="261" hits="1" branch="false"/>
            <line number="262" hits="1" branch="false"/>
            <line number="263" hits="1" branch="false"/>
            <line number="264" hits="1" branch="false"/>
            <line number="266" hits="1" branch="true" condition-coverage="100% (1/1)"/>
            <line number="267" hits="1" branch="true" condition-coverage="100% (1/1)"/>
            <line number="268" hits="1" branch="false"/>
            <line number="269" hits="1" branch="false"/>
            <line number="270" hits="1" branch="false"/>
            <line number="271" hits="1" branch="true" condition-coverage="100% (1/1)"/>
            <line number="272" hits="1" branch="false"/>
            <line number="273" hits="1" branch="false"/>
            <line number="274" hits="1" branch="false"/>
            <line number="275" hits="1" branch="true" condition-coverage="100% (1/1)"/>
            <line number="276" hits="1" branch="false"/>
            <line number="277" hits="1" branch="false"/>
            <line number="278" hits="1" branch="false"/>
            <line number="279" hits="1" branch="false"/>
            <line number="280" hits="1" branch="true" condition-coverage="100% (1/1)"/>
            <line number="281" hits="1" branch="true" condition-coverage="0% (0/1)"/>
            <line number="282" hits="0" branch="false"/>
            <line number="283" hits="0" branch="false"/>
            <line number="284" hits="1" branch="false"/>
            <line number="285" hits="1" branch="false"/>
            <line number="287" hits="7" branch="true" condition-coverage="100% (1/1)"/>
            <line number="288" hits="7" branch="false"/>
            <line number="289" hits="7" branch="false"/>
            <line number="290" hits="7" branch="false"/>
            <line number="292" hits="7" branch="true" condition-coverage="100% (1/1)"/>
            <line number="293" hits="1" branch="false"/>
            <line number="296" hits="1" branch="false"/>
            <line number="297" hits="7" branch="true" condition-coverage="0% (0/1)"/>
            <line number="298" hits="0" branch="false"/>
            <line number="299" hits="0" branch="true" condition-coverage="100% (1/1)"/>
            <line number="302" hits="1" branch="false"/>
            <line number="304" hits="1" branch="false"/>
            <line number="305" hits="7" branch="true" condition-coverage="100% (1/1)"/>
            <line number="306" hits="6" branch="false"/>
            <line number="307" hits="6" branch="false"/>
            <line number="308" hits="7" branch="false"/>
            <line number="310" hits="0" branch="false"/>
            <line number="311" hits="0" branch="false"/>
            <line number="312" hits="0" branch="false"/>
            <line number="314" hits="0" branch="false"/>
            <line number="315" hits="0" branch="false"/>
            <line number="316" hits="0" branch="false"/>
            <line number="318" hits="7" branch="true" condition-coverage="100% (1/1)"/>
            <line number="319" hits="7" branch="false"/>
            <line number="320" hits="7" branch="false"/>
            <line number="322" hits="0" branch="false"/>
            <line number="323" hits="0" branch="false"/>
            <line number="324" hits="0" branch="false"/>
            <line number="326" hits="0" branch="false"/>
            <line number="327" hits="0" branch="false"/>
            <line number="329" hits="0" branch="false"/>
            <line number="330" hits="0" branch="false"/>
            <line number="332" hits="2" branch="true" condition-coverage="100% (1/1)"/>
            <line number="333" hits="2" branch="false"/>
            <line number="334" hits="2" branch="false"/>
            <line number="335" hits="2" branch="true" condition-coverage="0% (0/1)"/>
            <line number="336" hits="0" branch="false"/>
            <line number="337" hits="0" branch="false"/>
            <line number="339" hits="2" branch="false"/>
            <line number="340" hits="2" branch="false"/>
            <line number="341" hits="2" branch="false"/>
            <line number="342" hits="2" branch="false"/>
            <line number="343" hits="2" branch="false"/>
            <line number="344" hits="2" branch="false"/>
            <line number="345" hits="2" branch="false"/>
            <line number="346" hits="2" branch="false"/>
            <line number="348" hits="2" branch="true" condition-coverage="0% (0/1)"/>
            <line number="349" hits="0" branch="false"/>
            <line number="350" hits="0" branch="false"/>
            <line number="351" hits="0" branch="false"/>
            <line number="352" hits="0" branch="false"/>
            <line number="353" hits="0" branch="false"/>
            <line number="354" hits="0" branch="false"/>
            <line number="355" hits="0" branch="false"/>
            <line number="357" hits="2" branch="false"/>
            <line number="358" hits="2" branch="false"/>
            <line number="359" hits="2" branch="true" condition-coverage="100% (1/1)"/>
            <line number="360" hits="1" branch="false"/>
            <line number="361" hits="2" branch="true" condition-coverage="100% (1/1)"/>
            <line number="362" hits="1" branch="false"/>
            <line number="363" hits="1" branch="false"/>
            <line number="364" hits="2" branch="false"/>
          </lines>
        </class>
        <class name="server.ts" filename="src/code_assist/server.ts" line-rate="0.364" branch-rate="0.8181">
          <methods>
            <method name="CodeAssistServer" hits="7" signature="()V">
              <lines>
                <line number="65" hits="7"/>
              </lines>
            </method>
            <method name="&lt;instance_members_initializer&gt;" hits="7" signature="()V">
              <lines>
                <line number="70" hits="7"/>
              </lines>
            </method>
            <method name="generateContentStream" hits="1" signature="()V">
              <lines>
                <line number="72" hits="1"/>
              </lines>
            </method>
            <method name="generateContent" hits="1" signature="()V">
              <lines>
                <line number="87" hits="1"/>
              </lines>
            </method>
            <method name="onboardUser" hits="1" signature="()V">
              <lines>
                <line number="98" hits="1"/>
              </lines>
            </method>
            <method name="loadCodeAssist" hits="1" signature="()V">
              <lines>
                <line number="107" hits="1"/>
              </lines>
            </method>
            <method name="getCodeAssistGlobalUserSetting" hits="0" signature="()V">
              <lines>
                <line number="116" hits="0"/>
              </lines>
            </method>
            <method name="setCodeAssistGlobalUserSetting" hits="0" signature="()V">
              <lines>
                <line number="122" hits="0"/>
              </lines>
            </method>
            <method name="countTokens" hits="1" signature="()V">
              <lines>
                <line number="131" hits="1"/>
              </lines>
            </method>
            <method name="embedContent" hits="1" signature="()V">
              <lines>
                <line number="139" hits="1"/>
              </lines>
            </method>
            <method name="requestPost" hits="0" signature="()V">
              <lines>
                <line number="145" hits="0"/>
              </lines>
            </method>
            <method name="requestGet" hits="0" signature="()V">
              <lines>
                <line number="164" hits="0"/>
              </lines>
            </method>
            <method name="requestStreamingPost" hits="0" signature="()V">
              <lines>
                <line number="178" hits="0"/>
              </lines>
            </method>
            <method name="getTier" hits="0" signature="()V">
              <lines>
                <line number="259" hits="0"/>
              </lines>
            </method>
            <method name="detectUserTier" hits="0" signature="()V">
              <lines>
                <line number="266" hits="0"/>
              </lines>
            </method>
            <method name="getMethodUrl" hits="0" signature="()V">
              <lines>
                <line number="293" hits="0"/>
              </lines>
            </method>
          </methods>
          <lines>
            <line number="1" hits="1" branch="false"/>
            <line number="24" hits="1" branch="false"/>
            <line number="27" hits="1" branch="false"/>
            <line number="35" hits="1" branch="false"/>
            <line number="59" hits="1" branch="false"/>
            <line number="60" hits="1" branch="false"/>
            <line number="62" hits="1" branch="false"/>
            <line number="63" hits="1" branch="false"/>
            <line number="65" hits="1" branch="true" condition-coverage="100% (1/1)"/>
            <line number="66" hits="7" branch="false"/>
            <line number="67" hits="7" branch="false"/>
            <line number="68" hits="7" branch="false"/>
            <line number="69" hits="7" branch="false"/>
            <line number="70" hits="7" branch="true" condition-coverage="100% (1/1)"/>
            <line number="72" hits="1" branch="true" condition-coverage="100% (1/1)"/>
            <line number="73" hits="1" branch="false"/>
            <line number="74" hits="1" branch="false"/>
            <line number="75" hits="1" branch="false"/>
            <line number="76" hits="1" branch="false"/>
            <line number="77" hits="1" branch="false"/>
            <line number="78" hits="1" branch="true" condition-coverage="0% (0/1)"/>
            <line number="79" hits="1" branch="false"/>
            <line number="80" hits="1" branch="true" condition-coverage="100% (1/1)"/>
            <line number="81" hits="1" branch="false"/>
            <line number="82" hits="1" branch="false"/>
            <line number="83" hits="1" branch="false"/>
            <line number="84" hits="1" branch="false"/>
            <line number="85" hits="1" branch="false"/>
            <line number="87" hits="1" branch="true" condition-coverage="100% (1/1)"/>
            <line number="88" hits="1" branch="false"/>
            <line number="89" hits="1" branch="false"/>
            <line number="90" hits="1" branch="false"/>
            <line number="91" hits="1" branch="false"/>
            <line number="92" hits="1" branch="false"/>
            <line number="93" hits="1" branch="true" condition-coverage="0% (0/1)"/>
            <line number="94" hits="1" branch="false"/>
            <line number="95" hits="1" branch="false"/>
            <line number="96" hits="1" branch="false"/>
            <line number="98" hits="1" branch="true" condition-coverage="100% (1/1)"/>
            <line number="99" hits="1" branch="false"/>
            <line number="100" hits="1" branch="false"/>
            <line number="101" hits="1" branch="false"/>
            <line number="102" hits="1" branch="false"/>
            <line number="103" hits="1" branch="false"/>
            <line number="104" hits="1" branch="false"/>
            <line number="105" hits="1" branch="false"/>
            <line number="107" hits="1" branch="true" condition-coverage="100% (1/1)"/>
            <line number="108" hits="1" branch="false"/>
            <line number="109" hits="1" branch="false"/>
            <line number="110" hits="1" branch="false"/>
            <line number="111" hits="1" branch="false"/>
            <line number="112" hits="1" branch="false"/>
            <line number="113" hits="1" branch="false"/>
            <line number="114" hits="1" branch="false"/>
            <line number="116" hits="1" branch="false"/>
            <line number="117" hits="0" branch="false"/>
            <line number="118" hits="0" branch="false"/>
            <line number="119" hits="0" branch="false"/>
            <line number="120" hits="0" branch="false"/>
            <line number="122" hits="1" branch="false"/>
            <line number="123" hits="0" branch="false"/>
            <line number="124" hits="0" branch="false"/>
            <line number="125" hits="0" branch="false"/>
            <line number="126" hits="0" branch="false"/>
            <line number="127" hits="0" branch="false"/>
            <line number="128" hits="0" branch="false"/>
            <line number="129" hits="0" branch="false"/>
            <line number="131" hits="1" branch="true" condition-coverage="100% (1/1)"/>
            <line number="132" hits="1" branch="false"/>
            <line number="133" hits="1" branch="false"/>
            <line number="134" hits="1" branch="false"/>
            <line number="135" hits="1" branch="false"/>
            <line number="136" hits="1" branch="false"/>
            <line number="137" hits="1" branch="false"/>
            <line number="139" hits="1" branch="true" condition-coverage="100% (1/1)"/>
            <line number="140" hits="1" branch="false"/>
            <line number="141" hits="1" branch="false"/>
            <line number="142" hits="1" branch="false"/>
            <line number="143" hits="1" branch="false"/>
            <line number="145" hits="1" branch="false"/>
            <line number="146" hits="0" branch="false"/>
            <line number="147" hits="0" branch="false"/>
            <line number="148" hits="0" branch="false"/>
            <line number="149" hits="0" branch="false"/>
            <line number="150" hits="0" branch="false"/>
            <line number="151" hits="0" branch="false"/>
            <line number="152" hits="0" branch="false"/>
            <line number="153" hits="0" branch="false"/>
            <line number="154" hits="0" branch="false"/>
            <line number="155" hits="0" branch="false"/>
            <line number="156" hits="0" branch="false"/>
            <line number="157" hits="0" branch="false"/>
            <line number="158" hits="0" branch="false"/>
            <line number="159" hits="0" branch="false"/>
            <line number="160" hits="0" branch="false"/>
            <line number="161" hits="0" branch="false"/>
            <line number="162" hits="0" branch="false"/>
            <line number="164" hits="1" branch="false"/>
            <line number="165" hits="0" branch="false"/>
            <line number="166" hits="0" branch="false"/>
            <line number="167" hits="0" branch="false"/>
            <line number="168" hits="0" branch="false"/>
            <line number="169" hits="0" branch="false"/>
            <line number="170" hits="0" branch="false"/>
            <line number="171" hits="0" branch="false"/>
            <line number="172" hits="0" branch="false"/>
            <line number="173" hits="0" branch="false"/>
            <line number="174" hits="0" branch="false"/>
            <line number="175" hits="0" branch="false"/>
            <line number="176" hits="0" branch="false"/>
            <line number="178" hits="1" branch="false"/>
            <line number="179" hits="0" branch="false"/>
            <line number="180" hits="0" branch="false"/>
            <line number="181" hits="0" branch="false"/>
            <line number="182" hits="0" branch="false"/>
            <line number="183" hits="0" branch="false"/>
            <line number="184" hits="0" branch="false"/>
            <line number="185" hits="0" branch="false"/>
            <line number="186" hits="0" branch="false"/>
            <line number="187" hits="0" branch="false"/>
            <line number="188" hits="0" branch="false"/>
            <line number="189" hits="0" branch="false"/>
            <line number="190" hits="0" branch="false"/>
            <line number="191" hits="0" branch="false"/>
            <line number="192" hits="0" branch="false"/>
            <line number="193" hits="0" branch="false"/>
            <line number="194" hits="0" branch="false"/>
            <line number="195" hits="0" branch="false"/>
            <line number="196" hits="0" branch="false"/>
            <line number="198" hits="0" branch="false"/>
            <line number="200" hits="0" branch="false"/>
            <line number="202" hits="0" branch="false"/>
            <line number="205" hits="0" branch="false"/>
            <line number="206" hits="0" branch="false"/>
            <line number="207" hits="0" branch="false"/>
            <line number="208" hits="0" branch="false"/>
            <line number="209" hits="0" branch="false"/>
            <line number="211" hits="0" branch="false"/>
            <line number="212" hits="0" branch="false"/>
            <line number="215" hits="0" branch="false"/>
            <line number="216" hits="0" branch="false"/>
            <line number="218" hits="0" branch="false"/>
            <line number="220" hits="0" branch="false"/>
            <line number="221" hits="0" branch="false"/>
            <line number="222" hits="0" branch="false"/>
            <line number="223" hits="0" branch="false"/>
            <line number="224" hits="0" branch="false"/>
            <line number="225" hits="0" branch="false"/>
            <line number="226" hits="0" branch="false"/>
            <line number="229" hits="0" branch="false"/>
            <line number="231" hits="0" branch="false"/>
            <line number="232" hits="0" branch="false"/>
            <line number="233" hits="0" branch="false"/>
            <line number="234" hits="0" branch="false"/>
            <line number="236" hits="0" branch="false"/>
            <line number="237" hits="0" branch="false"/>
            <line number="238" hits="0" branch="false"/>
            <line number="239" hits="0" branch="false"/>
            <line number="241" hits="0" branch="false"/>
            <line number="242" hits="0" branch="false"/>
            <line number="244" hits="0" branch="false"/>
            <line number="245" hits="0" branch="false"/>
            <line number="246" hits="0" branch="false"/>
            <line number="247" hits="0" branch="false"/>
            <line number="248" hits="0" branch="false"/>
            <line number="249" hits="0" branch="false"/>
            <line number="250" hits="0" branch="false"/>
            <line number="251" hits="0" branch="false"/>
            <line number="252" hits="0" branch="false"/>
            <line number="253" hits="0" branch="false"/>
            <line number="254" hits="0" branch="false"/>
            <line number="255" hits="0" branch="false"/>
            <line number="256" hits="0" branch="false"/>
            <line number="257" hits="0" branch="false"/>
            <line number="259" hits="1" branch="false"/>
            <line number="260" hits="0" branch="false"/>
            <line number="261" hits="0" branch="false"/>
            <line number="262" hits="0" branch="false"/>
            <line number="263" hits="0" branch="false"/>
            <line number="264" hits="0" branch="false"/>
            <line number="266" hits="1" branch="false"/>
            <line number="267" hits="0" branch="false"/>
            <line number="269" hits="0" branch="false"/>
            <line number="272" hits="0" branch="false"/>
            <line number="273" hits="0" branch="false"/>
            <line number="274" hits="0" branch="false"/>
            <line number="275" hits="0" branch="false"/>
            <line number="276" hits="0" branch="false"/>
            <line number="277" hits="0" branch="false"/>
            <line number="278" hits="0" branch="false"/>
            <line number="279" hits="0" branch="false"/>
            <line number="280" hits="0" branch="false"/>
            <line number="281" hits="0" branch="false"/>
            <line number="282" hits="0" branch="false"/>
            <line number="283" hits="0" branch="false"/>
            <line number="284" hits="0" branch="false"/>
            <line number="285" hits="0" branch="false"/>
            <line number="286" hits="0" branch="false"/>
            <line number="289" hits="0" branch="false"/>
            <line number="290" hits="0" branch="false"/>
            <line number="291" hits="0" branch="false"/>
            <line number="293" hits="1" branch="false"/>
            <line number="294" hits="0" branch="false"/>
            <line number="295" hits="0" branch="false"/>
            <line number="296" hits="0" branch="false"/>
            <line number="297" hits="1" branch="false"/>
          </lines>
        </class>
        <class name="setup.ts" filename="src/code_assist/setup.ts" line-rate="0.7241" branch-rate="0.625">
          <methods>
            <method name="ProjectIdRequiredError" hits="1" signature="()V">
              <lines>
                <line number="18" hits="1"/>
              </lines>
            </method>
            <method name="setupUser" hits="3" signature="()V">
              <lines>
                <line number="30" hits="3"/>
              </lines>
            </method>
            <method name="getOnboardTier" hits="2" signature="()V">
              <lines>
                <line number="70" hits="2"/>
              </lines>
            </method>
          </methods>
          <lines>
            <line number="1" hits="1" branch="false"/>
            <line number="7" hits="1" branch="false"/>
            <line number="14" hits="1" branch="false"/>
            <line number="17" hits="1" branch="false"/>
            <line number="18" hits="1" branch="true" condition-coverage="100% (1/1)"/>
            <line number="19" hits="1" branch="false"/>
            <line number="20" hits="1" branch="false"/>
            <line number="21" hits="1" branch="false"/>
            <line number="22" hits="1" branch="false"/>
            <line number="23" hits="1" branch="false"/>
            <line number="30" hits="3" branch="true" condition-coverage="100% (1/1)"/>
            <line number="31" hits="3" branch="true" condition-coverage="100% (1/1)"/>
            <line number="32" hits="3" branch="false"/>
            <line number="34" hits="3" branch="false"/>
            <line number="35" hits="3" branch="false"/>
            <line number="36" hits="3" branch="false"/>
            <line number="37" hits="3" branch="false"/>
            <line number="38" hits="3" branch="false"/>
            <line number="39" hits="3" branch="false"/>
            <line number="41" hits="3" branch="false"/>
            <line number="42" hits="3" branch="false"/>
            <line number="43" hits="3" branch="false"/>
            <line number="44" hits="3" branch="true" condition-coverage="100% (1/1)"/>
            <line number="46" hits="3" branch="true" condition-coverage="100% (2/2)"/>
            <line number="47" hits="1" branch="false"/>
            <line number="48" hits="1" branch="true" condition-coverage="100% (1/1)"/>
            <line number="50" hits="2" branch="false"/>
            <line number="51" hits="3" branch="true" condition-coverage="0% (0/2)"/>
            <line number="52" hits="0" branch="false"/>
            <line number="53" hits="0" branch="true" condition-coverage="100% (1/1)"/>
            <line number="55" hits="2" branch="false"/>
            <line number="56" hits="2" branch="false"/>
            <line number="57" hits="2" branch="false"/>
            <line number="58" hits="2" branch="false"/>
            <line number="59" hits="2" branch="false"/>
            <line number="62" hits="2" branch="false"/>
            <line number="63" hits="3" branch="true" condition-coverage="0% (0/1)"/>
            <line number="64" hits="0" branch="false"/>
            <line number="65" hits="0" branch="false"/>
            <line number="66" hits="0" branch="true" condition-coverage="100% (1/1)"/>
            <line number="67" hits="3" branch="true" condition-coverage="0% (0/1)"/>
            <line number="68" hits="3" branch="false"/>
            <line number="70" hits="2" branch="true" condition-coverage="100% (1/1)"/>
            <line number="71" hits="2" branch="false"/>
            <line number="72" hits="2" branch="false"/>
            <line number="73" hits="2" branch="true" condition-coverage="0% (0/1)"/>
            <line number="74" hits="2" branch="true" condition-coverage="0% (0/1)"/>
            <line number="75" hits="0" branch="false"/>
            <line number="76" hits="0" branch="false"/>
            <line number="77" hits="0" branch="false"/>
            <line number="78" hits="0" branch="false"/>
            <line number="79" hits="0" branch="false"/>
            <line number="80" hits="0" branch="false"/>
            <line number="81" hits="0" branch="false"/>
            <line number="82" hits="0" branch="false"/>
            <line number="83" hits="0" branch="false"/>
            <line number="84" hits="0" branch="false"/>
            <line number="85" hits="0" branch="false"/>
          </lines>
        </class>
        <class name="types.ts" filename="src/code_assist/types.ts" line-rate="1" branch-rate="1">
          <methods>
          </methods>
          <lines>
            <line number="1" hits="1" branch="false"/>
            <line number="88" hits="1" branch="true" condition-coverage="100% (1/1)"/>
            <line number="90" hits="1" branch="false"/>
            <line number="91" hits="1" branch="false"/>
            <line number="92" hits="1" branch="false"/>
            <line number="93" hits="1" branch="false"/>
            <line number="94" hits="1" branch="false"/>
            <line number="95" hits="1" branch="false"/>
            <line number="96" hits="1" branch="false"/>
            <line number="97" hits="1" branch="false"/>
            <line number="105" hits="1" branch="true" condition-coverage="100% (1/1)"/>
            <line number="106" hits="1" branch="false"/>
            <line number="107" hits="1" branch="false"/>
            <line number="108" hits="1" branch="false"/>
            <line number="156" hits="1" branch="true" condition-coverage="100% (1/1)"/>
            <line number="157" hits="1" branch="false"/>
            <line number="158" hits="1" branch="false"/>
            <line number="159" hits="1" branch="false"/>
            <line number="160" hits="1" branch="false"/>
          </lines>
        </class>
      </classes>
    </package>
    <package name="src.config" line-rate="0.802" branch-rate="0.8441">
      <classes>
        <class name="config.ts" filename="src/config/config.ts" line-rate="0.8" branch-rate="0.8441">
          <methods>
            <method name="MCPServerConfig" hits="0" signature="()V">
              <lines>
                <line number="76" hits="0"/>
              </lines>
            </method>
            <method name="&lt;instance_members_initializer&gt;" hits="46" signature="()V">
              <lines>
                <line number="151" hits="46"/>
              </lines>
            </method>
            <method name="Config" hits="46" signature="()V">
              <lines>
                <line number="195" hits="46"/>
              </lines>
            </method>
            <method name="initialize" hits="2" signature="()V">
              <lines>
                <line number="258" hits="2"/>
              </lines>
            </method>
            <method name="refreshAuth" hits="1" signature="()V">
              <lines>
                <line number="267" hits="1"/>
              </lines>
            </method>
            <method name="getSessionId" hits="0" signature="()V">
              <lines>
                <line number="280" hits="0"/>
              </lines>
            </method>
            <method name="getContentGeneratorConfig" hits="48" signature="()V">
              <lines>
                <line number="284" hits="48"/>
              </lines>
            </method>
            <method name="getModel" hits="55" signature="()V">
              <lines>
                <line number="288" hits="55"/>
              </lines>
            </method>
            <method name="setModel" hits="7" signature="()V">
              <lines>
                <line number="292" hits="7"/>
              </lines>
            </method>
            <method name="isModelSwitchedDuringSession" hits="12" signature="()V">
              <lines>
                <line number="299" hits="12"/>
              </lines>
            </method>
            <method name="resetModelToDefault" hits="2" signature="()V">
              <lines>
                <line number="303" hits="2"/>
              </lines>
            </method>
            <method name="setFlashFallbackHandler" hits="1" signature="()V">
              <lines>
                <line number="310" hits="1"/>
              </lines>
            </method>
            <method name="getMaxSessionTurns" hits="0" signature="()V">
              <lines>
                <line number="314" hits="0"/>
              </lines>
            </method>
            <method name="setQuotaErrorOccurred" hits="0" signature="()V">
              <lines>
                <line number="318" hits="0"/>
              </lines>
            </method>
            <method name="getQuotaErrorOccurred" hits="0" signature="()V">
              <lines>
                <line number="322" hits="0"/>
              </lines>
            </method>
            <method name="getUserTier" hits="0" signature="()V">
              <lines>
                <line number="326" hits="0"/>
              </lines>
            </method>
            <method name="getEmbeddingModel" hits="46" signature="()V">
              <lines>
                <line number="334" hits="46"/>
              </lines>
            </method>
            <method name="getSandbox" hits="92" signature="()V">
              <lines>
                <line number="338" hits="92"/>
              </lines>
            </method>
            <method name="getTargetDir" hits="2" signature="()V">
              <lines>
                <line number="342" hits="2"/>
              </lines>
            </method>
            <method name="getProjectRoot" hits="0" signature="()V">
              <lines>
                <line number="346" hits="0"/>
              </lines>
            </method>
            <method name="getToolRegistry" hits="0" signature="()V">
              <lines>
                <line number="350" hits="0"/>
              </lines>
            </method>
            <method name="getDebugMode" hits="98" signature="()V">
              <lines>
                <line number="354" hits="98"/>
              </lines>
            </method>
            <method name="getQuestion" hits="0" signature="()V">
              <lines>
                <line number="357" hits="0"/>
              </lines>
            </method>
            <method name="getFullContext" hits="0" signature="()V">
              <lines>
                <line number="361" hits="0"/>
              </lines>
            </method>
            <method name="getCoreTools" hits="57" signature="()V">
              <lines>
                <line number="365" hits="57"/>
              </lines>
            </method>
            <method name="getExcludeTools" hits="11" signature="()V">
              <lines>
                <line number="369" hits="11"/>
              </lines>
            </method>
            <method name="getToolDiscoveryCommand" hits="0" signature="()V">
              <lines>
                <line number="373" hits="0"/>
              </lines>
            </method>
            <method name="getToolCallCommand" hits="1" signature="()V">
              <lines>
                <line number="377" hits="1"/>
              </lines>
            </method>
            <method name="getMcpServerCommand" hits="1" signature="()V">
              <lines>
                <line number="381" hits="1"/>
              </lines>
            </method>
            <method name="getMcpServers" hits="47" signature="()V">
              <lines>
                <line number="385" hits="47"/>
              </lines>
            </method>
            <method name="getUserMemory" hits="3" signature="()V">
              <lines>
                <line number="389" hits="3"/>
              </lines>
            </method>
            <method name="setUserMemory" hits="1" signature="()V">
              <lines>
                <line number="393" hits="1"/>
              </lines>
            </method>
            <method name="getGeminiMdFileCount" hits="1" signature="()V">
              <lines>
                <line number="397" hits="1"/>
              </lines>
            </method>
            <method name="setGeminiMdFileCount" hits="1" signature="()V">
              <lines>
                <line number="401" hits="1"/>
              </lines>
            </method>
            <method name="getApprovalMode" hits="46" signature="()V">
              <lines>
                <line number="405" hits="46"/>
              </lines>
            </method>
            <method name="setApprovalMode" hits="0" signature="()V">
              <lines>
                <line number="409" hits="0"/>
              </lines>
            </method>
            <method name="getShowMemoryUsage" hits="0" signature="()V">
              <lines>
                <line number="413" hits="0"/>
              </lines>
            </method>
            <method name="getAccessibility" hits="0" signature="()V">
              <lines>
                <line number="417" hits="0"/>
              </lines>
            </method>
            <method name="getTelemetryEnabled" hits="49" signature="()V">
              <lines>
                <line number="421" hits="49"/>
              </lines>
            </method>
            <method name="getTelemetryLogPromptsEnabled" hits="49" signature="()V">
              <lines>
                <line number="425" hits="49"/>
              </lines>
            </method>
            <method name="getTelemetryOtlpEndpoint" hits="3" signature="()V">
              <lines>
                <line number="429" hits="3"/>
              </lines>
            </method>
            <method name="getTelemetryTarget" hits="2" signature="()V">
              <lines>
                <line number="433" hits="2"/>
              </lines>
            </method>
            <method name="getGeminiClient" hits="0" signature="()V">
              <lines>
                <line number="437" hits="0"/>
              </lines>
            </method>
            <method name="getGeminiDir" hits="0" signature="()V">
              <lines>
                <line number="441" hits="0"/>
              </lines>
            </method>
            <method name="getProjectTempDir" hits="0" signature="()V">
              <lines>
                <line number="445" hits="0"/>
              </lines>
            </method>
            <method name="getEnableRecursiveFileSearch" hits="0" signature="()V">
              <lines>
                <line number="449" hits="0"/>
              </lines>
            </method>
            <method name="getFileFilteringRespectGitIgnore" hits="48" signature="()V">
              <lines>
                <line number="453" hits="48"/>
              </lines>
            </method>
            <method name="getCheckpointingEnabled" hits="2" signature="()V">
              <lines>
                <line number="457" hits="2"/>
              </lines>
            </method>
            <method name="getProxy" hits="0" signature="()V">
              <lines>
                <line number="461" hits="0"/>
              </lines>
            </method>
            <method name="getWorkingDir" hits="3" signature="()V">
              <lines>
                <line number="465" hits="3"/>
              </lines>
            </method>
            <method name="getBugCommand" hits="0" signature="()V">
              <lines>
                <line number="469" hits="0"/>
              </lines>
            </method>
            <method name="getFileService" hits="6" signature="()V">
              <lines>
                <line number="473" hits="6"/>
              </lines>
            </method>
            <method name="getUsageStatisticsEnabled" hits="92" signature="()V">
              <lines>
                <line number="480" hits="92"/>
              </lines>
            </method>
            <method name="getExtensionContextFilePaths" hits="3" signature="()V">
              <lines>
                <line number="484" hits="3"/>
              </lines>
            </method>
            <method name="getListExtensions" hits="0" signature="()V">
              <lines>
                <line number="488" hits="0"/>
              </lines>
            </method>
            <method name="getActiveExtensions" hits="0" signature="()V">
              <lines>
                <line number="492" hits="0"/>
              </lines>
            </method>
            <method name="getNoBrowser" hits="0" signature="()V">
              <lines>
                <line number="496" hits="0"/>
              </lines>
            </method>
            <method name="getIdeMode" hits="0" signature="()V">
              <lines>
                <line number="500" hits="0"/>
              </lines>
            </method>
            <method name="getGitService" hits="1" signature="()V">
              <lines>
                <line number="504" hits="1"/>
              </lines>
            </method>
            <method name="refreshMemory" hits="2" signature="()V">
              <lines>
                <line number="512" hits="2"/>
              </lines>
            </method>
            <method name="createToolRegistry" hits="1" signature="()V">
              <lines>
                <line number="526" hits="1"/>
              </lines>
            </method>
            <method name="registerCoreTool" hits="11" signature="()V">
              <lines>
                <line number="532" hits="11"/>
              </lines>
            </method>
          </methods>
          <lines>
            <line number="1" hits="1" branch="false"/>
            <line number="7" hits="1" branch="false"/>
            <line number="8" hits="1" branch="false"/>
            <line number="9" hits="1" branch="false"/>
            <line number="15" hits="1" branch="false"/>
            <line number="16" hits="1" branch="false"/>
            <line number="17" hits="1" branch="false"/>
            <line number="18" hits="1" branch="false"/>
            <line number="19" hits="1" branch="false"/>
            <line number="20" hits="1" branch="false"/>
            <line number="21" hits="1" branch="false"/>
            <line number="22" hits="1" branch="false"/>
            <line number="23" hits="1" branch="false"/>
            <line number="24" hits="1" branch="false"/>
            <line number="25" hits="1" branch="false"/>
            <line number="30" hits="1" branch="false"/>
            <line number="31" hits="1" branch="false"/>
            <line number="32" hits="1" branch="false"/>
            <line number="33" hits="1" branch="false"/>
            <line number="34" hits="1" branch="false"/>
            <line number="35" hits="1" branch="false"/>
            <line number="36" hits="1" branch="false"/>
            <line number="43" hits="1" branch="false"/>
            <line number="47" hits="1" branch="false"/>
            <line number="49" hits="1" branch="true" condition-coverage="100% (1/1)"/>
            <line number="50" hits="1" branch="false"/>
            <line number="51" hits="1" branch="false"/>
            <line number="52" hits="1" branch="false"/>
            <line number="75" hits="1" branch="false"/>
            <line number="76" hits="1" branch="false"/>
            <line number="78" hits="0" branch="false"/>
            <line number="79" hits="0" branch="false"/>
            <line number="80" hits="0" branch="false"/>
            <line number="81" hits="0" branch="false"/>
            <line number="83" hits="0" branch="false"/>
            <line number="85" hits="0" branch="false"/>
            <line number="86" hits="0" branch="false"/>
            <line number="88" hits="0" branch="false"/>
            <line number="90" hits="0" branch="false"/>
            <line number="91" hits="0" branch="false"/>
            <line number="93" hits="0" branch="false"/>
            <line number="94" hits="0" branch="false"/>
            <line number="95" hits="0" branch="false"/>
            <line number="96" hits="0" branch="false"/>
            <line number="97" hits="1" branch="false"/>
            <line number="150" hits="1" branch="false"/>
            <line number="151" hits="1" branch="true" condition-coverage="100% (1/1)"/>
            <line number="152" hits="46" branch="false"/>
            <line number="153" hits="46" branch="false"/>
            <line number="154" hits="46" branch="false"/>
            <line number="155" hits="46" branch="false"/>
            <line number="156" hits="46" branch="false"/>
            <line number="157" hits="46" branch="false"/>
            <line number="158" hits="46" branch="false"/>
            <line number="159" hits="46" branch="false"/>
            <line number="160" hits="46" branch="false"/>
            <line number="161" hits="46" branch="false"/>
            <line number="162" hits="46" branch="false"/>
            <line number="163" hits="46" branch="false"/>
            <line number="164" hits="46" branch="false"/>
            <line number="165" hits="46" branch="false"/>
            <line number="166" hits="46" branch="false"/>
            <line number="167" hits="46" branch="false"/>
            <line number="168" hits="46" branch="false"/>
            <line number="169" hits="46" branch="false"/>
            <line number="170" hits="46" branch="false"/>
            <line number="171" hits="46" branch="false"/>
            <line number="172" hits="46" branch="false"/>
            <line number="173" hits="46" branch="false"/>
            <line number="174" hits="46" branch="false"/>
            <line number="178" hits="46" branch="false"/>
            <line number="179" hits="46" branch="false"/>
            <line number="180" hits="46" branch="false"/>
            <line number="181" hits="46" branch="false"/>
            <line number="182" hits="46" branch="false"/>
            <line number="183" hits="46" branch="false"/>
            <line number="184" hits="46" branch="false"/>
            <line number="185" hits="46" branch="false"/>
            <line number="186" hits="46" branch="false"/>
            <line number="187" hits="46" branch="false"/>
            <line number="188" hits="46" branch="false"/>
            <line number="189" hits="46" branch="false"/>
            <line number="190" hits="46" branch="false"/>
            <line number="191" hits="46" branch="false"/>
            <line number="192" hits="46" branch="false"/>
            <line number="193" hits="46" branch="false"/>
            <line number="195" hits="1" branch="true" condition-coverage="100% (1/1)"/>
            <line number="196" hits="46" branch="false"/>
            <line number="197" hits="46" branch="false"/>
            <line number="198" hits="46" branch="true" condition-coverage="100% (1/1)"/>
            <line number="199" hits="46" branch="false"/>
            <line number="200" hits="46" branch="false"/>
            <line number="201" hits="46" branch="false"/>
            <line number="202" hits="46" branch="false"/>
            <line number="203" hits="46" branch="true" condition-coverage="100% (1/1)"/>
            <line number="204" hits="46" branch="false"/>
            <line number="205" hits="46" branch="false"/>
            <line number="206" hits="46" branch="false"/>
            <line number="207" hits="46" branch="false"/>
            <line number="208" hits="46" branch="false"/>
            <line number="209" hits="46" branch="false"/>
            <line number="210" hits="46" branch="true" condition-coverage="100% (1/1)"/>
            <line number="211" hits="46" branch="true" condition-coverage="100% (1/1)"/>
            <line number="212" hits="46" branch="true" condition-coverage="100% (1/1)"/>
            <line number="213" hits="46" branch="false"/>
            <line number="214" hits="46" branch="false"/>
            <line number="215" hits="46" branch="false"/>
            <line number="216" hits="46" branch="true" condition-coverage="100% (2/2)"/>
            <line number="217" hits="46" branch="true" condition-coverage="100% (1/1)"/>
            <line number="218" hits="46" branch="true" condition-coverage="100% (2/2)"/>
            <line number="219" hits="46" branch="true" condition-coverage="100% (2/2)"/>
            <line number="220" hits="46" branch="false"/>
            <line number="221" hits="46" branch="false"/>
            <line number="223" hits="46" branch="false"/>
            <line number="224" hits="46" branch="true" condition-coverage="100% (2/2)"/>
            <line number="225" hits="46" branch="false"/>
            <line number="226" hits="46" branch="true" condition-coverage="100% (1/1)"/>
            <line number="227" hits="46" branch="false"/>
            <line number="228" hits="46" branch="true" condition-coverage="100% (1/1)"/>
            <line number="229" hits="46" branch="false"/>
            <line number="230" hits="46" branch="true" condition-coverage="0% (0/1)"/>
            <line number="231" hits="46" branch="false"/>
            <line number="232" hits="46" branch="false"/>
            <line number="233" hits="46" branch="false"/>
            <line number="234" hits="46" branch="false"/>
            <line number="235" hits="46" branch="false"/>
            <line number="236" hits="46" branch="false"/>
            <line number="237" hits="46" branch="false"/>
[...]
              </lines>
            </method>
          </methods>
          <lines>
            <line number="1" hits="1" branch="false"/>
            <line number="14" hits="1" branch="false"/>
            <line number="37" hits="1" branch="true" condition-coverage="100% (1/1)"/>
            <line number="38" hits="1" branch="false"/>
            <line number="39" hits="1" branch="false"/>
            <line number="40" hits="1" branch="false"/>
            <line number="41" hits="1" branch="false"/>
            <line number="44" hits="3" branch="true" condition-coverage="100% (1/1)"/>
            <line number="45" hits="3" branch="true" condition-coverage="0% (0/1)"/>
            <line number="46" hits="0" branch="false"/>
            <line number="47" hits="0" branch="false"/>
            <line number="48" hits="3" branch="true" condition-coverage="100% (1/1)"/>
            <line number="49" hits="1" branch="false"/>
            <line number="50" hits="1" branch="true" condition-coverage="100% (1/1)"/>
            <line number="51" hits="3" branch="true" condition-coverage="100% (1/1)"/>
            <line number="52" hits="1" branch="false"/>
            <line number="53" hits="1" branch="false"/>
            <line number="54" hits="1" branch="false"/>
            <line number="55" hits="1" branch="true" condition-coverage="0% (0/1)"/>
            <line number="56" hits="1" branch="true" condition-coverage="0% (0/1)"/>
            <line number="57" hits="0" branch="false"/>
            <line number="58" hits="0" branch="false"/>
            <line number="60" hits="4" branch="true" condition-coverage="100% (1/1)"/>
            <line number="61" hits="4" branch="false"/>
            <line number="62" hits="4" branch="false"/>
            <line number="63" hits="4" branch="false"/>
            <line number="64" hits="4" branch="false"/>
            <line number="65" hits="4" branch="false"/>
            <line number="66" hits="4" branch="false"/>
            <line number="67" hits="4" branch="false"/>
            <line number="68" hits="4" branch="false"/>
            <line number="69" hits="4" branch="true" condition-coverage="100% (1/1)"/>
            <line number="70" hits="4" branch="true" condition-coverage="100% (1/1)"/>
            <line number="71" hits="4" branch="false"/>
            <line number="72" hits="4" branch="false"/>
            <line number="73" hits="4" branch="true" condition-coverage="0% (0/1)"/>
            <line number="74" hits="0" branch="false"/>
            <line number="75" hits="0" branch="false"/>
            <line number="77" hits="1" branch="false"/>
            <line number="78" hits="1" branch="false"/>
            <line number="79" hits="1" branch="false"/>
            <line number="80" hits="1" branch="false"/>
            <line number="82" hits="1" branch="false"/>
            <line number="96" hits="1" branch="true" condition-coverage="100% (1/1)"/>
            <line number="97" hits="2" branch="false"/>
            <line number="98" hits="2" branch="false"/>
            <line number="99" hits="2" branch="false"/>
            <line number="100" hits="2" branch="false"/>
            <line number="101" hits="2" branch="false"/>
            <line number="103" hits="7" branch="true" condition-coverage="100% (1/1)"/>
            <line number="104" hits="7" branch="false"/>
            <line number="105" hits="7" branch="false"/>
            <line number="106" hits="7" branch="false"/>
            <line number="107" hits="7" branch="false"/>
            <line number="108" hits="7" branch="false"/>
            <line number="109" hits="7" branch="true" condition-coverage="100% (2/2)"/>
            <line number="110" hits="2" branch="false"/>
            <line number="111" hits="2" branch="true" condition-coverage="100% (1/1)"/>
            <line number="112" hits="5" branch="false"/>
            <line number="113" hits="5" branch="false"/>
            <line number="114" hits="5" branch="false"/>
            <line number="115" hits="5" branch="false"/>
            <line number="117" hits="5" branch="false"/>
            <line number="119" hits="5" branch="false"/>
            <line number="120" hits="5" branch="false"/>
            <line number="121" hits="5" branch="false"/>
            <line number="122" hits="5" branch="false"/>
            <line number="123" hits="5" branch="false"/>
            <line number="124" hits="5" branch="false"/>
            <line number="125" hits="5" branch="true" condition-coverage="100% (1/1)"/>
            <line number="126" hits="7" branch="true" condition-coverage="0% (0/1)"/>
            <line number="127" hits="7" branch="true" condition-coverage="100% (1/1)"/>
            <line number="128" hits="1" branch="false"/>
            <line number="129" hits="1" branch="false"/>
            <line number="130" hits="1" branch="false"/>
            <line number="131" hits="7" branch="false"/>
          </lines>
        </class>
        <class name="testUtils.ts" filename="src/utils/testUtils.ts" line-rate="0.8443999999999999" branch-rate="0.7272">
          <methods>
            <method name="shouldSimulate429" hits="2" signature="()V">
              <lines>
                <line number="20" hits="2"/>
              </lines>
            </method>
            <method name="resetRequestCounter" hits="119" signature="()V">
              <lines>
                <line number="44" hits="119"/>
              </lines>
            </method>
            <method name="disableSimulationAfterFallback" hits="1" signature="()V">
              <lines>
                <line number="51" hits="1"/>
              </lines>
            </method>
            <method name="createSimulated429Error" hits="3" signature="()V">
              <lines>
                <line number="58" hits="3"/>
              </lines>
            </method>
            <method name="resetSimulationState" hits="0" signature="()V">
              <lines>
                <line number="69" hits="0"/>
              </lines>
            </method>
            <method name="setSimulate429" hits="115" signature="()V">
              <lines>
                <line number="77" hits="115"/>
              </lines>
            </method>
          </methods>
          <lines>
            <line number="1" hits="1" branch="false"/>
            <line number="11" hits="1" branch="false"/>
            <line number="12" hits="1" branch="false"/>
            <line number="13" hits="1" branch="false"/>
            <line number="14" hits="1" branch="false"/>
            <line number="15" hits="1" branch="false"/>
            <line number="20" hits="1" branch="true" condition-coverage="100% (1/1)"/>
            <line number="21" hits="2" branch="true" condition-coverage="100% (1/1)"/>
            <line number="22" hits="1" branch="false"/>
            <line number="23" hits="1" branch="false"/>
            <line number="26" hits="2" branch="true" condition-coverage="0% (0/2)"/>
            <line number="27" hits="0" branch="false"/>
            <line number="28" hits="0" branch="true" condition-coverage="100% (1/1)"/>
            <line number="30" hits="1" branch="false"/>
            <line number="33" hits="2" branch="true" condition-coverage="0% (0/1)"/>
            <line number="34" hits="0" branch="false"/>
            <line number="35" hits="0" branch="true" condition-coverage="100% (1/1)"/>
            <line number="38" hits="1" branch="false"/>
            <line number="39" hits="1" branch="false"/>
            <line number="44" hits="1" branch="true" condition-coverage="100% (1/1)"/>
            <line number="45" hits="119" branch="false"/>
            <line number="46" hits="119" branch="false"/>
            <line number="51" hits="1" branch="true" condition-coverage="100% (1/1)"/>
            <line number="52" hits="1" branch="false"/>
            <line number="53" hits="1" branch="false"/>
            <line number="58" hits="1" branch="true" condition-coverage="100% (1/1)"/>
            <line number="59" hits="3" branch="false"/>
            <line number="62" hits="3" branch="false"/>
            <line number="63" hits="3" branch="false"/>
            <line number="64" hits="3" branch="false"/>
            <line number="69" hits="1" branch="false"/>
            <line number="70" hits="0" branch="false"/>
            <line number="71" hits="0" branch="false"/>
            <line number="72" hits="0" branch="false"/>
            <line number="77" hits="1" branch="true" condition-coverage="100% (1/1)"/>
            <line number="78" hits="115" branch="false"/>
            <line number="79" hits="115" branch="false"/>
            <line number="80" hits="115" branch="false"/>
            <line number="81" hits="115" branch="false"/>
            <line number="82" hits="115" branch="false"/>
            <line number="83" hits="115" branch="false"/>
            <line number="84" hits="115" branch="false"/>
            <line number="85" hits="115" branch="false"/>
            <line number="86" hits="115" branch="false"/>
            <line number="87" hits="115" branch="false"/>
          </lines>
        </class>
        <class name="user_account.ts" filename="src/utils/user_account.ts" line-rate="0.9772" branch-rate="0.9695999999999999">
          <methods>
            <method name="getGoogleAccountsCachePath" hits="159" signature="()V">
              <lines>
                <line number="17" hits="159"/>
              </lines>
            </method>
            <method name="readAccounts" hits="9" signature="()V">
              <lines>
                <line number="21" hits="9"/>
              </lines>
            </method>
            <method name="cacheGoogleAccount" hits="7" signature="()V">
              <lines>
                <line number="39" hits="7"/>
              </lines>
            </method>
            <method name="getCachedGoogleAccount" hits="75" signature="()V">
              <lines>
                <line number="58" hits="75"/>
              </lines>
            </method>
            <method name="getLifetimeGoogleAccounts" hits="75" signature="()V">
              <lines>
                <line number="76" hits="75"/>
              </lines>
            </method>
            <method name="clearCachedGoogleAccount" hits="2" signature="()V">
              <lines>
                <line number="99" hits="2"/>
              </lines>
            </method>
          </methods>
          <lines>
            <line number="1" hits="1" branch="false"/>
            <line number="7" hits="1" branch="false"/>
            <line number="8" hits="1" branch="false"/>
            <line number="9" hits="1" branch="false"/>
            <line number="10" hits="1" branch="false"/>
            <line number="17" hits="159" branch="true" condition-coverage="100% (1/1)"/>
            <line number="18" hits="159" branch="false"/>
            <line number="19" hits="159" branch="false"/>
            <line number="21" hits="9" branch="true" condition-coverage="100% (1/1)"/>
            <line number="22" hits="9" branch="false"/>
            <line number="23" hits="9" branch="true" condition-coverage="100% (1/1)"/>
            <line number="24" hits="9" branch="true" condition-coverage="100% (1/1)"/>
            <line number="25" hits="1" branch="false"/>
            <line number="26" hits="1" branch="true" condition-coverage="100% (2/2)"/>
            <line number="27" hits="6" branch="false"/>
            <line number="28" hits="8" branch="true" condition-coverage="100% (1/1)"/>
            <line number="29" hits="3" branch="true" condition-coverage="100% (2/2)"/>
            <line number="31" hits="2" branch="false"/>
            <line number="32" hits="2" branch="true" condition-coverage="100% (1/1)"/>
            <line number="34" hits="1" branch="false"/>
            <line number="35" hits="1" branch="false"/>
            <line number="36" hits="1" branch="false"/>
            <line number="37" hits="9" branch="false"/>
            <line number="39" hits="7" branch="true" condition-coverage="100% (1/1)"/>
            <line number="40" hits="7" branch="false"/>
            <line number="41" hits="7" branch="false"/>
            <line number="43" hits="7" branch="false"/>
            <line number="45" hits="7" branch="true" condition-coverage="100% (2/2)"/>
            <line number="46" hits="3" branch="false"/>
            <line number="47" hits="3" branch="false"/>
            <line number="48" hits="3" branch="false"/>
            <line number="49" hits="3" branch="false"/>
            <line number="52" hits="7" branch="true" condition-coverage="100% (1/1)"/>
            <line number="54" hits="7" branch="false"/>
            <line number="55" hits="7" branch="true" condition-coverage="100% (1/1)"/>
            <line number="56" hits="6" branch="false"/>
            <line number="58" hits="1" branch="true" condition-coverage="100% (1/1)"/>
            <line number="59" hits="75" branch="false"/>
            <line number="60" hits="75" branch="false"/>
            <line number="61" hits="75" branch="true" condition-coverage="100% (1/1)"/>
            <line number="62" hits="73" branch="false"/>
            <line number="63" hits="73" branch="true" condition-coverage="100% (1/1)"/>
            <line number="64" hits="1" branch="false"/>
            <line number="65" hits="1" branch="true" condition-coverage="100% (1/1)"/>
            <line number="66" hits="72" branch="false"/>
            <line number="67" hits="72" branch="false"/>
            <line number="68" hits="72" branch="true" condition-coverage="100% (2/2)"/>
            <line number="69" hits="2" branch="false"/>
            <line number="70" hits="3" branch="true" condition-coverage="100% (1/1)"/>
            <line number="71" hits="1" branch="false"/>
            <line number="72" hits="1" branch="false"/>
            <line number="73" hits="1" branch="false"/>
            <line number="74" hits="75" branch="false"/>
            <line number="76" hits="1" branch="true" condition-coverage="100% (1/1)"/>
            <line number="77" hits="75" branch="false"/>
            <line number="78" hits="75" branch="false"/>
            <line number="79" hits="75" branch="true" condition-coverage="100% (1/1)"/>
            <line number="80" hits="1" branch="false"/>
            <line number="81" hits="1" branch="true" condition-coverage="100% (1/1)"/>
            <line number="83" hits="74" branch="false"/>
            <line number="84" hits="75" branch="true" condition-coverage="100% (1/1)"/>
            <line number="85" hits="1" branch="false"/>
            <line number="86" hits="1" branch="true" condition-coverage="100% (1/1)"/>
            <line number="87" hits="73" branch="false"/>
            <line number="88" hits="73" branch="false"/>
            <line number="89" hits="75" branch="true" condition-coverage="100% (1/1)"/>
            <line number="90" hits="71" branch="false"/>
            <line number="91" hits="71" branch="true" condition-coverage="100% (1/1)"/>
            <line number="92" hits="72" branch="false"/>
            <line number="93" hits="75" branch="true" condition-coverage="100% (1/1)"/>
            <line number="94" hits="1" branch="false"/>
            <line number="95" hits="1" branch="false"/>
            <line number="96" hits="1" branch="false"/>
            <line number="97" hits="75" branch="false"/>
            <line number="99" hits="2" branch="true" condition-coverage="100% (1/1)"/>
            <line number="100" hits="2" branch="false"/>
            <line number="101" hits="2" branch="true" condition-coverage="0% (0/1)"/>
            <line number="102" hits="0" branch="false"/>
            <line number="103" hits="0" branch="false"/>
            <line number="105" hits="2" branch="false"/>
            <line number="107" hits="2" branch="true" condition-coverage="100% (1/1)"/>
            <line number="108" hits="1" branch="false"/>
            <line number="109" hits="1" branch="false"/>
            <line number="110" hits="1" branch="false"/>
            <line number="111" hits="1" branch="false"/>
            <line number="112" hits="1" branch="false"/>
            <line number="114" hits="2" branch="false"/>
            <line number="115" hits="2" branch="false"/>
          </lines>
        </class>
        <class name="user_id.ts" filename="src/utils/user_id.ts" line-rate="0.6097" branch-rate="0.3333">
          <methods>
            <method name="ensureGeminiDirExists" hits="2" signature="()V">
              <lines>
                <line number="17" hits="2"/>
              </lines>
            </method>
            <method name="readInstallationIdFromFile" hits="2" signature="()V">
              <lines>
                <line number="23" hits="2"/>
              </lines>
            </method>
            <method name="writeInstallationIdToFile" hits="0" signature="()V">
              <lines>
                <line number="31" hits="0"/>
              </lines>
            </method>
            <method name="getInstallationId" hits="2" signature="()V">
              <lines>
                <line number="40" hits="2"/>
              </lines>
            </method>
          </methods>
          <lines>
            <line number="1" hits="1" branch="false"/>
            <line number="7" hits="1" branch="false"/>
            <line number="8" hits="1" branch="false"/>
            <line number="9" hits="1" branch="false"/>
            <line number="10" hits="1" branch="false"/>
            <line number="11" hits="1" branch="false"/>
            <line number="13" hits="1" branch="true" condition-coverage="0% (0/1)"/>
            <line number="14" hits="1" branch="false"/>
            <line number="15" hits="1" branch="false"/>
            <line number="17" hits="2" branch="true" condition-coverage="100% (1/1)"/>
            <line number="18" hits="2" branch="true" condition-coverage="0% (0/1)"/>
            <line number="19" hits="0" branch="false"/>
            <line number="20" hits="0" branch="false"/>
            <line number="21" hits="2" branch="false"/>
            <line number="23" hits="2" branch="true" condition-coverage="100% (1/1)"/>
            <line number="24" hits="2" branch="false"/>
            <line number="25" hits="2" branch="false"/>
            <line number="26" hits="2" branch="true" condition-coverage="0% (0/1)"/>
            <line number="27" hits="2" branch="true" condition-coverage="0% (0/1)"/>
            <line number="28" hits="0" branch="false"/>
            <line number="29" hits="0" branch="false"/>
            <line number="31" hits="0" branch="false"/>
            <line number="32" hits="0" branch="false"/>
            <line number="33" hits="0" branch="false"/>
            <line number="40" hits="1" branch="true" condition-coverage="100% (1/1)"/>
            <line number="41" hits="2" branch="false"/>
            <line number="42" hits="2" branch="false"/>
            <line number="43" hits="2" branch="false"/>
            <line number="45" hits="2" branch="true" condition-coverage="0% (0/1)"/>
            <line number="46" hits="0" branch="false"/>
            <line number="47" hits="0" branch="false"/>
            <line number="48" hits="0" branch="false"/>
            <line number="50" hits="2" branch="false"/>
            <line number="51" hits="2" branch="true" condition-coverage="0% (0/1)"/>
            <line number="52" hits="0" branch="false"/>
            <line number="53" hits="0" branch="false"/>
            <line number="54" hits="0" branch="false"/>
            <line number="55" hits="0" branch="false"/>
            <line number="56" hits="0" branch="false"/>
            <line number="57" hits="0" branch="false"/>
            <line number="58" hits="2" branch="false"/>
          </lines>
        </class>
      </classes>
    </package>
  </packages>
</coverage>
