TN:
SF:src/index.ts
FNF:0
FNH:0
DA:1,1
DA:8,1
DA:11,1
DA:12,1
DA:13,1
DA:14,1
DA:15,1
DA:16,1
DA:17,1
DA:18,1
DA:19,1
DA:20,1
DA:22,1
DA:23,1
DA:24,1
DA:25,1
DA:28,1
DA:29,1
DA:30,1
DA:31,1
DA:32,1
DA:33,1
DA:34,1
DA:35,1
DA:38,1
DA:39,1
DA:42,1
DA:43,1
DA:46,1
DA:47,1
DA:48,1
DA:49,1
DA:50,1
DA:51,1
DA:52,1
DA:53,1
DA:54,1
DA:55,1
DA:56,1
DA:57,1
DA:58,1
DA:61,1
DA:62,1
LF:43
LH:43
BRF:0
BRH:0
end_of_record
TN:
SF:src/__mocks__/fs/promises.ts
FNF:0
FNH:0
DA:1,1
DA:7,1
DA:8,1
DA:10,1
DA:13,1
DA:14,1
DA:15,1
DA:18,1
DA:19,1
DA:20,1
DA:21,1
DA:22,1
DA:23,1
DA:24,1
DA:25,1
DA:26,1
DA:27,1
DA:28,1
DA:29,1
DA:30,1
DA:31,1
DA:32,1
DA:33,1
DA:34,1
DA:35,1
DA:36,1
DA:37,1
DA:38,1
DA:39,1
DA:40,1
DA:41,1
DA:42,1
DA:43,1
DA:44,1
DA:45,1
DA:48,1
LF:36
LH:36
BRF:0
BRH:0
end_of_record
TN:
SF:src/benchmarking/benchmark.ts
FN:1,(empty-report)
FNF:1
FNH:0
FNDA:0,(empty-report)
DA:1,0
DA:8,0
DA:9,0
DA:11,0
DA:12,0
DA:13,0
DA:16,0
DA:17,0
DA:18,0
DA:19,0
DA:20,0
DA:21,0
DA:22,0
DA:23,0
DA:25,0
DA:28,0
DA:29,0
DA:32,0
DA:33,0
DA:35,0
DA:36,0
DA:37,0
DA:38,0
DA:40,0
DA:41,0
DA:43,0
DA:44,0
DA:45,0
DA:46,0
DA:47,0
DA:48,0
DA:49,0
DA:51,0
DA:52,0
DA:53,0
DA:54,0
LF:36
LH:0
BRDA:1,0,0,0
BRF:1
BRH:0
end_of_record
TN:
SF:src/benchmarking/index.ts
FN:1,(empty-report)
FNF:1
FNH:0
FNDA:0,(empty-report)
DA:1,0
DA:7,0
LF:2
LH:0
BRDA:1,0,0,0
BRF:1
BRH:0
end_of_record
TN:
SF:src/code_assist/codeAssist.ts
FN:13,createCodeAssistContentGenerator
FNF:1
FNH:0
FNDA:0,createCodeAssistContentGenerator
DA:1,1
DA:7,1
DA:8,1
DA:9,1
DA:10,1
DA:13,0
DA:14,0
DA:15,0
DA:16,0
DA:17,0
DA:18,0
DA:19,0
DA:20,0
DA:21,0
DA:22,0
DA:23,0
DA:24,0
DA:25,0
DA:26,0
DA:28,0
DA:29,0
LF:21
LH:5
BRF:0
BRH:0
end_of_record
TN:
SF:src/code_assist/converter.ts
FN:97,toCountTokenRequest
FN:108,fromCountTokenResponse
FN:116,toGenerateContentRequest
FN:128,fromGenerateContentResponse
FN:140,toVertexGenerateContentRequest
FN:157,toContents
FN:166,maybeToContent
FN:173,toContent
FN:199,toParts
FN:203,toPart
FN:211,toVertexGenerationConfig
FNF:11
FNH:9
FNDA:1,toCountTokenRequest
FNDA:1,fromCountTokenResponse
FNDA:10,toGenerateContentRequest
FNDA:5,fromGenerateContentResponse
FNDA:10,toVertexGenerateContentRequest
FNDA:11,toContents
FNDA:10,maybeToContent
FNDA:13,toContent
FNDA:0,toParts
FNDA:0,toPart
FNDA:10,toVertexGenerationConfig
DA:1,1
DA:7,1
DA:97,1
DA:98,1
DA:99,1
DA:100,1
DA:101,1
DA:102,1
DA:103,1
DA:104,1
DA:105,1
DA:106,1
DA:108,1
DA:109,1
DA:110,1
DA:111,1
DA:112,1
DA:113,1
DA:114,1
DA:116,1
DA:117,10
DA:118,10
DA:119,10
DA:120,10
DA:121,10
DA:122,10
DA:123,10
DA:124,10
DA:125,10
DA:126,10
DA:128,1
DA:129,5
DA:130,5
DA:131,5
DA:132,5
DA:133,5
DA:134,5
DA:135,5
DA:136,5
DA:137,5
DA:138,5
DA:140,10
DA:141,10
DA:142,10
DA:143,10
DA:144,10
DA:145,10
DA:146,10
DA:147,10
DA:148,10
DA:149,10
DA:150,10
DA:151,10
DA:152,10
DA:153,10
DA:154,10
DA:155,10
DA:157,11
DA:158,11
DA:160,7
DA:161,7
DA:163,4
DA:164,4
DA:166,10
DA:167,10
DA:168,9
DA:169,9
DA:170,1
DA:171,1
DA:173,13
DA:174,13
DA:176,0
DA:177,0
DA:178,0
DA:179,0
DA:180,0
DA:181,13
DA:183,5
DA:184,5
DA:185,5
DA:186,5
DA:187,5
DA:188,13
DA:190,6
DA:191,6
DA:193,2
DA:194,2
DA:195,2
DA:196,2
DA:197,2
DA:199,0
DA:200,0
DA:201,0
DA:203,0
DA:204,0
DA:206,0
DA:207,0
DA:208,0
DA:209,0
DA:211,10
DA:212,10
DA:213,10
DA:214,10
DA:215,7
DA:216,7
DA:217,3
DA:218,3
DA:219,3
DA:220,3
DA:221,3
DA:222,3
DA:223,3
DA:224,3
DA:225,3
DA:226,3
DA:227,3
DA:228,3
DA:229,3
DA:230,3
DA:231,3
DA:232,3
DA:233,3
DA:234,3
DA:235,3
DA:236,3
DA:237,3
DA:238,3
DA:239,3
LF:128
LH:114
BRDA:97,0,0,1
BRDA:108,1,0,1
BRDA:116,2,0,10
BRDA:128,3,0,5
BRDA:140,4,0,10
BRDA:146,5,0,3
BRDA:147,6,0,3
BRDA:148,7,0,3
BRDA:149,8,0,3
BRDA:150,9,0,3
BRDA:151,10,0,3
BRDA:157,11,0,11
BRDA:158,12,0,7
BRDA:161,13,0,4
BRDA:166,14,0,10
BRDA:167,15,0,9
BRDA:169,16,0,1
BRDA:173,17,0,13
BRDA:174,18,0,0
BRDA:181,19,0,8
BRDA:181,20,0,5
BRDA:188,21,0,6
BRDA:191,22,0,2
BRDA:211,23,0,10
BRDA:214,24,0,7
BRDA:216,25,0,3
BRF:26
BRH:25
end_of_record
TN:
SF:src/code_assist/oauth2.ts
FN:67,getOauthClient
FN:152,authWithUserCode
FN:169,code
FN:198,authWithWeb
FN:266,getAvailablePort
FN:287,loadCachedCredentials
FN:310,cacheCredentials
FN:318,getCachedCredentialPath
FN:322,clearCachedCredentialFile
FN:332,fetchAndCacheUserInfo
FNF:10
FNH:8
FNDA:7,getOauthClient
FNDA:1,authWithUserCode
FNDA:1,code
FNDA:1,authWithWeb
FNDA:1,getAvailablePort
FNDA:7,loadCachedCredentials
FNDA:0,cacheCredentials
FNDA:7,getCachedCredentialPath
FNDA:0,clearCachedCredentialFile
FNDA:2,fetchAndCacheUserInfo
DA:1,1
DA:7,1
DA:13,1
DA:14,1
DA:15,1
DA:16,1
DA:17,1
DA:18,1
DA:19,1
DA:20,1
DA:22,1
DA:23,1
DA:28,1
DA:29,1
DA:34,1
DA:39,1
DA:42,1
DA:43,1
DA:44,1
DA:45,1
DA:46,1
DA:48,1
DA:49,1
DA:50,1
DA:51,1
DA:52,1
DA:54,1
DA:55,1
DA:67,7
DA:68,7
DA:69,7
DA:70,7
DA:71,7
DA:72,7
DA:73,7
DA:74,7
DA:76,7
DA:77,0
DA:78,7
DA:81,7
DA:84,1
DA:85,1
DA:86,1
DA:87,1
DA:89,0
DA:90,1
DA:91,1
DA:92,1
DA:93,1
DA:98,7
DA:99,4
DA:100,4
DA:101,4
DA:104,4
DA:105,4
DA:106,3
DA:109,3
DA:110,4
DA:111,1
DA:112,1
DA:113,1
DA:114,1
DA:115,1
DA:116,1
DA:117,4
DA:119,7
DA:120,1
DA:121,1
DA:122,1
DA:123,1
DA:124,1
DA:125,0
DA:126,0
DA:127,0
DA:128,0
DA:129,0
DA:130,1
DA:131,1
DA:132,0
DA:133,0
DA:134,1
DA:135,1
DA:138,1
DA:139,1
DA:141,1
DA:142,1
DA:143,1
DA:144,1
DA:146,1
DA:147,1
DA:149,2
DA:150,2
DA:152,1
DA:153,1
DA:154,1
DA:155,1
DA:156,1
DA:157,1
DA:158,1
DA:159,1
DA:160,1
DA:161,1
DA:162,1
DA:163,1
DA:164,1
DA:165,1
DA:166,1
DA:167,1
DA:169,1
DA:170,1
DA:171,1
DA:172,1
DA:173,1
DA:174,1
DA:175,1
DA:176,1
DA:177,1
DA:178,1
DA:180,1
DA:181,0
DA:182,0
DA:183,0
DA:185,1
DA:186,1
DA:187,1
DA:188,1
DA:189,1
DA:190,1
DA:191,1
DA:192,1
DA:193,0
DA:194,0
DA:195,1
DA:196,1
DA:198,1
DA:199,1
DA:200,1
DA:201,1
DA:202,1
DA:203,1
DA:204,1
DA:205,1
DA:206,1
DA:207,1
DA:209,1
DA:210,1
DA:211,1
DA:212,1
DA:213,0
DA:214,0
DA:215,0
DA:216,0
DA:218,1
DA:219,1
DA:220,0
DA:221,0
DA:223,0
DA:224,1
DA:225,0
DA:227,0
DA:228,1
DA:229,1
DA:230,1
DA:231,1
DA:232,1
DA:233,1
DA:235,1
DA:236,1
DA:237,1
DA:238,0
DA:239,0
DA:240,0
DA:241,0
DA:243,0
DA:245,1
DA:246,1
DA:247,1
DA:248,1
DA:249,0
DA:250,0
DA:251,1
DA:252,0
DA:253,1
DA:254,1
DA:255,1
DA:256,1
DA:257,1
DA:258,1
DA:260,1
DA:261,1
DA:262,1
DA:263,1
DA:264,1
DA:266,1
DA:267,1
DA:268,1
DA:269,1
DA:270,1
DA:271,1
DA:272,1
DA:273,1
DA:274,1
DA:275,1
DA:276,1
DA:277,1
DA:278,1
DA:279,1
DA:280,1
DA:281,1
DA:282,0
DA:283,0
DA:284,1
DA:285,1
DA:287,7
DA:288,7
DA:289,7
DA:290,7
DA:292,7
DA:293,1
DA:296,1
DA:297,7
DA:298,0
DA:299,0
DA:302,1
DA:304,1
DA:305,7
DA:306,6
DA:307,6
DA:308,7
DA:310,0
DA:311,0
DA:312,0
DA:314,0
DA:315,0
DA:316,0
DA:318,7
DA:319,7
DA:320,7
DA:322,0
DA:323,0
DA:324,0
DA:326,0
DA:327,0
DA:329,0
DA:330,0
DA:332,2
DA:333,2
DA:334,2
DA:335,2
DA:336,0
DA:337,0
DA:339,2
DA:340,2
DA:341,2
DA:342,2
DA:343,2
DA:344,2
DA:345,2
DA:346,2
DA:348,2
DA:349,0
DA:350,0
DA:351,0
DA:352,0
DA:353,0
DA:354,0
DA:355,0
DA:357,2
DA:358,2
DA:359,2
DA:360,1
DA:361,2
DA:362,1
DA:363,1
DA:364,2
LF:275
LH:218
BRDA:67,0,0,7
BRDA:81,1,0,1
BRDA:87,2,0,0
BRDA:93,3,0,6
BRDA:98,4,0,4
BRDA:105,5,0,3
BRDA:110,6,0,1
BRDA:117,7,0,2
BRDA:119,8,0,1
BRDA:124,9,0,0
BRDA:131,10,0,0
BRDA:147,11,0,2
BRDA:152,12,0,1
BRDA:180,13,0,0
BRDA:192,14,0,0
BRDA:169,15,0,1
BRDA:174,16,0,1
BRDA:198,17,0,1
BRDA:209,18,0,1
BRDA:210,19,0,1
BRDA:212,20,0,0
BRDA:219,21,0,0
BRDA:224,22,0,0
BRDA:237,23,0,0
BRDA:248,24,0,0
BRDA:251,25,0,0
BRDA:266,26,0,1
BRDA:267,27,0,1
BRDA:281,28,0,0
BRDA:271,29,0,1
BRDA:275,30,0,1
BRDA:280,31,0,1
BRDA:287,32,0,7
BRDA:292,33,0,1
BRDA:297,34,0,0
BRDA:299,35,0,1
BRDA:305,36,0,6
BRDA:318,37,0,7
BRDA:332,38,0,2
BRDA:335,39,0,0
BRDA:348,40,0,0
BRDA:359,41,0,1
BRDA:361,42,0,1
BRF:43
BRH:28
end_of_record
TN:
SF:src/code_assist/server.ts
FN:65,CodeAssistServer
FN:70,<instance_members_initializer>
FN:72,generateContentStream
FN:87,generateContent
FN:98,onboardUser
FN:107,loadCodeAssist
FN:116,getCodeAssistGlobalUserSetting
FN:122,setCodeAssistGlobalUserSetting
FN:131,countTokens
FN:139,embedContent
FN:145,requestPost
FN:164,requestGet
FN:178,requestStreamingPost
FN:259,getTier
FN:266,detectUserTier
FN:293,getMethodUrl
FNF:16
FNH:8
FNDA:7,CodeAssistServer
FNDA:7,<instance_members_initializer>
FNDA:1,generateContentStream
FNDA:1,generateContent
FNDA:1,onboardUser
FNDA:1,loadCodeAssist
FNDA:0,getCodeAssistGlobalUserSetting
FNDA:0,setCodeAssistGlobalUserSetting
FNDA:1,countTokens
FNDA:1,embedContent
FNDA:0,requestPost
FNDA:0,requestGet
FNDA:0,requestStreamingPost
FNDA:0,getTier
FNDA:0,detectUserTier
FNDA:0,getMethodUrl
DA:1,1
DA:24,1
DA:27,1
DA:35,1
DA:59,1
DA:60,1
DA:62,1
DA:63,1
DA:65,1
DA:66,7
DA:67,7
DA:68,7
DA:69,7
DA:70,7
DA:72,1
DA:73,1
DA:74,1
DA:75,1
DA:76,1
DA:77,1
DA:78,1
DA:79,1
DA:80,1
DA:81,1
DA:82,1
DA:83,1
DA:84,1
DA:85,1
DA:87,1
DA:88,1
DA:89,1
DA:90,1
DA:91,1
DA:92,1
DA:93,1
DA:94,1
DA:95,1
DA:96,1
DA:98,1
DA:99,1
DA:100,1
DA:101,1
DA:102,1
DA:103,1
DA:104,1
DA:105,1
DA:107,1
DA:108,1
DA:109,1
DA:110,1
DA:111,1
DA:112,1
DA:113,1
DA:114,1
DA:116,1
DA:117,0
DA:118,0
DA:119,0
DA:120,0
DA:122,1
DA:123,0
DA:124,0
DA:125,0
DA:126,0
DA:127,0
DA:128,0
DA:129,0
DA:131,1
DA:132,1
DA:133,1
DA:134,1
DA:135,1
DA:136,1
DA:137,1
DA:139,1
DA:140,1
DA:141,1
DA:142,1
DA:143,1
DA:145,1
DA:146,0
DA:147,0
DA:148,0
DA:149,0
DA:150,0
DA:151,0
DA:152,0
DA:153,0
DA:154,0
DA:155,0
DA:156,0
DA:157,0
DA:158,0
DA:159,0
DA:160,0
DA:161,0
DA:162,0
DA:164,1
DA:165,0
DA:166,0
DA:167,0
DA:168,0
DA:169,0
DA:170,0
DA:171,0
DA:172,0
DA:173,0
DA:174,0
DA:175,0
DA:176,0
DA:178,1
DA:179,0
DA:180,0
DA:181,0
DA:182,0
DA:183,0
DA:184,0
DA:185,0
DA:186,0
DA:187,0
DA:188,0
DA:189,0
DA:190,0
DA:191,0
DA:192,0
DA:193,0
DA:194,0
DA:195,0
DA:196,0
DA:198,0
DA:200,0
DA:202,0
DA:205,0
DA:206,0
DA:207,0
DA:208,0
DA:209,0
DA:211,0
DA:212,0
DA:215,0
DA:216,0
DA:218,0
DA:220,0
DA:221,0
DA:222,0
DA:223,0
DA:224,0
DA:225,0
DA:226,0
DA:229,0
DA:231,0
DA:232,0
DA:233,0
DA:234,0
DA:236,0
DA:237,0
DA:238,0
DA:239,0
DA:241,0
DA:242,0
DA:244,0
DA:245,0
DA:246,0
DA:247,0
DA:248,0
DA:249,0
DA:250,0
DA:251,0
DA:252,0
DA:253,0
DA:254,0
DA:255,0
DA:256,0
DA:257,0
DA:259,1
DA:260,0
DA:261,0
DA:262,0
DA:263,0
DA:264,0
DA:266,1
DA:267,0
DA:269,0
DA:272,0
DA:273,0
DA:274,0
DA:275,0
DA:276,0
DA:277,0
DA:278,0
DA:279,0
DA:280,0
DA:281,0
DA:282,0
DA:283,0
DA:284,0
DA:285,0
DA:286,0
DA:289,0
DA:290,0
DA:291,0
DA:293,1
DA:294,0
DA:295,0
DA:296,0
DA:297,1
LF:206
LH:75
BRDA:65,0,0,7
BRDA:70,1,0,7
BRDA:72,2,0,1
BRDA:78,3,0,0
BRDA:80,4,0,1
BRDA:87,5,0,1
BRDA:93,6,0,0
BRDA:98,7,0,1
BRDA:107,8,0,1
BRDA:131,9,0,1
BRDA:139,10,0,1
BRF:11
BRH:9
end_of_record
TN:
SF:src/code_assist/setup.ts
FN:18,ProjectIdRequiredError
FN:30,setupUser
FN:70,getOnboardTier
FNF:3
FNH:3
FNDA:1,ProjectIdRequiredError
FNDA:3,setupUser
FNDA:2,getOnboardTier
DA:1,1
DA:7,1
DA:14,1
DA:17,1
DA:18,1
DA:19,1
DA:20,1
DA:21,1
DA:22,1
DA:23,1
DA:30,3
DA:31,3
DA:32,3
DA:34,3
DA:35,3
DA:36,3
DA:37,3
DA:38,3
DA:39,3
DA:41,3
DA:42,3
DA:43,3
DA:44,3
DA:46,3
DA:47,1
DA:48,1
DA:50,2
DA:51,3
DA:52,0
DA:53,0
DA:55,2
DA:56,2
DA:57,2
DA:58,2
DA:59,2
DA:62,2
DA:63,3
DA:64,0
DA:65,0
DA:66,0
DA:67,3
DA:68,3
DA:70,2
DA:71,2
DA:72,2
DA:73,2
DA:74,2
DA:75,0
DA:76,0
DA:77,0
DA:78,0
DA:79,0
DA:80,0
DA:81,0
DA:82,0
DA:83,0
DA:84,0
DA:85,0
LF:58
LH:42
BRDA:18,0,0,1
BRDA:30,1,0,3
BRDA:31,2,0,2
BRDA:44,3,0,2
BRDA:46,4,0,1
BRDA:46,5,0,1
BRDA:48,6,0,2
BRDA:51,7,0,0
BRDA:51,8,0,0
BRDA:53,9,0,2
BRDA:63,10,0,0
BRDA:66,11,0,2
BRDA:67,12,0,0
BRDA:70,13,0,2
BRDA:73,14,0,0
BRDA:74,15,0,0
BRF:16
BRH:10
end_of_record
TN:
SF:src/code_assist/types.ts
FNF:0
FNH:0
DA:1,1
DA:88,1
DA:90,1
DA:91,1
DA:92,1
DA:93,1
DA:94,1
DA:95,1
DA:96,1
DA:97,1
DA:105,1
DA:106,1
DA:107,1
DA:108,1
DA:156,1
DA:157,1
DA:158,1
DA:159,1
DA:160,1
LF:19
LH:19
BRDA:88,0,0,21
BRDA:105,1,0,21
BRDA:156,2,0,21
BRF:3
BRH:3
end_of_record
TN:
SF:src/config/config.ts
FN:76,MCPServerConfig
FN:151,<instance_members_initializer>
FN:195,Config
FN:258,initialize
FN:267,refreshAuth
FN:280,getSessionId
FN:284,getContentGeneratorConfig
FN:288,getModel
FN:292,setModel
FN:299,isModelSwitchedDuringSession
FN:303,resetModelToDefault
FN:310,setFlashFallbackHandler
FN:314,getMaxSessionTurns
FN:318,setQuotaErrorOccurred
FN:322,getQuotaErrorOccurred
FN:326,getUserTier
FN:334,getEmbeddingModel
FN:338,getSandbox
FN:342,getTargetDir
FN:346,getProjectRoot
FN:350,getToolRegistry
FN:354,getDebugMode
FN:357,getQuestion
FN:361,getFullContext
FN:365,getCoreTools
FN:369,getExcludeTools
FN:373,getToolDiscoveryCommand
FN:377,getToolCallCommand
FN:381,getMcpServerCommand
FN:385,getMcpServers
FN:389,getUserMemory
FN:393,setUserMemory
FN:397,getGeminiMdFileCount
FN:401,setGeminiMdFileCount
FN:405,getApprovalMode
FN:409,setApprovalMode
FN:413,getShowMemoryUsage
FN:417,getAccessibility
FN:421,getTelemetryEnabled
FN:425,getTelemetryLogPromptsEnabled
FN:429,getTelemetryOtlpEndpoint
FN:433,getTelemetryTarget
FN:437,getGeminiClient
FN:441,getGeminiDir
FN:445,getProjectTempDir
FN:449,getEnableRecursiveFileSearch
FN:453,getFileFilteringRespectGitIgnore
FN:457,getCheckpointingEnabled
FN:461,getProxy
FN:465,getWorkingDir
FN:469,getBugCommand
FN:473,getFileService
FN:480,getUsageStatisticsEnabled
FN:484,getExtensionContextFilePaths
FN:488,getListExtensions
FN:492,getActiveExtensions
FN:496,getNoBrowser
FN:500,getIdeMode
FN:504,getGitService
FN:512,refreshMemory
FN:526,createToolRegistry
FN:532,registerCoreTool
FNF:62
FNH:38
FNDA:0,MCPServerConfig
FNDA:46,<instance_members_initializer>
FNDA:46,Config
FNDA:2,initialize
FNDA:1,refreshAuth
FNDA:0,getSessionId
FNDA:48,getContentGeneratorConfig
FNDA:55,getModel
FNDA:7,setModel
FNDA:12,isModelSwitchedDuringSession
FNDA:2,resetModelToDefault
FNDA:1,setFlashFallbackHandler
FNDA:0,getMaxSessionTurns
FNDA:0,setQuotaErrorOccurred
FNDA:0,getQuotaErrorOccurred
FNDA:0,getUserTier
FNDA:46,getEmbeddingModel
FNDA:92,getSandbox
FNDA:2,getTargetDir
FNDA:0,getProjectRoot
FNDA:0,getToolRegistry
FNDA:98,getDebugMode
FNDA:0,getQuestion
FNDA:0,getFullContext
FNDA:57,getCoreTools
FNDA:11,getExcludeTools
FNDA:0,getToolDiscoveryCommand
FNDA:1,getToolCallCommand
FNDA:1,getMcpServerCommand
FNDA:47,getMcpServers
FNDA:3,getUserMemory
FNDA:1,setUserMemory
FNDA:1,getGeminiMdFileCount
FNDA:1,setGeminiMdFileCount
FNDA:46,getApprovalMode
FNDA:0,setApprovalMode
FNDA:0,getShowMemoryUsage
FNDA:0,getAccessibility
FNDA:49,getTelemetryEnabled
FNDA:49,getTelemetryLogPromptsEnabled
FNDA:3,getTelemetryOtlpEndpoint
FNDA:2,getTelemetryTarget
FNDA:0,getGeminiClient
FNDA:0,getGeminiDir
FNDA:0,getProjectTempDir
FNDA:0,getEnableRecursiveFileSearch
FNDA:48,getFileFilteringRespectGitIgnore
FNDA:2,getCheckpointingEnabled
FNDA:0,getProxy
FNDA:3,getWorkingDir
FNDA:0,getBugCommand
FNDA:6,getFileService
FNDA:92,getUsageStatisticsEnabled
FNDA:3,getExtensionContextFilePaths
FNDA:0,getListExtensions
FNDA:0,getActiveExtensions
FNDA:0,getNoBrowser
FNDA:0,getIdeMode
FNDA:1,getGitService
FNDA:2,refreshMemory
FNDA:1,createToolRegistry
FNDA:11,registerCoreTool
DA:1,1
DA:7,1
DA:8,1
DA:9,1
DA:15,1
DA:16,1
DA:17,1
DA:18,1
DA:19,1
DA:20,1
DA:21,1
DA:22,1
DA:23,1
DA:24,1
DA:25,1
DA:30,1
DA:31,1
DA:32,1
DA:33,1
DA:34,1
DA:35,1
DA:36,1
DA:43,1
DA:47,1
DA:49,1
DA:50,1
DA:51,1
DA:52,1
DA:75,1
DA:76,1
DA:78,0
DA:79,0
DA:80,0
DA:81,0
DA:83,0
DA:85,0
DA:86,0
DA:88,0
DA:90,0
DA:91,0
DA:93,0
DA:94,0
DA:95,0
DA:96,0
DA:97,1
DA:150,1
DA:151,1
DA:152,46
DA:153,46
DA:154,46
DA:155,46
DA:156,46
DA:157,46
DA:158,46
DA:159,46
DA:160,46
DA:161,46
DA:162,46
DA:163,46
DA:164,46
DA:165,46
DA:166,46
DA:167,46
DA:168,46
DA:169,46
DA:170,46
DA:171,46
DA:172,46
DA:173,46
DA:174,46
DA:178,46
DA:179,46
DA:180,46
DA:181,46
DA:182,46
DA:183,46
DA:184,46
DA:185,46
DA:186,46
DA:187,46
DA:188,46
DA:189,46
DA:190,46
DA:191,46
DA:192,46
DA:193,46
DA:195,1
DA:196,46
DA:197,46
DA:198,46
DA:199,46
DA:200,46
DA:201,46
DA:202,46
DA:203,46
DA:204,46
DA:205,46
DA:206,46
DA:207,46
DA:208,46
DA:209,46
DA:210,46
DA:211,46
DA:212,46
DA:213,46
DA:214,46
DA:215,46
DA:216,46
DA:217,46
DA:218,46
DA:219,46
DA:220,46
DA:221,46
DA:223,46
DA:224,46
DA:225,46
DA:226,46
DA:227,46
DA:228,46
DA:229,46
DA:230,46
DA:231,46
DA:232,46
DA:233,46
DA:234,46
DA:235,46
DA:236,46
DA:237,46
DA:238,46
DA:239,46
DA:241,46
DA:242,1
DA:243,1
DA:245,46
DA:246,6
DA:247,6
DA:249,46
DA:250,46
DA:251,46
DA:252,46
DA:253,46
DA:254,0
DA:255,0
DA:256,46
DA:258,1
DA:260,2
DA:261,2
DA:262,1
DA:263,0
DA:264,1
DA:265,2
DA:267,1
DA:268,1
DA:269,1
DA:270,1
DA:271,1
DA:273,1
DA:274,1
DA:277,1
DA:278,1
DA:280,1
DA:281,0
DA:282,0
DA:284,1
DA:285,48
DA:286,48
DA:288,1
DA:289,55
DA:290,55
DA:292,1
DA:293,7
DA:294,6
DA:295,6
DA:296,6
DA:297,7
DA:299,1
DA:300,12
DA:301,12
DA:303,1
DA:304,2
DA:305,1
DA:306,1
DA:307,1
DA:308,2
DA:310,1
DA:311,1
DA:312,1
DA:314,1
DA:315,0
DA:316,0
DA:318,1
DA:319,0
DA:320,0
DA:322,1
DA:323,0
DA:324,0
DA:326,1
DA:327,0
DA:328,0
DA:329,0
DA:330,0
DA:331,0
DA:332,0
DA:334,1
DA:335,46
DA:336,46
DA:338,1
DA:339,92
DA:340,92
DA:342,1
DA:343,2
DA:344,2
DA:346,1
DA:347,0
DA:348,0
DA:350,1
DA:351,0
DA:352,0
DA:354,1
DA:355,98
DA:356,98
DA:357,1
DA:358,0
DA:359,0
DA:361,1
DA:362,0
DA:363,0
DA:365,1
DA:366,57
DA:367,57
DA:369,1
DA:370,11
DA:371,11
DA:373,1
DA:374,0
DA:375,0
DA:377,1
DA:378,1
DA:379,1
DA:381,1
DA:382,1
DA:383,1
DA:385,1
DA:386,47
DA:387,47
DA:389,1
DA:390,3
DA:391,3
DA:393,1
DA:394,1
DA:395,1
DA:397,1
DA:398,1
DA:399,1
DA:401,1
DA:402,1
DA:403,1
DA:405,1
DA:406,46
DA:407,46
DA:409,1
DA:410,0
DA:411,0
DA:413,1
DA:414,0
DA:415,0
DA:417,1
DA:418,0
DA:419,0
DA:421,1
DA:422,49
DA:423,49
DA:425,1
DA:426,49
DA:427,49
DA:429,1
DA:430,3
DA:431,3
DA:433,1
DA:434,2
DA:435,2
DA:437,1
DA:438,0
DA:439,0
DA:441,1
DA:442,0
DA:443,0
DA:445,1
DA:446,0
DA:447,0
DA:449,1
DA:450,0
DA:451,0
DA:453,1
DA:454,48
DA:455,48
DA:457,1
DA:458,2
DA:459,2
DA:461,1
DA:462,0
DA:463,0
DA:465,1
DA:466,3
DA:467,3
DA:469,1
DA:470,0
DA:471,0
DA:473,1
DA:474,6
DA:475,5
DA:476,5
DA:477,6
DA:478,6
DA:480,1
DA:481,92
DA:482,92
DA:484,1
DA:485,3
DA:486,3
DA:488,1
DA:489,0
DA:490,0
DA:492,1
DA:493,0
DA:494,0
DA:496,1
DA:497,0
DA:498,0
DA:500,1
DA:501,0
DA:502,0
DA:504,1
DA:505,1
DA:506,1
DA:507,1
DA:508,0
DA:509,0
DA:510,1
DA:512,1
DA:513,2
DA:514,2
DA:515,2
DA:516,2
DA:517,2
DA:518,2
DA:520,1
DA:521,1
DA:523,1
DA:524,2
DA:526,1
DA:527,1
DA:528,1
DA:532,1
DA:533,11
DA:534,11
DA:535,11
DA:536,11
DA:538,11
DA:539,11
DA:540,11
DA:541,11
DA:542,0
DA:543,0
DA:544,0
DA:545,0
DA:546,0
DA:547,0
DA:548,0
DA:549,0
DA:551,11
DA:552,11
DA:553,11
DA:554,11
DA:555,0
DA:556,0
DA:558,11
DA:559,11
DA:560,11
DA:561,11
DA:563,1
DA:564,1
DA:565,1
DA:566,1
DA:567,1
DA:568,1
DA:569,1
DA:570,1
DA:571,1
DA:572,1
DA:573,1
DA:575,1
DA:576,1
DA:577,1
DA:578,1
LF:395
LH:316
BRDA:49,0,0,15
BRDA:151,1,0,46
BRDA:195,2,0,46
BRDA:198,3,0,17
BRDA:203,4,0,23
BRDA:210,5,0,18
BRDA:211,6,0,40
BRDA:212,7,0,40
BRDA:216,8,0,19
BRDA:216,9,0,27
BRDA:217,10,0,19
BRDA:218,11,0,19
BRDA:218,12,0,45
BRDA:219,13,0,19
BRDA:219,14,0,45
BRDA:224,15,0,1
BRDA:224,16,0,45
BRDA:226,17,0,1
BRDA:228,18,0,44
BRDA:230,19,0,0
BRDA:241,20,0,1
BRDA:245,21,0,6
BRDA:253,22,0,0
BRDA:258,23,0,2
BRDA:261,24,0,1
BRDA:262,25,0,0
BRDA:267,26,0,1
BRDA:284,27,0,48
BRDA:288,28,0,55
BRDA:289,29,0,8
BRDA:289,30,0,47
BRDA:292,31,0,7
BRDA:293,32,0,6
BRDA:299,33,0,12
BRDA:303,34,0,2
BRDA:304,35,0,1
BRDA:310,36,0,1
BRDA:334,37,0,46
BRDA:338,38,0,92
BRDA:342,39,0,2
BRDA:354,40,0,98
BRDA:365,41,0,57
BRDA:369,42,0,11
BRDA:377,43,0,1
BRDA:381,44,0,1
BRDA:385,45,0,47
BRDA:389,46,0,3
BRDA:393,47,0,1
BRDA:397,48,0,1
BRDA:401,49,0,1
BRDA:405,50,0,46
BRDA:421,51,0,49
BRDA:422,52,0,0
BRDA:425,53,0,49
BRDA:426,54,0,0
BRDA:429,55,0,3
BRDA:430,56,0,0
BRDA:433,57,0,2
BRDA:434,58,0,0
BRDA:453,59,0,48
BRDA:457,60,0,2
BRDA:465,61,0,3
BRDA:473,62,0,6
BRDA:474,63,0,5
BRDA:480,64,0,92
BRDA:484,65,0,3
BRDA:504,66,0,1
BRDA:507,67,0,0
BRDA:512,68,0,2
BRDA:518,69,0,1
BRDA:526,70,0,1
BRDA:532,71,0,11
BRDA:534,72,0,1
BRDA:541,73,0,0
BRDA:552,74,0,0
BRDA:553,75,0,0
BRDA:554,76,0,0
BRF:77
BRH:65
end_of_record
TN:
SF:src/config/models.ts
FNF:0
FNH:0
DA:1,1
DA:7,1
DA:8,1
DA:9,1
LF:4
LH:4
BRF:0
BRH:0
end_of_record
TN:
SF:src/core/client.ts
FN:44,isThinkingSupported
FN:54,findIndexAfterFraction
FN:103,GeminiClient
FN:111,initialize
FN:120,getContentGenerator
FN:127,addHistory
FN:131,getChat
FN:138,isInitialized
FN:142,getHistory
FN:146,setHistory
FN:150,resetChat
FN:154,getEnvironment
FN:218,startChat
FN:268,sendMessageStream
FN:332,generateJson
FN:351,apiCall
FN:364,onPersistent429
FN:423,generateContent
FN:445,apiCall
FN:453,onPersistent429
FN:478,generateEmbedding
FN:513,tryCompressChat
FN:606,handleFlashFallback
FNF:23
FNH:19
FNDA:28,isThinkingSupported
FNDA:11,findIndexAfterFraction
FNDA:25,GeminiClient
FNDA:24,initialize
FNDA:48,getContentGenerator
FNDA:2,addHistory
FNDA:653,getChat
FNDA:0,isInitialized
FNDA:3,getHistory
FNDA:0,setHistory
FNDA:1,resetChat
FNDA:28,getEnvironment
FNDA:28,startChat
FNDA:209,sendMessageStream
FNDA:2,generateJson
FNDA:2,apiCall
FNDA:0,onPersistent429
FNDA:2,generateContent
FNDA:2,apiCall
FNDA:0,onPersistent429
FNDA:8,generateEmbedding
FNDA:211,tryCompressChat
FNDA:1,handleFlashFallback
DA:1,1
DA:17,1
DA:18,1
DA:25,1
DA:27,1
DA:28,1
DA:29,1
DA:30,1
DA:31,1
DA:32,1
DA:33,1
DA:34,1
DA:35,1
DA:41,1
DA:42,1
DA:44,28
DA:45,28
DA:46,28
DA:47,28
DA:54,1
DA:55,11
DA:56,11
DA:57,11
DA:58,11
DA:59,2
DA:60,2
DA:62,9
DA:63,9
DA:64,9
DA:66,9
DA:67,9
DA:68,9
DA:69,9
DA:70,9
DA:72,9
DA:73,11
DA:74,23
DA:75,23
DA:76,8
DA:77,8
DA:78,23
DA:79,1
DA:80,1
DA:82,1
DA:83,1
DA:84,1
DA:85,1
DA:86,1
DA:87,1
DA:88,1
DA:89,1
DA:90,1
DA:91,1
DA:96,1
DA:101,1
DA:103,1
DA:104,25
DA:105,1
DA:106,1
DA:108,25
DA:109,25
DA:111,1
DA:112,24
DA:113,24
DA:114,24
DA:115,24
DA:116,24
DA:117,24
DA:118,24
DA:120,1
DA:121,48
DA:122,0
DA:123,0
DA:124,48
DA:125,48
DA:127,1
DA:128,2
DA:129,2
DA:131,1
DA:132,653
DA:133,0
DA:134,0
DA:135,653
DA:136,653
DA:138,1
DA:139,0
DA:140,0
DA:142,1
DA:143,3
DA:144,3
DA:146,1
DA:147,0
DA:148,0
DA:150,1
DA:151,1
DA:152,1
DA:154,1
DA:155,28
DA:156,28
DA:157,28
DA:158,28
DA:159,28
DA:160,28
DA:161,28
DA:162,28
DA:163,28
DA:164,28
DA:165,28
DA:166,28
DA:168,28
DA:169,28
DA:170,28
DA:171,28
DA:172,28
DA:174,28
DA:175,28
DA:178,28
DA:179,0
DA:180,0
DA:181,0
DA:182,0
DA:183,0
DA:185,0
DA:186,0
DA:187,0
DA:188,0
DA:189,0
DA:190,0
DA:191,0
DA:192,0
DA:193,0
DA:194,0
DA:195,0
DA:196,0
DA:197,0
DA:198,0
DA:199,0
DA:200,0
DA:201,0
DA:202,0
DA:203,0
DA:204,0
DA:205,0
DA:206,0
DA:208,0
DA:209,0
DA:210,0
DA:211,0
DA:212,0
DA:213,0
DA:215,28
DA:216,28
DA:218,1
DA:219,28
DA:220,28
DA:221,28
DA:222,28
DA:223,28
DA:224,28
DA:225,28
DA:226,28
DA:227,28
DA:228,28
DA:229,28
DA:230,28
DA:231,28
DA:232,28
DA:233,28
DA:234,28
DA:235,28
DA:236,28
DA:237,28
DA:238,28
DA:239,28
DA:240,0
DA:241,0
DA:242,0
DA:243,0
DA:244,0
DA:245,0
DA:246,28
DA:247,28
DA:248,28
DA:249,28
DA:250,28
DA:251,28
DA:252,28
DA:253,28
DA:254,28
DA:255,28
DA:256,28
DA:257,28
DA:258,0
DA:259,0
DA:260,0
DA:261,0
DA:262,0
DA:263,0
DA:264,0
DA:265,0
DA:266,28
DA:268,1
DA:269,209
DA:270,209
DA:271,209
DA:272,209
DA:273,209
DA:274,209
DA:275,209
DA:276,209
DA:277,209
DA:278,6
DA:279,209
DA:280,1
DA:281,1
DA:282,1
DA:284,208
DA:285,209
DA:286,2
DA:287,2
DA:290,209
DA:292,209
DA:294,209
DA:295,0
DA:296,0
DA:297,206
DA:298,206
DA:299,209
DA:300,4
DA:301,4
DA:302,209
DA:304,206
DA:305,206
DA:308,0
DA:309,0
DA:311,206
DA:312,206
DA:313,206
DA:314,206
DA:315,206
DA:316,206
DA:317,200
DA:320,200
DA:321,200
DA:322,200
DA:323,200
DA:324,200
DA:325,200
DA:326,200
DA:327,200
DA:328,206
DA:329,206
DA:330,209
DA:332,1
DA:333,2
DA:334,2
DA:335,2
DA:336,2
DA:337,2
DA:338,2
DA:340,2
DA:341,2
DA:342,2
DA:343,2
DA:344,2
DA:345,2
DA:346,2
DA:347,2
DA:348,2
DA:349,2
DA:351,2
DA:352,2
DA:353,2
DA:354,2
DA:355,2
DA:356,2
DA:357,2
DA:358,2
DA:359,2
DA:360,2
DA:361,2
DA:363,2
DA:364,2
DA:365,0
DA:366,2
DA:367,2
DA:369,2
DA:370,2
DA:371,0
DA:372,0
DA:373,0
DA:374,0
DA:375,0
DA:376,0
DA:377,0
DA:378,0
DA:379,0
DA:380,0
DA:381,0
DA:382,2
DA:383,2
DA:384,2
DA:385,0
DA:386,0
DA:387,0
DA:388,0
DA:389,0
DA:390,0
DA:391,0
DA:392,0
DA:393,0
DA:394,0
DA:395,0
DA:396,0
DA:397,0
DA:398,2
DA:399,0
DA:400,0
DA:401,0
DA:404,0
DA:405,0
DA:406,0
DA:407,0
DA:408,0
DA:409,0
DA:411,0
DA:412,0
DA:413,0
DA:414,0
DA:415,0
DA:416,0
DA:417,0
DA:418,0
DA:419,0
DA:420,0
DA:421,2
DA:423,1
DA:424,2
DA:425,2
DA:426,2
DA:427,2
DA:428,2
DA:429,2
DA:430,2
DA:431,2
DA:432,2
DA:433,2
DA:435,2
DA:436,2
DA:437,2
DA:439,2
DA:440,2
DA:441,2
DA:442,2
DA:443,2
DA:445,2
DA:446,2
DA:447,2
DA:448,2
DA:449,2
DA:450,2
DA:452,2
DA:453,2
DA:454,0
DA:455,2
DA:456,2
DA:457,2
DA:458,2
DA:459,0
DA:460,0
DA:461,0
DA:463,0
DA:464,0
DA:465,0
DA:466,0
DA:467,0
DA:468,0
DA:469,0
DA:470,0
DA:471,0
DA:472,0
DA:473,0
DA:474,0
DA:475,0
DA:476,2
DA:478,1
DA:479,8
DA:480,1
DA:481,1
DA:482,7
DA:483,7
DA:484,7
DA:485,7
DA:487,7
DA:488,7
DA:489,6
DA:490,6
DA:491,5
DA:492,8
DA:493,2
DA:494,2
DA:496,8
DA:497,1
DA:498,1
DA:499,1
DA:500,1
DA:502,3
DA:503,5
DA:504,5
DA:505,2
DA:506,2
DA:507,2
DA:508,2
DA:509,3
DA:510,3
DA:511,8
DA:513,1
DA:514,211
DA:515,211
DA:516,211
DA:517,211
DA:520,211
DA:521,206
DA:522,206
DA:524,5
DA:526,5
DA:527,5
DA:528,5
DA:529,5
DA:530,5
DA:531,211
DA:532,0
DA:533,0
DA:534,0
DA:537,5
DA:538,5
DA:539,3
DA:540,211
DA:541,1
DA:542,1
DA:544,4
DA:545,4
DA:546,4
DA:547,4
DA:549,4
DA:550,4
DA:551,7
DA:552,4
DA:553,211
DA:554,4
DA:555,4
DA:557,4
DA:558,4
DA:560,4
DA:562,4
DA:563,4
DA:564,4
DA:565,4
DA:566,4
DA:567,4
DA:568,4
DA:569,4
DA:570,4
DA:571,4
DA:572,4
DA:573,4
DA:574,4
DA:575,4
DA:576,4
DA:577,4
DA:578,4
DA:579,4
DA:580,4
DA:581,4
DA:582,4
DA:583,4
DA:585,4
DA:586,4
DA:588,4
DA:589,4
DA:590,4
DA:591,211
DA:592,0
DA:593,0
DA:594,0
DA:596,4
DA:597,4
DA:598,4
DA:599,4
DA:600,211
DA:606,1
DA:607,1
DA:608,1
DA:609,1
DA:611,1
DA:612,0
DA:613,0
DA:615,1
DA:616,1
DA:619,1
DA:620,0
DA:621,0
DA:624,1
DA:625,1
DA:626,1
DA:627,1
DA:628,1
DA:629,1
DA:630,1
DA:631,1
DA:632,1
DA:633,1
DA:634,1
DA:635,1
DA:637,0
DA:638,0
DA:639,0
DA:640,1
DA:641,0
DA:642,0
DA:643,1
DA:645,0
DA:646,1
DA:647,1
LF:524
LH:388
BRDA:44,0,0,28
BRDA:45,1,0,0
BRDA:54,2,0,11
BRDA:58,3,0,10
BRDA:58,4,0,2
BRDA:60,5,0,9
BRDA:73,6,0,23
BRDA:75,7,0,8
BRDA:78,8,0,1
BRDA:63,9,0,29
BRDA:67,10,0,29
BRDA:103,11,0,25
BRDA:104,12,0,1
BRDA:111,13,0,24
BRDA:120,14,0,48
BRDA:121,15,0,0
BRDA:127,16,0,2
BRDA:131,17,0,653
BRDA:132,18,0,0
BRDA:142,19,0,3
BRDA:150,20,0,1
BRDA:154,21,0,28
BRDA:178,22,0,0
BRDA:218,23,0,28
BRDA:232,24,0,25
BRDA:239,25,0,0
BRDA:257,26,0,0
BRDA:268,27,0,209
BRDA:277,28,0,6
BRDA:279,29,0,1
BRDA:282,30,0,208
BRDA:285,31,0,2
BRDA:287,32,0,206
BRDA:290,33,0,8
BRDA:292,34,0,206
BRDA:294,35,0,0
BRDA:296,36,0,206
BRDA:299,37,0,4
BRDA:301,38,0,206
BRDA:302,39,0,206
BRDA:302,40,0,206
BRDA:305,41,0,0
BRDA:316,42,0,200
BRDA:316,43,0,200
BRDA:332,44,0,2
BRDA:341,45,0,1
BRDA:341,46,0,0
BRDA:370,47,0,0
BRDA:384,48,0,0
BRDA:398,49,0,0
BRDA:351,50,0,2
BRDA:423,51,0,2
BRDA:458,52,0,0
BRDA:445,53,0,2
BRDA:478,54,0,8
BRDA:479,55,0,1
BRDA:481,56,0,7
BRDA:488,57,0,6
BRDA:490,58,0,5
BRDA:492,59,0,2
BRDA:494,60,0,4
BRDA:496,61,0,1
BRDA:500,62,0,3
BRDA:502,63,0,5
BRDA:504,64,0,4
BRDA:504,65,0,2
BRDA:508,66,0,3
BRDA:513,67,0,211
BRDA:520,68,0,206
BRDA:522,69,0,5
BRDA:531,70,0,0
BRDA:534,71,0,5
BRDA:538,72,0,3
BRDA:540,73,0,1
BRDA:542,74,0,4
BRDA:550,75,0,7
BRDA:551,76,0,4
BRDA:553,77,0,4
BRDA:591,78,0,0
BRDA:594,79,0,4
BRDA:606,80,0,1
BRDA:611,81,0,0
BRDA:619,82,0,0
BRDA:635,83,0,0
BRDA:640,84,0,0
BRDA:643,85,0,0
BRF:86
BRH:66
end_of_record
TN:
SF:src/core/contentGenerator.ts
FN:55,createContentGeneratorConfig
FN:104,createContentGenerator
FNF:2
FNH:2
FNDA:5,createContentGeneratorConfig
FNDA:26,createContentGenerator
DA:1,1
DA:7,1
DA:16,1
DA:17,1
DA:19,1
DA:41,1
DA:42,1
DA:43,1
DA:44,1
DA:45,1
DA:55,5
DA:56,5
DA:57,5
DA:58,5
DA:59,5
DA:60,5
DA:61,5
DA:62,5
DA:65,5
DA:67,5
DA:68,5
DA:69,5
DA:70,5
DA:73,5
DA:74,5
DA:75,5
DA:76,5
DA:77,0
DA:78,0
DA:80,5
DA:81,1
DA:82,1
DA:83,1
DA:84,1
DA:85,1
DA:86,1
DA:88,1
DA:89,1
DA:91,4
DA:92,4
DA:93,3
DA:94,5
DA:95,2
DA:96,2
DA:98,2
DA:99,2
DA:101,2
DA:102,2
DA:104,26
DA:105,26
DA:106,26
DA:107,26
DA:108,26
DA:109,26
DA:110,26
DA:111,26
DA:112,26
DA:113,26
DA:114,26
DA:115,26
DA:116,26
DA:117,25
DA:118,26
DA:119,1
DA:120,1
DA:121,1
DA:122,1
DA:123,1
DA:124,1
DA:125,1
DA:127,25
DA:128,25
DA:129,0
DA:130,26
DA:131,25
DA:132,25
DA:133,25
DA:134,25
DA:135,25
DA:137,25
DA:138,25
DA:140,0
DA:141,0
DA:142,0
DA:143,0
LF:85
LH:78
BRDA:41,0,0,20
BRDA:55,1,0,5
BRDA:59,2,0,4
BRDA:60,3,0,4
BRDA:61,4,0,4
BRDA:62,5,0,4
BRDA:76,6,0,0
BRDA:80,7,0,2
BRDA:80,8,0,1
BRDA:89,9,0,4
BRDA:92,10,0,3
BRDA:93,11,0,2
BRDA:93,12,0,1
BRDA:94,13,0,2
BRDA:104,14,0,26
BRDA:116,15,0,25
BRDA:118,16,0,25
BRDA:118,17,0,1
BRDA:128,18,0,0
BRDA:130,19,0,25
BRDA:132,20,0,0
BRDA:138,21,0,0
BRF:22
BRH:18
end_of_record
TN:
SF:src/core/coreToolScheduler.ts
FN:125,createFunctionResponsePart
FN:139,convertToFunctionResponse
FN:200,createErrorResponse
FN:227,<instance_members_initializer>
FN:236,CoreToolScheduler
FN:270,setStatusInternal
FN:386,setArgsInternal
FN:396,isRunning
FN:403,schedule
FN:460,onConfirm
FN:496,handleConfirmationResponse
FN:574,_applyInlineModify
FN:611,attemptExecutionOfScheduledCalls
FN:634,liveOutputCallback
FN:689,checkAndNotifyCompletion
FN:712,notifyToolCallsUpdate
FNF:16
FNH:13
FNDA:14,createFunctionResponsePart
FNDA:14,convertToFunctionResponse
FNDA:0,createErrorResponse
FNDA:2,<instance_members_initializer>
FNDA:2,CoreToolScheduler
FNDA:7,setStatusInternal
FNDA:1,setArgsInternal
FNDA:2,isRunning
FNDA:2,schedule
FNDA:0,onConfirm
FNDA:2,handleConfirmationResponse
FNDA:1,_applyInlineModify
FNDA:4,attemptExecutionOfScheduledCalls
FNDA:0,liveOutputCallback
FNDA:9,checkAndNotifyCompletion
FNDA:11,notifyToolCallsUpdate
DA:1,1
DA:7,1
DA:23,1
DA:24,1
DA:29,1
DA:125,14
DA:126,14
DA:127,14
DA:128,14
DA:129,14
DA:130,14
DA:131,14
DA:132,14
DA:133,14
DA:134,14
DA:135,14
DA:136,14
DA:137,14
DA:139,1
DA:140,14
DA:141,14
DA:142,14
DA:143,14
DA:144,14
DA:145,14
DA:146,3
DA:147,11
DA:149,14
DA:150,4
DA:151,4
DA:153,14
DA:154,2
DA:155,2
DA:156,2
DA:157,2
DA:158,2
DA:159,2
DA:160,2
DA:163,14
DA:164,0
DA:165,0
DA:166,0
DA:167,0
DA:168,0
DA:169,0
DA:170,0
DA:172,0
DA:173,0
DA:175,14
DA:176,4
DA:177,4
DA:178,1
DA:179,0
DA:180,4
DA:181,4
DA:182,4
DA:183,4
DA:184,4
DA:185,4
DA:186,4
DA:188,12
DA:189,2
DA:190,2
DA:193,2
DA:194,2
DA:195,2
DA:196,2
DA:197,2
DA:198,2
DA:200,1
DA:201,0
DA:202,0
DA:203,0
DA:204,0
DA:205,0
DA:206,0
DA:207,0
DA:208,0
DA:209,0
DA:210,0
DA:211,0
DA:212,0
DA:213,0
DA:214,0
DA:226,1
DA:227,1
DA:228,2
DA:229,2
DA:230,2
DA:231,2
DA:232,2
DA:233,2
DA:234,2
DA:236,1
DA:237,2
DA:238,2
DA:239,2
DA:240,2
DA:241,2
DA:242,2
DA:243,2
DA:244,2
DA:270,1
DA:271,7
DA:272,7
DA:273,7
DA:274,7
DA:275,7
DA:276,7
DA:277,7
DA:278,7
DA:279,7
DA:280,7
DA:281,7
DA:282,0
DA:283,0
DA:286,7
DA:287,7
DA:289,7
DA:291,7
DA:292,7
DA:293,1
DA:294,1
DA:295,0
DA:296,1
DA:297,1
DA:298,1
DA:299,1
DA:300,1
DA:301,1
DA:302,1
DA:303,1
DA:304,1
DA:305,7
DA:306,0
DA:307,0
DA:308,0
DA:309,0
DA:310,0
DA:311,0
DA:312,0
DA:313,0
DA:314,0
DA:315,0
DA:316,0
DA:317,7
DA:318,3
DA:319,3
DA:320,3
DA:321,3
DA:322,3
DA:323,3
DA:324,3
DA:325,3
DA:326,7
DA:327,1
DA:328,1
DA:329,1
DA:330,1
DA:331,1
DA:332,1
DA:333,1
DA:334,7
DA:335,1
DA:336,1
DA:337,0
DA:338,1
DA:339,1
DA:340,1
DA:341,1
DA:342,1
DA:343,1
DA:344,1
DA:345,1
DA:346,1
DA:347,1
DA:348,1
DA:349,1
DA:350,1
DA:351,1
DA:352,1
DA:353,1
DA:354,1
DA:355,1
DA:356,1
DA:357,1
DA:358,1
DA:359,1
DA:360,7
DA:361,0
DA:362,0
DA:363,0
DA:364,0
DA:365,0
DA:366,0
DA:367,0
DA:368,7
DA:369,1
DA:370,1
DA:371,1
DA:372,1
DA:373,1
DA:374,1
DA:375,1
DA:376,7
DA:377,0
DA:378,0
DA:379,0
DA:380,7
DA:381,7
DA:382,7
DA:383,7
DA:384,7
DA:386,1
DA:387,1
DA:388,1
DA:389,1
DA:390,1
DA:391,1
DA:392,1
DA:393,1
DA:394,1
DA:396,1
DA:397,2
DA:398,2
DA:399,0
DA:400,2
DA:401,2
DA:403,1
DA:404,2
DA:405,2
DA:406,2
DA:407,2
DA:408,0
DA:409,0
DA:410,0
DA:411,0
DA:412,2
DA:413,2
DA:415,2
DA:416,2
DA:417,2
DA:418,2
DA:419,0
DA:420,0
DA:421,0
DA:422,0
DA:423,0
DA:424,0
DA:425,0
DA:426,0
DA:427,0
DA:428,0
DA:429,2
DA:430,2
DA:431,2
DA:432,2
DA:433,2
DA:434,2
DA:435,2
DA:436,2
DA:438,2
DA:439,2
DA:441,2
DA:442,2
DA:443,0
DA:444,0
DA:446,2
DA:447,2
DA:448,2
DA:449,0
DA:450,2
DA:451,2
DA:452,2
DA:453,2
DA:454,2
DA:456,2
DA:457,2
DA:458,2
DA:459,2
DA:460,2
DA:461,0
DA:462,0
DA:464,0
DA:465,0
DA:466,0
DA:467,0
DA:468,0
DA:469,0
DA:470,0
DA:471,2
DA:472,2
DA:473,2
DA:474,2
DA:475,2
DA:476,2
DA:477,2
DA:478,0
DA:479,0
DA:480,2
DA:481,2
DA:482,0
DA:483,0
DA:484,0
DA:485,0
DA:486,0
DA:487,0
DA:488,0
DA:489,0
DA:490,0
DA:491,2
DA:492,2
DA:493,2
DA:494,2
DA:496,1
DA:497,2
DA:498,2
DA:499,2
DA:500,2
DA:501,2
DA:502,2
DA:503,2
DA:504,2
DA:505,2
DA:507,2
DA:508,2
DA:509,2
DA:511,2
DA:512,2
DA:513,2
DA:514,2
DA:515,2
DA:516,2
DA:517,2
DA:519,2
DA:520,1
DA:521,1
DA:522,1
DA:523,1
DA:524,1
DA:525,1
DA:526,0
DA:527,0
DA:528,0
DA:529,0
DA:530,0
DA:531,0
DA:532,0
DA:534,0
DA:535,0
DA:536,0
DA:537,0
DA:539,0
DA:542,0
DA:543,0
DA:544,0
DA:545,0
DA:546,0
DA:547,0
DA:548,0
DA:549,0
DA:550,0
DA:551,0
DA:552,0
DA:553,0
DA:554,1
DA:556,1
DA:557,1
DA:558,1
DA:559,1
DA:560,1
DA:561,1
DA:562,1
DA:563,1
DA:564,1
DA:565,2
DA:566,2
DA:574,1
DA:575,1
DA:576,1
DA:577,1
DA:578,1
DA:579,1
DA:580,1
DA:581,1
DA:582,1
DA:583,0
DA:584,0
DA:586,1
DA:587,1
DA:588,1
DA:589,1
DA:591,1
DA:592,1
DA:593,1
DA:594,1
DA:595,1
DA:596,1
DA:597,1
DA:598,1
DA:599,1
DA:600,1
DA:601,1
DA:602,1
DA:604,1
DA:605,1
DA:606,1
DA:607,1
DA:608,1
DA:609,1
DA:611,1
DA:612,4
DA:613,4
DA:614,3
DA:615,2
DA:616,2
DA:617,2
DA:618,4
DA:620,4
DA:621,2
DA:622,2
DA:623,2
DA:625,2
DA:626,1
DA:628,1
DA:629,1
DA:630,1
DA:632,1
DA:633,1
DA:634,0
DA:635,0
DA:636,0
DA:637,0
DA:638,0
DA:639,0
DA:640,0
DA:641,0
DA:642,0
DA:643,0
DA:644,0
DA:645,1
DA:647,1
DA:648,1
DA:649,1
DA:650,1
DA:651,0
DA:652,0
DA:653,0
DA:654,0
DA:655,0
DA:656,0
DA:657,0
DA:659,1
DA:660,1
DA:661,1
DA:662,1
DA:663,1
DA:664,1
DA:665,1
DA:666,1
DA:667,1
DA:668,1
DA:669,1
DA:671,1
DA:672,1
DA:673,1
DA:674,0
DA:675,0
DA:676,0
DA:677,0
DA:678,0
DA:679,0
DA:680,0
DA:681,0
DA:682,0
DA:683,0
DA:684,1
DA:685,2
DA:686,2
DA:687,4
DA:689,1
DA:690,9
DA:691,9
DA:692,9
DA:693,8
DA:694,8
DA:695,9
DA:697,9
DA:698,2
DA:699,2
DA:701,2
DA:702,2
DA:703,2
DA:705,2
DA:706,2
DA:707,2
DA:708,2
DA:709,2
DA:710,9
DA:712,1
DA:713,11
DA:714,11
DA:715,11
DA:716,11
DA:717,1
LF:505
LH:364
BRDA:125,0,0,14
BRDA:139,1,0,14
BRDA:145,2,0,5
BRDA:145,3,0,3
BRDA:146,4,0,11
BRDA:149,5,0,13
BRDA:149,6,0,4
BRDA:151,7,0,10
BRDA:153,8,0,2
BRDA:160,9,0,8
BRDA:163,10,0,0
BRDA:173,11,0,8
BRDA:175,12,0,5
BRDA:175,13,0,4
BRDA:177,14,0,3
BRDA:177,15,0,1
BRDA:178,16,0,0
BRDA:186,17,0,12
BRDA:186,18,0,4
BRDA:188,19,0,2
BRDA:227,20,0,2
BRDA:236,21,0,2
BRDA:270,22,0,7
BRDA:275,23,0,7
BRDA:281,24,0,0
BRDA:292,25,0,1
BRDA:294,26,0,0
BRDA:305,27,0,0
BRDA:317,28,0,3
BRDA:326,29,0,1
BRDA:334,30,0,1
BRDA:336,31,0,0
BRDA:360,32,0,0
BRDA:368,33,0,1
BRDA:376,34,0,0
BRDA:386,35,0,1
BRDA:387,36,0,1
BRDA:388,37,0,0
BRDA:396,38,0,2
BRDA:403,39,0,2
BRDA:407,40,0,0
BRDA:412,41,0,0
BRDA:442,42,0,0
BRDA:448,43,0,0
BRDA:477,44,0,0
BRDA:481,45,0,0
BRDA:416,46,0,2
BRDA:418,47,0,0
BRDA:496,48,0,2
BRDA:519,49,0,1
BRDA:525,50,0,0
BRDA:504,51,0,2
BRDA:511,52,0,2
BRDA:512,53,0,0
BRDA:574,54,0,1
BRDA:582,55,0,0
BRDA:611,56,0,4
BRDA:620,57,0,2
BRDA:613,58,0,3
BRDA:614,59,0,2
BRDA:615,60,0,2
BRDA:616,61,0,2
BRDA:622,62,0,1
BRDA:625,63,0,1
BRDA:626,64,0,0
BRDA:633,65,0,0
BRDA:633,66,0,0
BRDA:649,67,0,1
BRDA:650,68,0,0
BRDA:689,69,0,9
BRDA:697,70,0,2
BRDA:691,71,0,9
BRDA:692,72,0,8
BRDA:693,73,0,8
BRDA:712,74,0,11
BRF:75
BRH:52
end_of_record
TN:
SF:src/core/geminiChat.ts
FN:42,isValidResponse
FN:53,isValidContent
FN:74,validateHistory
FN:90,extractCuratedHistory
FN:134,GeminiChat
FN:141,<instance_members_initializer>
FN:143,_getRequestTextFromContents
FN:151,_logApiRequest
FN:163,_logApiResponse
FN:182,_logApiError
FN:207,handleFlashFallback
FN:269,sendMessage
FN:283,apiCall
FN:304,shouldRetry
FN:311,onPersistent429
FN:378,sendMessageStream
FN:390,apiCall
FN:415,shouldRetry
FN:423,onPersistent429
FN:473,getHistory
FN:485,clearHistory
FN:494,addHistory
FN:497,setHistory
FN:501,getFinalUsageMetadata
FN:512,processStreamResponse
FN:563,recordHistory
FN:649,isTextContent
FN:662,isThoughtContent
FNF:28
FNH:18
FNDA:0,isValidResponse
FNDA:1,isValidContent
FNDA:61,validateHistory
FNDA:4,extractCuratedHistory
FNDA:61,GeminiChat
FNDA:61,<instance_members_initializer>
FNDA:2,_getRequestTextFromContents
FNDA:2,_logApiRequest
FNDA:1,_logApiResponse
FNDA:0,_logApiError
FNDA:0,handleFlashFallback
FNDA:1,sendMessage
FNDA:1,apiCall
FNDA:0,shouldRetry
FNDA:0,onPersistent429
FNDA:1,sendMessageStream
FNDA:1,apiCall
FNDA:0,shouldRetry
FNDA:0,onPersistent429
FNDA:29,getHistory
FNDA:0,clearHistory
FNDA:4,addHistory
FNDA:0,setHistory
FNDA:0,getFinalUsageMetadata
FNDA:1,processStreamResponse
FNDA:20,recordHistory
FNDA:69,isTextContent
FNDA:79,isThoughtContent
DA:1,1
DA:10,1
DA:19,1
DA:20,1
DA:21,1
DA:23,1
DA:28,1
DA:32,1
DA:37,1
DA:42,0
DA:43,0
DA:44,0
DA:45,0
DA:46,0
DA:47,0
DA:48,0
DA:49,0
DA:50,0
DA:51,0
DA:53,1
DA:54,1
DA:55,0
DA:56,0
DA:57,1
DA:58,1
DA:59,0
DA:60,0
DA:61,1
DA:62,0
DA:63,0
DA:64,1
DA:65,1
DA:66,1
DA:74,61
DA:75,61
DA:76,67
DA:77,0
DA:78,0
DA:79,67
DA:80,61
DA:90,4
DA:91,4
DA:92,3
DA:93,3
DA:94,1
DA:95,1
DA:96,1
DA:97,4
DA:98,2
DA:99,1
DA:100,1
DA:101,1
DA:102,1
DA:103,1
DA:104,1
DA:105,1
DA:106,1
DA:107,0
DA:108,0
DA:109,1
DA:110,1
DA:111,1
DA:112,1
DA:113,1
DA:115,0
DA:116,0
DA:117,1
DA:118,2
DA:119,1
DA:120,1
DA:129,1
DA:132,1
DA:134,1
DA:135,61
DA:136,61
DA:137,61
DA:138,61
DA:139,61
DA:140,61
DA:141,61
DA:143,1
DA:144,2
DA:145,2
DA:146,2
DA:147,2
DA:148,2
DA:149,2
DA:151,1
DA:152,2
DA:153,2
DA:154,2
DA:155,2
DA:156,2
DA:157,2
DA:158,2
DA:159,2
DA:160,2
DA:161,2
DA:163,1
DA:164,1
DA:165,1
DA:166,1
DA:167,1
DA:168,1
DA:169,1
DA:170,1
DA:171,1
DA:172,1
DA:173,1
DA:174,1
DA:175,1
DA:176,1
DA:177,1
DA:178,1
DA:179,1
DA:180,1
DA:182,1
DA:183,0
DA:184,0
DA:185,0
DA:186,0
DA:187,0
DA:188,0
DA:190,0
DA:191,0
DA:192,0
DA:193,0
DA:194,0
DA:195,0
DA:196,0
DA:197,0
DA:198,0
DA:199,0
DA:200,0
DA:201,0
DA:207,1
DA:208,0
DA:209,0
DA:210,0
DA:212,0
DA:213,0
DA:214,0
DA:216,0
DA:217,0
DA:220,0
DA:221,0
DA:222,0
DA:225,0
DA:226,0
DA:227,0
DA:228,0
DA:229,0
DA:230,0
DA:231,0
DA:232,0
DA:233,0
DA:234,0
DA:235,0
DA:236,0
DA:238,0
DA:239,0
DA:240,0
DA:241,0
DA:242,0
DA:243,0
DA:244,0
DA:246,0
DA:247,0
DA:269,1
DA:270,1
DA:271,1
DA:272,1
DA:273,1
DA:274,1
DA:275,1
DA:277,1
DA:279,1
DA:280,1
DA:282,1
DA:283,1
DA:284,1
DA:287,1
DA:288,1
DA:289,0
DA:290,1
DA:291,0
DA:292,0
DA:293,0
DA:294,0
DA:296,1
DA:297,1
DA:298,1
DA:299,1
DA:300,1
DA:301,1
DA:303,1
DA:304,1
DA:305,0
DA:306,0
DA:307,0
DA:308,0
DA:309,0
DA:310,0
DA:311,1
DA:312,0
DA:313,1
DA:314,1
DA:315,1
DA:316,1
DA:317,1
DA:318,1
DA:319,1
DA:320,1
DA:321,1
DA:323,1
DA:324,1
DA:328,1
DA:329,1
DA:330,1
DA:331,1
DA:332,1
DA:333,0
DA:334,0
DA:335,0
DA:336,1
DA:337,1
DA:338,1
DA:339,1
DA:340,1
DA:341,1
DA:342,1
DA:343,1
DA:345,0
DA:346,1
DA:347,1
DA:348,1
DA:349,0
DA:350,0
DA:351,0
DA:352,0
DA:353,0
DA:354,1
DA:378,1
DA:379,1
DA:380,1
DA:381,1
DA:382,1
DA:383,1
DA:384,1
DA:385,1
DA:387,1
DA:389,1
DA:390,1
DA:391,1
DA:394,1
DA:395,1
DA:396,0
DA:397,1
DA:398,0
DA:399,0
DA:400,0
DA:401,0
DA:403,1
DA:404,1
DA:405,1
DA:406,1
DA:407,1
DA:408,1
DA:414,1
DA:415,1
DA:417,0
DA:418,0
DA:419,0
DA:420,0
DA:421,0
DA:422,0
DA:423,1
DA:424,0
DA:425,1
DA:426,1
DA:431,1
DA:432,1
DA:433,1
DA:435,1
DA:436,1
DA:437,1
DA:438,1
DA:439,1
DA:440,1
DA:441,1
DA:442,1
DA:443,0
DA:444,0
DA:445,0
DA:446,0
DA:447,0
DA:448,1
DA:473,1
DA:474,29
DA:475,3
DA:476,26
DA:479,29
DA:480,29
DA:485,1
DA:486,0
DA:487,0
DA:494,1
DA:495,4
DA:496,4
DA:497,1
DA:498,0
DA:499,0
DA:501,1
DA:502,0
DA:503,0
DA:504,0
DA:505,0
DA:506,0
DA:507,0
DA:509,0
DA:510,0
DA:512,1
DA:513,1
DA:514,1
DA:515,1
DA:516,1
DA:517,1
DA:518,1
DA:519,1
DA:520,1
DA:522,1
DA:523,1
DA:524,0
DA:525,0
DA:526,0
DA:527,0
DA:528,0
DA:529,0
DA:530,0
DA:531,0
DA:532,0
DA:533,0
DA:534,0
DA:535,0
DA:536,0
DA:537,0
DA:538,0
DA:539,0
DA:540,0
DA:541,0
DA:542,0
DA:544,0
DA:545,0
DA:546,0
DA:547,0
DA:548,0
DA:549,0
DA:550,0
DA:551,0
DA:552,0
DA:553,0
DA:554,0
DA:555,0
DA:556,0
DA:557,0
DA:558,0
DA:559,0
DA:560,0
DA:561,1
DA:563,1
DA:564,20
DA:565,20
DA:566,20
DA:567,20
DA:568,20
DA:569,20
DA:570,20
DA:572,20
DA:573,20
DA:574,20
DA:575,18
DA:576,20
DA:577,18
DA:578,20
DA:581,1
DA:585,1
DA:586,1
DA:587,1
DA:588,1
DA:589,1
DA:590,1
DA:591,1
DA:592,20
DA:593,20
DA:594,3
DA:595,20
DA:596,1
DA:597,1
DA:598,1
DA:599,20
DA:600,19
DA:601,19
DA:604,20
DA:605,20
DA:606,37
DA:607,0
DA:608,0
DA:609,37
DA:610,37
DA:611,37
DA:614,9
DA:615,9
DA:616,0
DA:617,0
DA:618,37
DA:619,28
DA:620,28
DA:621,37
DA:623,20
DA:624,19
DA:625,19
DA:626,19
DA:627,3
DA:629,19
DA:630,19
DA:631,18
DA:632,0
DA:633,19
DA:636,0
DA:637,0
DA:638,0
DA:639,0
DA:640,0
DA:641,0
DA:642,0
DA:643,0
DA:644,0
DA:645,19
DA:646,19
DA:647,20
DA:649,1
DA:650,69
DA:651,69
DA:652,69
DA:653,69
DA:654,50
DA:655,28
DA:656,24
DA:657,23
DA:658,23
DA:660,69
DA:662,1
DA:663,79
DA:664,79
DA:665,79
DA:666,79
DA:667,79
DA:668,75
DA:669,71
DA:670,66
DA:671,6
DA:673,79
DA:674,1
LF:463
LH:291
BRDA:53,0,0,1
BRDA:54,1,0,0
BRDA:58,2,0,0
BRDA:61,3,0,0
BRDA:74,4,0,61
BRDA:75,5,0,67
BRDA:76,6,0,32
BRDA:76,7,0,0
BRDA:90,8,0,4
BRDA:91,9,0,3
BRDA:93,10,0,1
BRDA:97,11,0,2
BRDA:98,12,0,1
BRDA:106,13,0,0
BRDA:113,14,0,0
BRDA:118,15,0,1
BRDA:134,16,0,61
BRDA:141,17,0,61
BRDA:143,18,0,2
BRDA:145,19,0,2
BRDA:145,20,0,0
BRDA:146,21,0,2
BRDA:151,22,0,2
BRDA:163,23,0,1
BRDA:269,24,0,1
BRDA:348,25,0,0
BRDA:283,26,0,1
BRDA:284,27,0,0
BRDA:288,28,0,0
BRDA:290,29,0,0
BRDA:323,30,0,1
BRDA:332,31,0,0
BRDA:336,32,0,0
BRDA:378,33,0,1
BRDA:442,34,0,0
BRDA:390,35,0,1
BRDA:395,36,0,0
BRDA:397,37,0,0
BRDA:432,38,0,1
BRDA:473,39,0,29
BRDA:474,40,0,3
BRDA:475,41,0,26
BRDA:494,42,0,4
BRDA:512,43,0,1
BRDA:523,44,0,0
BRDA:563,45,0,20
BRDA:574,46,0,18
BRDA:576,47,0,18
BRDA:578,48,0,2
BRDA:578,49,0,1
BRDA:593,50,0,3
BRDA:595,51,0,1
BRDA:599,52,0,19
BRDA:605,53,0,37
BRDA:606,54,0,0
BRDA:611,55,0,14
BRDA:611,56,0,9
BRDA:614,57,0,0
BRDA:615,58,0,0
BRDA:618,59,0,28
BRDA:623,60,0,19
BRDA:626,61,0,3
BRDA:630,62,0,18
BRDA:631,63,0,0
BRDA:633,64,0,0
BRDA:569,65,0,42
BRDA:575,66,0,36
BRDA:649,67,0,69
BRDA:653,68,0,50
BRDA:654,69,0,28
BRDA:655,70,0,24
BRDA:656,71,0,23
BRDA:657,72,0,23
BRDA:662,73,0,79
BRDA:667,74,0,75
BRDA:668,75,0,71
BRDA:669,76,0,66
BRDA:670,77,0,6
BRF:78
BRH:56
end_of_record
TN:
SF:src/core/geminiRequest.ts
FN:16,partListUnionToString
FNF:1
FNH:1
FNDA:16,partListUnionToString
DA:1,1
DA:16,1
DA:17,16
DA:18,5
DA:19,5
DA:21,15
DA:22,1
DA:23,1
DA:26,10
DA:33,15
DA:34,1
DA:35,1
DA:37,15
DA:38,1
DA:39,1
DA:41,15
DA:42,1
DA:43,1
DA:45,15
DA:46,1
DA:47,1
DA:50,15
DA:51,1
DA:52,1
DA:54,15
DA:55,1
DA:56,1
DA:58,15
DA:59,1
DA:60,1
DA:62,15
DA:63,1
DA:64,1
DA:66,15
DA:67,1
DA:68,1
DA:70,1
DA:71,1
LF:38
LH:38
BRDA:16,0,0,16
BRDA:17,1,0,5
BRDA:19,2,0,15
BRDA:19,3,0,11
BRDA:21,4,0,1
BRDA:23,5,0,10
BRDA:33,6,0,1
BRDA:35,7,0,9
BRDA:37,8,0,1
BRDA:39,9,0,8
BRDA:41,10,0,1
BRDA:43,11,0,7
BRDA:45,12,0,1
BRDA:47,13,0,6
BRDA:50,14,0,1
BRDA:52,15,0,5
BRDA:54,16,0,1
BRDA:56,17,0,4
BRDA:58,18,0,1
BRDA:60,19,0,3
BRDA:62,20,0,1
BRDA:64,21,0,2
BRDA:66,22,0,1
BRF:23
BRH:23
end_of_record
TN:
SF:src/core/logger.ts
FN:27,<instance_members_initializer>
FN:34,Logger
FN:38,_readLogFile
FN:81,_backupCorruptedLogFile
FN:92,initialize
FN:126,_updateLogFile
FN:192,getPreviousUserMessages
FN:204,logMessage
FN:234,_checkpointPath
FN:244,saveCheckpoint
FN:259,loadCheckpoint
FN:289,close
FNF:12
FNH:12
FNDA:35,<instance_members_initializer>
FNDA:35,Logger
FNDA:47,_readLogFile
FNDA:2,_backupCorruptedLogFile
FNDA:32,initialize
FNDA:16,_updateLogFile
FNDA:4,getPreviousUserMessages
FNDA:18,logMessage
FNDA:5,_checkpointPath
FNDA:2,saveCheckpoint
FNDA:5,loadCheckpoint
FNDA:38,close
DA:1,1
DA:7,1
DA:8,1
DA:10,1
DA:12,1
DA:14,1
DA:15,1
DA:26,1
DA:27,1
DA:28,35
DA:29,35
DA:30,35
DA:31,35
DA:32,35
DA:34,1
DA:35,35
DA:36,35
DA:38,1
DA:39,47
DA:40,0
DA:41,0
DA:42,47
DA:43,47
DA:44,25
DA:45,47
DA:46,1
DA:47,1
DA:48,1
DA:49,1
DA:50,1
DA:51,1
DA:52,23
DA:53,23
DA:54,28
DA:55,28
DA:56,28
DA:57,28
DA:58,28
DA:59,23
DA:60,23
DA:61,23
DA:62,23
DA:63,22
DA:64,22
DA:65,1
DA:66,1
DA:67,1
DA:68,1
DA:69,1
DA:70,1
DA:71,1
DA:72,1
DA:73,0
DA:74,0
DA:75,0
DA:76,0
DA:77,0
DA:78,0
DA:79,47
DA:81,1
DA:82,2
DA:83,2
DA:84,2
DA:85,2
DA:86,2
DA:87,2
DA:89,0
DA:90,2
DA:92,1
DA:93,32
DA:94,1
DA:95,1
DA:97,31
DA:98,31
DA:100,31
DA:101,31
DA:102,31
DA:103,31
DA:104,31
DA:105,32
DA:106,22
DA:107,22
DA:108,31
DA:109,32
DA:110,22
DA:111,22
DA:112,31
DA:113,31
DA:114,31
DA:115,31
DA:116,31
DA:117,1
DA:118,30
DA:119,32
DA:120,32
DA:121,0
DA:122,0
DA:123,0
DA:124,32
DA:126,1
DA:127,16
DA:128,16
DA:129,16
DA:130,0
DA:131,0
DA:132,0
DA:134,16
DA:135,16
DA:136,16
DA:137,16
DA:138,0
DA:139,0
DA:140,0
DA:141,0
DA:142,0
DA:143,0
DA:146,16
DA:147,16
DA:148,16
DA:149,16
DA:150,16
DA:151,7
DA:152,9
DA:155,16
DA:160,16
DA:161,16
DA:162,17
DA:163,11
DA:164,0
DA:165,0
DA:166,16
DA:168,16
DA:169,0
DA:170,0
DA:171,0
DA:172,0
DA:173,0
DA:174,0
DA:176,16
DA:178,16
DA:179,16
DA:180,16
DA:181,16
DA:182,16
DA:183,16
DA:184,15
DA:185,15
DA:186,16
DA:187,1
DA:188,1
DA:189,1
DA:190,16
DA:192,1
DA:193,4
DA:194,2
DA:195,2
DA:196,2
DA:197,3
DA:198,3
DA:199,3
DA:200,2
DA:201,2
DA:202,4
DA:204,1
DA:205,18
DA:206,2
DA:207,2
DA:208,2
DA:209,2
DA:210,2
DA:214,16
DA:215,16
DA:216,16
DA:217,16
DA:218,16
DA:219,16
DA:220,16
DA:222,16
DA:223,16
DA:224,15
DA:227,15
DA:228,15
DA:229,18
DA:231,1
DA:232,18
DA:234,1
DA:235,5
DA:236,0
DA:237,0
DA:238,5
DA:239,0
DA:240,0
DA:241,5
DA:242,5
DA:244,1
DA:245,2
DA:246,1
DA:247,1
DA:248,1
DA:249,1
DA:250,1
DA:251,1
DA:252,1
DA:253,1
DA:254,2
DA:255,0
DA:256,0
DA:257,2
DA:259,1
DA:260,5
DA:261,1
DA:262,1
DA:263,1
DA:264,1
DA:265,1
DA:267,4
DA:268,4
DA:269,4
DA:270,1
DA:271,5
DA:272,0
DA:273,0
DA:274,0
DA:275,0
DA:276,0
DA:277,1
DA:278,5
DA:279,3
DA:280,3
DA:281,3
DA:283,3
DA:284,3
DA:285,0
DA:286,0
DA:287,5
DA:289,1
DA:290,38
DA:291,38
DA:292,38
DA:293,38
DA:294,38
DA:295,38
DA:296,1
LF:243
LH:201
BRDA:14,0,0,4
BRDA:27,1,0,35
BRDA:34,2,0,35
BRDA:38,3,0,47
BRDA:39,4,0,0
BRDA:43,5,0,25
BRDA:45,6,0,1
BRDA:51,7,0,23
BRDA:62,8,0,22
BRDA:64,9,0,1
BRDA:72,10,0,0
BRDA:53,11,0,28
BRDA:81,12,0,2
BRDA:82,13,0,0
BRDA:87,14,0,0
BRDA:92,15,0,32
BRDA:93,16,0,1
BRDA:95,17,0,31
BRDA:104,18,0,9
BRDA:105,19,0,22
BRDA:107,20,0,31
BRDA:109,21,0,22
BRDA:109,22,0,22
BRDA:111,23,0,31
BRDA:116,24,0,1
BRDA:117,25,0,30
BRDA:120,26,0,0
BRDA:113,27,0,11
BRDA:117,28,0,2
BRDA:126,29,0,16
BRDA:129,30,0,0
BRDA:137,31,0,0
BRDA:150,32,0,7
BRDA:151,33,0,9
BRDA:168,34,0,0
BRDA:183,35,0,15
BRDA:186,36,0,1
BRDA:147,37,0,17
BRDA:151,38,0,11
BRDA:161,39,0,17
BRDA:162,40,0,11
BRDA:163,41,0,0
BRDA:164,42,0,0
BRDA:192,43,0,4
BRDA:193,44,0,2
BRDA:195,45,0,6
BRDA:196,46,0,3
BRDA:201,47,0,4
BRDA:204,48,0,18
BRDA:205,49,0,16
BRDA:205,50,0,2
BRDA:210,51,0,16
BRDA:223,52,0,15
BRDA:229,53,0,1
BRDA:234,54,0,5
BRDA:235,55,0,0
BRDA:238,56,0,0
BRDA:244,57,0,2
BRDA:245,58,0,1
BRDA:254,59,0,0
BRDA:259,60,0,5
BRDA:260,61,0,1
BRDA:265,62,0,4
BRDA:269,63,0,1
BRDA:271,64,0,0
BRDA:276,65,0,1
BRDA:278,66,0,3
BRDA:284,67,0,0
BRDA:289,68,0,38
BRF:69
BRH:54
end_of_record
TN:
SF:src/core/modelCheck.ts
FN:20,getEffectiveModel
FNF:1
FNH:1
FNDA:1,getEffectiveModel
DA:1,1
DA:7,1
DA:20,1
DA:21,1
DA:22,1
DA:23,1
DA:24,1
DA:26,0
DA:27,0
DA:29,1
DA:30,1
DA:31,1
DA:32,1
DA:33,1
DA:34,1
DA:35,1
DA:36,1
DA:37,1
DA:38,1
DA:39,1
DA:40,1
DA:42,1
DA:43,1
DA:45,1
DA:46,1
DA:47,1
DA:48,1
DA:49,1
DA:50,1
DA:51,1
DA:53,1
DA:55,1
DA:56,0
DA:57,0
DA:58,0
DA:59,0
DA:60,0
DA:62,1
DA:63,1
DA:64,0
DA:66,0
DA:67,0
DA:68,1
LF:43
LH:33
BRDA:20,0,0,1
BRDA:24,1,0,0
BRDA:55,2,0,0
BRDA:63,3,0,0
BRF:4
BRH:1
end_of_record
TN:
SF:src/core/nonInteractiveToolExecutor.ts
FN:21,executeToolCall
FNF:1
FNH:1
FNDA:5,executeToolCall
DA:1,1
DA:7,1
DA:15,1
DA:21,5
DA:22,5
DA:23,5
DA:24,5
DA:25,5
DA:26,5
DA:27,5
DA:29,5
DA:30,5
DA:31,1
DA:32,1
DA:33,1
DA:34,1
DA:35,1
DA:36,1
DA:37,1
DA:38,1
DA:39,1
DA:40,1
DA:41,1
DA:42,1
DA:43,1
DA:44,1
DA:46,1
DA:47,1
DA:48,1
DA:49,1
DA:50,1
DA:51,1
DA:52,1
DA:53,1
DA:54,1
DA:55,1
DA:56,1
DA:57,1
DA:58,1
DA:59,1
DA:60,1
DA:62,4
DA:64,5
DA:65,5
DA:66,5
DA:67,5
DA:69,5
DA:71,2
DA:73,2
DA:75,2
DA:76,2
DA:77,2
DA:78,2
DA:79,2
DA:80,2
DA:81,2
DA:82,2
DA:83,2
DA:84,2
DA:86,2
DA:87,2
DA:88,2
DA:89,2
DA:90,2
DA:92,2
DA:93,2
DA:94,2
DA:95,2
DA:96,2
DA:97,2
DA:98,2
DA:99,2
DA:100,2
DA:101,2
DA:102,2
DA:103,2
DA:104,2
DA:105,2
DA:106,2
DA:107,2
DA:108,2
DA:109,2
DA:110,2
DA:111,2
DA:112,2
DA:113,2
DA:114,2
DA:115,2
DA:116,2
DA:117,2
DA:118,2
DA:119,2
DA:120,2
DA:121,2
DA:122,2
DA:123,2
DA:124,2
DA:125,2
DA:126,5
LF:99
LH:99
BRDA:21,0,0,5
BRDA:30,1,0,1
BRDA:60,2,0,4
BRDA:64,3,0,0
BRDA:69,4,0,2
BRDA:99,5,0,0
BRF:6
BRH:4
end_of_record
TN:
SF:src/core/prompts.ts
FN:21,getCoreSystemPrompt
FN:281,getCompressionPrompt
FNF:2
FNH:1
FNDA:9,getCoreSystemPrompt
FNDA:0,getCompressionPrompt
DA:1,1
DA:7,1
DA:8,1
DA:9,1
DA:10,1
DA:11,1
DA:12,1
DA:13,1
DA:14,1
DA:15,1
DA:16,1
DA:17,1
DA:18,1
DA:19,1
DA:21,1
DA:24,9
DA:25,9
DA:26,9
DA:27,9
DA:28,0
DA:29,0
DA:30,0
DA:31,0
DA:33,0
DA:34,0
DA:35,0
DA:36,0
DA:37,9
DA:38,0
DA:39,9
DA:52,9
DA:59,9
DA:61,9
DA:67,9
DA:80,9
DA:96,9
DA:100,9
DA:102,9
DA:105,9
DA:112,9
DA:114,9
DA:115,9
DA:117,9
DA:118,1
DA:122,9
DA:123,1
DA:127,8
DA:128,7
DA:132,7
DA:133,9
DA:135,9
DA:136,9
DA:137,1
DA:153,1
DA:154,8
DA:155,9
DA:170,9
DA:175,9
DA:182,9
DA:183,9
DA:187,9
DA:200,9
DA:202,9
DA:205,9
DA:206,9
DA:207,1
DA:208,1
DA:209,8
DA:210,9
DA:222,9
DA:224,9
DA:226,9
DA:228,9
DA:235,9
DA:238,9
DA:246,9
DA:255,9
DA:256,9
DA:259,9
DA:260,9
DA:261,0
DA:262,0
DA:263,0
DA:264,0
DA:265,0
DA:266,0
DA:268,9
DA:269,9
DA:270,1
DA:271,8
DA:273,9
DA:274,9
DA:281,1
DA:282,0
DA:338,0
DA:339,0
LF:96
LH:78
BRDA:21,0,0,9
BRDA:26,1,0,0
BRDA:27,2,0,0
BRDA:27,3,0,0
BRDA:37,4,0,0
BRDA:259,5,0,0
BRDA:260,6,0,0
BRDA:260,7,0,0
BRDA:269,8,0,2
BRDA:269,9,0,1
BRDA:270,10,0,8
BRDA:112,11,0,9
BRDA:117,12,0,1
BRDA:122,13,0,8
BRDA:122,14,0,1
BRDA:127,15,0,7
BRDA:135,16,0,9
BRDA:136,17,0,1
BRDA:153,18,0,8
BRDA:205,19,0,9
BRDA:206,20,0,1
BRDA:208,21,0,8
BRF:22
BRH:15
end_of_record
TN:
SF:src/core/tokenLimits.ts
FN:12,tokenLimit
FNF:1
FNH:0
FNDA:0,tokenLimit
DA:1,1
DA:10,1
DA:12,1
DA:15,0
DA:16,0
DA:17,0
DA:18,0
DA:19,0
DA:20,0
DA:21,0
DA:22,0
DA:23,0
DA:24,0
DA:25,0
DA:26,0
DA:27,0
DA:28,0
DA:29,0
DA:30,0
DA:31,0
LF:20
LH:3
BRF:0
BRH:0
end_of_record
TN:
SF:src/core/turn.ts
FN:153,Turn
FN:161,run
FN:254,handlePendingFunctionCall
FN:277,getDebugResponses
FNF:4
FNH:4
FNDA:7,Turn
FNDA:6,run
FNDA:6,handlePendingFunctionCall
FNDA:7,getDebugResponses
DA:1,1
DA:18,1
DA:19,1
DA:20,1
DA:42,1
DA:43,1
DA:44,1
DA:45,1
DA:46,1
DA:47,1
DA:48,1
DA:49,1
DA:50,1
DA:51,1
DA:149,1
DA:150,1
DA:151,1
DA:153,1
DA:154,7
DA:155,7
DA:156,7
DA:157,7
DA:158,7
DA:159,7
DA:161,1
DA:162,6
DA:163,6
DA:164,6
DA:165,6
DA:166,6
DA:167,6
DA:168,6
DA:169,6
DA:170,6
DA:171,6
DA:172,6
DA:173,6
DA:174,6
DA:176,6
DA:177,8
DA:178,1
DA:180,1
DA:181,1
DA:182,7
DA:184,8
DA:185,8
DA:188,0
DA:189,0
DA:190,0
DA:191,0
DA:192,0
DA:193,0
DA:194,0
DA:195,0
DA:196,0
DA:197,0
DA:199,0
DA:200,0
DA:201,0
DA:202,0
DA:203,0
DA:204,0
DA:206,7
DA:207,8
DA:208,4
DA:209,4
DA:212,8
DA:213,8
DA:214,6
DA:215,6
DA:216,6
DA:217,6
DA:218,6
DA:219,7
DA:220,6
DA:221,1
DA:222,1
DA:223,0
DA:224,0
DA:225,1
DA:226,0
DA:228,0
DA:229,0
DA:231,1
DA:232,1
DA:233,1
DA:234,1
DA:235,1
DA:236,1
DA:237,1
DA:238,1
DA:239,1
DA:240,1
DA:241,1
DA:242,0
DA:243,0
DA:244,1
DA:245,1
DA:246,1
DA:247,1
DA:248,1
DA:249,1
DA:250,1
DA:251,1
DA:252,6
DA:254,1
DA:255,6
DA:256,6
DA:257,6
DA:258,6
DA:259,2
DA:260,6
DA:261,6
DA:263,6
DA:264,6
DA:265,6
DA:266,6
DA:267,6
DA:268,6
DA:269,6
DA:271,6
DA:274,6
DA:275,6
DA:277,1
DA:278,7
DA:279,7
DA:280,1
LF:127
LH:104
BRDA:42,0,0,12
BRDA:153,1,0,7
BRDA:161,2,0,6
BRDA:174,3,0,5
BRDA:176,4,0,8
BRDA:177,5,0,1
BRDA:181,6,0,7
BRDA:184,7,0,4
BRDA:185,8,0,4
BRDA:185,9,0,0
BRDA:204,10,0,7
BRDA:207,11,0,4
BRDA:209,12,0,7
BRDA:212,13,0,4
BRDA:213,14,0,6
BRDA:218,15,0,7
BRDA:219,16,0,4
BRDA:220,17,0,1
BRDA:222,18,0,0
BRDA:225,19,0,0
BRDA:241,20,0,0
BRDA:242,21,0,0
BRDA:254,22,0,6
BRDA:258,23,0,2
BRDA:260,24,0,2
BRDA:261,25,0,3
BRDA:277,26,0,7
BRF:27
BRH:22
end_of_record
TN:
SF:src/services/contextConfig.ts
FN:1,(empty-report)
FNF:1
FNH:0
FNDA:0,(empty-report)
DA:1,0
DA:7,0
DA:8,0
DA:45,0
DA:46,0
DA:47,0
DA:49,0
DA:50,0
DA:51,0
DA:52,0
DA:53,0
DA:54,0
DA:55,0
DA:56,0
DA:57,0
DA:58,0
DA:59,0
DA:61,0
DA:62,0
DA:63,0
DA:68,0
DA:69,0
DA:70,0
DA:75,0
DA:76,0
DA:77,0
DA:82,0
DA:83,0
DA:84,0
DA:85,0
DA:90,0
DA:91,0
DA:92,0
DA:97,0
DA:98,0
DA:99,0
DA:100,0
DA:101,0
DA:104,0
DA:106,0
DA:107,0
DA:108,0
DA:109,0
DA:110,0
DA:111,0
DA:112,0
DA:113,0
DA:114,0
DA:115,0
DA:116,0
DA:117,0
DA:118,0
DA:119,0
DA:120,0
DA:121,0
DA:122,0
DA:123,0
DA:124,0
DA:125,0
DA:126,0
DA:127,0
DA:128,0
DA:130,0
DA:131,0
DA:132,0
DA:133,0
DA:134,0
DA:135,0
DA:136,0
DA:138,0
DA:139,0
DA:144,0
DA:145,0
DA:147,0
DA:148,0
DA:149,0
DA:150,0
DA:155,0
DA:156,0
DA:157,0
DA:158,0
DA:159,0
DA:160,0
DA:161,0
DA:162,0
DA:163,0
DA:164,0
DA:165,0
DA:166,0
DA:167,0
DA:168,0
DA:169,0
DA:172,0
DA:173,0
DA:174,0
DA:176,0
DA:177,0
DA:182,0
DA:183,0
DA:184,0
DA:185,0
DA:187,0
DA:188,0
DA:189,0
DA:191,0
DA:192,0
DA:193,0
DA:195,0
DA:196,0
DA:197,0
DA:200,0
DA:201,0
DA:202,0
DA:203,0
DA:206,0
DA:207,0
DA:208,0
DA:209,0
DA:212,0
DA:213,0
DA:214,0
DA:215,0
DA:217,0
DA:218,0
DA:219,0
DA:220,0
DA:221,0
DA:222,0
DA:227,0
DA:231,0
DA:232,0
DA:233,0
DA:234,0
DA:235,0
DA:236,0
DA:237,0
DA:238,0
DA:243,0
DA:244,0
DA:245,0
DA:246,0
DA:247,0
DA:248,0
DA:249,0
DA:250,0
DA:255,0
DA:256,0
DA:257,0
DA:258,0
DA:259,0
DA:260,0
DA:261,0
DA:262,0
DA:263,0
DA:264,0
DA:265,0
DA:270,0
DA:271,0
DA:272,0
DA:273,0
DA:274,0
DA:275,0
DA:276,0
DA:277,0
DA:278,0
DA:279,0
DA:280,0
DA:281,0
DA:282,0
DA:283,0
DA:284,0
DA:285,0
LF:172
LH:0
BRDA:1,0,0,0
BRF:1
BRH:0
end_of_record
TN:
SF:src/services/contextFileDiscovery.ts
FN:1,(empty-report)
FNF:1
FNH:0
FNDA:0,(empty-report)
DA:1,0
DA:7,0
DA:8,0
DA:9,0
DA:10,0
DA:11,0
DA:77,0
DA:78,0
DA:79,0
DA:80,0
DA:81,0
DA:82,0
DA:84,0
DA:85,0
DA:86,0
DA:87,0
DA:88,0
DA:90,0
DA:91,0
DA:92,0
DA:93,0
DA:94,0
DA:99,0
DA:100,0
DA:101,0
DA:102,0
DA:103,0
DA:104,0
DA:105,0
DA:106,0
DA:107,0
DA:108,0
DA:109,0
DA:110,0
DA:111,0
DA:112,0
DA:113,0
DA:114,0
DA:115,0
DA:116,0
DA:117,0
DA:118,0
DA:123,0
DA:124,0
DA:125,0
DA:126,0
DA:127,0
DA:128,0
DA:129,0
DA:130,0
DA:132,0
DA:133,0
DA:134,0
DA:135,0
DA:136,0
DA:137,0
DA:138,0
DA:143,0
DA:144,0
DA:146,0
DA:149,0
DA:150,0
DA:151,0
DA:152,0
DA:153,0
DA:155,0
DA:157,0
DA:159,0
DA:160,0
DA:163,0
DA:164,0
DA:167,0
DA:168,0
DA:171,0
DA:172,0
DA:173,0
DA:174,0
DA:177,0
DA:178,0
DA:179,0
DA:181,0
DA:182,0
DA:184,0
DA:185,0
DA:186,0
DA:187,0
DA:188,0
DA:193,0
DA:194,0
DA:196,0
DA:198,0
DA:199,0
DA:200,0
DA:201,0
DA:202,0
DA:205,0
DA:206,0
DA:207,0
DA:208,0
DA:209,0
DA:210,0
DA:211,0
DA:213,0
DA:214,0
DA:219,0
DA:220,0
DA:221,0
DA:222,0
DA:227,0
DA:228,0
DA:231,0
DA:232,0
DA:233,0
DA:234,0
DA:235,0
DA:237,0
DA:238,0
DA:240,0
DA:241,0
DA:244,0
DA:245,0
DA:246,0
DA:248,0
DA:249,0
DA:250,0
DA:251,0
DA:252,0
DA:253,0
DA:254,0
DA:255,0
DA:256,0
DA:258,0
DA:259,0
DA:261,0
DA:262,0
DA:267,0
DA:268,0
DA:269,0
DA:272,0
DA:273,0
DA:275,0
DA:276,0
DA:277,0
DA:278,0
DA:279,0
DA:280,0
DA:281,0
DA:282,0
DA:283,0
DA:284,0
DA:285,0
DA:286,0
DA:288,0
DA:289,0
DA:294,0
DA:295,0
DA:297,0
DA:299,0
DA:300,0
DA:301,0
DA:302,0
DA:303,0
DA:304,0
DA:305,0
DA:308,0
DA:311,0
DA:312,0
DA:313,0
DA:315,0
DA:316,0
DA:317,0
DA:319,0
DA:320,0
DA:321,0
DA:322,0
DA:323,0
DA:324,0
DA:325,0
DA:326,0
DA:327,0
DA:329,0
DA:331,0
DA:332,0
DA:334,0
DA:335,0
DA:337,0
DA:338,0
DA:343,0
DA:344,0
DA:345,0
DA:347,0
DA:348,0
DA:351,0
DA:352,0
DA:354,0
DA:355,0
DA:356,0
DA:359,0
DA:360,0
DA:361,0
DA:362,0
DA:364,0
DA:366,0
DA:367,0
DA:368,0
DA:369,0
DA:370,0
DA:373,0
DA:374,0
DA:375,0
DA:376,0
DA:378,0
DA:379,0
DA:382,0
DA:383,0
DA:384,0
DA:385,0
DA:386,0
DA:388,0
DA:389,0
DA:394,0
DA:395,0
DA:397,0
DA:398,0
DA:399,0
DA:400,0
DA:401,0
DA:402,0
DA:403,0
DA:404,0
DA:406,0
DA:408,0
DA:409,0
DA:411,0
DA:412,0
DA:417,0
DA:418,0
DA:420,0
DA:421,0
DA:422,0
DA:423,0
DA:424,0
DA:425,0
DA:426,0
DA:427,0
DA:428,0
DA:429,0
DA:430,0
DA:431,0
DA:432,0
DA:433,0
DA:434,0
DA:435,0
DA:437,0
DA:438,0
DA:443,0
DA:444,0
DA:445,0
DA:446,0
DA:448,0
DA:449,0
DA:450,0
DA:452,0
DA:453,0
DA:454,0
DA:456,0
DA:457,0
DA:458,0
DA:459,0
DA:464,0
DA:465,0
DA:466,0
DA:471,0
DA:472,0
DA:473,0
DA:476,0
DA:477,0
DA:478,0
DA:479,0
DA:480,0
DA:483,0
DA:484,0
DA:485,0
DA:486,0
DA:487,0
DA:488,0
DA:489,0
DA:490,0
DA:492,0
DA:493,0
DA:494,0
DA:495,0
DA:497,0
DA:498,0
DA:503,0
DA:504,0
DA:507,0
DA:508,0
DA:510,0
DA:511,0
DA:512,0
DA:514,0
DA:515,0
DA:516,0
DA:517,0
DA:518,0
DA:520,0
DA:521,0
DA:522,0
DA:523,0
DA:525,0
DA:526,0
DA:527,0
DA:528,0
DA:529,0
DA:531,0
DA:532,0
DA:533,0
LF:318
LH:0
BRDA:1,0,0,0
BRF:1
BRH:0
end_of_record
TN:
SF:src/services/contextFileManager.ts
FN:1,(empty-report)
FNF:1
FNH:0
FNDA:0,(empty-report)
DA:1,0
DA:7,0
DA:8,0
DA:9,0
DA:15,0
DA:49,0
DA:50,0
DA:51,0
DA:53,0
DA:54,0
DA:55,0
DA:56,0
DA:57,0
DA:58,0
DA:59,0
DA:61,0
DA:62,0
DA:63,0
DA:64,0
DA:65,0
DA:70,0
DA:71,0
DA:73,0
DA:75,0
DA:76,0
DA:77,0
DA:78,0
DA:79,0
DA:81,0
DA:83,0
DA:84,0
DA:85,0
DA:86,0
DA:87,0
DA:88,0
DA:89,0
DA:90,0
DA:93,0
DA:96,0
DA:99,0
DA:101,0
DA:102,0
DA:103,0
DA:104,0
DA:105,0
DA:106,0
DA:108,0
DA:109,0
DA:110,0
DA:111,0
DA:112,0
DA:113,0
DA:114,0
DA:115,0
DA:116,0
DA:117,0
DA:122,0
DA:123,0
DA:124,0
DA:129,0
DA:130,0
DA:131,0
DA:132,0
DA:133,0
DA:134,0
DA:135,0
DA:140,0
DA:141,0
DA:142,0
DA:147,0
DA:148,0
DA:149,0
DA:154,0
DA:155,0
DA:156,0
DA:157,0
DA:162,0
DA:163,0
DA:164,0
DA:165,0
DA:166,0
DA:167,0
DA:169,0
DA:170,0
DA:172,0
DA:173,0
DA:174,0
DA:177,0
DA:180,0
DA:183,0
DA:184,0
DA:185,0
DA:186,0
DA:188,0
DA:190,0
DA:191,0
DA:192,0
DA:194,0
DA:195,0
DA:200,0
DA:201,0
DA:202,0
DA:203,0
DA:204,0
DA:207,0
DA:208,0
DA:213,0
DA:214,0
DA:215,0
DA:216,0
DA:217,0
DA:218,0
DA:219,0
DA:220,0
DA:221,0
DA:222,0
DA:224,0
DA:225,0
DA:226,0
DA:227,0
DA:232,0
DA:233,0
DA:234,0
DA:235,0
DA:236,0
DA:241,0
DA:245,0
DA:246,0
DA:247,0
DA:252,0
DA:253,0
DA:254,0
DA:259,0
DA:260,0
DA:261,0
DA:266,0
DA:267,0
DA:268,0
DA:269,0
DA:270,0
DA:283,0
DA:284,0
DA:286,0
DA:287,0
DA:288,0
DA:293,0
DA:294,0
DA:295,0
DA:296,0
DA:297,0
DA:298,0
DA:299,0
DA:300,0
DA:301,0
DA:302,0
DA:303,0
DA:304,0
DA:306,0
DA:307,0
DA:308,0
DA:309,0
DA:310,0
DA:311,0
LF:163
LH:0
BRDA:1,0,0,0
BRF:1
BRH:0
end_of_record
TN:
SF:src/services/directoryScanner.ts
FN:1,(empty-report)
FNF:1
FNH:0
FNDA:0,(empty-report)
DA:1,0
DA:7,0
DA:8,0
DA:80,0
DA:81,0
DA:82,0
DA:83,0
DA:84,0
DA:85,0
DA:87,0
DA:92,0
DA:93,0
DA:94,0
DA:95,0
DA:96,0
DA:98,0
DA:100,0
DA:102,0
DA:103,0
DA:104,0
DA:105,0
DA:108,0
DA:109,0
DA:111,0
DA:112,0
DA:113,0
DA:116,0
DA:117,0
DA:118,0
DA:119,0
DA:122,0
DA:123,0
DA:124,0
DA:125,0
DA:128,0
DA:129,0
DA:130,0
DA:131,0
DA:134,0
DA:135,0
DA:136,0
DA:137,0
DA:139,0
DA:140,0
DA:142,0
DA:143,0
DA:145,0
DA:146,0
DA:148,0
DA:150,0
DA:151,0
DA:153,0
DA:154,0
DA:155,0
DA:156,0
DA:157,0
DA:158,0
DA:159,0
DA:161,0
DA:162,0
DA:163,0
DA:166,0
DA:167,0
DA:168,0
DA:169,0
DA:171,0
DA:172,0
DA:173,0
DA:174,0
DA:176,0
DA:177,0
DA:179,0
DA:180,0
DA:181,0
DA:182,0
DA:183,0
DA:184,0
DA:185,0
DA:186,0
DA:191,0
DA:192,0
DA:193,0
DA:194,0
DA:196,0
DA:198,0
DA:199,0
DA:200,0
DA:201,0
DA:204,0
DA:205,0
DA:206,0
DA:207,0
DA:210,0
DA:211,0
DA:212,0
DA:213,0
DA:214,0
DA:216,0
DA:217,0
DA:218,0
DA:219,0
DA:220,0
DA:221,0
DA:222,0
DA:227,0
DA:228,0
DA:229,0
DA:231,0
DA:232,0
DA:233,0
DA:234,0
DA:235,0
DA:237,0
DA:238,0
DA:243,0
DA:244,0
DA:245,0
DA:250,0
DA:251,0
DA:252,0
DA:257,0
DA:258,0
DA:259,0
DA:262,0
DA:263,0
DA:264,0
DA:267,0
DA:269,0
DA:270,0
DA:271,0
DA:274,0
DA:275,0
DA:277,0
DA:278,0
DA:280,0
DA:281,0
DA:286,0
DA:287,0
DA:288,0
DA:289,0
DA:290,0
DA:291,0
DA:292,0
DA:294,0
DA:295,0
DA:296,0
DA:298,0
DA:299,0
DA:300,0
DA:302,0
DA:303,0
DA:304,0
DA:305,0
DA:306,0
DA:307,0
DA:308,0
DA:309,0
DA:310,0
DA:311,0
DA:312,0
DA:313,0
DA:314,0
DA:315,0
DA:320,0
DA:321,0
DA:323,0
DA:325,0
DA:327,0
DA:328,0
DA:329,0
DA:331,0
DA:332,0
DA:333,0
DA:334,0
DA:339,0
DA:343,0
DA:344,0
DA:345,0
DA:346,0
DA:347,0
DA:349,0
DA:350,0
DA:351,0
DA:352,0
DA:353,0
DA:354,0
DA:355,0
DA:356,0
DA:357,0
DA:358,0
DA:359,0
DA:360,0
DA:361,0
DA:362,0
DA:364,0
DA:365,0
DA:367,0
DA:368,0
DA:373,0
DA:374,0
DA:375,0
DA:376,0
DA:377,0
DA:380,0
DA:382,0
DA:383,0
DA:385,0
DA:386,0
DA:387,0
DA:388,0
DA:389,0
DA:390,0
DA:391,0
DA:393,0
DA:394,0
DA:395,0
DA:396,0
DA:398,0
DA:399,0
DA:400,0
LF:220
LH:0
BRDA:1,0,0,0
BRF:1
BRH:0
end_of_record
TN:
SF:src/services/fileDiscoveryService.ts
FN:19,<instance_members_initializer>
FN:23,FileDiscoveryService
FN:46,filterFiles
FN:70,shouldGitIgnoreFile
FN:80,shouldGeminiIgnoreFile
FN:90,shouldIgnoreFile
FN:108,getGeminiIgnorePatterns
FNF:7
FNH:6
FNDA:87,<instance_members_initializer>
FNDA:87,FileDiscoveryService
FNDA:26,filterFiles
FNDA:1096,shouldGitIgnoreFile
FNDA:11,shouldGeminiIgnoreFile
FNDA:0,shouldIgnoreFile
FNDA:22,getGeminiIgnorePatterns
DA:1,1
DA:7,1
DA:8,1
DA:9,1
DA:11,1
DA:18,1
DA:19,1
DA:20,87
DA:21,87
DA:23,1
DA:24,87
DA:25,87
DA:26,10
DA:27,10
DA:28,10
DA:29,10
DA:31,0
DA:32,10
DA:33,10
DA:34,87
DA:35,87
DA:36,87
DA:37,87
DA:39,0
DA:40,87
DA:41,87
DA:46,1
DA:47,26
DA:48,26
DA:49,26
DA:50,26
DA:51,26
DA:52,26
DA:53,26
DA:54,40
DA:55,2
DA:56,2
DA:57,38
DA:58,38
DA:59,4
DA:60,40
DA:61,0
DA:62,0
DA:63,38
DA:64,26
DA:65,26
DA:70,1
DA:71,1096
DA:72,18
DA:73,18
DA:74,1078
DA:75,1096
DA:80,1
DA:81,11
DA:82,11
DA:83,11
DA:84,0
DA:85,11
DA:90,1
DA:91,0
DA:92,0
DA:93,0
DA:94,0
DA:96,0
DA:97,0
DA:98,0
DA:99,0
DA:100,0
DA:101,0
DA:102,0
DA:103,0
DA:108,1
DA:109,22
DA:110,22
DA:111,1
LF:75
LH:58
BRDA:19,0,0,87
BRDA:23,1,0,87
BRDA:25,2,0,10
BRDA:29,3,0,0
BRDA:37,4,0,0
BRDA:46,5,0,26
BRDA:53,6,0,40
BRDA:54,7,0,37
BRDA:54,8,0,2
BRDA:56,9,0,38
BRDA:58,10,0,4
BRDA:60,11,0,0
BRDA:62,12,0,38
BRDA:70,13,0,1096
BRDA:71,14,0,18
BRDA:73,15,0,1078
BRDA:80,16,0,11
BRDA:83,17,0,0
BRDA:108,18,0,22
BRDA:109,19,0,0
BRF:20
BRH:15
end_of_record
TN:
SF:src/services/gitService.ts
FN:16,<instance_members_initializer>
FN:18,GitService
FN:22,getHistoryDir
FN:27,initialize
FN:37,verifyGitAvailability
FN:53,setupShadowGitRepository
FN:91,get shadowGitRepository
FN:102,getCurrentCommitHash
FN:107,createFileSnapshot
FN:114,restoreProjectFromSnapshot
FNF:10
FNH:6
FNDA:13,<instance_members_initializer>
FNDA:13,GitService
FNDA:8,getHistoryDir
FNDA:2,initialize
FNDA:4,verifyGitAvailability
FNDA:8,setupShadowGitRepository
FNDA:0,get shadowGitRepository
FNDA:0,getCurrentCommitHash
FNDA:0,createFileSnapshot
FNDA:0,restoreProjectFromSnapshot
DA:1,1
DA:7,1
DA:8,1
DA:9,1
DA:10,1
DA:11,1
DA:12,1
DA:13,1
DA:15,1
DA:16,1
DA:18,1
DA:19,13
DA:20,13
DA:22,1
DA:23,8
DA:24,8
DA:25,8
DA:27,1
DA:28,2
DA:29,2
DA:30,1
DA:31,1
DA:32,1
DA:33,1
DA:34,1
DA:35,2
DA:37,1
DA:38,4
DA:39,4
DA:40,4
DA:41,2
DA:42,2
DA:43,2
DA:44,2
DA:45,4
DA:46,4
DA:47,4
DA:53,1
DA:54,8
DA:55,8
DA:57,8
DA:61,8
DA:62,8
DA:63,8
DA:65,8
DA:66,8
DA:68,8
DA:69,6
DA:70,6
DA:71,6
DA:73,6
DA:74,6
DA:76,8
DA:77,8
DA:79,8
DA:80,8
DA:81,8
DA:82,8
DA:83,1
DA:84,1
DA:85,1
DA:86,1
DA:88,7
DA:89,8
DA:91,1
DA:92,0
DA:93,0
DA:94,0
DA:95,0
DA:97,0
DA:98,0
DA:99,0
DA:100,0
DA:102,1
DA:103,0
DA:104,0
DA:105,0
DA:107,1
DA:108,0
DA:109,0
DA:110,0
DA:111,0
DA:112,0
DA:114,1
DA:115,0
DA:116,0
DA:118,0
DA:119,0
DA:120,1
LF:89
LH:69
BRDA:16,0,0,13
BRDA:18,1,0,13
BRDA:22,2,0,8
BRDA:27,3,0,2
BRDA:29,4,0,1
BRDA:37,5,0,4
BRDA:38,6,0,4
BRDA:39,7,0,4
BRDA:40,8,0,2
BRDA:53,9,0,8
BRDA:68,10,0,6
BRDA:81,11,0,7
BRDA:82,12,0,1
BRDA:86,13,0,7
BRF:14
BRH:14
end_of_record
TN:
SF:src/services/migrationService.ts
FN:1,(empty-report)
FNF:1
FNH:0
FNDA:0,(empty-report)
DA:1,0
DA:7,0
DA:8,0
DA:9,0
DA:10,0
DA:75,0
DA:76,0
DA:77,0
DA:78,0
DA:79,0
DA:80,0
DA:81,0
DA:83,0
DA:88,0
DA:89,0
DA:90,0
DA:91,0
DA:92,0
DA:93,0
DA:94,0
DA:95,0
DA:98,0
DA:99,0
DA:100,0
DA:101,0
DA:102,0
DA:103,0
DA:104,0
DA:106,0
DA:107,0
DA:108,0
DA:109,0
DA:110,0
DA:111,0
DA:112,0
DA:113,0
DA:115,0
DA:116,0
DA:121,0
DA:122,0
DA:123,0
DA:126,0
DA:127,0
DA:128,0
DA:129,0
DA:130,0
DA:131,0
DA:132,0
DA:133,0
DA:136,0
DA:137,0
DA:139,0
DA:140,0
DA:141,0
DA:142,0
DA:143,0
DA:144,0
DA:146,0
DA:147,0
DA:149,0
DA:151,0
DA:152,0
DA:153,0
DA:154,0
DA:155,0
DA:156,0
DA:157,0
DA:162,0
DA:163,0
DA:164,0
DA:169,0
DA:170,0
DA:171,0
DA:173,0
DA:174,0
DA:175,0
DA:176,0
DA:177,0
DA:178,0
DA:179,0
DA:180,0
DA:182,0
DA:183,0
DA:184,0
DA:185,0
DA:186,0
DA:187,0
DA:188,0
DA:189,0
DA:190,0
DA:191,0
DA:192,0
DA:194,0
DA:195,0
DA:197,0
DA:198,0
DA:199,0
DA:200,0
DA:201,0
DA:202,0
DA:203,0
DA:208,0
DA:209,0
DA:210,0
DA:211,0
DA:212,0
DA:213,0
DA:214,0
DA:216,0
DA:217,0
DA:218,0
DA:219,0
DA:220,0
DA:222,0
DA:223,0
DA:224,0
DA:226,0
DA:227,0
DA:229,0
DA:230,0
DA:232,0
DA:233,0
DA:234,0
DA:235,0
DA:236,0
DA:237,0
DA:238,0
DA:239,0
DA:240,0
DA:241,0
DA:242,0
DA:243,0
DA:244,0
DA:245,0
DA:246,0
DA:247,0
DA:248,0
DA:249,0
DA:251,0
DA:252,0
DA:257,0
DA:258,0
DA:259,0
DA:262,0
DA:263,0
DA:264,0
DA:265,0
DA:266,0
DA:267,0
DA:268,0
DA:269,0
DA:270,0
DA:271,0
DA:274,0
DA:275,0
DA:276,0
DA:278,0
DA:279,0
DA:280,0
DA:281,0
DA:282,0
DA:283,0
DA:284,0
DA:285,0
DA:286,0
DA:288,0
DA:289,0
DA:294,0
DA:296,0
DA:297,0
DA:299,0
DA:300,0
DA:301,0
DA:302,0
DA:303,0
DA:304,0
DA:305,0
DA:306,0
DA:307,0
DA:308,0
DA:309,0
DA:310,0
DA:315,0
DA:316,0
DA:317,0
DA:318,0
DA:320,0
DA:321,0
DA:322,0
DA:323,0
DA:324,0
DA:326,0
DA:327,0
DA:328,0
DA:329,0
DA:331,0
DA:332,0
DA:337,0
DA:338,0
DA:339,0
DA:340,0
DA:341,0
DA:342,0
DA:343,0
DA:344,0
DA:345,0
DA:350,0
DA:354,0
DA:355,0
DA:356,0
DA:357,0
DA:358,0
DA:363,0
DA:364,0
DA:365,0
DA:366,0
DA:367,0
DA:372,0
DA:373,0
DA:374,0
DA:376,0
DA:377,0
DA:378,0
DA:380,0
DA:382,0
DA:383,0
DA:384,0
DA:385,0
DA:386,0
DA:387,0
DA:389,0
DA:390,0
DA:391,0
DA:392,0
DA:393,0
DA:394,0
DA:395,0
LF:237
LH:0
BRDA:1,0,0,0
BRF:1
BRH:0
end_of_record
TN:
SF:src/telemetry/constants.ts
FNF:0
FNH:0
DA:1,1
DA:7,1
DA:9,1
DA:10,1
DA:11,1
DA:12,1
DA:13,1
DA:14,1
DA:15,1
DA:17,1
DA:18,1
DA:19,1
DA:20,1
DA:21,1
DA:22,1
DA:23,1
LF:16
LH:16
BRF:0
BRH:0
end_of_record
TN:
SF:src/telemetry/index.ts
FNF:0
FNH:0
DA:1,1
DA:7,1
DA:8,1
DA:9,1
DA:12,1
DA:13,1
DA:16,1
DA:21,1
DA:30,1
DA:41,1
DA:42,1
DA:43,1
LF:12
LH:12
BRDA:7,0,0,14
BRF:1
BRH:1
end_of_record
TN:
SF:src/telemetry/integration.test.circular.ts
FN:1,(empty-report)
FNF:1
FNH:0
FNDA:0,(empty-report)
DA:1,0
DA:11,0
DA:12,0
DA:15,0
DA:16,0
DA:18,0
DA:19,0
DA:20,0
DA:21,0
DA:22,0
DA:23,0
DA:24,0
DA:25,0
DA:26,0
DA:30,0
DA:31,0
DA:32,0
DA:33,0
DA:36,0
DA:37,0
DA:38,0
DA:39,0
DA:40,0
DA:41,0
DA:43,0
DA:44,0
DA:47,0
DA:48,0
DA:49,0
DA:50,0
DA:51,0
DA:52,0
DA:53,0
DA:56,0
DA:58,0
DA:59,0
DA:60,0
DA:61,0
DA:62,0
LF:39
LH:0
BRDA:1,0,0,0
BRF:1
BRH:0
end_of_record
TN:
SF:src/telemetry/loggers.test.circular.ts
FN:1,(empty-report)
FNF:1
FNH:0
FNDA:0,(empty-report)
DA:1,0
DA:11,0
DA:12,0
DA:13,0
DA:19,0
DA:20,0
DA:22,0
DA:23,0
DA:24,0
DA:25,0
DA:26,0
DA:27,0
DA:28,0
DA:29,0
DA:33,0
DA:34,0
DA:35,0
DA:36,0
DA:37,0
DA:38,0
DA:39,0
DA:40,0
DA:43,0
DA:44,0
DA:45,0
DA:46,0
DA:47,0
DA:48,0
DA:49,0
DA:51,0
DA:52,0
DA:53,0
DA:54,0
DA:55,0
DA:56,0
DA:58,0
DA:59,0
DA:60,0
DA:61,0
DA:62,0
DA:63,0
DA:64,0
DA:67,0
DA:70,0
DA:71,0
DA:72,0
DA:73,0
DA:75,0
DA:76,0
DA:77,0
DA:78,0
DA:79,0
DA:80,0
DA:81,0
DA:82,0
DA:83,0
DA:85,0
DA:86,0
DA:87,0
DA:88,0
DA:90,0
DA:91,0
DA:92,0
DA:93,0
DA:94,0
DA:95,0
DA:96,0
DA:98,0
DA:99,0
DA:100,0
DA:101,0
DA:102,0
DA:103,0
DA:105,0
DA:106,0
DA:107,0
DA:108,0
DA:109,0
DA:110,0
DA:111,0
DA:113,0
DA:115,0
DA:116,0
DA:117,0
DA:118,0
DA:119,0
LF:86
LH:0
BRDA:1,0,0,0
BRF:1
BRH:0
end_of_record
TN:
SF:src/telemetry/loggers.ts
FN:40,shouldLogUserPrompts
FN:43,getCommonAttributes
FN:49,logCliConfiguration
FN:81,logUserPrompt
FN:104,logToolCall
FN:143,logApiRequest
FN:162,logFlashFallback
FN:184,logApiError
FN:226,logApiResponse
FNF:9
FNH:8
FNDA:2,shouldLogUserPrompts
FNDA:13,getCommonAttributes
FNDA:1,logCliConfiguration
FNDA:2,logUserPrompt
FNDA:12,logToolCall
FNDA:4,logApiRequest
FNDA:1,logFlashFallback
FNDA:0,logApiError
FNDA:3,logApiResponse
DA:1,1
DA:7,1
DA:8,1
DA:10,1
DA:29,1
DA:35,1
DA:36,1
DA:37,1
DA:38,1
DA:40,1
DA:41,2
DA:43,13
DA:44,13
DA:45,13
DA:46,13
DA:47,13
DA:49,1
DA:50,1
DA:51,1
DA:52,1
DA:53,1
DA:54,1
DA:56,1
DA:57,1
DA:58,1
DA:59,1
DA:60,1
DA:61,1
DA:62,1
DA:63,1
DA:64,1
DA:65,1
DA:66,1
DA:67,1
DA:68,1
DA:69,1
DA:70,1
DA:71,1
DA:73,1
DA:74,1
DA:75,1
DA:76,1
DA:77,1
DA:78,1
DA:79,1
DA:81,1
DA:82,2
DA:83,2
DA:85,2
DA:86,2
DA:87,2
DA:88,2
DA:89,2
DA:90,2
DA:92,2
DA:93,1
DA:94,1
DA:96,2
DA:97,2
DA:98,2
DA:99,2
DA:100,2
DA:101,2
DA:102,2
DA:104,1
DA:105,12
DA:106,12
DA:107,12
DA:108,12
DA:109,12
DA:110,12
DA:111,12
DA:112,12
DA:114,5
DA:115,5
DA:116,5
DA:117,5
DA:118,5
DA:119,5
DA:120,5
DA:121,5
DA:122,1
DA:123,1
DA:124,1
DA:125,1
DA:126,1
DA:128,5
DA:129,5
DA:130,12
DA:131,12
DA:132,12
DA:133,12
DA:134,12
DA:135,12
DA:136,12
DA:137,12
DA:138,12
DA:139,12
DA:140,12
DA:141,12
DA:143,1
DA:144,4
DA:145,4
DA:147,2
DA:148,2
DA:149,2
DA:150,2
DA:151,2
DA:152,2
DA:154,2
DA:155,2
DA:156,2
DA:157,2
DA:158,2
DA:159,2
DA:160,2
DA:162,1
DA:163,1
DA:164,1
DA:165,1
DA:166,1
DA:167,1
DA:169,1
DA:170,1
DA:171,1
DA:172,1
DA:173,1
DA:174,1
DA:176,1
DA:177,1
DA:178,1
DA:179,1
DA:180,1
DA:181,1
DA:182,1
DA:184,1
DA:185,0
DA:186,0
DA:187,0
DA:188,0
DA:189,0
DA:190,0
DA:191,0
DA:192,0
DA:194,0
DA:195,0
DA:196,0
DA:197,0
DA:198,0
DA:199,0
DA:200,0
DA:201,0
DA:202,0
DA:204,0
DA:205,0
DA:206,0
DA:207,0
DA:208,0
DA:209,0
DA:211,0
DA:212,0
DA:213,0
DA:214,0
DA:215,0
DA:216,0
DA:217,0
DA:218,0
DA:219,0
DA:220,0
DA:221,0
DA:222,0
DA:223,0
DA:224,0
DA:226,1
DA:227,3
DA:228,3
DA:229,3
DA:230,3
DA:231,3
DA:232,3
DA:233,3
DA:234,3
DA:235,2
DA:236,2
DA:237,2
DA:238,2
DA:239,2
DA:240,2
DA:241,2
DA:242,2
DA:243,2
DA:244,2
DA:245,1
DA:246,1
DA:247,1
DA:248,1
DA:249,1
DA:250,1
DA:252,2
DA:253,2
DA:254,3
DA:255,3
DA:256,3
DA:257,3
DA:258,3
DA:259,3
DA:260,3
DA:261,3
DA:262,3
DA:263,3
DA:264,3
DA:265,3
DA:266,3
DA:267,3
DA:268,3
DA:269,3
DA:270,3
DA:271,3
DA:272,3
DA:273,3
DA:274,3
DA:275,3
DA:276,3
DA:277,3
DA:278,3
DA:279,3
DA:280,3
DA:281,3
DA:282,3
DA:283,3
DA:284,3
DA:285,3
DA:286,3
DA:287,3
DA:288,3
DA:289,3
DA:290,3
LF:237
LH:200
BRDA:40,0,0,2
BRDA:43,1,0,13
BRDA:49,2,0,1
BRDA:54,3,0,0
BRDA:81,4,0,2
BRDA:83,5,0,0
BRDA:92,6,0,1
BRDA:104,7,0,12
BRDA:112,8,0,7
BRDA:112,9,0,5
BRDA:121,10,0,1
BRDA:130,11,0,3
BRDA:130,12,0,2
BRDA:143,13,0,4
BRDA:145,14,0,2
BRDA:162,15,0,1
BRDA:167,16,0,0
BRDA:226,17,0,3
BRDA:234,18,0,1
BRDA:234,19,0,2
BRDA:244,20,0,1
BRDA:254,21,0,0
BRF:22
BRH:18
end_of_record
TN:
SF:src/telemetry/metrics.ts
FN:42,getCommonAttributes
FN:48,getMeter
FN:55,initializeMetrics
FN:98,recordToolCallMetrics
FN:121,recordTokenUsageMetrics
FN:135,recordApiResponseMetrics
FN:160,recordApiErrorMetrics
FN:186,recordFileOperationMetric
FNF:8
FNH:5
FNDA:16,getCommonAttributes
FNDA:7,getMeter
FNDA:8,initializeMetrics
FNDA:0,recordToolCallMetrics
FNDA:7,recordTokenUsageMetrics
FNDA:0,recordApiResponseMetrics
FNDA:0,recordApiErrorMetrics
FNDA:29,recordFileOperationMetric
DA:1,1
DA:7,1
DA:15,1
DA:27,1
DA:28,1
DA:29,1
DA:30,1
DA:33,1
DA:34,1
DA:35,1
DA:36,1
DA:37,1
DA:38,1
DA:39,1
DA:40,1
DA:42,16
DA:43,16
DA:44,16
DA:45,16
DA:46,16
DA:48,1
DA:49,7
DA:50,7
DA:51,7
DA:52,7
DA:53,7
DA:55,1
DA:56,8
DA:58,7
DA:59,7
DA:61,7
DA:62,7
DA:63,7
DA:64,7
DA:65,7
DA:66,7
DA:67,7
DA:68,7
DA:69,7
DA:70,7
DA:71,7
DA:72,7
DA:73,7
DA:74,7
DA:75,7
DA:76,7
DA:77,7
DA:78,7
DA:79,7
DA:80,7
DA:81,7
DA:82,7
DA:83,7
DA:84,7
DA:85,7
DA:86,7
DA:87,7
DA:88,7
DA:89,7
DA:90,7
DA:91,7
DA:92,7
DA:93,7
DA:94,7
DA:95,7
DA:96,7
DA:98,1
DA:99,0
DA:100,0
DA:101,0
DA:102,0
DA:103,0
DA:104,0
DA:105,0
DA:106,0
DA:108,0
DA:109,0
DA:110,0
DA:111,0
DA:112,0
DA:113,0
DA:114,0
DA:115,0
DA:116,0
DA:117,0
DA:118,0
DA:119,0
DA:121,1
DA:122,7
DA:123,7
DA:124,7
DA:125,7
DA:126,7
DA:127,7
DA:128,6
DA:129,6
DA:130,6
DA:131,6
DA:132,6
DA:133,6
DA:135,1
DA:136,0
DA:137,0
DA:138,0
DA:139,0
DA:140,0
DA:141,0
DA:142,0
DA:143,0
DA:144,0
DA:145,0
DA:147,0
DA:148,0
DA:149,0
DA:150,0
DA:151,0
DA:152,0
DA:153,0
DA:154,0
DA:155,0
DA:156,0
DA:157,0
DA:158,0
DA:160,1
DA:161,0
DA:162,0
DA:163,0
DA:164,0
DA:165,0
DA:166,0
DA:167,0
DA:168,0
DA:169,0
DA:170,0
DA:172,0
DA:173,0
DA:174,0
DA:175,0
DA:176,0
DA:177,0
DA:178,0
DA:179,0
DA:180,0
DA:181,0
DA:182,0
DA:183,0
DA:184,0
DA:186,1
DA:187,29
DA:188,29
DA:189,29
DA:190,29
DA:191,29
DA:192,29
DA:193,29
DA:194,3
DA:195,3
DA:196,3
DA:197,3
DA:198,4
DA:199,4
DA:200,4
DA:201,3
DA:202,3
LF:164
LH:99
BRDA:27,0,0,27
BRDA:42,1,0,16
BRDA:48,2,0,7
BRDA:55,3,0,8
BRDA:56,4,0,7
BRDA:56,5,0,1
BRDA:59,6,0,0
BRDA:59,7,0,7
BRDA:121,8,0,7
BRDA:127,9,0,6
BRDA:127,10,0,1
BRDA:127,11,0,6
BRDA:186,12,0,29
BRDA:193,13,0,3
BRDA:193,14,0,26
BRDA:193,15,0,4
BRDA:193,16,0,3
BRDA:198,17,0,1
BRDA:198,18,0,3
BRDA:199,19,0,2
BRDA:199,20,0,3
BRDA:200,21,0,1
BRDA:200,22,0,3
BRF:23
BRH:22
end_of_record
TN:
SF:src/telemetry/sdk.ts
FN:39,isTelemetrySdkInitialized
FN:43,parseGrpcEndpoint
FN:63,initializeTelemetry
FN:124,shutdownTelemetry
FNF:4
FNH:4
FNDA:12,isTelemetrySdkInitialized
FNDA:2,parseGrpcEndpoint
FNDA:2,initializeTelemetry
FNDA:2,shutdownTelemetry
DA:1,1
DA:7,1
DA:8,1
DA:9,1
DA:10,1
DA:11,1
DA:12,1
DA:13,1
DA:14,1
DA:15,1
DA:19,1
DA:23,1
DA:27,1
DA:29,1
DA:30,1
DA:31,1
DA:34,1
DA:36,1
DA:37,1
DA:39,1
DA:40,12
DA:41,12
DA:43,2
DA:44,2
DA:45,2
DA:46,2
DA:47,0
DA:48,0
DA:50,2
DA:52,2
DA:53,2
DA:56,2
DA:57,2
DA:58,0
DA:59,0
DA:60,0
DA:61,2
DA:63,1
DA:64,2
DA:65,0
DA:66,0
DA:68,2
DA:69,2
DA:70,2
DA:71,2
DA:72,2
DA:74,2
DA:75,2
DA:76,2
DA:78,2
DA:79,2
DA:80,2
DA:81,2
DA:82,2
DA:83,0
DA:84,2
DA:85,2
DA:86,2
DA:87,2
DA:88,2
DA:89,0
DA:90,2
DA:91,2
DA:92,2
DA:93,2
DA:94,2
DA:95,2
DA:96,2
DA:97,2
DA:98,0
DA:99,0
DA:100,0
DA:101,0
DA:103,2
DA:104,2
DA:105,2
DA:106,2
DA:107,2
DA:108,2
DA:109,2
DA:111,2
DA:112,2
DA:113,2
DA:114,2
DA:115,2
DA:116,2
DA:117,0
DA:118,0
DA:120,2
DA:121,2
DA:122,2
DA:124,2
DA:125,2
DA:126,0
DA:127,0
DA:128,2
DA:129,2
DA:130,2
DA:131,2
DA:132,2
DA:133,0
DA:134,2
DA:135,2
DA:136,2
DA:137,2
LF:105
LH:87
BRDA:39,0,0,12
BRDA:43,1,0,2
BRDA:46,2,0,0
BRDA:57,3,0,0
BRDA:63,4,0,2
BRDA:64,5,0,0
BRDA:82,6,0,0
BRDA:88,7,0,0
BRDA:97,8,0,0
BRDA:116,9,0,0
BRDA:124,10,0,2
BRDA:125,11,0,0
BRDA:129,12,0,0
BRDA:132,13,0,0
BRF:14
BRH:4
end_of_record
TN:
SF:src/telemetry/types.ts
FN:19,getDecisionFromOutcome
FN:37,<instance_members_initializer>
FN:52,StartSessionEvent
FN:83,<instance_members_initializer>
FN:87,EndSessionEvent
FN:95,<instance_members_initializer>
FN:102,UserPromptEvent
FN:118,<instance_members_initializer>
FN:129,ToolCallEvent
FN:146,<instance_members_initializer>
FN:152,ApiRequestEvent
FN:162,<instance_members_initializer>
FN:172,ApiErrorEvent
FN:194,<instance_members_initializer>
FN:210,ApiResponseEvent
FN:238,<instance_members_initializer>
FN:242,FlashFallbackEvent
FNF:17
FNH:13
FNDA:10,getDecisionFromOutcome
FNDA:47,<instance_members_initializer>
FNDA:47,StartSessionEvent
FNDA:0,<instance_members_initializer>
FNDA:0,EndSessionEvent
FNDA:2,<instance_members_initializer>
FNDA:2,UserPromptEvent
FNDA:15,<instance_members_initializer>
FNDA:15,ToolCallEvent
FNDA:4,<instance_members_initializer>
FNDA:4,ApiRequestEvent
FNDA:0,<instance_members_initializer>
FNDA:0,ApiErrorEvent
FNDA:3,<instance_members_initializer>
FNDA:3,ApiResponseEvent
FNDA:1,<instance_members_initializer>
FNDA:1,FlashFallbackEvent
DA:1,1
DA:10,1
DA:11,1
DA:13,1
DA:14,1
DA:15,1
DA:16,1
DA:19,1
DA:20,10
DA:21,10
DA:22,10
DA:23,10
DA:24,10
DA:25,10
DA:26,10
DA:27,5
DA:28,10
DA:29,2
DA:30,10
DA:31,10
DA:32,3
DA:33,10
DA:34,10
DA:36,1
DA:37,1
DA:38,47
DA:39,47
DA:40,47
DA:41,47
DA:42,47
DA:43,47
DA:44,47
DA:45,47
DA:46,47
DA:47,47
DA:48,47
DA:49,47
DA:50,47
DA:52,1
DA:53,47
DA:54,47
DA:56,47
DA:57,47
DA:58,47
DA:59,1
DA:60,1
DA:61,1
DA:63,47
DA:64,47
DA:65,47
DA:66,47
DA:67,47
DA:68,47
DA:69,47
DA:70,47
DA:71,47
DA:72,47
DA:73,47
DA:74,47
DA:75,47
DA:76,47
DA:77,47
DA:78,47
DA:79,47
DA:80,1
DA:82,1
DA:83,1
DA:84,0
DA:85,0
DA:87,1
DA:88,0
DA:89,0
DA:90,0
DA:91,0
DA:92,1
DA:94,1
DA:95,1
DA:96,2
DA:97,2
DA:98,2
DA:99,2
DA:100,2
DA:102,1
DA:103,2
DA:104,2
DA:105,2
DA:106,2
DA:107,2
DA:108,2
DA:109,2
DA:110,2
DA:111,2
DA:112,2
DA:113,2
DA:114,2
DA:115,1
DA:117,1
DA:118,1
DA:119,15
DA:120,15
DA:121,15
DA:122,15
DA:123,15
DA:124,15
DA:125,15
DA:126,15
DA:127,15
DA:129,1
DA:130,15
DA:131,15
DA:132,15
DA:133,15
DA:134,15
DA:135,15
DA:136,15
DA:137,10
DA:138,5
DA:139,15
DA:140,15
DA:141,15
DA:142,15
DA:143,1
DA:145,1
DA:146,1
DA:147,4
DA:148,4
DA:149,4
DA:150,4
DA:152,1
DA:153,4
DA:154,4
DA:155,4
DA:156,4
DA:157,4
DA:158,4
DA:159,1
DA:161,1
DA:162,1
DA:163,0
DA:164,0
DA:165,0
DA:166,0
DA:167,0
DA:168,0
DA:169,0
DA:170,0
DA:172,1
DA:173,0
DA:174,0
DA:175,0
DA:176,0
DA:177,0
DA:178,0
DA:179,0
DA:180,0
DA:181,0
DA:182,0
DA:183,0
DA:184,0
DA:185,0
DA:186,0
DA:187,0
DA:188,0
DA:189,0
DA:190,0
DA:191,1
DA:193,1
DA:194,1
DA:195,3
DA:196,3
DA:197,3
DA:198,3
DA:199,3
DA:200,3
DA:201,3
DA:202,3
DA:203,3
DA:204,3
DA:205,3
DA:206,3
DA:207,3
DA:208,3
DA:210,1
DA:211,3
DA:212,3
DA:213,3
DA:214,3
DA:215,3
DA:216,3
DA:217,3
DA:218,3
DA:219,3
DA:220,3
DA:221,3
DA:222,3
DA:223,3
DA:224,3
DA:225,3
DA:226,3
DA:227,3
DA:228,3
DA:229,3
DA:230,3
DA:231,3
DA:232,3
DA:233,3
DA:234,3
DA:235,1
DA:237,1
DA:238,1
DA:239,1
DA:240,1
DA:242,1
DA:243,1
DA:244,1
DA:245,1
DA:246,1
DA:247,1
LF:218
LH:186
BRDA:13,0,0,17
BRDA:19,1,0,10
BRDA:23,2,0,5
BRDA:24,3,0,5
BRDA:25,4,0,5
BRDA:26,5,0,5
BRDA:28,6,0,2
BRDA:30,7,0,3
BRDA:31,8,0,3
BRDA:37,9,0,47
BRDA:52,10,0,47
BRDA:58,11,0,1
BRDA:58,12,0,1
BRDA:68,13,0,46
BRDA:73,14,0,1
BRDA:73,15,0,46
BRDA:83,16,0,0
BRDA:95,17,0,2
BRDA:102,18,0,2
BRDA:118,19,0,15
BRDA:129,20,0,15
BRDA:134,21,0,0
BRDA:136,22,0,10
BRDA:137,23,0,5
BRDA:139,24,0,4
BRDA:140,25,0,4
BRDA:146,26,0,4
BRDA:152,27,0,4
BRDA:162,28,0,0
BRDA:194,29,0,3
BRDA:210,30,0,3
BRDA:224,31,0,2
BRDA:224,32,0,1
BRDA:225,33,0,2
BRDA:225,34,0,1
BRDA:226,35,0,2
BRDA:226,36,0,1
BRDA:227,37,0,2
BRDA:227,38,0,1
BRDA:228,39,0,2
BRDA:228,40,0,1
BRDA:229,41,0,2
BRDA:238,42,0,1
BRDA:242,43,0,1
BRF:44
BRH:41
end_of_record
TN:
SF:src/telemetry/uiTelemetry.ts
FN:70,createInitialModelMetrics
FN:86,createInitialMetrics
FN:103,<instance_members_initializer>
FN:106,addEvent
FN:128,getMetrics
FN:132,getLastPromptTokenCount
FN:136,getOrCreateModelMetrics
FN:143,processApiResponse
FN:159,processApiError
FN:166,processToolCall
FNF:10
FNH:10
FNDA:8,createInitialModelMetrics
FNDA:30,createInitialMetrics
FNDA:30,<instance_members_initializer>
FNDA:25,addEvent
FNDA:12,getMetrics
FNDA:4,getLastPromptTokenCount
FNDA:10,getOrCreateModelMetrics
FNDA:8,processApiResponse
FNDA:2,processApiError
FNDA:15,processToolCall
DA:1,1
DA:7,1
DA:8,1
DA:14,1
DA:70,1
DA:71,8
DA:72,8
DA:73,8
DA:74,8
DA:75,8
DA:76,8
DA:77,8
DA:78,8
DA:79,8
DA:80,8
DA:81,8
DA:82,8
DA:83,8
DA:84,8
DA:86,1
DA:87,30
DA:88,30
DA:89,30
DA:90,30
DA:91,30
DA:92,30
DA:93,30
DA:94,30
DA:95,30
DA:96,30
DA:97,30
DA:98,30
DA:99,30
DA:100,30
DA:102,1
DA:103,1
DA:104,30
DA:106,1
DA:107,25
DA:108,25
DA:109,8
DA:110,8
DA:111,25
DA:112,2
DA:113,2
DA:114,25
DA:115,15
DA:116,15
DA:117,25
DA:119,0
DA:120,25
DA:122,25
DA:123,25
DA:124,25
DA:125,25
DA:126,25
DA:128,1
DA:129,12
DA:130,12
DA:132,1
DA:133,4
DA:134,4
DA:136,1
DA:137,10
DA:138,8
DA:139,8
DA:140,10
DA:141,10
DA:143,1
DA:144,8
DA:146,8
DA:147,8
DA:149,8
DA:150,8
DA:151,8
DA:152,8
DA:153,8
DA:154,8
DA:156,8
DA:157,8
DA:159,1
DA:160,2
DA:161,2
DA:162,2
DA:163,2
DA:164,2
DA:166,1
DA:167,15
DA:168,15
DA:169,15
DA:171,15
DA:172,8
DA:173,14
DA:174,7
DA:175,7
DA:177,15
DA:178,11
DA:179,11
DA:180,11
DA:181,11
DA:182,11
DA:183,11
DA:184,11
DA:185,11
DA:186,11
DA:187,11
DA:188,11
DA:189,11
DA:191,15
DA:192,15
DA:193,15
DA:194,15
DA:195,8
DA:196,14
DA:197,7
DA:198,7
DA:200,15
DA:201,7
DA:202,7
DA:203,7
DA:204,15
DA:205,1
DA:207,1
LF:123
LH:122
BRDA:70,0,0,8
BRDA:86,1,0,30
BRDA:103,2,0,30
BRDA:106,3,0,25
BRDA:108,4,0,8
BRDA:111,5,0,2
BRDA:114,6,0,15
BRDA:117,7,0,0
BRDA:128,8,0,12
BRDA:132,9,0,4
BRDA:136,10,0,10
BRDA:137,11,0,8
BRDA:143,12,0,8
BRDA:159,13,0,2
BRDA:166,14,0,15
BRDA:171,15,0,14
BRDA:171,16,0,8
BRDA:173,17,0,7
BRDA:177,18,0,11
BRDA:194,19,0,14
BRDA:194,20,0,8
BRDA:196,21,0,7
BRDA:200,22,0,7
BRF:23
BRH:22
end_of_record
TN:
SF:src/telemetry/clearcut-logger/clearcut-logger.ts
FN:44,<static_initializer>
FN:45,<instance_members_initializer>
FN:51,ClearcutLogger
FN:55,getInstance
FN:65,enqueueLogEvent
FN:74,createLogEvent
FN:100,flushIfNeeded
FN:110,flushToClearcut
FN:167,decodeLogResponse
FN:205,logStartSessionEvent
FN:275,logNewPromptEvent
FN:295,logToolCallEvent
FN:332,logApiRequestEvent
FN:348,logApiResponseEvent
FN:405,logApiErrorEvent
FN:437,logFlashFallbackEvent
FN:451,logEndSessionEvent
FN:466,shutdown
FNF:18
FNH:15
[...]
FNF:10
FNH:7
FNDA:9,debug
FNDA:0,warn
FNDA:0,error
FNDA:55,findContextFileInDirectory
FNDA:11,findProjectRoot
FNDA:11,getContextFilePathsHierarchy
FNDA:0,getGeminiMdFilePathsInternal
FNDA:9,readGeminiMdFiles
FNDA:9,concatenateInstructions
FNDA:11,loadServerHierarchicalMemory
DA:1,1
DA:7,1
DA:8,1
DA:9,1
DA:10,1
DA:11,1
DA:12,1
DA:21,1
DA:25,1
DA:27,1
DA:28,9
DA:30,1
DA:32,1
DA:33,0
DA:34,1
DA:36,1
DA:47,55
DA:48,55
DA:49,55
DA:50,55
DA:52,55
DA:53,55
DA:56,55
DA:57,15
DA:58,15
DA:61,55
DA:62,152
DA:63,152
DA:64,152
DA:65,152
DA:66,0
DA:67,0
DA:70,152
DA:71,0
DA:72,0
DA:74,12
DA:75,152
DA:77,140
DA:78,152
DA:81,43
DA:82,43
DA:83,43
DA:84,0
DA:85,0
DA:86,0
DA:87,0
DA:88,55
DA:90,43
DA:92,43
DA:93,43
DA:95,11
DA:96,11
DA:97,11
DA:98,38
DA:99,38
DA:100,38
DA:101,3
DA:102,3
DA:103,3
DA:104,38
DA:107,35
DA:108,35
DA:109,35
DA:110,35
DA:111,0
DA:115,35
DA:117,35
DA:118,0
DA:119,0
DA:120,0
DA:121,0
DA:122,0
DA:123,0
DA:124,0
DA:125,0
DA:126,0
DA:127,0
DA:128,0
DA:129,35
DA:130,35
DA:131,38
DA:132,8
DA:133,8
DA:134,27
DA:135,27
DA:136,11
DA:142,11
DA:143,11
DA:144,11
DA:145,11
DA:146,11
DA:147,11
DA:148,11
DA:149,11
DA:150,11
DA:151,11
DA:154,11
DA:155,11
DA:158,11
DA:159,3
DA:160,3
DA:162,11
DA:163,1
DA:164,1
DA:165,1
DA:166,1
DA:169,11
DA:170,11
DA:172,11
DA:173,11
DA:174,11
DA:175,11
DA:177,11
DA:178,3
DA:179,3
DA:182,11
DA:183,11
DA:184,1
DA:185,1
DA:188,11
DA:189,11
DA:190,11
DA:191,3
DA:192,8
DA:194,11
DA:195,33
DA:196,3
DA:197,3
DA:200,33
DA:201,0
DA:202,0
DA:203,0
DA:204,0
DA:205,0
DA:206,0
DA:208,33
DA:209,33
DA:210,9
DA:211,9
DA:213,33
DA:214,11
DA:215,1
DA:216,1
DA:217,11
DA:218,11
DA:220,22
DA:221,22
DA:223,11
DA:227,11
DA:230,11
DA:231,36
DA:232,36
DA:233,36
DA:234,36
DA:235,36
DA:236,36
DA:238,36
DA:239,6
DA:241,6
DA:242,6
DA:243,4
DA:244,4
DA:245,6
DA:246,36
DA:249,11
DA:250,11
DA:251,11
DA:252,11
DA:253,11
DA:254,11
DA:256,11
DA:258,0
DA:259,0
DA:260,0
DA:262,0
DA:263,0
DA:264,0
DA:265,0
DA:266,0
DA:267,0
DA:270,11
DA:273,11
DA:274,1
DA:275,1
DA:277,11
DA:279,11
DA:280,1
DA:281,1
DA:283,11
DA:284,11
DA:289,0
DA:290,0
DA:291,0
DA:292,0
DA:293,0
DA:294,0
DA:295,0
DA:297,0
DA:298,0
DA:301,0
DA:302,0
DA:304,0
DA:305,0
DA:306,0
DA:307,0
DA:308,0
DA:309,0
DA:311,0
DA:312,0
DA:317,9
DA:318,9
DA:319,9
DA:320,9
DA:321,9
DA:322,9
DA:323,17
DA:324,17
DA:327,17
DA:328,17
DA:329,17
DA:330,17
DA:331,17
DA:333,17
DA:334,17
DA:335,17
DA:336,0
DA:337,0
DA:338,17
DA:339,0
DA:340,0
DA:341,0
DA:342,0
DA:343,0
DA:344,0
DA:345,0
DA:346,0
DA:347,0
DA:348,0
DA:349,17
DA:350,9
DA:351,9
DA:356,9
DA:357,9
DA:359,9
DA:360,9
DA:361,9
DA:362,9
DA:363,9
DA:364,17
DA:365,17
DA:366,0
DA:367,0
DA:368,17
DA:369,17
DA:370,0
DA:371,17
DA:372,9
DA:373,9
DA:374,9
DA:375,9
DA:383,11
DA:384,11
DA:385,11
DA:386,11
DA:387,11
DA:388,11
DA:391,11
DA:392,11
DA:393,11
DA:394,11
DA:395,11
DA:396,11
DA:397,11
DA:399,11
DA:400,2
DA:401,2
DA:403,9
DA:404,9
DA:405,9
DA:407,9
DA:408,9
LF:281
LH:211
BRDA:27,0,0,9
BRDA:47,1,0,55
BRDA:56,2,0,15
BRDA:61,3,0,152
BRDA:64,4,0,12
BRDA:65,5,0,0
BRDA:67,6,0,12
BRDA:70,7,0,0
BRDA:70,8,0,0
BRDA:72,9,0,12
BRDA:75,10,0,140
BRDA:78,11,0,43
BRDA:83,12,0,0
BRDA:88,13,0,43
BRDA:95,14,0,11
BRDA:97,15,0,38
BRDA:100,16,0,3
BRDA:104,17,0,35
BRDA:110,18,0,0
BRDA:115,19,0,0
BRDA:117,20,0,0
BRDA:131,21,0,8
BRDA:133,22,0,27
BRDA:142,23,0,11
BRDA:158,24,0,3
BRDA:162,25,0,1
BRDA:177,26,0,3
BRDA:183,27,0,1
BRDA:190,28,0,3
BRDA:191,29,0,8
BRDA:194,30,0,33
BRDA:194,31,0,33
BRDA:195,32,0,3
BRDA:200,33,0,0
BRDA:209,34,0,9
BRDA:209,35,0,9
BRDA:213,36,0,11
BRDA:214,37,0,1
BRDA:218,38,0,22
BRDA:230,39,0,36
BRDA:238,40,0,6
BRDA:242,41,0,4
BRDA:256,42,0,0
BRDA:273,43,0,1
BRDA:279,44,0,1
BRDA:223,45,0,9
BRDA:242,46,0,8
BRDA:270,47,0,4
BRDA:317,48,0,9
BRDA:322,49,0,17
BRDA:335,50,0,0
BRDA:338,51,0,0
BRDA:356,52,0,9
BRDA:362,53,0,17
BRDA:363,54,0,17
BRDA:365,55,0,0
BRDA:369,56,0,0
BRDA:373,57,0,17
BRDA:383,58,0,11
BRDA:399,59,0,2
BRDA:401,60,0,9
BRDA:405,61,0,17
BRF:62
BRH:49
end_of_record
TN:
SF:src/utils/memoryDiscoveryNew.ts
FN:1,(empty-report)
FNF:1
FNH:0
FNDA:0,(empty-report)
DA:1,0
DA:7,0
DA:14,0
DA:15,0
DA:17,0
DA:18,0
DA:19,0
DA:24,0
DA:25,0
DA:26,0
DA:27,0
DA:28,0
DA:29,0
DA:30,0
DA:31,0
DA:32,0
DA:33,0
DA:34,0
DA:35,0
DA:36,0
DA:38,0
DA:39,0
DA:40,0
DA:41,0
DA:42,0
DA:44,0
DA:45,0
DA:46,0
DA:47,0
DA:48,0
DA:49,0
DA:50,0
DA:55,0
DA:56,0
DA:57,0
DA:62,0
DA:63,0
DA:64,0
DA:65,0
DA:70,0
DA:71,0
DA:72,0
DA:77,0
DA:78,0
DA:79,0
DA:80,0
DA:81,0
DA:82,0
DA:83,0
DA:84,0
DA:85,0
DA:86,0
DA:87,0
DA:88,0
DA:89,0
DA:90,0
DA:95,0
DA:96,0
DA:98,0
DA:100,0
DA:102,0
DA:103,0
DA:104,0
DA:105,0
DA:110,0
DA:111,0
DA:112,0
DA:113,0
DA:114,0
DA:115,0
DA:116,0
DA:117,0
DA:118,0
DA:119,0
DA:120,0
DA:121,0
DA:122,0
DA:123,0
DA:128,0
LF:79
LH:0
BRDA:1,0,0,0
BRF:1
BRH:0
end_of_record
TN:
SF:src/utils/memoryImportProcessor.ts
FN:13,debug
FN:16,warn
FN:18,error
FN:42,processImports
FN:198,validateImportPath
FNF:5
FNH:5
FNDA:16,debug
FNDA:3,warn
FNDA:1,error
FNDA:32,processImports
FNDA:27,validateImportPath
DA:1,1
DA:7,1
DA:8,1
DA:11,1
DA:13,1
DA:14,16
DA:16,1
DA:18,1
DA:19,1
DA:20,1
DA:42,32
DA:43,32
DA:44,32
DA:45,32
DA:46,32
DA:47,32
DA:48,32
DA:49,32
DA:50,32
DA:51,32
DA:52,32
DA:53,1
DA:54,1
DA:55,1
DA:56,1
DA:57,1
DA:58,1
DA:59,1
DA:63,31
DA:65,31
DA:66,31
DA:69,32
DA:70,11
DA:73,11
DA:74,1
DA:75,1
DA:76,1
DA:77,1
DA:78,1
DA:79,1
DA:82,11
DA:83,1
DA:84,1
DA:85,1
DA:87,1
DA:88,1
DA:89,1
DA:90,1
DA:91,1
DA:92,1
DA:94,9
DA:96,9
DA:97,9
DA:98,9
DA:101,11
DA:102,1
DA:103,1
DA:104,1
DA:106,1
DA:107,1
DA:108,1
DA:109,1
DA:110,1
DA:111,1
DA:114,11
DA:115,0
DA:116,0
DA:117,0
DA:119,0
DA:120,0
DA:121,0
DA:122,0
DA:123,0
DA:124,0
DA:127,11
DA:128,3
DA:129,3
DA:130,3
DA:131,0
DA:132,0
DA:133,0
DA:135,0
DA:136,0
DA:137,0
DA:138,0
DA:139,0
DA:140,0
DA:141,3
DA:143,8
DA:145,8
DA:148,7
DA:150,7
DA:151,7
DA:152,7
DA:155,7
DA:156,7
DA:157,7
DA:158,7
DA:159,7
DA:160,7
DA:161,7
DA:162,7
DA:163,7
DA:164,7
DA:165,7
DA:168,7
DA:169,7
DA:170,7
DA:171,7
DA:172,11
DA:173,1
DA:174,1
DA:175,1
DA:176,1
DA:177,1
DA:180,1
DA:181,1
DA:182,1
DA:183,1
DA:184,1
DA:185,11
DA:187,31
DA:188,31
DA:198,1
DA:199,27
DA:200,27
DA:201,27
DA:202,27
DA:204,27
DA:205,3
DA:206,3
DA:208,24
DA:210,24
DA:211,26
DA:212,26
DA:213,24
DA:214,24
LF:137
LH:119
BRDA:13,0,0,16
BRDA:16,1,0,3
BRDA:18,2,0,1
BRDA:42,3,0,32
BRDA:52,4,0,1
BRDA:59,5,0,31
BRDA:69,6,0,11
BRDA:73,7,0,1
BRDA:79,8,0,10
BRDA:82,9,0,1
BRDA:92,10,0,9
BRDA:101,11,0,1
BRDA:111,12,0,8
BRDA:114,13,0,0
BRDA:124,14,0,8
BRDA:127,15,0,3
BRDA:130,16,0,0
BRDA:141,17,0,8
BRDA:145,18,0,7
BRDA:172,19,0,1
BRDA:174,20,0,0
BRDA:185,21,0,31
BRDA:198,22,0,27
BRDA:204,23,0,3
BRDA:206,24,0,24
BRDA:210,25,0,26
BRF:26
BRH:23
end_of_record
TN:
SF:src/utils/messageInspectors.ts
FN:9,isFunctionResponse
FN:17,isFunctionCall
FNF:2
FNH:2
FNDA:15,isFunctionResponse
FNDA:1,isFunctionCall
DA:1,1
DA:9,1
DA:10,15
DA:11,15
DA:12,6
DA:13,6
DA:15,15
DA:17,1
DA:18,1
DA:19,1
DA:20,1
DA:21,1
DA:23,1
LF:13
LH:13
BRDA:9,0,0,15
BRDA:11,1,0,6
BRDA:12,2,0,6
BRDA:13,3,0,6
BRDA:17,4,0,1
BRDA:21,5,0,1
BRF:6
BRH:6
end_of_record
TN:
SF:src/utils/nextSpeakerChecker.ts
FN:62,checkNextSpeaker
FNF:1
FNH:1
FNDA:10,checkNextSpeaker
DA:1,1
DA:7,1
DA:8,1
DA:11,1
DA:13,1
DA:39,1
DA:40,1
DA:41,1
DA:42,1
DA:43,1
DA:44,1
DA:45,1
DA:46,1
DA:47,1
DA:48,1
DA:49,1
DA:50,1
DA:51,1
DA:52,1
DA:53,1
DA:54,1
DA:55,1
DA:62,10
DA:63,10
DA:64,10
DA:65,10
DA:66,10
DA:71,10
DA:74,10
DA:76,1
DA:77,1
DA:79,9
DA:83,10
DA:84,0
DA:85,0
DA:86,9
DA:87,9
DA:91,9
DA:92,9
DA:93,9
DA:94,10
DA:95,0
DA:96,0
DA:97,0
DA:98,0
DA:99,0
DA:100,0
DA:102,9
DA:103,9
DA:104,9
DA:105,8
DA:106,8
DA:107,10
DA:108,0
DA:109,0
DA:110,0
DA:111,0
DA:112,0
DA:113,0
DA:114,0
DA:118,9
DA:119,10
DA:122,1
DA:123,1
DA:125,8
DA:126,8
DA:127,8
DA:128,8
DA:130,8
DA:131,8
DA:132,8
DA:133,8
DA:134,8
DA:135,8
DA:136,8
DA:138,7
DA:139,7
DA:140,7
DA:141,6
DA:142,10
DA:143,4
DA:144,4
DA:145,3
DA:146,10
DA:147,1
DA:148,1
DA:149,1
DA:150,1
DA:151,1
DA:152,1
DA:153,10
LF:91
LH:76
BRDA:62,0,0,10
BRDA:74,1,0,1
BRDA:77,2,0,9
BRDA:83,3,0,0
BRDA:85,4,0,9
BRDA:94,5,0,0
BRDA:100,6,0,9
BRDA:104,7,0,8
BRDA:105,8,0,8
BRDA:107,9,0,0
BRDA:114,10,0,9
BRDA:119,11,0,1
BRDA:123,12,0,8
BRDA:136,13,0,7
BRDA:140,14,0,6
BRDA:142,15,0,4
BRDA:144,16,0,3
BRDA:146,17,0,1
BRF:18
BRH:15
end_of_record
TN:
SF:src/utils/paths.ts
FN:20,tildeifyPath
FN:32,shortenPath
FN:107,makeRelative
FN:123,escapePath
FN:139,unescapePath
FN:148,getProjectHash
FN:157,getProjectTempDir
FNF:7
FNH:4
FNDA:0,tildeifyPath
FNDA:19,shortenPath
FNDA:19,makeRelative
FNDA:0,escapePath
FNDA:0,unescapePath
FNDA:39,getProjectHash
FNDA:31,getProjectTempDir
DA:1,1
DA:7,1
DA:8,1
DA:9,1
DA:11,1
DA:12,1
DA:13,1
DA:20,1
DA:21,0
DA:22,0
DA:23,0
DA:24,0
DA:25,0
DA:26,0
DA:32,1
DA:33,19
DA:34,18
DA:35,18
DA:37,1
DA:38,1
DA:39,1
DA:42,1
DA:43,1
DA:46,5
DA:48,0
DA:50,0
DA:51,0
DA:52,0
DA:53,0
DA:54,0
DA:55,0
DA:56,0
DA:58,1
DA:59,1
DA:60,1
DA:62,1
DA:64,1
DA:67,1
DA:68,1
DA:70,1
DA:72,1
DA:73,0
DA:74,0
DA:75,1
DA:76,1
DA:77,1
DA:78,1
DA:80,1
DA:82,5
DA:83,0
DA:84,0
DA:87,1
DA:91,1
DA:92,1
DA:93,1
DA:95,0
DA:96,0
DA:107,1
DA:108,19
DA:109,19
DA:110,19
DA:111,19
DA:112,19
DA:114,19
DA:117,19
DA:118,19
DA:123,1
DA:124,0
DA:125,0
DA:127,0
DA:128,0
DA:129,0
DA:130,0
DA:131,0
DA:132,0
DA:133,0
DA:134,0
DA:139,1
DA:140,0
DA:141,0
DA:148,1
DA:149,39
DA:150,39
DA:157,1
DA:158,31
DA:159,31
DA:160,31
LF:87
LH:55
BRDA:32,0,0,19
BRDA:33,1,0,18
BRDA:35,2,0,5
BRDA:35,3,0,1
BRDA:46,4,0,0
BRDA:56,5,0,1
BRDA:72,6,0,0
BRDA:82,7,0,0
BRDA:84,8,0,1
BRDA:93,9,0,0
BRDA:43,10,0,2
BRDA:107,11,0,19
BRDA:117,12,0,1
BRDA:148,13,0,39
BRDA:157,14,0,31
BRF:15
BRH:11
end_of_record
TN:
SF:src/utils/quotaErrorDetection.ts
FN:21,isApiError
FN:31,isStructuredError
FN:40,isProQuotaExceededError
FN:47,checkMessage
FN:98,isGenericQuotaExceededError
FNF:5
FNH:4
FNDA:0,isApiError
FNDA:33,isStructuredError
FNDA:22,isProQuotaExceededError
FNDA:22,checkMessage
FNDA:11,isGenericQuotaExceededError
DA:1,1
DA:21,1
DA:22,0
DA:23,0
DA:24,0
DA:25,0
DA:26,0
DA:27,0
DA:29,0
DA:31,1
DA:32,33
DA:33,33
DA:34,33
DA:35,33
DA:36,33
DA:38,33
DA:40,1
DA:47,22
DA:48,22
DA:49,0
DA:51,22
DA:52,0
DA:53,0
DA:55,22
DA:56,22
DA:57,22
DA:59,0
DA:60,0
DA:61,0
DA:64,22
DA:65,0
DA:70,0
DA:71,0
DA:72,0
DA:73,0
DA:74,0
DA:75,0
DA:76,0
DA:77,0
DA:78,0
DA:79,0
DA:80,0
DA:81,0
DA:82,0
DA:83,0
DA:86,0
DA:87,0
DA:88,0
DA:89,0
DA:91,0
DA:92,0
DA:93,0
DA:94,0
DA:95,0
DA:96,0
DA:98,1
DA:99,11
DA:100,0
DA:101,0
DA:103,11
DA:104,11
DA:105,11
DA:107,0
DA:108,0
DA:109,0
DA:111,0
DA:112,0
LF:67
LH:22
BRDA:31,0,0,33
BRDA:40,1,0,22
BRDA:51,2,0,0
BRDA:57,3,0,0
BRDA:64,4,0,0
BRDA:64,5,0,0
BRDA:47,6,0,22
BRDA:48,7,0,0
BRDA:98,8,0,11
BRDA:99,9,0,0
BRDA:105,10,0,0
BRF:11
BRH:4
end_of_record
TN:
SF:src/utils/retry.ts
FN:38,defaultShouldRetry
FN:58,delay
FN:69,retryWithBackoff
FN:219,getErrorStatus
FN:246,getRetryAfterDelayMs
FN:284,getDelayDurationAndStatus
FN:303,logRetryAttempt
FNF:7
FNH:7
FNDA:19,defaultShouldRetry
FNDA:23,delay
FNDA:22,retryWithBackoff
FNDA:59,getErrorStatus
FNDA:13,getRetryAfterDelayMs
FNDA:23,getDelayDurationAndStatus
FNDA:23,logRetryAttempt
DA:1,1
DA:7,1
DA:8,1
DA:25,1
DA:26,1
DA:27,1
DA:28,1
DA:29,1
DA:30,1
DA:38,19
DA:40,19
DA:41,19
DA:42,19
DA:43,18
DA:44,18
DA:45,19
DA:46,19
DA:47,1
DA:48,1
DA:49,1
DA:50,1
DA:51,1
DA:58,23
DA:59,23
DA:60,23
DA:69,22
DA:70,22
DA:71,22
DA:72,22
DA:73,22
DA:74,22
DA:75,22
DA:76,22
DA:77,22
DA:78,22
DA:79,22
DA:80,22
DA:81,22
DA:82,22
DA:83,22
DA:85,22
DA:86,22
DA:87,22
DA:89,22
DA:90,49
DA:91,49
DA:92,49
DA:93,49
DA:94,36
DA:97,36
DA:98,36
DA:99,21
DA:100,11
DA:101,0
DA:102,36
DA:103,0
DA:104,0
DA:105,0
DA:107,0
DA:108,0
DA:109,0
DA:111,0
DA:112,0
DA:114,0
DA:115,0
DA:116,0
DA:118,0
DA:119,0
DA:120,0
DA:123,36
DA:124,36
DA:125,21
DA:126,11
DA:127,11
DA:128,0
DA:129,36
DA:130,0
DA:131,0
DA:132,0
DA:134,0
DA:135,0
DA:136,0
DA:138,0
DA:139,0
DA:141,0
DA:142,0
DA:143,0
DA:145,0
DA:146,0
DA:147,0
DA:150,36
DA:151,21
DA:152,36
DA:153,15
DA:154,15
DA:157,36
DA:158,36
DA:159,13
DA:160,12
DA:161,36
DA:162,6
DA:163,6
DA:164,6
DA:166,4
DA:167,4
DA:168,4
DA:170,4
DA:171,6
DA:173,2
DA:174,2
DA:175,6
DA:177,2
DA:178,2
DA:179,6
DA:182,36
DA:183,9
DA:184,9
DA:186,23
DA:187,23
DA:189,36
DA:191,0
DA:192,0
DA:193,0
DA:194,0
DA:195,0
DA:197,0
DA:198,36
DA:200,23
DA:202,23
DA:203,23
DA:204,23
DA:205,23
DA:206,23
DA:207,36
DA:208,49
DA:211,0
DA:212,0
DA:219,59
DA:220,59
DA:221,59
DA:222,58
DA:223,58
DA:225,1
DA:226,1
DA:227,0
DA:228,0
DA:229,59
DA:230,0
DA:231,0
DA:232,0
DA:233,0
DA:234,0
DA:235,0
DA:236,0
DA:237,59
DA:238,1
DA:239,1
DA:246,13
DA:247,13
DA:249,13
DA:250,13
DA:251,0
DA:252,0
DA:253,13
DA:254,0
DA:255,0
DA:256,0
DA:257,0
DA:258,0
DA:259,0
DA:260,0
DA:261,0
DA:262,0
DA:263,0
DA:264,0
DA:265,0
DA:266,0
DA:268,0
DA:269,0
DA:270,0
DA:271,0
DA:272,0
DA:273,0
DA:274,0
DA:275,13
DA:276,13
DA:277,13
DA:284,23
DA:287,23
DA:288,23
DA:289,23
DA:291,23
DA:292,13
DA:293,13
DA:294,23
DA:295,23
DA:303,23
DA:304,23
DA:305,23
DA:306,23
DA:307,23
DA:308,23
DA:309,23
DA:310,23
DA:311,23
DA:313,23
DA:314,13
DA:315,23
DA:316,10
DA:317,10
DA:319,0
DA:320,0
DA:321,0
DA:322,0
DA:323,0
DA:324,0
DA:325,0
DA:326,0
DA:327,0
DA:328,0
DA:329,0
DA:330,0
DA:331,0
DA:332,0
DA:333,0
DA:334,0
DA:335,23
LF:227
LH:142
BRDA:38,0,0,19
BRDA:42,1,0,11
BRDA:42,2,0,10
BRDA:42,3,0,18
BRDA:45,4,0,1
BRDA:46,5,0,1
BRDA:47,6,0,0
BRDA:48,7,0,0
BRDA:58,8,0,23
BRDA:59,9,0,23
BRDA:69,10,0,22
BRDA:89,11,0,49
BRDA:93,12,0,36
BRDA:98,13,0,21
BRDA:99,14,0,11
BRDA:100,15,0,0
BRDA:102,16,0,0
BRDA:124,17,0,21
BRDA:125,18,0,11
BRDA:126,19,0,11
BRDA:127,20,0,0
BRDA:129,21,0,0
BRDA:150,22,0,21
BRDA:152,23,0,15
BRDA:158,24,0,13
BRDA:159,25,0,12
BRDA:161,26,0,6
BRDA:164,27,0,4
BRDA:171,28,0,2
BRDA:175,29,0,2
BRDA:179,30,0,32
BRDA:182,31,0,25
BRDA:182,32,0,9
BRDA:184,33,0,23
BRDA:189,34,0,0
BRDA:198,35,0,23
BRDA:208,36,0,0
BRDA:219,37,0,59
BRDA:221,38,0,58
BRDA:221,39,0,58
BRDA:223,40,0,47
BRDA:223,41,0,1
BRDA:226,42,0,0
BRDA:227,43,0,0
BRDA:229,44,0,0
BRDA:237,45,0,1
BRDA:246,46,0,13
BRDA:250,47,0,0
BRDA:251,48,0,0
BRDA:253,49,0,0
BRDA:284,50,0,23
BRDA:291,51,0,13
BRDA:303,52,0,23
BRDA:313,53,0,13
BRDA:315,54,0,10
BRDA:317,55,0,0
BRF:56
BRH:41
end_of_record
TN:
SF:src/utils/safeJsonStringify.ts
FN:14,safeJsonStringify
FNF:1
FNH:1
FNDA:133,safeJsonStringify
DA:1,1
DA:14,1
DA:15,133
DA:16,133
DA:17,133
DA:18,133
DA:19,133
DA:20,133
DA:21,133
DA:22,3418
DA:23,1291
DA:24,4
DA:25,4
DA:26,1287
DA:27,1287
DA:28,3414
DA:29,3418
DA:30,133
DA:31,133
DA:32,133
LF:20
LH:20
BRDA:14,0,0,133
BRDA:21,1,0,3418
BRDA:22,2,0,1292
BRDA:22,3,0,1291
BRDA:23,4,0,4
BRDA:25,5,0,1287
BRDA:27,6,0,3414
BRF:7
BRH:7
end_of_record
TN:
SF:src/utils/schemaValidator.ts
FN:20,validate
FN:40,toObjectSchema
FNF:2
FNH:2
FNDA:117,validate
FNDA:613,toObjectSchema
DA:1,1
DA:8,1
DA:10,1
DA:15,1
DA:20,1
DA:21,117
DA:22,0
DA:23,0
DA:24,117
DA:25,0
DA:26,0
DA:27,117
DA:28,117
DA:29,117
DA:30,10
DA:31,10
DA:32,107
DA:33,117
DA:40,1
DA:41,613
DA:42,613
DA:43,0
DA:44,0
DA:45,613
DA:46,66
DA:47,66
DA:48,613
DA:49,117
DA:50,117
DA:51,430
DA:52,430
DA:53,117
DA:54,117
DA:55,613
DA:56,613
DA:57,613
DA:58,613
DA:59,22
DA:60,22
DA:61,613
DA:62,66
DA:63,66
DA:64,613
DA:65,613
DA:66,1
LF:45
LH:39
BRDA:20,0,0,117
BRDA:21,1,0,0
BRDA:24,2,0,0
BRDA:29,3,0,10
BRDA:29,4,0,10
BRDA:31,5,0,107
BRDA:40,6,0,613
BRDA:42,7,0,0
BRDA:42,8,0,0
BRDA:45,9,0,66
BRDA:48,10,0,117
BRDA:48,11,0,117
BRDA:50,12,0,430
BRDA:58,13,0,22
BRDA:61,14,0,66
BRF:15
BRH:11
end_of_record
TN:
SF:src/utils/session.ts
FNF:0
FNH:0
DA:1,1
DA:7,1
DA:9,1
LF:3
LH:3
BRF:0
BRH:0
end_of_record
TN:
SF:src/utils/summarizer.ts
FN:37,defaultSummarizer
FN:44,partToString
FN:60,getResponseText
FN:96,llmSummarizer
FN:103,summarizeToolOutput
FNF:5
FNH:5
FNDA:1,defaultSummarizer
FNDA:3,partToString
FNDA:4,getResponseText
FNDA:2,llmSummarizer
FNDA:7,summarizeToolOutput
DA:1,1
DA:14,1
DA:37,1
DA:38,1
DA:39,1
DA:40,1
DA:41,1
DA:44,3
DA:45,3
DA:46,0
DA:47,0
DA:48,3
DA:49,1
DA:50,1
DA:51,3
DA:52,1
DA:53,1
DA:54,1
DA:55,1
DA:56,1
DA:57,0
DA:58,0
DA:60,4
DA:61,4
DA:62,4
DA:63,4
DA:64,4
DA:65,4
DA:66,4
DA:67,4
DA:68,4
DA:69,4
DA:70,4
DA:71,4
DA:72,4
DA:73,4
DA:74,0
DA:75,0
DA:77,1
DA:78,1
DA:79,1
DA:80,1
DA:82,1
DA:96,1
DA:97,2
DA:98,2
DA:99,2
DA:100,2
DA:101,2
DA:103,7
DA:104,7
DA:105,7
DA:106,7
DA:107,7
DA:108,7
DA:109,7
DA:110,2
DA:111,2
DA:112,5
DA:113,5
DA:114,5
DA:115,5
DA:117,5
DA:119,5
DA:120,5
DA:121,5
DA:122,5
DA:123,5
DA:124,5
DA:125,5
DA:126,7
DA:127,7
DA:128,1
DA:129,1
DA:130,1
DA:131,7
LF:76
LH:70
BRDA:37,0,0,1
BRDA:44,1,0,3
BRDA:45,2,0,0
BRDA:48,3,0,1
BRDA:50,4,0,2
BRDA:51,5,0,1
BRDA:55,6,0,0
BRDA:56,7,0,0
BRDA:60,8,0,4
BRDA:73,9,0,0
BRDA:69,10,0,4
BRDA:70,11,0,4
BRDA:96,12,0,2
BRDA:103,13,0,7
BRDA:109,14,0,6
BRDA:109,15,0,2
BRDA:111,16,0,5
BRDA:125,17,0,4
BRDA:126,18,0,0
BRDA:127,19,0,1
BRF:20
BRH:15
end_of_record
TN:
SF:src/utils/testUtils.ts
FN:20,shouldSimulate429
FN:44,resetRequestCounter
FN:51,disableSimulationAfterFallback
FN:58,createSimulated429Error
FN:69,resetSimulationState
FN:77,setSimulate429
FNF:6
FNH:5
FNDA:2,shouldSimulate429
FNDA:119,resetRequestCounter
FNDA:1,disableSimulationAfterFallback
FNDA:3,createSimulated429Error
FNDA:0,resetSimulationState
FNDA:115,setSimulate429
DA:1,1
DA:11,1
DA:12,1
DA:13,1
DA:14,1
DA:15,1
DA:20,1
DA:21,2
DA:22,1
DA:23,1
DA:26,2
DA:27,0
DA:28,0
DA:30,1
DA:33,2
DA:34,0
DA:35,0
DA:38,1
DA:39,1
DA:44,1
DA:45,119
DA:46,119
DA:51,1
DA:52,1
DA:53,1
DA:58,1
DA:59,3
DA:62,3
DA:63,3
DA:64,3
DA:69,1
DA:70,0
DA:71,0
DA:72,0
DA:77,1
DA:78,115
DA:79,115
DA:80,115
DA:81,115
DA:82,115
DA:83,115
DA:84,115
DA:85,115
DA:86,115
DA:87,115
LF:45
LH:38
BRDA:20,0,0,2
BRDA:21,1,0,1
BRDA:26,2,0,0
BRDA:26,3,0,0
BRDA:28,4,0,1
BRDA:33,5,0,0
BRDA:35,6,0,1
BRDA:44,7,0,119
BRDA:51,8,0,1
BRDA:58,9,0,3
BRDA:77,10,0,115
BRF:11
BRH:8
end_of_record
TN:
SF:src/utils/user_account.ts
FN:17,getGoogleAccountsCachePath
FN:21,readAccounts
FN:39,cacheGoogleAccount
FN:58,getCachedGoogleAccount
FN:76,getLifetimeGoogleAccounts
FN:99,clearCachedGoogleAccount
FNF:6
FNH:6
FNDA:159,getGoogleAccountsCachePath
FNDA:9,readAccounts
FNDA:7,cacheGoogleAccount
FNDA:75,getCachedGoogleAccount
FNDA:75,getLifetimeGoogleAccounts
FNDA:2,clearCachedGoogleAccount
DA:1,1
DA:7,1
DA:8,1
DA:9,1
DA:10,1
DA:17,159
DA:18,159
DA:19,159
DA:21,9
DA:22,9
DA:23,9
DA:24,9
DA:25,1
DA:26,1
DA:27,6
DA:28,8
DA:29,3
DA:31,2
DA:32,2
DA:34,1
DA:35,1
DA:36,1
DA:37,9
DA:39,7
DA:40,7
DA:41,7
DA:43,7
DA:45,7
DA:46,3
DA:47,3
DA:48,3
DA:49,3
DA:52,7
DA:54,7
DA:55,7
DA:56,6
DA:58,1
DA:59,75
DA:60,75
DA:61,75
DA:62,73
DA:63,73
DA:64,1
DA:65,1
DA:66,72
DA:67,72
DA:68,72
DA:69,2
DA:70,3
DA:71,1
DA:72,1
DA:73,1
DA:74,75
DA:76,1
DA:77,75
DA:78,75
DA:79,75
DA:80,1
DA:81,1
DA:83,74
DA:84,75
DA:85,1
DA:86,1
DA:87,73
DA:88,73
DA:89,75
DA:90,71
DA:91,71
DA:92,72
DA:93,75
DA:94,1
DA:95,1
DA:96,1
DA:97,75
DA:99,2
DA:100,2
DA:101,2
DA:102,0
DA:103,0
DA:105,2
DA:107,2
DA:108,1
DA:109,1
DA:110,1
DA:111,1
DA:112,1
DA:114,2
DA:115,2
LF:88
LH:86
BRDA:17,0,0,159
BRDA:21,1,0,9
BRDA:23,2,0,7
BRDA:24,3,0,1
BRDA:26,4,0,8
BRDA:26,5,0,6
BRDA:28,6,0,3
BRDA:29,7,0,2
BRDA:29,8,0,2
BRDA:32,9,0,1
BRDA:39,10,0,7
BRDA:45,11,0,3
BRDA:45,12,0,3
BRDA:55,13,0,6
BRDA:52,14,0,6
BRDA:58,15,0,75
BRDA:61,16,0,73
BRDA:63,17,0,1
BRDA:65,18,0,72
BRDA:68,19,0,3
BRDA:68,20,0,2
BRDA:70,21,0,1
BRDA:76,22,0,75
BRDA:79,23,0,1
BRDA:81,24,0,74
BRDA:84,25,0,1
BRDA:86,26,0,73
BRDA:89,27,0,71
BRDA:91,28,0,72
BRDA:93,29,0,1
BRDA:99,30,0,2
BRDA:101,31,0,0
BRDA:107,32,0,1
BRF:33
BRH:32
end_of_record
TN:
SF:src/utils/user_id.ts
FN:17,ensureGeminiDirExists
FN:23,readInstallationIdFromFile
FN:31,writeInstallationIdToFile
FN:40,getInstallationId
FNF:4
FNH:3
FNDA:2,ensureGeminiDirExists
FNDA:2,readInstallationIdFromFile
FNDA:0,writeInstallationIdToFile
FNDA:2,getInstallationId
DA:1,1
DA:7,1
DA:8,1
DA:9,1
DA:10,1
DA:11,1
DA:13,1
DA:14,1
DA:15,1
DA:17,2
DA:18,2
DA:19,0
DA:20,0
DA:21,2
DA:23,2
DA:24,2
DA:25,2
DA:26,2
DA:27,2
DA:28,0
DA:29,0
DA:31,0
DA:32,0
DA:33,0
DA:40,1
DA:41,2
DA:42,2
DA:43,2
DA:45,2
DA:46,0
DA:47,0
DA:48,0
DA:50,2
DA:51,2
DA:52,0
DA:53,0
DA:54,0
DA:55,0
DA:56,0
DA:57,0
DA:58,2
LF:41
LH:25
BRDA:13,0,0,0
BRDA:17,1,0,2
BRDA:18,2,0,0
BRDA:23,3,0,2
BRDA:26,4,0,0
BRDA:27,5,0,0
BRDA:40,6,0,2
BRDA:45,7,0,0
BRDA:51,8,0,0
BRF:9
BRH:3
end_of_record
