{"total": {"lines":{"total":15548,"covered":11241,"skipped":0,"pct":72.29},"statements":{"total":15548,"covered":11241,"skipped":0,"pct":72.29},"functions":{"total":318,"covered":241,"skipped":0,"pct":75.78},"branches":{"total":2245,"covered":1782,"skipped":0,"pct":79.37},"branchesTrue":{"total":0,"covered":0,"skipped":0,"pct":100}}
,"/Users/alexanderhuth/Code/yelm/packages/cli/src/nonInteractiveCli.ts": {"lines":{"total":139,"covered":127,"skipped":0,"pct":91.36},"functions":{"total":2,"covered":2,"skipped":0,"pct":100},"statements":{"total":139,"covered":127,"skipped":0,"pct":91.36},"branches":{"total":28,"covered":19,"skipped":0,"pct":67.85}}
,"/Users/alexanderhuth/Code/yelm/packages/cli/src/yelm.tsx": {"lines":{"total":267,"covered":50,"skipped":0,"pct":18.72},"functions":{"total":6,"covered":1,"skipped":0,"pct":16.66},"statements":{"total":267,"covered":50,"skipped":0,"pct":18.72},"branches":{"total":7,"covered":1,"skipped":0,"pct":14.28}}
,"/Users/alexanderhuth/Code/yelm/packages/cli/src/config/auth.ts": {"lines":{"total":29,"covered":29,"skipped":0,"pct":100},"functions":{"total":1,"covered":1,"skipped":0,"pct":100},"statements":{"total":29,"covered":29,"skipped":0,"pct":100},"branches":{"total":13,"covered":13,"skipped":0,"pct":100}}
,"/Users/alexanderhuth/Code/yelm/packages/cli/src/config/config.ts": {"lines":{"total":323,"covered":313,"skipped":0,"pct":96.9},"functions":{"total":8,"covered":5,"skipped":0,"pct":62.5},"statements":{"total":323,"covered":313,"skipped":0,"pct":96.9},"branches":{"total":49,"covered":42,"skipped":0,"pct":85.71}}
,"/Users/alexanderhuth/Code/yelm/packages/cli/src/config/extension.ts": {"lines":{"total":120,"covered":98,"skipped":0,"pct":81.66},"functions":{"total":5,"covered":5,"skipped":0,"pct":100},"statements":{"total":120,"covered":98,"skipped":0,"pct":81.66},"branches":{"total":32,"covered":27,"skipped":0,"pct":84.37}}
,"/Users/alexanderhuth/Code/yelm/packages/cli/src/config/sandboxConfig.ts": {"lines":{"total":74,"covered":40,"skipped":0,"pct":54.05},"functions":{"total":3,"covered":2,"skipped":0,"pct":66.66},"statements":{"total":74,"covered":40,"skipped":0,"pct":54.05},"branches":{"total":18,"covered":9,"skipped":0,"pct":50}}
,"/Users/alexanderhuth/Code/yelm/packages/cli/src/config/settings.ts": {"lines":{"total":258,"covered":221,"skipped":0,"pct":85.65},"functions":{"total":14,"covered":13,"skipped":0,"pct":92.85},"statements":{"total":258,"covered":221,"skipped":0,"pct":85.65},"branches":{"total":64,"covered":50,"skipped":0,"pct":78.12}}
,"/Users/alexanderhuth/Code/yelm/packages/cli/src/generated/git-commit.ts": {"lines":{"total":2,"covered":2,"skipped":0,"pct":100},"functions":{"total":0,"covered":0,"skipped":0,"pct":100},"statements":{"total":2,"covered":2,"skipped":0,"pct":100},"branches":{"total":0,"covered":0,"skipped":0,"pct":100}}
,"/Users/alexanderhuth/Code/yelm/packages/cli/src/services/CommandService.ts": {"lines":{"total":26,"covered":26,"skipped":0,"pct":100},"functions":{"total":5,"covered":5,"skipped":0,"pct":100},"statements":{"total":26,"covered":26,"skipped":0,"pct":100},"branches":{"total":5,"covered":5,"skipped":0,"pct":100}}
,"/Users/alexanderhuth/Code/yelm/packages/cli/src/test-utils/mockCommandContext.ts": {"lines":{"total":64,"covered":64,"skipped":0,"pct":100},"functions":{"total":2,"covered":2,"skipped":0,"pct":100},"statements":{"total":64,"covered":64,"skipped":0,"pct":100},"branches":{"total":9,"covered":9,"skipped":0,"pct":100}}
,"/Users/alexanderhuth/Code/yelm/packages/cli/src/ui/App.tsx": {"lines":{"total":793,"covered":462,"skipped":0,"pct":58.25},"functions":{"total":9,"covered":6,"skipped":0,"pct":66.66},"statements":{"total":793,"covered":462,"skipped":0,"pct":58.25},"branches":{"total":77,"covered":45,"skipped":0,"pct":58.44}}
,"/Users/alexanderhuth/Code/yelm/packages/cli/src/ui/colors.ts": {"lines":{"total":43,"covered":37,"skipped":0,"pct":86.04},"functions":{"total":13,"covered":10,"skipped":0,"pct":76.92},"statements":{"total":43,"covered":37,"skipped":0,"pct":86.04},"branches":{"total":10,"covered":10,"skipped":0,"pct":100}}
,"/Users/alexanderhuth/Code/yelm/packages/cli/src/ui/constants.ts": {"lines":{"total":7,"covered":0,"skipped":0,"pct":0},"functions":{"total":1,"covered":0,"skipped":0,"pct":0},"statements":{"total":7,"covered":0,"skipped":0,"pct":0},"branches":{"total":1,"covered":0,"skipped":0,"pct":0}}
,"/Users/alexanderhuth/Code/yelm/packages/cli/src/ui/types.ts": {"lines":{"total":26,"covered":26,"skipped":0,"pct":100},"functions":{"total":0,"covered":0,"skipped":0,"pct":100},"statements":{"total":26,"covered":26,"skipped":0,"pct":100},"branches":{"total":4,"covered":4,"skipped":0,"pct":100}}
,"/Users/alexanderhuth/Code/yelm/packages/cli/src/ui/commands/authCommand.ts": {"lines":{"total":9,"covered":9,"skipped":0,"pct":100},"functions":{"total":1,"covered":1,"skipped":0,"pct":100},"statements":{"total":9,"covered":9,"skipped":0,"pct":100},"branches":{"total":1,"covered":1,"skipped":0,"pct":100}}
,"/Users/alexanderhuth/Code/yelm/packages/cli/src/ui/commands/clearCommand.ts": {"lines":{"total":10,"covered":10,"skipped":0,"pct":100},"functions":{"total":1,"covered":1,"skipped":0,"pct":100},"statements":{"total":10,"covered":10,"skipped":0,"pct":100},"branches":{"total":3,"covered":3,"skipped":0,"pct":100}}
,"/Users/alexanderhuth/Code/yelm/packages/cli/src/ui/commands/helpCommand.ts": {"lines":{"total":13,"covered":13,"skipped":0,"pct":100},"functions":{"total":1,"covered":1,"skipped":0,"pct":100},"statements":{"total":13,"covered":13,"skipped":0,"pct":100},"branches":{"total":1,"covered":1,"skipped":0,"pct":100}}
,"/Users/alexanderhuth/Code/yelm/packages/cli/src/ui/commands/memoryCommand.ts": {"lines":{"total":92,"covered":92,"skipped":0,"pct":100},"functions":{"total":3,"covered":3,"skipped":0,"pct":100},"statements":{"total":92,"covered":92,"skipped":0,"pct":100},"branches":{"total":14,"covered":14,"skipped":0,"pct":100}}
,"/Users/alexanderhuth/Code/yelm/packages/cli/src/ui/commands/themeCommand.ts": {"lines":{"total":9,"covered":9,"skipped":0,"pct":100},"functions":{"total":1,"covered":1,"skipped":0,"pct":100},"statements":{"total":9,"covered":9,"skipped":0,"pct":100},"branches":{"total":1,"covered":1,"skipped":0,"pct":100}}
,"/Users/alexanderhuth/Code/yelm/packages/cli/src/ui/commands/types.ts": {"lines":{"total":1,"covered":0,"skipped":0,"pct":0},"functions":{"total":1,"covered":0,"skipped":0,"pct":0},"statements":{"total":1,"covered":0,"skipped":0,"pct":0},"branches":{"total":1,"covered":0,"skipped":0,"pct":0}}
,"/Users/alexanderhuth/Code/yelm/packages/cli/src/ui/components/AboutBox.tsx": {"lines":{"total":91,"covered":91,"skipped":0,"pct":100},"functions":{"total":1,"covered":1,"skipped":0,"pct":100},"statements":{"total":91,"covered":91,"skipped":0,"pct":100},"branches":{"total":2,"covered":1,"skipped":0,"pct":50}}
,"/Users/alexanderhuth/Code/yelm/packages/cli/src/ui/components/AsciiArt.ts": {"lines":{"total":3,"covered":3,"skipped":0,"pct":100},"functions":{"total":0,"covered":0,"skipped":0,"pct":100},"statements":{"total":3,"covered":3,"skipped":0,"pct":100},"branches":{"total":0,"covered":0,"skipped":0,"pct":100}}
,"/Users/alexanderhuth/Code/yelm/packages/cli/src/ui/components/AuthDialog.tsx": {"lines":{"total":137,"covered":123,"skipped":0,"pct":89.78},"functions":{"total":3,"covered":2,"skipped":0,"pct":66.66},"statements":{"total":137,"covered":123,"skipped":0,"pct":89.78},"branches":{"total":28,"covered":27,"skipped":0,"pct":96.42}}
,"/Users/alexanderhuth/Code/yelm/packages/cli/src/ui/components/AuthInProgress.tsx": {"lines":{"total":38,"covered":6,"skipped":0,"pct":15.78},"functions":{"total":1,"covered":0,"skipped":0,"pct":0},"statements":{"total":38,"covered":6,"skipped":0,"pct":15.78},"branches":{"total":0,"covered":0,"skipped":0,"pct":100}}
,"/Users/alexanderhuth/Code/yelm/packages/cli/src/ui/components/AutoAcceptIndicator.tsx": {"lines":{"total":33,"covered":5,"skipped":0,"pct":15.15},"functions":{"total":1,"covered":0,"skipped":0,"pct":0},"statements":{"total":33,"covered":5,"skipped":0,"pct":15.15},"branches":{"total":0,"covered":0,"skipped":0,"pct":100}}
,"/Users/alexanderhuth/Code/yelm/packages/cli/src/ui/components/ConsoleSummaryDisplay.tsx": {"lines":{"total":19,"covered":4,"skipped":0,"pct":21.05},"functions":{"total":1,"covered":0,"skipped":0,"pct":0},"statements":{"total":19,"covered":4,"skipped":0,"pct":21.05},"branches":{"total":0,"covered":0,"skipped":0,"pct":100}}
,"/Users/alexanderhuth/Code/yelm/packages/cli/src/ui/components/ContextSummaryDisplay.tsx": {"lines":{"total":46,"covered":45,"skipped":0,"pct":97.82},"functions":{"total":1,"covered":1,"skipped":0,"pct":100},"statements":{"total":46,"covered":45,"skipped":0,"pct":97.82},"branches":{"total":24,"covered":23,"skipped":0,"pct":95.83}}
,"/Users/alexanderhuth/Code/yelm/packages/cli/src/ui/components/DetailedMessagesDisplay.tsx": {"lines":{"total":57,"covered":6,"skipped":0,"pct":10.52},"functions":{"total":1,"covered":0,"skipped":0,"pct":0},"statements":{"total":57,"covered":6,"skipped":0,"pct":10.52},"branches":{"total":0,"covered":0,"skipped":0,"pct":100}}
,"/Users/alexanderhuth/Code/yelm/packages/cli/src/ui/components/EditorSettingsDialog.tsx": {"lines":{"total":133,"covered":9,"skipped":0,"pct":6.76},"functions":{"total":1,"covered":0,"skipped":0,"pct":0},"statements":{"total":133,"covered":9,"skipped":0,"pct":6.76},"branches":{"total":0,"covered":0,"skipped":0,"pct":100}}
,"/Users/alexanderhuth/Code/yelm/packages/cli/src/ui/components/Footer.tsx": {"lines":{"total":86,"covered":58,"skipped":0,"pct":67.44},"functions":{"total":1,"covered":1,"skipped":0,"pct":100},"statements":{"total":86,"covered":58,"skipped":0,"pct":67.44},"branches":{"total":10,"covered":1,"skipped":0,"pct":10}}
,"/Users/alexanderhuth/Code/yelm/packages/cli/src/ui/components/GeminiRespondingSpinner.tsx": {"lines":{"total":15,"covered":12,"skipped":0,"pct":80},"functions":{"total":1,"covered":1,"skipped":0,"pct":100},"statements":{"total":15,"covered":12,"skipped":0,"pct":80},"branches":{"total":3,"covered":1,"skipped":0,"pct":33.33}}
,"/Users/alexanderhuth/Code/yelm/packages/cli/src/ui/components/Header.tsx": {"lines":{"total":37,"covered":7,"skipped":0,"pct":18.91},"functions":{"total":1,"covered":0,"skipped":0,"pct":0},"statements":{"total":37,"covered":7,"skipped":0,"pct":18.91},"branches":{"total":0,"covered":0,"skipped":0,"pct":100}}
,"/Users/alexanderhuth/Code/yelm/packages/cli/src/ui/components/Help.tsx": {"lines":{"total":107,"covered":4,"skipped":0,"pct":3.73},"functions":{"total":1,"covered":0,"skipped":0,"pct":0},"statements":{"total":107,"covered":4,"skipped":0,"pct":3.73},"branches":{"total":0,"covered":0,"skipped":0,"pct":100}}
,"/Users/alexanderhuth/Code/yelm/packages/cli/src/ui/components/HistoryItemDisplay.tsx": {"lines":{"total":67,"covered":46,"skipped":0,"pct":68.65},"functions":{"total":1,"covered":1,"skipped":0,"pct":100},"statements":{"total":67,"covered":46,"skipped":0,"pct":68.65},"branches":{"total":14,"covered":8,"skipped":0,"pct":57.14}}
,"/Users/alexanderhuth/Code/yelm/packages/cli/src/ui/components/InputPrompt.tsx": {"lines":{"total":385,"covered":315,"skipped":0,"pct":81.81},"functions":{"total":1,"covered":1,"skipped":0,"pct":100},"statements":{"total":385,"covered":315,"skipped":0,"pct":81.81},"branches":{"total":110,"covered":79,"skipped":0,"pct":71.81}}
,"/Users/alexanderhuth/Code/yelm/packages/cli/src/ui/components/LoadingIndicator.tsx": {"lines":{"total":40,"covered":40,"skipped":0,"pct":100},"functions":{"total":1,"covered":1,"skipped":0,"pct":100},"statements":{"total":40,"covered":40,"skipped":0,"pct":100},"branches":{"total":13,"covered":13,"skipped":0,"pct":100}}
,"/Users/alexanderhuth/Code/yelm/packages/cli/src/ui/components/MemoryUsageDisplay.tsx": {"lines":{"total":27,"covered":7,"skipped":0,"pct":25.92},"functions":{"total":1,"covered":0,"skipped":0,"pct":0},"statements":{"total":27,"covered":7,"skipped":0,"pct":25.92},"branches":{"total":0,"covered":0,"skipped":0,"pct":100}}
,"/Users/alexanderhuth/Code/yelm/packages/cli/src/ui/components/ModelStatsDisplay.tsx": {"lines":{"total":150,"covered":150,"skipped":0,"pct":100},"functions":{"total":3,"covered":3,"skipped":0,"pct":100},"statements":{"total":150,"covered":150,"skipped":0,"pct":100},"branches":{"total":32,"covered":32,"skipped":0,"pct":100}}
,"/Users/alexanderhuth/Code/yelm/packages/cli/src/ui/components/SessionSummaryDisplay.tsx": {"lines":{"total":6,"covered":6,"skipped":0,"pct":100},"functions":{"total":1,"covered":1,"skipped":0,"pct":100},"statements":{"total":6,"covered":6,"skipped":0,"pct":100},"branches":{"total":1,"covered":1,"skipped":0,"pct":100}}
,"/Users/alexanderhuth/Code/yelm/packages/cli/src/ui/components/ShellModeIndicator.tsx": {"lines":{"total":9,"covered":4,"skipped":0,"pct":44.44},"functions":{"total":1,"covered":0,"skipped":0,"pct":0},"statements":{"total":9,"covered":4,"skipped":0,"pct":44.44},"branches":{"total":0,"covered":0,"skipped":0,"pct":100}}
,"/Users/alexanderhuth/Code/yelm/packages/cli/src/ui/components/ShowMoreLines.tsx": {"lines":{"total":25,"covered":15,"skipped":0,"pct":60},"functions":{"total":1,"covered":1,"skipped":0,"pct":100},"statements":{"total":25,"covered":15,"skipped":0,"pct":60},"branches":{"total":4,"covered":1,"skipped":0,"pct":25}}
,"/Users/alexanderhuth/Code/yelm/packages/cli/src/ui/components/StatsDisplay.tsx": {"lines":{"total":187,"covered":184,"skipped":0,"pct":98.39},"functions":{"total":6,"covered":6,"skipped":0,"pct":100},"statements":{"total":187,"covered":184,"skipped":0,"pct":98.39},"branches":{"total":14,"covered":13,"skipped":0,"pct":92.85}}
,"/Users/alexanderhuth/Code/yelm/packages/cli/src/ui/components/SuggestionsDisplay.tsx": {"lines":{"total":59,"covered":49,"skipped":0,"pct":83.05},"functions":{"total":1,"covered":1,"skipped":0,"pct":100},"statements":{"total":59,"covered":49,"skipped":0,"pct":83.05},"branches":{"total":13,"covered":8,"skipped":0,"pct":61.53}}
,"/Users/alexanderhuth/Code/yelm/packages/cli/src/ui/components/ThemeDialog.tsx": {"lines":{"total":197,"covered":166,"skipped":0,"pct":84.26},"functions":{"total":1,"covered":1,"skipped":0,"pct":100},"statements":{"total":197,"covered":166,"skipped":0,"pct":84.26},"branches":{"total":16,"covered":5,"skipped":0,"pct":31.25}}
,"/Users/alexanderhuth/Code/yelm/packages/cli/src/ui/components/Tips.tsx": {"lines":{"total":25,"covered":4,"skipped":0,"pct":16},"functions":{"total":1,"covered":0,"skipped":0,"pct":0},"statements":{"total":25,"covered":4,"skipped":0,"pct":16},"branches":{"total":0,"covered":0,"skipped":0,"pct":100}}
,"/Users/alexanderhuth/Code/yelm/packages/cli/src/ui/components/ToolStatsDisplay.tsx": {"lines":{"total":162,"covered":162,"skipped":0,"pct":100},"functions":{"total":3,"covered":3,"skipped":0,"pct":100},"statements":{"total":162,"covered":162,"skipped":0,"pct":100},"branches":{"total":16,"covered":14,"skipped":0,"pct":87.5}}
,"/Users/alexanderhuth/Code/yelm/packages/cli/src/ui/components/UpdateNotification.tsx": {"lines":{"total":11,"covered":4,"skipped":0,"pct":36.36},"functions":{"total":1,"covered":0,"skipped":0,"pct":0},"statements":{"total":11,"covered":4,"skipped":0,"pct":36.36},"branches":{"total":0,"covered":0,"skipped":0,"pct":100}}
,"/Users/alexanderhuth/Code/yelm/packages/cli/src/ui/components/messages/CompressionMessage.tsx": {"lines":{"total":27,"covered":5,"skipped":0,"pct":18.51},"functions":{"total":1,"covered":0,"skipped":0,"pct":0},"statements":{"total":27,"covered":5,"skipped":0,"pct":18.51},"branches":{"total":0,"covered":0,"skipped":0,"pct":100}}
,"/Users/alexanderhuth/Code/yelm/packages/cli/src/ui/components/messages/DiffRenderer.tsx": {"lines":{"total":244,"covered":235,"skipped":0,"pct":96.31},"functions":{"total":4,"covered":4,"skipped":0,"pct":100},"statements":{"total":244,"covered":235,"skipped":0,"pct":96.31},"branches":{"total":75,"covered":62,"skipped":0,"pct":82.66}}
,"/Users/alexanderhuth/Code/yelm/packages/cli/src/ui/components/messages/ErrorMessage.tsx": {"lines":{"total":18,"covered":4,"skipped":0,"pct":22.22},"functions":{"total":1,"covered":0,"skipped":0,"pct":0},"statements":{"total":18,"covered":4,"skipped":0,"pct":22.22},"branches":{"total":0,"covered":0,"skipped":0,"pct":100}}
,"/Users/alexanderhuth/Code/yelm/packages/cli/src/ui/components/messages/GeminiMessage.tsx": {"lines":{"total":27,"covered":5,"skipped":0,"pct":18.51},"functions":{"total":1,"covered":0,"skipped":0,"pct":0},"statements":{"total":27,"covered":5,"skipped":0,"pct":18.51},"branches":{"total":0,"covered":0,"skipped":0,"pct":100}}
,"/Users/alexanderhuth/Code/yelm/packages/cli/src/ui/components/messages/GeminiMessageContent.tsx": {"lines":{"total":21,"covered":4,"skipped":0,"pct":19.04},"functions":{"total":1,"covered":0,"skipped":0,"pct":0},"statements":{"total":21,"covered":4,"skipped":0,"pct":19.04},"branches":{"total":0,"covered":0,"skipped":0,"pct":100}}
,"/Users/alexanderhuth/Code/yelm/packages/cli/src/ui/components/messages/InfoMessage.tsx": {"lines":{"total":18,"covered":18,"skipped":0,"pct":100},"functions":{"total":1,"covered":1,"skipped":0,"pct":100},"statements":{"total":18,"covered":18,"skipped":0,"pct":100},"branches":{"total":1,"covered":1,"skipped":0,"pct":100}}
,"/Users/alexanderhuth/Code/yelm/packages/cli/src/ui/components/messages/ToolConfirmationMessage.tsx": {"lines":{"total":185,"covered":72,"skipped":0,"pct":38.91},"functions":{"total":3,"covered":1,"skipped":0,"pct":33.33},"statements":{"total":185,"covered":72,"skipped":0,"pct":38.91},"branches":{"total":8,"covered":5,"skipped":0,"pct":62.5}}
,"/Users/alexanderhuth/Code/yelm/packages/cli/src/ui/components/messages/ToolGroupMessage.tsx": {"lines":{"total":86,"covered":8,"skipped":0,"pct":9.3},"functions":{"total":1,"covered":0,"skipped":0,"pct":0},"statements":{"total":86,"covered":8,"skipped":0,"pct":9.3},"branches":{"total":0,"covered":0,"skipped":0,"pct":100}}
,"/Users/alexanderhuth/Code/yelm/packages/cli/src/ui/components/messages/ToolMessage.tsx": {"lines":{"total":139,"covered":122,"skipped":0,"pct":87.76},"functions":{"total":4,"covered":4,"skipped":0,"pct":100},"statements":{"total":139,"covered":122,"skipped":0,"pct":87.76},"branches":{"total":25,"covered":20,"skipped":0,"pct":80}}
,"/Users/alexanderhuth/Code/yelm/packages/cli/src/ui/components/messages/UserMessage.tsx": {"lines":{"total":25,"covered":25,"skipped":0,"pct":100},"functions":{"total":1,"covered":1,"skipped":0,"pct":100},"statements":{"total":25,"covered":25,"skipped":0,"pct":100},"branches":{"total":1,"covered":1,"skipped":0,"pct":100}}
,"/Users/alexanderhuth/Code/yelm/packages/cli/src/ui/components/messages/UserShellMessage.tsx": {"lines":{"total":11,"covered":4,"skipped":0,"pct":36.36},"functions":{"total":1,"covered":0,"skipped":0,"pct":0},"statements":{"total":11,"covered":4,"skipped":0,"pct":36.36},"branches":{"total":0,"covered":0,"skipped":0,"pct":100}}
,"/Users/alexanderhuth/Code/yelm/packages/cli/src/ui/components/shared/MaxSizedBox.tsx": {"lines":{"total":363,"covered":285,"skipped":0,"pct":78.51},"functions":{"total":9,"covered":8,"skipped":0,"pct":88.88},"statements":{"total":363,"covered":285,"skipped":0,"pct":78.51},"branches":{"total":106,"covered":84,"skipped":0,"pct":79.24}}
,"/Users/alexanderhuth/Code/yelm/packages/cli/src/ui/components/shared/RadioButtonSelect.tsx": {"lines":{"total":95,"covered":71,"skipped":0,"pct":74.73},"functions":{"total":2,"covered":2,"skipped":0,"pct":100},"statements":{"total":95,"covered":71,"skipped":0,"pct":74.73},"branches":{"total":24,"covered":15,"skipped":0,"pct":62.5}}
,"/Users/alexanderhuth/Code/yelm/packages/cli/src/ui/components/shared/text-buffer.ts": {"lines":{"total":1009,"covered":731,"skipped":0,"pct":72.44},"functions":{"total":13,"covered":12,"skipped":0,"pct":92.3},"statements":{"total":1009,"covered":731,"skipped":0,"pct":72.44},"branches":{"total":232,"covered":156,"skipped":0,"pct":67.24}}
,"/Users/alexanderhuth/Code/yelm/packages/cli/src/ui/contexts/OverflowContext.tsx": {"lines":{"total":56,"covered":51,"skipped":0,"pct":91.07},"functions":{"total":3,"covered":3,"skipped":0,"pct":100},"statements":{"total":56,"covered":51,"skipped":0,"pct":91.07},"branches":{"total":11,"covered":9,"skipped":0,"pct":81.81}}
,"/Users/alexanderhuth/Code/yelm/packages/cli/src/ui/contexts/SessionContext.tsx": {"lines":{"total":68,"covered":64,"skipped":0,"pct":94.11},"functions":{"total":3,"covered":3,"skipped":0,"pct":100},"statements":{"total":68,"covered":64,"skipped":0,"pct":94.11},"branches":{"total":9,"covered":9,"skipped":0,"pct":100}}
,"/Users/alexanderhuth/Code/yelm/packages/cli/src/ui/contexts/StreamingContext.tsx": {"lines":{"total":14,"covered":10,"skipped":0,"pct":71.42},"functions":{"total":1,"covered":1,"skipped":0,"pct":100},"statements":{"total":14,"covered":10,"skipped":0,"pct":71.42},"branches":{"total":2,"covered":1,"skipped":0,"pct":50}}
,"/Users/alexanderhuth/Code/yelm/packages/cli/src/ui/editors/editorSettingsManager.ts": {"lines":{"total":49,"covered":46,"skipped":0,"pct":93.87},"functions":{"total":3,"covered":2,"skipped":0,"pct":66.66},"statements":{"total":49,"covered":46,"skipped":0,"pct":93.87},"branches":{"total":7,"covered":6,"skipped":0,"pct":85.71}}
,"/Users/alexanderhuth/Code/yelm/packages/cli/src/ui/hooks/atCommandProcessor.ts": {"lines":{"total":318,"covered":261,"skipped":0,"pct":82.07},"functions":{"total":2,"covered":2,"skipped":0,"pct":100},"statements":{"total":318,"covered":261,"skipped":0,"pct":82.07},"branches":{"total":87,"covered":72,"skipped":0,"pct":82.75}}
,"/Users/alexanderhuth/Code/yelm/packages/cli/src/ui/hooks/shellCommandProcessor.ts": {"lines":{"total":250,"covered":205,"skipped":0,"pct":82},"functions":{"total":5,"covered":4,"skipped":0,"pct":80},"statements":{"total":250,"covered":205,"skipped":0,"pct":82},"branches":{"total":39,"covered":29,"skipped":0,"pct":74.35}}
,"/Users/alexanderhuth/Code/yelm/packages/cli/src/ui/hooks/slashCommandProcessor.ts": {"lines":{"total":1070,"covered":705,"skipped":0,"pct":65.88},"functions":{"total":21,"covered":10,"skipped":0,"pct":47.61},"statements":{"total":1070,"covered":705,"skipped":0,"pct":65.88},"branches":{"total":155,"covered":119,"skipped":0,"pct":76.77}}
,"/Users/alexanderhuth/Code/yelm/packages/cli/src/ui/hooks/useAuthCommand.ts": {"lines":{"total":64,"covered":5,"skipped":0,"pct":7.81},"functions":{"total":1,"covered":0,"skipped":0,"pct":0},"statements":{"total":64,"covered":5,"skipped":0,"pct":7.81},"branches":{"total":0,"covered":0,"skipped":0,"pct":100}}
,"/Users/alexanderhuth/Code/yelm/packages/cli/src/ui/hooks/useAutoAcceptIndicator.ts": {"lines":{"total":33,"covered":33,"skipped":0,"pct":100},"functions":{"total":1,"covered":1,"skipped":0,"pct":100},"statements":{"total":33,"covered":33,"skipped":0,"pct":100},"branches":{"total":13,"covered":13,"skipped":0,"pct":100}}
,"/Users/alexanderhuth/Code/yelm/packages/cli/src/ui/hooks/useBracketedPaste.ts": {"lines":{"total":21,"covered":21,"skipped":0,"pct":100},"functions":{"total":2,"covered":2,"skipped":0,"pct":100},"statements":{"total":21,"covered":21,"skipped":0,"pct":100},"branches":{"total":4,"covered":4,"skipped":0,"pct":100}}
,"/Users/alexanderhuth/Code/yelm/packages/cli/src/ui/hooks/useCompletion.ts": {"lines":{"total":417,"covered":326,"skipped":0,"pct":78.17},"functions":{"total":5,"covered":4,"skipped":0,"pct":80},"statements":{"total":417,"covered":326,"skipped":0,"pct":78.17},"branches":{"total":124,"covered":111,"skipped":0,"pct":89.51}}
,"/Users/alexanderhuth/Code/yelm/packages/cli/src/ui/hooks/useConsoleMessages.ts": {"lines":{"total":66,"covered":64,"skipped":0,"pct":96.96},"functions":{"total":1,"covered":1,"skipped":0,"pct":100},"statements":{"total":66,"covered":64,"skipped":0,"pct":96.96},"branches":{"total":18,"covered":16,"skipped":0,"pct":88.88}}
,"/Users/alexanderhuth/Code/yelm/packages/cli/src/ui/hooks/useEditorSettings.ts": {"lines":{"total":49,"covered":49,"skipped":0,"pct":100},"functions":{"total":1,"covered":1,"skipped":0,"pct":100},"statements":{"total":49,"covered":49,"skipped":0,"pct":100},"branches":{"total":11,"covered":11,"skipped":0,"pct":100}}
,"/Users/alexanderhuth/Code/yelm/packages/cli/src/ui/hooks/useGeminiStream.ts": {"lines":{"total":712,"covered":487,"skipped":0,"pct":68.39},"functions":{"total":3,"covered":3,"skipped":0,"pct":100},"statements":{"total":712,"covered":487,"skipped":0,"pct":68.39},"branches":{"total":128,"covered":91,"skipped":0,"pct":71.09}}
,"/Users/alexanderhuth/Code/yelm/packages/cli/src/ui/hooks/useGitBranchName.ts": {"lines":{"total":60,"covered":55,"skipped":0,"pct":91.66},"functions":{"total":2,"covered":2,"skipped":0,"pct":100},"statements":{"total":60,"covered":55,"skipped":0,"pct":91.66},"branches":{"total":13,"covered":11,"skipped":0,"pct":84.61}}
,"/Users/alexanderhuth/Code/yelm/packages/cli/src/ui/hooks/useHistoryManager.ts": {"lines":{"total":63,"covered":62,"skipped":0,"pct":98.41},"functions":{"total":1,"covered":1,"skipped":0,"pct":100},"statements":{"total":63,"covered":62,"skipped":0,"pct":98.41},"branches":{"total":15,"covered":14,"skipped":0,"pct":93.33}}
,"/Users/alexanderhuth/Code/yelm/packages/cli/src/ui/hooks/useInputHistory.ts": {"lines":{"total":80,"covered":74,"skipped":0,"pct":92.5},"functions":{"total":1,"covered":1,"skipped":0,"pct":100},"statements":{"total":80,"covered":74,"skipped":0,"pct":92.5},"branches":{"total":21,"covered":18,"skipped":0,"pct":85.71}}
,"/Users/alexanderhuth/Code/yelm/packages/cli/src/ui/hooks/useKeypress.ts": {"lines":{"total":135,"covered":135,"skipped":0,"pct":100},"functions":{"total":4,"covered":4,"skipped":0,"pct":100},"statements":{"total":135,"covered":135,"skipped":0,"pct":100},"branches":{"total":43,"covered":43,"skipped":0,"pct":100}}
,"/Users/alexanderhuth/Code/yelm/packages/cli/src/ui/hooks/useLoadingIndicator.ts": {"lines":{"total":43,"covered":43,"skipped":0,"pct":100},"functions":{"total":1,"covered":1,"skipped":0,"pct":100},"statements":{"total":43,"covered":43,"skipped":0,"pct":100},"branches":{"total":13,"covered":13,"skipped":0,"pct":100}}
,"/Users/alexanderhuth/Code/yelm/packages/cli/src/ui/hooks/useLogger.ts": {"lines":{"total":16,"covered":4,"skipped":0,"pct":25},"functions":{"total":1,"covered":0,"skipped":0,"pct":0},"statements":{"total":16,"covered":4,"skipped":0,"pct":25},"branches":{"total":0,"covered":0,"skipped":0,"pct":100}}
,"/Users/alexanderhuth/Code/yelm/packages/cli/src/ui/hooks/usePhraseCycler.ts": {"lines":{"total":178,"covered":170,"skipped":0,"pct":95.5},"functions":{"total":1,"covered":1,"skipped":0,"pct":100},"statements":{"total":178,"covered":170,"skipped":0,"pct":95.5},"branches":{"total":12,"covered":9,"skipped":0,"pct":75}}
,"/Users/alexanderhuth/Code/yelm/packages/cli/src/ui/hooks/usePrivacySettings.ts": {"lines":{"total":111,"covered":5,"skipped":0,"pct":4.5},"functions":{"total":5,"covered":0,"skipped":0,"pct":0},"statements":{"total":111,"covered":5,"skipped":0,"pct":4.5},"branches":{"total":0,"covered":0,"skipped":0,"pct":100}}
,"/Users/alexanderhuth/Code/yelm/packages/cli/src/ui/hooks/useReactToolScheduler.ts": {"lines":{"total":224,"covered":177,"skipped":0,"pct":79.01},"functions":{"total":3,"covered":3,"skipped":0,"pct":100},"statements":{"total":224,"covered":177,"skipped":0,"pct":79.01},"branches":{"total":39,"covered":37,"skipped":0,"pct":94.87}}
,"/Users/alexanderhuth/Code/yelm/packages/cli/src/ui/hooks/useRefreshMemoryCommand.ts": {"lines":{"total":2,"covered":0,"skipped":0,"pct":0},"functions":{"total":1,"covered":0,"skipped":0,"pct":0},"statements":{"total":2,"covered":0,"skipped":0,"pct":0},"branches":{"total":1,"covered":0,"skipped":0,"pct":0}}
,"/Users/alexanderhuth/Code/yelm/packages/cli/src/ui/hooks/useShellHistory.ts": {"lines":{"total":87,"covered":80,"skipped":0,"pct":91.95},"functions":{"total":6,"covered":5,"skipped":0,"pct":83.33},"statements":{"total":87,"covered":80,"skipped":0,"pct":91.95},"branches":{"total":24,"covered":19,"skipped":0,"pct":79.16}}
,"/Users/alexanderhuth/Code/yelm/packages/cli/src/ui/hooks/useShowMemoryCommand.ts": {"lines":{"total":61,"covered":0,"skipped":0,"pct":0},"functions":{"total":1,"covered":0,"skipped":0,"pct":0},"statements":{"total":61,"covered":0,"skipped":0,"pct":0},"branches":{"total":1,"covered":0,"skipped":0,"pct":0}}
,"/Users/alexanderhuth/Code/yelm/packages/cli/src/ui/hooks/useStateAndRef.ts": {"lines":{"total":22,"covered":21,"skipped":0,"pct":95.45},"functions":{"total":1,"covered":1,"skipped":0,"pct":100},"statements":{"total":22,"covered":21,"skipped":0,"pct":95.45},"branches":{"total":3,"covered":2,"skipped":0,"pct":66.66}}
,"/Users/alexanderhuth/Code/yelm/packages/cli/src/ui/hooks/useTerminalSize.ts": {"lines":{"total":22,"covered":17,"skipped":0,"pct":77.27},"functions":{"total":2,"covered":1,"skipped":0,"pct":50},"statements":{"total":22,"covered":17,"skipped":0,"pct":77.27},"branches":{"total":3,"covered":3,"skipped":0,"pct":100}}
,"/Users/alexanderhuth/Code/yelm/packages/cli/src/ui/hooks/useThemeCommand.ts": {"lines":{"total":84,"covered":54,"skipped":0,"pct":64.28},"functions":{"total":1,"covered":1,"skipped":0,"pct":100},"statements":{"total":84,"covered":54,"skipped":0,"pct":64.28},"branches":{"total":8,"covered":7,"skipped":0,"pct":87.5}}
,"/Users/alexanderhuth/Code/yelm/packages/cli/src/ui/hooks/useTimer.ts": {"lines":{"total":42,"covered":37,"skipped":0,"pct":88.09},"functions":{"total":1,"covered":1,"skipped":0,"pct":100},"statements":{"total":42,"covered":37,"skipped":0,"pct":88.09},"branches":{"total":14,"covered":12,"skipped":0,"pct":85.71}}
,"/Users/alexanderhuth/Code/yelm/packages/cli/src/ui/privacy/CloudFreePrivacyNotice.tsx": {"lines":{"total":73,"covered":7,"skipped":0,"pct":9.58},"functions":{"total":1,"covered":0,"skipped":0,"pct":0},"statements":{"total":73,"covered":7,"skipped":0,"pct":9.58},"branches":{"total":0,"covered":0,"skipped":0,"pct":100}}
,"/Users/alexanderhuth/Code/yelm/packages/cli/src/ui/privacy/CloudPaidPrivacyNotice.tsx": {"lines":{"total":31,"covered":4,"skipped":0,"pct":12.9},"functions":{"total":1,"covered":0,"skipped":0,"pct":0},"statements":{"total":31,"covered":4,"skipped":0,"pct":12.9},"branches":{"total":0,"covered":0,"skipped":0,"pct":100}}
,"/Users/alexanderhuth/Code/yelm/packages/cli/src/ui/privacy/GeminiPrivacyNotice.tsx": {"lines":{"total":37,"covered":4,"skipped":0,"pct":10.81},"functions":{"total":1,"covered":0,"skipped":0,"pct":0},"statements":{"total":37,"covered":4,"skipped":0,"pct":10.81},"branches":{"total":0,"covered":0,"skipped":0,"pct":100}}
,"/Users/alexanderhuth/Code/yelm/packages/cli/src/ui/privacy/PrivacyNotice.tsx": {"lines":{"total":26,"covered":8,"skipped":0,"pct":30.76},"functions":{"total":2,"covered":0,"skipped":0,"pct":0},"statements":{"total":26,"covered":8,"skipped":0,"pct":30.76},"branches":{"total":0,"covered":0,"skipped":0,"pct":100}}
,"/Users/alexanderhuth/Code/yelm/packages/cli/src/ui/themes/ansi-light.ts": {"lines":{"total":139,"covered":139,"skipped":0,"pct":100},"functions":{"total":0,"covered":0,"skipped":0,"pct":100},"statements":{"total":139,"covered":139,"skipped":0,"pct":100},"branches":{"total":0,"covered":0,"skipped":0,"pct":100}}
,"/Users/alexanderhuth/Code/yelm/packages/cli/src/ui/themes/ansi.ts": {"lines":{"total":143,"covered":143,"skipped":0,"pct":100},"functions":{"total":0,"covered":0,"skipped":0,"pct":100},"statements":{"total":143,"covered":143,"skipped":0,"pct":100},"branches":{"total":0,"covered":0,"skipped":0,"pct":100}}
,"/Users/alexanderhuth/Code/yelm/packages/cli/src/ui/themes/atom-one-dark.ts": {"lines":{"total":136,"covered":136,"skipped":0,"pct":100},"functions":{"total":0,"covered":0,"skipped":0,"pct":100},"statements":{"total":136,"covered":136,"skipped":0,"pct":100},"branches":{"total":0,"covered":0,"skipped":0,"pct":100}}
,"/Users/alexanderhuth/Code/yelm/packages/cli/src/ui/themes/ayu-light.ts": {"lines":{"total":128,"covered":128,"skipped":0,"pct":100},"functions":{"total":0,"covered":0,"skipped":0,"pct":100},"statements":{"total":128,"covered":128,"skipped":0,"pct":100},"branches":{"total":0,"covered":0,"skipped":0,"pct":100}}
,"/Users/alexanderhuth/Code/yelm/packages/cli/src/ui/themes/ayu.ts": {"lines":{"total":102,"covered":102,"skipped":0,"pct":100},"functions":{"total":0,"covered":0,"skipped":0,"pct":100},"statements":{"total":102,"covered":102,"skipped":0,"pct":100},"branches":{"total":0,"covered":0,"skipped":0,"pct":100}}
,"/Users/alexanderhuth/Code/yelm/packages/cli/src/ui/themes/default-light.ts": {"lines":{"total":100,"covered":100,"skipped":0,"pct":100},"functions":{"total":0,"covered":0,"skipped":0,"pct":100},"statements":{"total":100,"covered":100,"skipped":0,"pct":100},"branches":{"total":0,"covered":0,"skipped":0,"pct":100}}
,"/Users/alexanderhuth/Code/yelm/packages/cli/src/ui/themes/default.ts": {"lines":{"total":143,"covered":143,"skipped":0,"pct":100},"functions":{"total":0,"covered":0,"skipped":0,"pct":100},"statements":{"total":143,"covered":143,"skipped":0,"pct":100},"branches":{"total":0,"covered":0,"skipped":0,"pct":100}}
,"/Users/alexanderhuth/Code/yelm/packages/cli/src/ui/themes/dracula.ts": {"lines":{"total":113,"covered":113,"skipped":0,"pct":100},"functions":{"total":0,"covered":0,"skipped":0,"pct":100},"statements":{"total":113,"covered":113,"skipped":0,"pct":100},"branches":{"total":0,"covered":0,"skipped":0,"pct":100}}
,"/Users/alexanderhuth/Code/yelm/packages/cli/src/ui/themes/github-dark.ts": {"lines":{"total":136,"covered":136,"skipped":0,"pct":100},"functions":{"total":0,"covered":0,"skipped":0,"pct":100},"statements":{"total":136,"covered":136,"skipped":0,"pct":100},"branches":{"total":0,"covered":0,"skipped":0,"pct":100}}
,"/Users/alexanderhuth/Code/yelm/packages/cli/src/ui/themes/github-light.ts": {"lines":{"total":138,"covered":138,"skipped":0,"pct":100},"functions":{"total":0,"covered":0,"skipped":0,"pct":100},"statements":{"total":138,"covered":138,"skipped":0,"pct":100},"branches":{"total":0,"covered":0,"skipped":0,"pct":100}}
,"/Users/alexanderhuth/Code/yelm/packages/cli/src/ui/themes/googlecode.ts": {"lines":{"total":135,"covered":135,"skipped":0,"pct":100},"functions":{"total":0,"covered":0,"skipped":0,"pct":100},"statements":{"total":135,"covered":135,"skipped":0,"pct":100},"branches":{"total":0,"covered":0,"skipped":0,"pct":100}}
,"/Users/alexanderhuth/Code/yelm/packages/cli/src/ui/themes/no-color.ts": {"lines":{"total":84,"covered":84,"skipped":0,"pct":100},"functions":{"total":0,"covered":0,"skipped":0,"pct":100},"statements":{"total":84,"covered":84,"skipped":0,"pct":100},"branches":{"total":0,"covered":0,"skipped":0,"pct":100}}
,"/Users/alexanderhuth/Code/yelm/packages/cli/src/ui/themes/shades-of-purple.ts": {"lines":{"total":256,"covered":256,"skipped":0,"pct":100},"functions":{"total":0,"covered":0,"skipped":0,"pct":100},"statements":{"total":256,"covered":256,"skipped":0,"pct":100},"branches":{"total":0,"covered":0,"skipped":0,"pct":100}}
,"/Users/alexanderhuth/Code/yelm/packages/cli/src/ui/themes/theme-manager.ts": {"lines":{"total":88,"covered":79,"skipped":0,"pct":89.77},"functions":{"total":7,"covered":7,"skipped":0,"pct":100},"statements":{"total":88,"covered":79,"skipped":0,"pct":89.77},"branches":{"total":19,"covered":16,"skipped":0,"pct":84.21}}
,"/Users/alexanderhuth/Code/yelm/packages/cli/src/ui/themes/theme.ts": {"lines":{"total":258,"covered":254,"skipped":0,"pct":98.44},"functions":{"total":5,"covered":5,"skipped":0,"pct":100},"statements":{"total":258,"covered":254,"skipped":0,"pct":98.44},"branches":{"total":19,"covered":18,"skipped":0,"pct":94.73}}
,"/Users/alexanderhuth/Code/yelm/packages/cli/src/ui/themes/xcode.ts": {"lines":{"total":143,"covered":143,"skipped":0,"pct":100},"functions":{"total":0,"covered":0,"skipped":0,"pct":100},"statements":{"total":143,"covered":143,"skipped":0,"pct":100},"branches":{"total":0,"covered":0,"skipped":0,"pct":100}}
,"/Users/alexanderhuth/Code/yelm/packages/cli/src/ui/utils/CodeColorizer.tsx": {"lines":{"total":118,"covered":95,"skipped":0,"pct":80.5},"functions":{"total":3,"covered":3,"skipped":0,"pct":100},"statements":{"total":118,"covered":95,"skipped":0,"pct":80.5},"branches":{"total":25,"covered":21,"skipped":0,"pct":84}}
,"/Users/alexanderhuth/Code/yelm/packages/cli/src/ui/utils/ConsolePatcher.ts": {"lines":{"total":41,"covered":25,"skipped":0,"pct":60.97},"functions":{"total":6,"covered":4,"skipped":0,"pct":66.66},"statements":{"total":41,"covered":25,"skipped":0,"pct":60.97},"branches":{"total":4,"covered":4,"skipped":0,"pct":100}}
,"/Users/alexanderhuth/Code/yelm/packages/cli/src/ui/utils/InlineMarkdownRenderer.tsx": {"lines":{"total":132,"covered":35,"skipped":0,"pct":26.51},"functions":{"total":2,"covered":2,"skipped":0,"pct":100},"statements":{"total":132,"covered":35,"skipped":0,"pct":26.51},"branches":{"total":4,"covered":3,"skipped":0,"pct":75}}
,"/Users/alexanderhuth/Code/yelm/packages/cli/src/ui/utils/MarkdownDisplay.tsx": {"lines":{"total":326,"covered":281,"skipped":0,"pct":86.19},"functions":{"total":5,"covered":5,"skipped":0,"pct":100},"statements":{"total":326,"covered":281,"skipped":0,"pct":86.19},"branches":{"total":65,"covered":57,"skipped":0,"pct":87.69}}
,"/Users/alexanderhuth/Code/yelm/packages/cli/src/ui/utils/TableRenderer.tsx": {"lines":{"total":105,"covered":82,"skipped":0,"pct":78.09},"functions":{"total":4,"covered":4,"skipped":0,"pct":100},"statements":{"total":105,"covered":82,"skipped":0,"pct":78.09},"branches":{"total":21,"covered":16,"skipped":0,"pct":76.19}}
,"/Users/alexanderhuth/Code/yelm/packages/cli/src/ui/utils/clipboardUtils.ts": {"lines":{"total":93,"covered":39,"skipped":0,"pct":41.93},"functions":{"total":3,"covered":3,"skipped":0,"pct":100},"statements":{"total":93,"covered":39,"skipped":0,"pct":41.93},"branches":{"total":10,"covered":3,"skipped":0,"pct":30}}
,"/Users/alexanderhuth/Code/yelm/packages/cli/src/ui/utils/commandUtils.ts": {"lines":{"total":4,"covered":4,"skipped":0,"pct":100},"functions":{"total":2,"covered":2,"skipped":0,"pct":100},"statements":{"total":4,"covered":4,"skipped":0,"pct":100},"branches":{"total":3,"covered":3,"skipped":0,"pct":100}}
,"/Users/alexanderhuth/Code/yelm/packages/cli/src/ui/utils/computeStats.ts": {"lines":{"total":67,"covered":67,"skipped":0,"pct":100},"functions":{"total":4,"covered":4,"skipped":0,"pct":100},"statements":{"total":67,"covered":67,"skipped":0,"pct":100},"branches":{"total":23,"covered":23,"skipped":0,"pct":100}}
,"/Users/alexanderhuth/Code/yelm/packages/cli/src/ui/utils/displayUtils.ts": {"lines":{"total":21,"covered":21,"skipped":0,"pct":100},"functions":{"total":1,"covered":1,"skipped":0,"pct":100},"statements":{"total":21,"covered":21,"skipped":0,"pct":100},"branches":{"total":7,"covered":7,"skipped":0,"pct":100}}
,"/Users/alexanderhuth/Code/yelm/packages/cli/src/ui/utils/errorParsing.ts": {"lines":{"total":124,"covered":124,"skipped":0,"pct":100},"functions":{"total":9,"covered":9,"skipped":0,"pct":100},"statements":{"total":124,"covered":124,"skipped":0,"pct":100},"branches":{"total":40,"covered":37,"skipped":0,"pct":92.5}}
,"/Users/alexanderhuth/Code/yelm/packages/cli/src/ui/utils/formatters.ts": {"lines":{"total":42,"covered":38,"skipped":0,"pct":90.47},"functions":{"total":2,"covered":2,"skipped":0,"pct":100},"statements":{"total":42,"covered":38,"skipped":0,"pct":90.47},"branches":{"total":25,"covered":24,"skipped":0,"pct":96}}
,"/Users/alexanderhuth/Code/yelm/packages/cli/src/ui/utils/markdownUtilities.ts": {"lines":{"total":63,"covered":44,"skipped":0,"pct":69.84},"functions":{"total":3,"covered":3,"skipped":0,"pct":100},"statements":{"total":63,"covered":44,"skipped":0,"pct":69.84},"branches":{"total":14,"covered":12,"skipped":0,"pct":85.71}}
,"/Users/alexanderhuth/Code/yelm/packages/cli/src/ui/utils/textUtils.ts": {"lines":{"total":33,"covered":27,"skipped":0,"pct":81.81},"functions":{"total":5,"covered":4,"skipped":0,"pct":80},"statements":{"total":33,"covered":27,"skipped":0,"pct":81.81},"branches":{"total":11,"covered":11,"skipped":0,"pct":100}}
,"/Users/alexanderhuth/Code/yelm/packages/cli/src/ui/utils/updateCheck.ts": {"lines":{"total":30,"covered":30,"skipped":0,"pct":100},"functions":{"total":1,"covered":1,"skipped":0,"pct":100},"statements":{"total":30,"covered":30,"skipped":0,"pct":100},"branches":{"total":10,"covered":10,"skipped":0,"pct":100}}
,"/Users/alexanderhuth/Code/yelm/packages/cli/src/utils/cleanup.ts": {"lines":{"total":25,"covered":16,"skipped":0,"pct":64},"functions":{"total":3,"covered":2,"skipped":0,"pct":66.66},"statements":{"total":25,"covered":16,"skipped":0,"pct":64},"branches":{"total":3,"covered":2,"skipped":0,"pct":66.66}}
,"/Users/alexanderhuth/Code/yelm/packages/cli/src/utils/package.ts": {"lines":{"total":18,"covered":16,"skipped":0,"pct":88.88},"functions":{"total":1,"covered":1,"skipped":0,"pct":100},"statements":{"total":18,"covered":16,"skipped":0,"pct":88.88},"branches":{"total":5,"covered":4,"skipped":0,"pct":80}}
,"/Users/alexanderhuth/Code/yelm/packages/cli/src/utils/readStdin.ts": {"lines":{"total":29,"covered":1,"skipped":0,"pct":3.44},"functions":{"total":1,"covered":0,"skipped":0,"pct":0},"statements":{"total":29,"covered":1,"skipped":0,"pct":3.44},"branches":{"total":0,"covered":0,"skipped":0,"pct":100}}
,"/Users/alexanderhuth/Code/yelm/packages/cli/src/utils/sandbox.ts": {"lines":{"total":665,"covered":0,"skipped":0,"pct":0},"functions":{"total":1,"covered":0,"skipped":0,"pct":0},"statements":{"total":665,"covered":0,"skipped":0,"pct":0},"branches":{"total":1,"covered":0,"skipped":0,"pct":0}}
,"/Users/alexanderhuth/Code/yelm/packages/cli/src/utils/startupWarnings.ts": {"lines":{"total":26,"covered":6,"skipped":0,"pct":23.07},"functions":{"total":1,"covered":0,"skipped":0,"pct":0},"statements":{"total":26,"covered":6,"skipped":0,"pct":23.07},"branches":{"total":0,"covered":0,"skipped":0,"pct":100}}
,"/Users/alexanderhuth/Code/yelm/packages/cli/src/utils/userStartupWarnings.ts": {"lines":{"total":29,"covered":29,"skipped":0,"pct":100},"functions":{"total":2,"covered":2,"skipped":0,"pct":100},"statements":{"total":29,"covered":29,"skipped":0,"pct":100},"branches":{"total":6,"covered":6,"skipped":0,"pct":100}}
,"/Users/alexanderhuth/Code/yelm/packages/cli/src/utils/version.ts": {"lines":{"total":6,"covered":6,"skipped":0,"pct":100},"functions":{"total":1,"covered":1,"skipped":0,"pct":100},"statements":{"total":6,"covered":6,"skipped":0,"pct":100},"branches":{"total":2,"covered":1,"skipped":0,"pct":50}}
}
