TN:
SF:src/nonInteractiveCli.ts
FN:24,getResponseText
FN:46,runNonInteractive
FNF:2
FNH:2
FNDA:9,getResponseText
FNDA:6,runNonInteractive
DA:1,1
DA:7,1
DA:22,1
DA:24,9
DA:25,9
DA:26,5
DA:27,5
DA:28,5
DA:29,5
DA:30,5
DA:31,5
DA:33,5
DA:34,5
DA:35,0
DA:36,0
DA:37,5
DA:38,5
DA:39,5
DA:40,5
DA:41,5
DA:42,5
DA:43,4
DA:44,4
DA:46,6
DA:47,6
DA:48,6
DA:49,6
DA:50,6
DA:51,6
DA:53,6
DA:54,0
DA:56,0
DA:57,0
DA:58,6
DA:60,6
DA:61,6
DA:63,6
DA:64,6
DA:65,6
DA:66,6
DA:67,6
DA:68,6
DA:69,10
DA:70,10
DA:71,10
DA:72,10
DA:73,10
DA:74,1
DA:75,1
DA:76,1
DA:77,1
DA:78,1
DA:79,9
DA:81,9
DA:82,9
DA:83,10
DA:84,10
DA:85,10
DA:86,10
DA:87,10
DA:88,10
DA:89,10
DA:90,10
DA:91,10
DA:92,10
DA:94,10
DA:95,9
DA:96,0
DA:97,0
DA:98,0
DA:99,9
DA:100,9
DA:101,5
DA:102,5
DA:103,9
DA:104,4
DA:105,4
DA:106,9
DA:108,10
DA:109,4
DA:111,4
DA:112,4
DA:113,4
DA:114,4
DA:115,4
DA:116,4
DA:117,4
DA:118,4
DA:119,4
DA:121,4
DA:122,4
DA:123,4
DA:124,4
DA:125,4
DA:126,4
DA:128,4
DA:129,2
DA:130,2
DA:131,2
DA:132,2
DA:133,2
DA:134,2
DA:135,2
DA:136,1
DA:137,1
DA:138,2
DA:140,4
DA:141,4
DA:142,4
DA:143,0
DA:144,4
DA:145,4
DA:146,0
DA:147,4
DA:148,4
DA:149,4
DA:150,4
DA:151,4
DA:152,4
DA:153,4
DA:154,4
DA:155,4
DA:156,4
DA:157,4
DA:158,10
DA:159,6
DA:160,1
DA:161,1
DA:162,1
DA:163,1
DA:164,1
DA:165,1
DA:166,1
DA:167,6
DA:168,6
DA:169,0
DA:170,0
DA:171,6
DA:172,6
LF:139
LH:127
BRDA:24,0,0,9
BRDA:25,1,0,5
BRDA:25,2,0,5
BRDA:34,3,0,0
BRDA:42,4,0,4
BRDA:38,5,0,5
BRDA:39,6,0,5
BRDA:46,7,0,6
BRDA:68,8,0,10
BRDA:73,9,0,1
BRDA:78,10,0,9
BRDA:83,11,0,0
BRDA:92,12,0,8
BRDA:94,13,0,9
BRDA:95,14,0,0
BRDA:100,15,0,5
BRDA:103,16,0,4
BRDA:106,17,0,8
BRDA:108,18,0,4
BRDA:112,19,0,0
BRDA:116,20,0,0
BRDA:128,21,0,2
BRDA:133,22,0,0
BRDA:135,23,0,1
BRDA:142,24,0,0
BRDA:145,25,0,0
BRDA:159,26,0,1
BRDA:168,27,0,0
BRF:28
BRH:19
end_of_record
TN:
SF:src/yelm.tsx
FN:44,getNodeMemoryArgs
FN:75,relaunchWithAdditionalArgs
FN:88,main
FN:252,setWindowTitle
FN:282,loadNonInteractiveConfig
FN:321,validateNonInterActiveAuth
FNF:6
FNH:1
FNDA:0,getNodeMemoryArgs
FNDA:0,relaunchWithAdditionalArgs
FNDA:1,main
FNDA:0,setWindowTitle
FNDA:0,loadNonInteractiveConfig
FNDA:0,validateNonInterActiveAuth
DA:1,1
DA:7,1
DA:8,1
DA:9,1
DA:10,1
DA:11,1
DA:12,1
DA:13,1
DA:14,1
DA:15,1
DA:16,1
DA:17,1
DA:23,1
DA:24,1
DA:25,1
DA:26,1
DA:27,1
DA:28,1
DA:29,1
DA:30,1
DA:41,1
DA:42,1
DA:44,0
DA:45,0
DA:46,0
DA:47,0
DA:48,0
DA:49,0
DA:52,0
DA:53,0
DA:54,0
DA:55,0
DA:56,0
DA:57,0
DA:59,0
DA:60,0
DA:61,0
DA:63,0
DA:64,0
DA:65,0
DA:66,0
DA:67,0
DA:68,0
DA:69,0
DA:70,0
DA:72,0
DA:73,0
DA:75,0
DA:76,0
DA:77,0
DA:79,0
DA:80,0
DA:81,0
DA:82,0
DA:84,0
DA:85,0
DA:86,0
DA:88,1
DA:89,1
DA:90,1
DA:92,1
DA:93,1
DA:94,1
DA:95,1
DA:96,1
DA:97,1
DA:98,1
DA:99,1
DA:100,1
DA:101,1
DA:102,1
DA:103,1
DA:105,0
DA:106,0
DA:107,0
DA:108,0
DA:109,0
DA:110,0
DA:111,0
DA:112,0
DA:114,1
DA:115,0
DA:116,0
DA:117,0
DA:118,0
DA:119,0
DA:121,0
DA:122,0
DA:123,0
DA:124,0
DA:125,0
DA:126,0
DA:127,0
DA:130,0
DA:131,0
DA:132,0
DA:133,0
DA:134,0
DA:135,0
DA:136,0
DA:137,0
DA:138,0
DA:140,0
DA:142,0
DA:144,0
DA:145,0
DA:148,0
DA:149,0
DA:150,0
DA:153,0
DA:154,0
DA:155,0
DA:156,0
DA:157,0
DA:158,0
DA:159,0
DA:161,0
DA:162,0
DA:163,0
DA:164,0
DA:165,0
DA:166,0
DA:167,0
DA:168,0
DA:169,0
DA:170,0
DA:171,0
DA:172,0
DA:173,0
DA:174,0
DA:177,0
DA:178,0
DA:179,0
DA:180,0
DA:181,0
DA:182,0
DA:184,0
DA:185,0
DA:186,0
DA:187,1
DA:189,0
DA:190,0
DA:192,0
DA:193,0
DA:194,0
DA:195,0
DA:196,0
DA:198,0
DA:199,0
DA:202,1
DA:203,0
DA:204,0
DA:205,0
DA:206,0
DA:207,0
DA:208,0
DA:209,0
DA:210,0
DA:211,0
DA:212,0
DA:213,0
DA:214,0
DA:215,0
DA:217,0
DA:218,0
DA:219,0
DA:222,1
DA:223,0
DA:224,0
DA:225,0
DA:226,0
DA:227,0
DA:228,0
DA:230,0
DA:231,0
DA:232,0
DA:233,0
DA:234,0
DA:235,0
DA:236,0
DA:237,1
DA:238,1
DA:241,1
DA:242,1
DA:243,1
DA:244,1
DA:245,1
DA:246,1
DA:248,0
DA:249,0
DA:250,0
DA:252,0
DA:253,0
DA:254,0
DA:256,0
DA:257,0
DA:258,0
DA:259,0
DA:261,0
DA:262,0
DA:263,0
DA:264,0
DA:265,0
DA:268,1
DA:270,0
DA:271,0
DA:272,0
DA:273,0
DA:274,0
DA:275,0
DA:276,0
DA:277,0
DA:279,0
DA:280,0
DA:282,0
DA:283,0
DA:284,0
DA:285,0
DA:286,0
DA:287,0
DA:288,0
DA:289,0
DA:291,0
DA:292,0
DA:293,0
DA:294,0
DA:295,0
DA:296,0
DA:298,0
DA:299,0
DA:300,0
DA:302,0
DA:303,0
DA:304,0
DA:305,0
DA:306,0
DA:307,0
DA:308,0
DA:309,0
DA:310,0
DA:311,0
DA:312,0
DA:313,0
DA:315,0
DA:316,0
DA:317,0
DA:318,0
DA:319,0
DA:321,0
DA:322,0
DA:323,0
DA:324,0
DA:328,0
DA:329,0
DA:330,0
DA:331,0
DA:332,0
DA:333,0
DA:335,0
DA:336,0
DA:337,0
DA:338,0
DA:339,0
DA:340,0
DA:342,0
DA:343,0
DA:344,0
LF:267
LH:50
BRDA:88,0,0,1
BRDA:103,1,0,0
BRDA:114,2,0,0
BRDA:187,3,0,0
BRDA:202,4,0,0
BRDA:222,5,0,0
BRDA:246,6,0,0
BRF:7
BRH:1
end_of_record
TN:
SF:src/config/auth.ts
FN:10,validateAuthMethod
FNF:1
FNH:1
FNDA:8,validateAuthMethod
DA:1,1
DA:7,1
DA:8,1
DA:10,1
DA:11,8
DA:12,8
DA:13,8
DA:14,7
DA:15,8
DA:16,2
DA:17,2
DA:19,8
DA:20,2
DA:21,1
DA:22,1
DA:23,1
DA:24,1
DA:26,8
DA:27,3
DA:28,3
DA:29,3
DA:30,3
DA:31,1
DA:32,1
DA:37,1
DA:38,2
DA:39,2
DA:41,1
DA:42,1
LF:29
LH:29
BRDA:10,0,0,8
BRDA:13,1,0,7
BRDA:15,2,0,2
BRDA:17,3,0,6
BRDA:19,4,0,2
BRDA:20,5,0,1
BRDA:24,6,0,4
BRDA:26,7,0,3
BRDA:28,8,0,1
BRDA:30,9,0,2
BRDA:30,10,0,1
BRDA:37,11,0,2
BRDA:39,12,0,1
BRF:13
BRH:13
end_of_record
TN:
SF:src/config/config.ts
FN:31,debug
FN:33,warn
FN:35,error
FN:61,parseArguments
FN:206,loadHierarchicalGeminiMemory
FN:227,loadCliConfig
FN:369,mergeMcpServers
FN:387,mergeExcludeTools
FNF:8
FNH:5
FNDA:0,debug
FNDA:0,warn
FNDA:0,error
FNDA:52,parseArguments
FNDA:47,loadHierarchicalGeminiMemory
FNDA:47,loadCliConfig
FNDA:47,mergeMcpServers
FNDA:47,mergeExcludeTools
DA:1,1
DA:7,1
DA:8,1
DA:9,1
DA:10,1
DA:24,1
DA:25,1
DA:26,1
DA:29,1
DA:31,1
DA:33,1
DA:35,1
DA:36,1
DA:61,52
DA:62,52
DA:63,52
DA:64,52
DA:65,52
DA:66,52
DA:67,52
DA:68,52
DA:69,52
DA:70,52
DA:71,52
DA:72,52
DA:73,52
DA:74,52
DA:75,52
DA:76,52
DA:77,52
DA:78,52
DA:79,52
DA:80,52
DA:81,52
DA:82,52
DA:83,52
DA:84,52
DA:85,52
DA:86,52
DA:87,52
DA:88,52
DA:89,52
DA:90,52
DA:91,52
DA:92,52
DA:93,52
DA:94,52
DA:95,52
DA:96,52
DA:97,52
DA:98,52
DA:99,52
DA:100,52
DA:101,52
DA:102,52
DA:103,52
DA:104,52
DA:105,52
DA:106,52
DA:107,52
DA:108,52
DA:109,52
DA:110,52
DA:111,52
DA:112,52
DA:113,52
DA:114,52
DA:115,52
DA:116,52
DA:117,52
DA:118,52
DA:119,52
DA:120,52
DA:121,52
DA:122,52
DA:123,52
DA:124,52
DA:125,52
DA:126,52
DA:127,52
DA:128,52
DA:129,52
DA:130,52
DA:131,52
DA:132,52
DA:133,52
DA:134,52
DA:135,52
DA:136,52
DA:137,52
DA:138,52
DA:139,52
DA:140,52
DA:141,52
DA:142,52
DA:143,52
DA:144,52
DA:145,52
DA:146,52
DA:147,52
DA:148,52
DA:149,52
DA:150,52
DA:151,52
DA:152,52
DA:153,52
DA:154,52
DA:155,52
DA:156,52
DA:157,52
DA:158,52
DA:159,52
DA:160,52
DA:161,52
DA:162,52
DA:163,52
DA:164,52
DA:165,52
DA:166,52
DA:167,52
DA:168,52
DA:169,52
DA:170,52
DA:171,52
DA:172,52
DA:173,52
DA:174,52
DA:175,52
DA:176,52
DA:177,52
DA:178,52
DA:179,52
DA:180,52
DA:181,52
DA:182,52
DA:183,52
DA:185,52
DA:186,52
DA:187,52
DA:188,52
DA:189,52
DA:190,52
DA:191,52
DA:192,2
DA:193,2
DA:194,2
DA:195,2
DA:196,50
DA:197,52
DA:199,52
DA:200,52
DA:201,52
DA:206,47
DA:207,47
DA:208,47
DA:209,47
DA:210,47
DA:211,47
DA:212,47
DA:213,0
DA:214,0
DA:215,0
DA:216,0
DA:219,47
DA:220,47
DA:221,47
DA:222,47
DA:223,47
DA:224,47
DA:225,47
DA:227,47
DA:228,47
DA:229,47
DA:230,47
DA:231,47
DA:232,47
DA:233,47
DA:234,47
DA:235,47
DA:236,47
DA:237,47
DA:239,47
DA:240,47
DA:241,8
DA:242,6
DA:244,47
DA:245,47
DA:246,47
DA:247,47
DA:253,47
DA:254,0
DA:255,47
DA:257,47
DA:258,47
DA:260,47
DA:261,47
DA:262,47
DA:264,47
DA:266,47
DA:267,47
DA:268,47
DA:269,47
DA:270,47
DA:271,47
DA:273,47
DA:274,47
DA:276,47
DA:277,4
DA:278,4
DA:279,3
DA:280,3
DA:281,3
DA:282,4
DA:283,1
DA:284,1
DA:285,4
DA:287,47
DA:288,4
DA:289,4
DA:290,4
DA:291,4
DA:292,4
DA:293,4
DA:294,4
DA:295,4
DA:296,4
DA:297,4
DA:298,4
DA:299,4
DA:300,4
DA:301,4
DA:302,4
DA:303,4
DA:305,47
DA:307,47
DA:308,47
DA:309,47
DA:310,47
DA:311,47
DA:312,47
DA:313,47
DA:314,47
DA:315,47
DA:316,47
DA:317,47
DA:318,47
DA:319,47
DA:320,47
DA:321,47
DA:322,47
DA:323,47
DA:324,47
DA:325,47
DA:326,45
DA:327,45
DA:328,45
DA:329,47
DA:330,47
DA:331,47
DA:332,47
DA:333,46
DA:334,47
DA:335,47
DA:336,46
DA:337,46
DA:338,47
DA:339,47
DA:340,47
DA:342,47
DA:343,47
DA:344,47
DA:345,47
DA:346,47
DA:347,47
DA:348,47
DA:349,47
DA:350,47
DA:351,47
DA:352,47
DA:353,47
DA:354,47
DA:355,47
DA:356,47
DA:357,47
DA:358,47
DA:359,47
DA:360,47
DA:361,14
DA:362,14
DA:363,47
DA:364,47
DA:365,47
DA:366,47
DA:367,47
DA:369,47
DA:370,47
DA:371,47
DA:372,14
DA:373,14
DA:374,1
DA:375,0
DA:376,0
DA:377,0
DA:378,0
DA:379,0
DA:380,1
DA:381,1
DA:382,14
DA:383,14
DA:384,47
DA:385,47
DA:387,47
DA:388,47
DA:389,47
DA:390,47
DA:391,47
DA:392,47
DA:393,14
DA:394,12
DA:395,12
DA:396,14
DA:397,47
DA:398,47
LF:323
LH:313
BRDA:61,0,0,52
BRDA:190,1,0,52
BRDA:191,2,0,3
BRDA:191,3,0,2
BRDA:195,4,0,50
BRDA:206,5,0,47
BRDA:212,6,0,0
BRDA:227,7,0,47
BRDA:240,8,0,41
BRDA:240,9,0,38
BRDA:240,10,0,8
BRDA:241,11,0,6
BRDA:246,12,0,46
BRDA:253,13,0,0
BRDA:276,14,0,4
BRDA:278,15,0,3
BRDA:282,16,0,1
BRDA:287,17,0,4
BRDA:323,18,0,0
BRDA:325,19,0,45
BRDA:326,20,0,45
BRDA:327,21,0,45
BRDA:331,22,0,43
BRDA:331,23,0,12
BRDA:332,24,0,46
BRDA:333,25,0,13
BRDA:335,26,0,46
BRDA:336,27,0,46
BRDA:337,28,0,13
BRDA:338,29,0,45
BRDA:338,30,0,12
BRDA:343,31,0,0
BRDA:345,32,0,0
BRDA:347,33,0,0
BRDA:236,34,0,94
BRDA:261,35,0,14
BRDA:280,36,0,9
BRDA:360,37,0,14
BRDA:369,38,0,47
BRDA:370,39,0,41
BRDA:371,40,0,14
BRDA:372,41,0,13
BRDA:373,42,0,1
BRDA:374,43,0,0
BRDA:387,44,0,47
BRDA:391,45,0,42
BRDA:392,46,0,14
BRDA:393,47,0,7
BRDA:393,48,0,12
BRF:49
BRH:42
end_of_record
TN:
SF:src/config/extension.ts
FN:28,loadExtensions
FN:47,loadExtensionsFromDir
FN:65,loadExtension
FN:107,getContextFileNames
FN:117,filterActiveExtensions
FNF:5
FNH:5
FNDA:2,loadExtensions
FNDA:4,loadExtensionsFromDir
FNDA:3,loadExtension
FNDA:3,getContextFileNames
FNDA:52,filterActiveExtensions
DA:1,1
DA:8,1
DA:9,1
DA:10,1
DA:12,1
DA:13,1
DA:28,1
DA:29,2
DA:30,2
DA:31,2
DA:32,2
DA:34,2
DA:35,2
DA:36,3
DA:37,3
DA:38,3
DA:39,3
DA:40,3
DA:41,3
DA:42,3
DA:44,2
DA:45,2
DA:47,4
DA:48,4
DA:49,4
DA:50,2
DA:51,2
DA:53,2
DA:54,4
DA:55,3
DA:57,3
DA:58,3
DA:59,3
DA:60,3
DA:61,3
DA:62,2
DA:63,2
DA:65,3
DA:66,3
DA:67,0
DA:68,0
DA:69,0
DA:70,0
DA:71,0
DA:73,3
DA:74,3
DA:75,0
DA:76,0
DA:77,0
DA:78,0
DA:79,0
DA:81,3
DA:82,3
DA:83,3
DA:84,3
DA:85,0
DA:86,0
DA:87,0
DA:88,0
DA:89,0
DA:91,3
DA:92,3
DA:93,3
DA:95,3
DA:96,3
DA:97,3
DA:98,3
DA:99,3
DA:100,0
DA:101,0
DA:102,0
DA:103,0
DA:104,0
DA:105,3
DA:107,3
DA:108,3
DA:110,2
DA:111,3
DA:112,1
DA:113,1
DA:114,0
DA:115,0
DA:117,1
DA:118,52
DA:119,52
DA:120,52
DA:121,52
DA:122,47
DA:123,47
DA:125,5
DA:126,5
DA:127,5
DA:129,5
DA:130,5
DA:131,4
DA:132,52
DA:133,1
DA:134,1
DA:135,1
DA:136,1
DA:137,1
DA:139,4
DA:140,4
DA:142,52
DA:143,11
DA:144,11
DA:145,4
DA:146,4
DA:147,4
DA:148,4
DA:149,4
DA:150,10
DA:151,7
DA:152,7
DA:153,11
DA:155,52
DA:156,1
DA:157,1
DA:159,4
DA:160,4
LF:120
LH:98
BRDA:28,0,0,2
BRDA:35,1,0,3
BRDA:47,2,0,4
BRDA:49,3,0,2
BRDA:54,4,0,3
BRDA:61,5,0,2
BRDA:65,6,0,3
BRDA:66,7,0,0
BRDA:74,8,0,0
BRDA:84,9,0,0
BRDA:99,10,0,0
BRDA:92,11,0,3
BRDA:93,12,0,3
BRDA:107,13,0,3
BRDA:108,14,0,2
BRDA:111,15,0,1
BRDA:113,16,0,0
BRDA:117,17,0,52
BRDA:121,18,0,47
BRDA:123,19,0,6
BRDA:123,20,0,5
BRDA:130,21,0,4
BRDA:132,22,0,1
BRDA:137,23,0,4
BRDA:142,24,0,11
BRDA:144,25,0,10
BRDA:144,26,0,4
BRDA:150,27,0,7
BRDA:153,28,0,4
BRDA:155,29,0,1
BRDA:157,30,0,4
BRDA:126,31,0,6
BRF:32
BRH:27
end_of_record
TN:
SF:src/config/sandboxConfig.ts
FN:26,isSandboxCommand
FN:30,getSandboxCommand
FN:93,loadSandboxConfig
FNF:3
FNH:2
FNDA:0,isSandboxCommand
FNDA:47,getSandboxCommand
FNDA:47,loadSandboxConfig
DA:1,1
DA:8,1
DA:9,1
DA:10,1
DA:20,1
DA:21,1
DA:22,1
DA:23,1
DA:24,1
DA:26,0
DA:27,0
DA:28,0
DA:30,47
DA:31,47
DA:32,47
DA:34,47
DA:35,2
DA:36,2
DA:39,45
DA:40,47
DA:41,47
DA:42,47
DA:43,0
DA:44,45
DA:45,47
DA:46,45
DA:48,45
DA:49,45
DA:50,45
DA:52,47
DA:53,0
DA:54,0
DA:55,0
DA:56,0
DA:57,0
DA:58,0
DA:59,0
DA:60,0
DA:62,0
DA:63,0
DA:64,0
DA:65,0
DA:66,0
DA:67,0
DA:68,0
DA:69,0
DA:73,47
DA:74,0
DA:75,0
DA:76,0
DA:77,0
DA:78,0
DA:79,0
DA:82,0
DA:83,0
DA:84,0
DA:86,0
DA:87,0
DA:88,0
DA:90,0
DA:91,0
DA:93,47
DA:94,47
DA:95,47
DA:96,47
DA:97,47
DA:98,47
DA:100,47
DA:101,47
DA:102,47
DA:103,47
DA:104,47
DA:106,47
DA:107,47
LF:74
LH:40
BRDA:30,0,0,47
BRDA:34,1,0,2
BRDA:36,2,0,45
BRDA:40,3,0,0
BRDA:40,4,0,45
BRDA:42,5,0,45
BRDA:42,6,0,0
BRDA:43,7,0,45
BRDA:45,8,0,45
BRDA:45,9,0,0
BRDA:45,10,0,45
BRDA:50,11,0,0
BRDA:52,12,0,0
BRDA:73,13,0,0
BRDA:93,14,0,47
BRDA:104,15,0,0
BRDA:106,16,0,0
BRDA:106,17,0,0
BRF:18
BRH:9
end_of_record
TN:
SF:src/config/settings.ts
FN:27,getSystemSettingsPath
FN:101,LoadedSettings
FN:114,<instance_members_initializer>
FN:121,get merged
FN:125,computeMergedSettings
FN:133,forScope
FN:146,setValue
FN:159,resolveEnvVarsInString
FN:170,resolveEnvVarsInObject
FN:201,findEnvFile
FN:230,setUpCloudShellEnvironment
FN:252,loadEnvironment
FN:268,loadSettings
FN:360,saveSettings
FNF:14
FNH:13
FNDA:5,getSystemSettingsPath
FNDA:61,LoadedSettings
FNDA:61,<instance_members_initializer>
FNDA:297,get merged
FNDA:64,computeMergedSettings
FNDA:19,forScope
FNDA:3,setValue
FNDA:35,resolveEnvVarsInString
FNDA:95,resolveEnvVarsInObject
FNDA:25,findEnvFile
FNDA:0,setUpCloudShellEnvironment
FNDA:25,loadEnvironment
FNDA:25,loadSettings
FNDA:3,saveSettings
DA:1,1
DA:7,1
DA:8,1
DA:9,1
DA:10,1
DA:11,1
DA:19,1
DA:20,1
DA:21,1
DA:23,1
DA:24,1
DA:25,1
DA:27,5
DA:28,5
DA:29,5
DA:30,5
DA:31,0
DA:32,0
DA:33,0
DA:34,0
DA:35,5
DA:37,1
DA:39,1
DA:40,1
DA:41,1
DA:42,1
DA:100,1
DA:101,1
DA:102,61
DA:103,61
DA:104,61
DA:105,61
DA:106,61
DA:107,61
DA:108,61
DA:109,61
DA:110,61
DA:111,61
DA:112,61
DA:114,1
DA:115,61
DA:116,61
DA:117,61
DA:119,61
DA:121,1
DA:122,297
DA:123,297
DA:125,1
DA:126,64
DA:127,64
DA:128,64
DA:129,64
DA:130,64
DA:131,64
DA:133,1
DA:134,19
DA:135,19
DA:136,1
DA:137,19
DA:138,9
DA:139,19
DA:140,9
DA:141,19
DA:142,0
DA:143,19
DA:144,19
DA:146,1
DA:147,3
DA:148,3
DA:149,3
DA:150,3
DA:151,3
DA:153,3
DA:154,3
DA:155,3
DA:156,3
DA:157,1
DA:159,35
DA:160,35
DA:161,35
DA:162,19
DA:163,19
DA:164,18
DA:165,18
DA:166,1
DA:167,35
DA:168,35
DA:170,95
DA:171,95
DA:172,95
DA:173,93
DA:174,93
DA:175,77
DA:176,95
DA:177,20
DA:178,20
DA:180,95
DA:181,35
DA:182,35
DA:184,95
DA:185,3
DA:186,3
DA:188,37
DA:189,37
DA:190,37
DA:191,56
DA:192,56
DA:193,56
DA:194,56
DA:195,37
DA:196,37
DA:198,0
DA:199,0
DA:201,25
DA:202,25
DA:203,25
DA:205,127
DA:206,127
DA:207,8
DA:208,8
DA:209,119
DA:210,127
DA:211,0
DA:212,0
DA:213,119
DA:214,127
DA:216,17
DA:217,17
DA:218,0
DA:219,0
DA:220,17
DA:221,17
DA:222,0
DA:223,0
DA:224,17
DA:225,17
DA:226,102
DA:227,102
DA:228,25
DA:230,1
DA:236,0
DA:237,0
DA:238,0
DA:239,0
DA:241,0
DA:242,0
DA:244,0
DA:245,0
DA:246,0
DA:248,0
DA:249,0
DA:250,0
DA:252,1
DA:253,25
DA:255,25
DA:256,0
DA:257,0
DA:259,25
DA:260,8
DA:261,8
DA:262,25
DA:268,1
DA:269,25
DA:270,25
DA:271,25
DA:272,25
DA:273,25
DA:276,25
DA:277,25
DA:278,9
DA:279,9
DA:280,9
DA:281,9
DA:282,9
DA:283,9
DA:284,25
DA:285,2
DA:286,2
DA:287,2
DA:288,2
DA:289,2
DA:292,25
DA:293,25
DA:294,17
DA:295,17
DA:296,17
DA:297,17
DA:298,17
DA:300,17
DA:301,0
DA:302,17
DA:303,0
DA:304,0
DA:305,17
DA:306,25
DA:307,1
DA:308,1
DA:309,1
DA:310,1
DA:311,1
DA:313,25
DA:314,25
DA:315,25
DA:316,25
DA:317,25
DA:320,25
DA:321,25
DA:322,12
DA:323,12
DA:324,12
DA:325,12
DA:326,12
DA:327,12
DA:328,0
DA:329,0
DA:330,11
DA:331,0
DA:332,11
DA:333,0
DA:334,0
DA:335,12
DA:336,25
DA:337,1
DA:338,1
DA:339,1
DA:340,1
DA:341,1
DA:343,25
DA:344,25
DA:345,25
DA:346,25
DA:347,25
DA:348,25
DA:349,25
DA:350,25
DA:351,25
DA:352,25
DA:353,25
DA:354,25
DA:355,25
DA:356,25
DA:357,25
DA:358,25
DA:360,1
DA:361,3
DA:363,3
DA:364,3
DA:365,3
DA:366,3
DA:368,3
DA:369,3
DA:370,3
DA:371,3
DA:372,3
DA:373,3
DA:374,0
DA:375,0
DA:376,3
LF:258
LH:221
BRDA:27,0,0,5
BRDA:30,1,0,0
BRDA:39,2,0,5
BRDA:101,3,0,61
BRDA:114,4,0,61
BRDA:121,5,0,297
BRDA:125,6,0,64
BRDA:133,7,0,19
BRDA:135,8,0,1
BRDA:137,9,0,9
BRDA:139,10,0,9
BRDA:141,11,0,0
BRDA:146,12,0,3
BRDA:159,13,0,35
BRDA:161,14,0,19
BRDA:162,15,0,7
BRDA:163,16,0,18
BRDA:165,17,0,1
BRDA:170,18,0,95
BRDA:172,19,0,93
BRDA:173,20,0,93
BRDA:174,21,0,77
BRDA:176,22,0,20
BRDA:178,23,0,75
BRDA:180,24,0,35
BRDA:182,25,0,40
BRDA:184,26,0,3
BRDA:186,27,0,37
BRDA:190,28,0,56
BRDA:196,29,0,0
BRDA:185,30,0,5
BRDA:201,31,0,25
BRDA:203,32,0,127
BRDA:206,33,0,8
BRDA:208,34,0,119
BRDA:210,35,0,0
BRDA:212,36,0,119
BRDA:214,37,0,102
BRDA:214,38,0,17
BRDA:217,39,0,0
BRDA:221,40,0,0
BRDA:225,41,0,102
BRDA:252,42,0,25
BRDA:255,43,0,0
BRDA:259,44,0,8
BRDA:268,45,0,25
BRDA:277,46,0,9
BRDA:284,47,0,2
BRDA:293,48,0,17
BRDA:300,49,0,4
BRDA:300,50,0,0
BRDA:302,51,0,16
BRDA:302,52,0,4
BRDA:302,53,0,0
BRDA:306,54,0,1
BRDA:321,55,0,12
BRDA:327,56,0,0
BRDA:327,57,0,0
BRDA:329,58,0,11
BRDA:330,59,0,0
BRDA:332,60,0,0
BRDA:336,61,0,1
BRDA:360,62,0,3
BRDA:373,63,0,0
BRF:64
BRH:50
end_of_record
TN:
SF:src/generated/git-commit.ts
FNF:0
FNH:0
DA:1,1
DA:9,1
LF:2
LH:2
BRF:0
BRH:0
end_of_record
TN:
SF:src/services/CommandService.ts
FN:14,loadBuiltInCommands
FN:25,CommandService
FN:29,<instance_members_initializer>
FN:31,loadCommands
FN:37,getCommands
FNF:5
FNH:5
FNDA:20,loadBuiltInCommands
FNDA:28,CommandService
FNDA:28,<instance_members_initializer>
FNDA:28,loadCommands
FNDA:31,getCommands
DA:1,1
DA:8,1
DA:9,1
DA:10,1
DA:11,1
DA:12,1
DA:14,1
DA:15,20
DA:16,20
DA:17,20
DA:18,20
DA:19,20
DA:20,20
DA:22,1
DA:23,1
DA:25,1
DA:26,28
DA:27,28
DA:29,28
DA:31,1
DA:34,28
DA:35,28
DA:37,1
DA:38,31
DA:39,31
DA:40,1
LF:26
LH:26
BRDA:14,0,0,20
BRDA:25,1,0,28
BRDA:29,2,0,28
BRDA:31,3,0,28
BRDA:37,4,0,31
BRF:5
BRH:5
end_of_record
TN:
SF:src/test-utils/mockCommandContext.ts
FN:27,createMockCommandContext
FN:68,merge
FNF:2
FNH:2
FNDA:39,createMockCommandContext
FNDA:51,merge
DA:1,1
DA:7,1
DA:27,1
DA:28,39
DA:29,39
DA:30,39
DA:31,39
DA:32,39
DA:33,39
DA:34,39
DA:35,39
DA:36,39
DA:37,39
DA:38,39
DA:39,39
DA:41,39
DA:42,39
DA:43,39
DA:44,39
DA:45,39
DA:46,39
DA:47,39
DA:48,39
DA:49,39
DA:50,39
DA:51,39
DA:52,39
DA:53,39
DA:54,39
DA:55,39
DA:56,39
DA:57,39
DA:58,39
DA:59,39
DA:60,39
DA:61,39
DA:62,39
DA:63,39
DA:64,39
DA:65,39
DA:68,39
DA:69,51
DA:71,51
DA:72,24
DA:73,24
DA:74,24
DA:76,24
DA:77,24
DA:78,22
DA:79,21
DA:80,21
DA:81,12
DA:82,12
DA:83,24
DA:84,12
DA:85,12
DA:86,12
DA:87,12
DA:88,24
DA:89,24
DA:90,51
DA:91,51
DA:93,39
DA:94,39
LF:64
LH:64
BRDA:27,0,0,39
BRDA:68,1,0,51
BRDA:71,2,0,24
BRDA:77,3,0,22
BRDA:78,4,0,21
BRDA:79,5,0,21
BRDA:80,6,0,12
BRDA:81,7,0,12
BRDA:83,8,0,12
BRF:9
BRH:9
end_of_record
TN:
SF:src/ui/App.tsx
FN:93,AppWrapper
FN:99,App
FN:196,syncUserTier
FN:274,checkModelChange
FN:290,flashFallbackHandler
FN:545,fetchUserMessages
FN:740,children
FN:804,onTimeout
FN:848,onExit
FNF:9
FNH:6
FNDA:17,AppWrapper
FNDA:34,App
FNDA:16,syncUserTier
FNDA:16,checkModelChange
FNDA:0,flashFallbackHandler
FNDA:34,fetchUserMessages
FNDA:17,children
FNDA:0,onTimeout
FNDA:0,onExit
DA:1,1
DA:7,1
DA:8,1
DA:19,1
DA:20,1
DA:21,1
DA:22,1
DA:23,1
DA:24,1
DA:25,1
DA:26,1
DA:27,1
DA:28,1
DA:29,1
DA:30,1
DA:31,1
DA:32,1
DA:33,1
DA:34,1
DA:35,1
DA:36,1
DA:37,1
DA:38,1
DA:39,1
DA:40,1
DA:41,1
DA:43,1
DA:44,1
DA:45,1
DA:46,1
DA:47,1
DA:48,1
DA:49,1
DA:50,1
DA:51,1
DA:61,1
DA:62,1
DA:63,1
DA:64,1
DA:68,1
DA:69,1
DA:70,1
DA:71,1
DA:72,1
DA:73,1
DA:78,1
DA:79,1
DA:80,1
DA:81,1
DA:82,1
DA:84,1
DA:93,1
DA:94,17
DA:95,17
DA:96,17
DA:99,1
DA:100,34
DA:101,34
DA:102,34
DA:103,34
DA:105,34
DA:106,16
DA:107,34
DA:109,34
DA:110,34
DA:111,34
DA:112,34
DA:113,34
DA:114,34
DA:116,34
DA:117,16
DA:118,16
DA:119,16
DA:120,16
DA:121,16
DA:122,16
DA:123,34
DA:125,34
DA:126,34
DA:127,34
DA:128,34
DA:129,0
DA:130,0
DA:131,34
DA:133,34
DA:134,34
DA:135,34
DA:136,34
DA:137,34
DA:138,34
DA:139,34
DA:140,34
DA:141,34
DA:142,34
DA:143,34
DA:144,34
DA:145,34
DA:146,34
DA:147,34
DA:149,34
DA:150,34
DA:151,34
DA:152,34
DA:153,34
DA:154,34
DA:155,34
DA:156,34
DA:157,34
DA:159,34
DA:160,0
DA:161,34
DA:162,34
DA:164,34
DA:165,34
DA:166,34
DA:167,34
DA:169,34
DA:170,34
DA:171,34
DA:172,34
DA:173,34
DA:174,34
DA:176,34
DA:177,34
DA:178,34
DA:179,34
DA:180,34
DA:181,34
DA:182,34
DA:184,34
DA:185,34
DA:186,0
DA:187,0
DA:188,0
DA:189,0
DA:190,0
DA:191,0
DA:192,34
DA:195,34
DA:196,16
DA:197,16
DA:198,16
DA:199,16
DA:200,0
DA:201,0
DA:202,16
DA:205,0
DA:206,0
DA:207,0
DA:208,0
DA:209,16
DA:212,16
DA:213,16
DA:214,16
DA:215,34
DA:217,34
DA:218,34
DA:219,34
DA:220,34
DA:221,34
DA:222,34
DA:224,34
DA:225,0
DA:226,34
DA:228,34
DA:229,0
DA:230,0
DA:231,0
DA:232,0
DA:233,0
DA:234,0
DA:235,0
DA:236,0
DA:237,0
DA:238,0
DA:239,0
DA:240,0
DA:241,0
DA:242,0
DA:243,0
DA:244,0
DA:245,0
DA:247,0
DA:248,0
DA:249,0
DA:250,0
DA:251,0
DA:252,0
DA:253,0
DA:254,0
DA:255,0
DA:256,0
DA:257,0
DA:258,0
DA:259,0
DA:260,0
DA:261,0
DA:262,0
DA:263,0
DA:264,0
DA:265,0
DA:266,0
DA:267,0
DA:268,0
DA:269,0
DA:270,34
DA:273,34
DA:274,16
DA:275,16
DA:276,16
DA:277,0
DA:278,0
DA:279,16
DA:282,16
DA:283,16
DA:285,16
DA:286,34
DA:289,34
DA:290,16
DA:291,0
DA:292,0
DA:293,0
DA:294,0
DA:295,0
DA:298,0
DA:299,0
DA:302,0
DA:303,0
DA:304,0
DA:305,0
DA:306,0
DA:307,0
DA:308,0
DA:309,0
DA:313,0
DA:314,0
DA:315,0
DA:316,0
DA:317,0
DA:318,0
DA:319,0
DA:320,0
DA:321,0
DA:325,0
DA:326,0
DA:327,0
DA:329,0
DA:330,0
DA:331,0
DA:332,0
DA:334,0
DA:335,0
DA:339,0
DA:340,0
DA:343,0
DA:344,0
DA:345,0
DA:346,0
DA:347,0
DA:348,0
DA:349,0
DA:352,0
DA:354,0
DA:356,0
DA:357,0
DA:358,0
DA:359,0
DA:360,0
DA:361,0
DA:362,0
DA:364,16
DA:365,34
DA:367,34
DA:368,34
DA:369,34
DA:370,34
DA:371,34
DA:372,34
DA:373,34
DA:374,34
DA:375,34
DA:376,34
DA:377,34
DA:378,34
DA:379,34
DA:380,34
DA:381,34
DA:382,34
DA:383,34
DA:384,34
DA:385,34
DA:386,34
DA:387,34
DA:388,34
DA:389,34
DA:390,34
DA:392,34
DA:393,34
DA:394,34
DA:395,34
DA:396,0
DA:397,0
DA:398,0
DA:399,0
DA:400,0
DA:401,34
DA:403,34
DA:404,34
DA:405,34
DA:406,34
DA:407,34
DA:408,34
DA:410,34
DA:411,34
DA:412,34
DA:413,34
DA:414,34
DA:415,34
DA:416,34
DA:417,34
DA:419,34
DA:420,34
DA:421,0
DA:422,0
DA:423,0
DA:424,0
DA:425,0
DA:426,0
DA:427,0
DA:428,0
DA:429,0
DA:430,0
DA:431,0
DA:432,0
DA:433,0
DA:434,0
DA:436,0
DA:437,0
DA:438,0
DA:439,0
DA:440,0
DA:441,0
DA:442,0
DA:443,0
DA:444,0
DA:445,0
DA:447,34
DA:448,34
DA:450,34
DA:451,0
DA:452,0
DA:457,0
DA:458,0
DA:459,0
DA:461,0
DA:462,0
DA:463,0
DA:464,0
DA:465,0
DA:467,0
DA:468,0
DA:469,0
DA:470,0
DA:471,0
DA:472,0
DA:473,0
DA:474,0
DA:476,0
DA:477,0
DA:478,0
DA:479,0
DA:480,0
DA:481,0
DA:482,34
DA:484,34
DA:485,16
DA:486,16
DA:487,16
DA:488,34
DA:490,34
DA:491,0
DA:492,0
DA:493,0
DA:494,0
DA:495,0
DA:496,0
DA:497,0
DA:498,34
DA:500,34
DA:501,0
DA:502,0
DA:503,34
DA:505,34
DA:506,34
DA:507,34
DA:508,34
DA:509,34
DA:510,34
DA:511,34
DA:512,34
DA:513,34
DA:514,34
DA:515,34
DA:516,34
DA:517,34
DA:518,34
DA:519,34
DA:520,34
DA:521,34
DA:522,34
DA:523,34
DA:524,34
DA:525,34
DA:526,34
DA:527,34
DA:528,34
DA:529,34
DA:531,34
DA:532,34
DA:533,0
DA:534,0
DA:535,0
DA:536,0
DA:537,0
DA:538,34
DA:539,34
DA:541,34
DA:542,34
DA:544,34
DA:545,34
DA:546,34
DA:548,34
DA:549,34
DA:550,34
DA:551,1
DA:552,0
DA:553,0
DA:554,34
DA:555,34
DA:556,34
DA:559,34
DA:560,34
DA:561,34
DA:562,34
DA:565,34
DA:566,34
DA:567,0
DA:568,0
DA:569,0
DA:570,0
DA:571,0
DA:572,0
DA:573,0
DA:575,34
DA:576,34
DA:577,34
DA:578,34
DA:580,34
DA:582,34
DA:583,0
DA:584,0
DA:585,0
DA:586,0
DA:587,34
DA:589,34
DA:590,34
DA:592,34
DA:593,16
DA:594,16
DA:595,16
DA:596,16
DA:597,34
DA:599,34
DA:600,34
DA:601,34
DA:602,34
DA:603,34
DA:605,34
DA:607,16
DA:608,16
DA:609,16
DA:610,16
DA:613,0
DA:614,0
DA:615,0
DA:616,0
DA:618,0
DA:619,0
DA:620,0
DA:621,34
DA:623,34
DA:624,16
DA:625,0
DA:626,0
DA:627,0
DA:628,34
DA:630,34
DA:631,16
DA:632,0
DA:633,0
DA:634,16
DA:635,34
DA:637,34
DA:639,34
DA:640,16
DA:641,16
DA:642,4
DA:643,4
DA:644,12
DA:645,34
DA:647,34
DA:648,34
DA:650,34
DA:651,31
DA:652,31
DA:653,1
DA:654,1
DA:655,1
DA:656,1
DA:657,1
DA:658,1
DA:659,1
DA:660,31
DA:661,1
DA:662,1
DA:663,1
DA:664,34
DA:665,34
DA:666,34
DA:667,34
DA:668,34
DA:669,34
DA:670,34
DA:671,34
DA:672,34
DA:673,34
DA:675,34
DA:676,0
DA:677,0
DA:678,0
DA:679,0
DA:680,0
DA:681,0
DA:682,0
DA:684,0
DA:685,0
DA:686,0
DA:687,0
DA:688,0
DA:689,0
DA:690,0
DA:692,0
DA:693,34
DA:694,34
DA:697,34
DA:698,34
DA:699,34
DA:700,34
DA:702,34
DA:715,34
DA:716,34
DA:717,34
DA:718,34
DA:719,34
DA:720,32
DA:721,32
DA:722,32
DA:723,32
DA:724,32
DA:726,34
DA:727,34
DA:728,34
DA:729,1
DA:730,1
DA:731,1
DA:732,1
DA:733,1
DA:734,1
DA:735,1
DA:736,1
DA:737,34
DA:738,34
DA:740,34
DA:741,34
DA:742,34
DA:743,34
DA:744,34
DA:745,0
DA:746,0
DA:747,0
DA:748,0
DA:750,0
DA:753,0
DA:754,0
DA:755,0
DA:756,0
DA:757,0
DA:758,34
DA:759,34
DA:760,34
DA:761,34
DA:763,34
DA:765,34
DA:766,34
DA:767,0
DA:768,0
DA:769,0
DA:770,0
DA:771,0
DA:772,0
DA:774,0
DA:775,0
DA:776,0
DA:777,0
DA:778,0
DA:779,0
DA:782,34
DA:783,8
DA:784,8
DA:785,0
DA:786,0
DA:787,0
DA:789,8
DA:790,8
DA:791,8
DA:792,8
DA:793,8
DA:794,8
DA:795,8
DA:796,0
DA:798,8
DA:799,8
DA:800,8
DA:801,26
DA:802,0
DA:803,0
DA:804,0
DA:805,0
DA:806,0
DA:807,0
DA:808,0
DA:809,0
DA:810,0
DA:811,0
DA:812,0
DA:813,0
DA:814,0
DA:815,0
DA:816,0
DA:818,0
DA:819,0
DA:820,0
DA:821,0
DA:822,0
DA:824,0
DA:825,26
DA:826,0
DA:827,0
DA:828,0
DA:829,0
DA:830,0
DA:831,0
DA:832,0
DA:833,26
DA:834,0
DA:835,0
DA:836,0
DA:837,0
DA:838,0
DA:840,0
DA:841,0
DA:842,0
DA:843,0
DA:844,0
DA:845,0
DA:846,26
DA:847,0
DA:848,0
DA:849,0
DA:850,0
DA:852,26
DA:853,26
DA:854,26
DA:855,26
DA:856,26
DA:857,0
DA:858,26
DA:860,26
DA:861,26
DA:862,0
DA:863,26
DA:865,26
DA:866,26
DA:867,26
DA:868,26
DA:869,26
DA:870,26
DA:871,26
DA:873,26
DA:874,26
DA:875,0
DA:877,26
DA:878,0
DA:880,0
DA:881,26
DA:882,0
DA:884,0
DA:886,26
DA:887,26
DA:888,26
DA:889,26
DA:890,26
DA:891,26
DA:893,26
DA:894,26
DA:895,26
DA:896,0
DA:897,0
DA:898,0
DA:899,0
DA:901,26
DA:902,26
DA:903,26
DA:905,26
DA:906,0
DA:907,0
DA:908,0
DA:909,0
DA:910,0
DA:911,0
DA:913,0
DA:914,0
DA:915,0
DA:916,0
DA:917,0
DA:920,26
DA:921,4
DA:922,4
DA:923,4
DA:924,4
DA:925,4
DA:926,4
DA:927,4
DA:928,4
DA:929,4
DA:930,4
DA:931,4
DA:932,4
DA:933,4
DA:935,26
DA:938,34
DA:939,0
DA:940,0
DA:941,0
DA:942,0
DA:943,0
DA:945,0
DA:946,0
DA:947,0
DA:948,0
DA:949,0
DA:951,0
DA:952,0
DA:953,0
DA:954,0
DA:956,0
DA:958,0
DA:959,0
DA:960,0
DA:961,0
DA:962,0
DA:963,0
DA:965,0
DA:966,0
DA:968,0
DA:970,34
DA:971,34
DA:972,34
DA:973,34
DA:974,34
DA:975,34
DA:976,34
DA:977,34
DA:978,34
DA:979,34
DA:980,34
DA:982,34
DA:983,34
DA:984,34
DA:985,34
DA:986,34
DA:987,34
DA:989,34
LF:793
LH:462
BRDA:93,0,0,17
BRDA:99,1,0,34
BRDA:580,2,0,4
BRDA:675,3,0,0
BRDA:702,4,0,0
BRDA:719,5,0,32
BRDA:726,6,0,32
BRDA:763,7,0,0
BRDA:766,8,0,0
BRDA:782,9,0,8
BRDA:784,10,0,0
BRDA:795,11,0,0
BRDA:800,12,0,26
BRDA:801,13,0,0
BRDA:825,14,0,0
BRDA:833,15,0,0
BRDA:846,16,0,0
BRDA:856,17,0,0
BRDA:861,18,0,0
BRDA:874,19,0,0
BRDA:877,20,0,0
BRDA:881,21,0,0
BRDA:895,22,0,0
BRDA:896,23,0,0
BRDA:901,24,0,0
BRDA:905,25,0,0
BRDA:920,26,0,4
BRDA:938,27,0,0
BRDA:938,28,0,0
BRDA:105,29,0,16
BRDA:116,30,0,16
BRDA:165,31,0,16
BRDA:184,32,0,34
BRDA:185,33,0,0
BRDA:195,34,0,16
BRDA:196,35,0,16
BRDA:199,36,0,0
BRDA:202,37,0,0
BRDA:273,38,0,16
BRDA:274,39,0,16
BRDA:276,40,0,0
BRDA:285,41,0,16
BRDA:289,42,0,16
BRDA:484,43,0,16
BRDA:544,44,0,34
BRDA:545,45,0,34
BRDA:546,46,0,0
BRDA:566,47,0,0
BRDA:550,48,0,1
BRDA:551,49,0,0
BRDA:552,50,0,0
BRDA:592,51,0,16
BRDA:601,52,0,32
BRDA:605,53,0,16
BRDA:610,54,0,0
BRDA:623,55,0,16
BRDA:624,56,0,1
BRDA:624,57,0,0
BRDA:630,58,0,16
BRDA:631,59,0,0
BRDA:639,60,0,16
BRDA:641,61,0,4
BRDA:642,62,0,1
BRDA:642,63,0,3
BRDA:643,64,0,12
BRDA:647,65,0,16
BRDA:650,66,0,31
BRDA:652,67,0,1
BRDA:653,68,0,1
BRDA:654,69,0,1
BRDA:655,70,0,1
BRDA:656,71,0,1
BRDA:657,72,0,1
BRDA:658,73,0,1
BRDA:660,74,0,1
BRDA:728,75,0,1
BRDA:740,76,0,17
BRF:77
BRH:45
end_of_record
TN:
SF:src/ui/colors.ts
FN:11,get type
FN:14,get Foreground
FN:17,get Background
FN:20,get LightBlue
FN:23,get AccentBlue
FN:26,get AccentPurple
FN:29,get AccentCyan
FN:32,get AccentGreen
FN:35,get AccentYellow
FN:38,get AccentRed
FN:41,get Comment
FN:44,get Gray
FN:47,get GradientColors
FNF:13
FNH:10
FNDA:0,get type
FNDA:211,get Foreground
FNDA:0,get Background
FNDA:131,get LightBlue
FNDA:66,get AccentBlue
FNDA:81,get AccentPurple
FNDA:6,get AccentCyan
FNDA:76,get AccentGreen
FNDA:41,get AccentYellow
FNDA:85,get AccentRed
FNDA:0,get Comment
FNDA:400,get Gray
FNDA:9,get GradientColors
DA:1,1
DA:7,1
DA:10,1
DA:11,1
DA:12,0
DA:13,0
DA:14,1
DA:15,211
DA:16,211
DA:17,1
DA:18,0
DA:19,0
DA:20,1
DA:21,131
DA:22,131
DA:23,1
DA:24,66
DA:25,66
DA:26,1
DA:27,81
DA:28,81
DA:29,1
DA:30,6
DA:31,6
DA:32,1
DA:33,76
DA:34,76
DA:35,1
DA:36,41
DA:37,41
DA:38,1
DA:39,85
DA:40,85
DA:41,1
DA:42,0
DA:43,0
DA:44,1
DA:45,400
DA:46,400
DA:47,1
DA:48,9
DA:49,9
DA:50,1
LF:43
LH:37
BRDA:14,0,0,211
BRDA:20,1,0,131
BRDA:23,2,0,66
BRDA:26,3,0,81
BRDA:29,4,0,6
BRDA:32,5,0,76
BRDA:35,6,0,41
BRDA:38,7,0,85
BRDA:44,8,0,400
BRDA:47,9,0,9
BRF:10
BRH:10
end_of_record
TN:
SF:src/ui/constants.ts
FN:1,(empty-report)
FNF:1
FNH:0
FNDA:0,(empty-report)
DA:1,0
DA:7,0
DA:8,0
DA:9,0
DA:12,0
DA:13,0
DA:15,0
LF:7
LH:0
BRDA:1,0,0,0
BRF:1
BRH:0
end_of_record
TN:
SF:src/ui/types.ts
FNF:0
FNH:0
DA:1,1
DA:13,1
DA:14,1
DA:15,1
DA:16,1
DA:20,1
DA:21,1
DA:22,1
DA:26,1
DA:27,1
DA:28,1
DA:29,1
DA:30,1
DA:31,1
DA:32,1
DA:155,1
DA:156,1
DA:157,1
DA:158,1
DA:159,1
DA:160,1
DA:161,1
DA:162,1
DA:163,1
DA:164,1
DA:165,1
LF:26
LH:26
BRDA:13,0,0,12
BRDA:20,1,0,12
BRDA:26,2,0,12
BRDA:155,3,0,12
BRF:4
BRH:4
end_of_record
TN:
SF:src/ui/commands/authCommand.ts
FN:12,action
FNF:1
FNH:1
FNDA:1,action
DA:1,1
DA:9,1
DA:10,1
DA:11,1
DA:12,1
DA:13,1
DA:14,1
DA:15,1
DA:16,1
LF:9
LH:9
BRDA:12,0,0,1
BRF:1
BRH:1
end_of_record
TN:
SF:src/ui/commands/clearCommand.ts
FN:12,action
FNF:1
FNH:1
FNDA:2,action
DA:1,1
DA:9,1
DA:10,1
DA:11,1
DA:12,1
DA:13,2
DA:14,2
DA:15,2
DA:16,2
DA:17,1
LF:10
LH:10
BRDA:12,0,0,2
BRDA:14,1,0,1
BRDA:14,2,0,1
BRF:3
BRH:3
end_of_record
TN:
SF:src/ui/commands/helpCommand.ts
FN:13,action
FNF:1
FNH:1
FNDA:1,action
DA:1,1
DA:9,1
DA:10,1
DA:11,1
DA:12,1
DA:13,1
DA:14,1
DA:15,1
DA:16,1
DA:17,1
DA:18,1
DA:19,1
DA:20,1
LF:13
LH:13
BRDA:13,0,0,1
BRF:1
BRH:1
end_of_record
TN:
SF:src/ui/commands/memoryCommand.ts
FN:18,action
FN:39,action
FN:66,action
FNF:3
FNH:3
FNDA:2,action
FNDA:2,action
FNDA:4,action
DA:1,1
DA:7,1
DA:8,1
DA:11,1
DA:12,1
DA:13,1
DA:14,1
DA:15,1
DA:16,1
DA:17,1
DA:18,1
DA:19,2
DA:20,2
DA:22,2
DA:23,2
DA:24,1
DA:25,1
DA:27,2
DA:28,2
DA:29,2
DA:30,2
DA:31,2
DA:32,2
DA:33,2
DA:34,2
DA:35,1
DA:36,1
DA:37,1
DA:38,1
DA:39,1
DA:40,2
DA:41,1
DA:42,1
DA:43,1
DA:44,1
DA:45,1
DA:46,1
DA:48,1
DA:49,1
DA:50,1
DA:51,1
DA:52,1
DA:53,1
DA:54,1
DA:56,1
DA:57,1
DA:58,1
DA:59,1
DA:60,1
DA:61,2
DA:62,1
DA:63,1
DA:64,1
DA:65,1
DA:66,1
DA:67,4
DA:68,4
DA:69,4
DA:70,4
DA:71,4
DA:72,4
DA:73,4
DA:75,4
DA:76,4
DA:78,4
DA:79,2
DA:80,2
DA:81,2
DA:82,1
DA:83,1
DA:85,2
DA:86,2
DA:87,2
DA:88,2
DA:89,2
DA:90,2
DA:91,2
DA:92,2
DA:93,4
DA:94,1
DA:95,1
DA:96,1
DA:97,1
DA:98,1
DA:99,1
DA:100,1
DA:101,1
DA:102,1
DA:103,4
DA:104,1
DA:105,1
DA:106,1
LF:92
LH:92
BRDA:18,0,0,2
BRDA:19,1,0,1
BRDA:20,2,0,1
BRDA:23,3,0,1
BRDA:24,4,0,1
BRDA:39,5,0,2
BRDA:40,6,0,1
BRDA:66,7,0,4
BRDA:76,8,0,3
BRDA:76,9,0,3
BRDA:78,10,0,2
BRDA:81,11,0,1
BRDA:82,12,0,1
BRDA:93,13,0,1
BRF:14
BRH:14
end_of_record
TN:
SF:src/ui/commands/themeCommand.ts
FN:12,action
FNF:1
FNH:1
FNDA:1,action
DA:1,1
DA:9,1
DA:10,1
DA:11,1
DA:12,1
DA:13,1
DA:14,1
DA:15,1
DA:16,1
LF:9
LH:9
BRDA:12,0,0,1
BRF:1
BRH:1
end_of_record
TN:
SF:src/ui/commands/types.ts
FN:1,(empty-report)
FNF:1
FNH:0
FNDA:0,(empty-report)
DA:1,0
LF:1
LH:0
BRDA:1,0,0,0
BRF:1
BRH:0
end_of_record
TN:
SF:src/ui/components/AboutBox.tsx
FN:21,AboutBox
FNF:1
FNH:1
FNDA:1,AboutBox
DA:1,1
DA:8,1
DA:9,1
DA:10,1
DA:21,1
DA:22,1
DA:23,1
DA:24,1
DA:25,1
DA:26,1
DA:27,1
DA:28,1
DA:29,1
DA:30,1
DA:31,1
DA:32,1
DA:33,1
DA:34,1
DA:35,1
DA:37,1
DA:38,1
DA:40,1
DA:41,1
DA:42,1
DA:43,1
DA:44,1
DA:46,1
DA:47,1
DA:48,1
DA:49,1
DA:50,1
DA:51,1
DA:52,1
DA:53,1
DA:54,1
DA:55,1
DA:57,1
DA:58,1
DA:59,1
DA:60,1
DA:61,1
DA:62,1
DA:64,1
DA:65,1
DA:66,1
DA:68,1
DA:69,1
DA:70,1
DA:71,1
DA:72,1
DA:73,1
DA:74,1
DA:75,1
DA:76,1
DA:78,1
DA:79,1
DA:80,1
DA:81,1
DA:82,1
DA:83,1
DA:84,1
DA:85,1
DA:86,1
DA:88,1
DA:89,1
DA:90,1
DA:91,1
DA:92,1
DA:93,1
DA:94,1
DA:95,1
DA:96,1
DA:98,1
DA:99,1
DA:100,1
DA:101,1
DA:102,1
DA:103,1
DA:104,1
DA:105,1
DA:106,1
DA:107,1
DA:108,1
DA:109,1
DA:111,1
DA:112,1
DA:113,1
DA:114,1
DA:115,1
DA:116,1
DA:118,1
LF:91
LH:91
BRDA:21,0,0,1
BRDA:102,1,0,0
BRF:2
BRH:1
end_of_record
TN:
SF:src/ui/components/AsciiArt.ts
FNF:0
FNH:0
DA:1,1
DA:7,1
DA:15,1
LF:3
LH:3
BRF:0
BRH:0
end_of_record
TN:
SF:src/ui/components/AuthDialog.tsx
FN:21,parseDefaultAuthType
FN:33,AuthDialog
FN:101,handleAuthSelect
FNF:3
FNH:2
FNDA:19,parseDefaultAuthType
FNDA:11,AuthDialog
FNDA:0,handleAuthSelect
DA:1,1
DA:7,1
DA:8,1
DA:9,1
DA:10,1
DA:11,1
DA:12,1
DA:13,1
DA:21,19
DA:22,19
DA:23,19
DA:24,19
DA:25,19
DA:26,9
DA:27,19
DA:28,7
DA:29,7
DA:30,12
DA:31,12
DA:33,1
DA:34,11
DA:35,11
DA:36,11
DA:37,11
DA:38,11
DA:39,10
DA:40,2
DA:41,2
DA:43,8
DA:44,8
DA:45,8
DA:47,10
DA:48,1
DA:49,1
DA:50,1
DA:52,1
DA:54,7
DA:55,7
DA:56,3
DA:57,10
DA:58,2
DA:59,2
DA:60,5
DA:61,11
DA:62,11
DA:63,11
DA:64,11
DA:65,11
DA:66,11
DA:67,11
DA:68,0
DA:69,0
DA:70,0
DA:71,0
DA:72,0
DA:73,0
DA:74,11
DA:75,11
DA:76,11
DA:77,11
DA:78,11
DA:79,11
DA:80,11
DA:82,11
DA:83,15
DA:84,4
DA:85,4
DA:87,11
DA:88,11
DA:89,11
DA:90,15
DA:91,4
DA:92,4
DA:94,15
DA:95,2
DA:96,2
DA:98,5
DA:99,11
DA:101,11
DA:102,0
DA:103,0
DA:104,0
DA:105,0
DA:106,0
DA:107,0
DA:108,0
DA:109,0
DA:111,11
DA:112,3
DA:115,3
DA:116,1
DA:117,1
DA:118,3
DA:120,1
DA:121,1
DA:122,1
DA:123,1
DA:124,1
DA:125,1
DA:126,1
DA:127,11
DA:129,11
DA:130,11
DA:131,11
DA:132,11
DA:133,11
DA:134,11
DA:135,11
DA:137,11
DA:138,11
DA:139,11
DA:140,11
DA:141,11
DA:142,11
DA:143,11
DA:144,11
DA:145,11
DA:146,11
DA:147,11
DA:148,11
DA:149,11
DA:150,6
DA:151,6
DA:152,6
DA:154,11
DA:155,11
DA:156,11
DA:157,11
DA:158,11
DA:159,11
DA:160,11
DA:161,11
DA:163,11
DA:165,11
DA:166,11
DA:167,11
DA:169,11
LF:137
LH:123
BRDA:21,0,0,19
BRDA:25,1,0,9
BRDA:27,2,0,7
BRDA:29,3,0,12
BRDA:33,4,0,11
BRDA:67,5,0,0
BRDA:149,6,0,6
BRDA:38,7,0,10
BRDA:39,8,0,2
BRDA:41,9,0,8
BRDA:47,10,0,4
BRDA:47,11,0,1
BRDA:52,12,0,7
BRDA:55,13,0,3
BRDA:56,14,0,2
BRDA:57,15,0,2
BRDA:59,16,0,5
BRDA:82,17,0,15
BRDA:83,18,0,4
BRDA:85,19,0,11
BRDA:90,20,0,4
BRDA:92,21,0,7
BRDA:94,22,0,2
BRDA:96,23,0,5
BRDA:111,24,0,3
BRDA:115,25,0,1
BRDA:117,26,0,2
BRDA:118,27,0,1
BRF:28
BRH:27
end_of_record
TN:
SF:src/ui/components/AuthInProgress.tsx
FN:16,AuthInProgress
FNF:1
FNH:0
FNDA:0,AuthInProgress
DA:1,1
DA:7,1
DA:8,1
DA:9,1
DA:10,1
DA:16,1
DA:17,0
DA:18,0
DA:19,0
DA:21,0
DA:22,0
DA:23,0
DA:24,0
DA:25,0
DA:27,0
DA:28,0
DA:29,0
DA:30,0
DA:31,0
DA:33,0
DA:34,0
DA:36,0
DA:37,0
DA:38,0
DA:39,0
DA:40,0
DA:41,0
DA:42,0
DA:44,0
DA:45,0
DA:47,0
DA:49,0
DA:50,0
DA:51,0
DA:52,0
DA:53,0
DA:55,0
DA:57,0
LF:38
LH:6
BRF:0
BRH:0
end_of_record
TN:
SF:src/ui/components/AutoAcceptIndicator.tsx
FN:16,AutoAcceptIndicator
FNF:1
FNH:0
FNDA:0,AutoAcceptIndicator
DA:1,1
DA:8,1
DA:9,1
DA:10,1
DA:16,1
DA:17,0
DA:18,0
DA:19,0
DA:20,0
DA:21,0
DA:23,0
DA:24,0
DA:25,0
DA:26,0
DA:27,0
DA:28,0
DA:29,0
DA:30,0
DA:31,0
DA:32,0
DA:33,0
DA:34,0
DA:35,0
DA:36,0
DA:37,0
DA:39,0
DA:40,0
DA:41,0
DA:42,0
DA:43,0
DA:44,0
DA:45,0
DA:47,0
LF:33
LH:5
BRF:0
BRH:0
end_of_record
TN:
SF:src/ui/components/ConsoleSummaryDisplay.tsx
FN:16,ConsoleSummaryDisplay
FNF:1
FNH:0
FNDA:0,ConsoleSummaryDisplay
DA:1,1
DA:8,1
DA:9,1
DA:16,1
DA:17,0
DA:18,0
DA:19,0
DA:20,0
DA:21,0
DA:23,0
DA:25,0
DA:26,0
DA:27,0
DA:28,0
DA:29,0
DA:30,0
DA:31,0
DA:33,0
DA:35,0
LF:19
LH:4
BRF:0
BRH:0
end_of_record
TN:
SF:src/ui/components/ContextSummaryDisplay.tsx
FN:19,ContextSummaryDisplay
FNF:1
FNH:1
FNDA:26,ContextSummaryDisplay
DA:1,1
DA:8,1
DA:9,1
DA:19,1
DA:20,26
DA:21,26
DA:22,26
DA:23,26
DA:24,26
DA:25,26
DA:27,26
DA:28,17
DA:29,17
DA:31,9
DA:32,9
DA:33,3
DA:34,3
DA:35,6
DA:36,9
DA:37,9
DA:38,9
DA:39,9
DA:40,9
DA:42,9
DA:43,9
DA:44,4
DA:45,5
DA:47,26
DA:48,26
DA:49,6
DA:50,6
DA:51,26
DA:52,1
DA:53,1
DA:54,26
DA:55,4
DA:57,4
DA:58,4
DA:59,0
DA:60,4
DA:61,4
DA:62,4
DA:63,4
DA:64,4
DA:66,9
DA:67,9
LF:46
LH:45
BRDA:19,0,0,26
BRDA:25,1,0,22
BRDA:27,2,0,20
BRDA:27,3,0,17
BRDA:29,4,0,9
BRDA:43,5,0,4
BRDA:44,6,0,2
BRDA:44,7,0,2
BRDA:44,8,0,5
BRDA:48,9,0,6
BRDA:50,10,0,9
BRDA:51,11,0,6
BRDA:51,12,0,1
BRDA:53,13,0,9
BRDA:54,14,0,4
BRDA:58,15,0,0
BRDA:64,16,0,9
BRDA:31,17,0,9
BRDA:32,18,0,3
BRDA:34,19,0,6
BRDA:36,20,0,5
BRDA:36,21,0,1
BRDA:38,22,0,4
BRDA:38,23,0,2
BRF:24
BRH:23
end_of_record
TN:
SF:src/ui/components/DetailedMessagesDisplay.tsx
FN:23,DetailedMessagesDisplay
FNF:1
FNH:0
FNDA:0,DetailedMessagesDisplay
DA:1,1
DA:8,1
DA:9,1
DA:11,1
DA:21,1
DA:23,1
DA:24,0
DA:25,0
DA:26,0
DA:28,0
DA:29,0
DA:30,0
DA:31,0
DA:32,0
DA:33,0
DA:34,0
DA:35,0
DA:36,0
DA:38,0
DA:39,0
DA:40,0
DA:41,0
DA:42,0
DA:43,0
DA:44,0
DA:45,0
DA:46,0
DA:48,0
DA:49,0
DA:50,0
DA:51,0
DA:52,0
DA:53,0
DA:54,0
DA:55,0
DA:56,0
DA:57,0
DA:58,0
DA:59,0
DA:60,0
DA:61,0
DA:62,0
DA:64,0
DA:65,0
DA:67,0
DA:68,0
DA:69,0
DA:70,0
DA:71,0
DA:72,0
DA:73,0
DA:75,0
DA:76,0
DA:78,0
DA:79,0
DA:80,0
DA:82,0
LF:57
LH:6
BRF:0
BRH:0
end_of_record
TN:
SF:src/ui/components/EditorSettingsDialog.tsx
FN:25,EditorSettingsDialog
FNF:1
FNH:0
FNDA:0,EditorSettingsDialog
DA:1,1
DA:7,1
DA:8,1
DA:9,1
DA:10,1
DA:15,1
DA:16,1
DA:17,1
DA:25,1
DA:26,0
DA:27,0
DA:28,0
DA:29,0
DA:30,0
DA:31,0
DA:32,0
DA:33,0
DA:34,0
DA:35,0
DA:36,0
DA:37,0
DA:38,0
DA:39,0
DA:40,0
DA:41,0
DA:42,0
DA:43,0
DA:45,0
DA:46,0
DA:48,0
DA:49,0
DA:50,0
DA:51,0
DA:52,0
DA:53,0
DA:54,0
DA:55,0
DA:56,0
DA:57,0
DA:58,0
DA:60,0
DA:61,0
DA:62,0
DA:63,0
DA:65,0
DA:66,0
DA:67,0
DA:68,0
DA:69,0
DA:70,0
DA:71,0
DA:73,0
DA:74,0
DA:75,0
DA:76,0
DA:78,0
DA:79,0
DA:80,0
DA:81,0
DA:82,0
DA:83,0
DA:84,0
DA:85,0
DA:86,0
DA:87,0
DA:88,0
DA:90,0
DA:91,0
DA:92,0
DA:93,0
DA:94,0
DA:95,0
DA:96,0
DA:97,0
DA:99,0
DA:100,0
DA:101,0
DA:102,0
DA:103,0
DA:104,0
DA:105,0
DA:107,0
DA:108,0
DA:109,0
DA:110,0
DA:111,0
DA:112,0
DA:113,0
DA:114,0
DA:115,0
DA:116,0
DA:117,0
DA:118,0
DA:119,0
DA:120,0
DA:121,0
DA:122,0
DA:124,0
DA:125,0
DA:126,0
DA:127,0
DA:128,0
DA:129,0
DA:130,0
DA:131,0
DA:132,0
DA:133,0
DA:134,0
DA:136,0
DA:137,0
DA:139,0
DA:140,0
DA:141,0
DA:143,0
DA:144,0
DA:145,0
DA:146,0
DA:149,0
DA:150,0
DA:151,0
DA:152,0
DA:153,0
DA:154,0
DA:155,0
DA:156,0
DA:158,0
DA:160,0
DA:161,0
DA:163,0
DA:164,0
DA:165,0
DA:166,0
DA:168,0
LF:133
LH:9
BRF:0
BRH:0
end_of_record
TN:
SF:src/ui/components/Footer.tsx
FN:30,Footer
FNF:1
FNH:1
FNDA:34,Footer
DA:1,1
DA:8,1
DA:9,1
DA:10,1
DA:11,1
DA:12,1
DA:13,1
DA:14,1
DA:30,1
DA:31,34
DA:32,34
DA:33,34
DA:34,34
DA:35,34
DA:36,34
DA:37,34
DA:38,34
DA:39,34
DA:40,34
DA:41,34
DA:42,34
DA:43,34
DA:44,34
DA:46,34
DA:47,34
DA:48,34
DA:49,34
DA:50,0
DA:51,0
DA:52,0
DA:53,0
DA:54,0
DA:55,0
DA:57,34
DA:58,34
DA:59,34
DA:60,34
DA:62,34
DA:63,0
DA:64,0
DA:65,0
DA:67,34
DA:70,34
DA:71,34
DA:72,34
DA:73,34
DA:74,34
DA:76,34
DA:77,0
DA:78,0
DA:79,0
DA:80,34
DA:81,0
DA:82,0
DA:83,0
DA:84,0
DA:86,34
DA:87,34
DA:88,34
DA:90,34
DA:93,34
DA:94,34
DA:95,34
DA:96,34
DA:97,34
DA:98,34
DA:99,34
DA:100,34
DA:101,34
DA:102,0
DA:103,0
DA:104,0
DA:105,0
DA:106,0
DA:107,0
DA:108,0
DA:109,0
DA:111,34
DA:112,0
DA:113,0
DA:114,0
DA:115,0
DA:117,34
DA:118,34
DA:119,34
DA:121,34
LF:86
LH:58
BRDA:30,0,0,34
BRDA:49,1,0,0
BRDA:59,2,0,0
BRDA:62,3,0,0
BRDA:76,4,0,0
BRDA:76,5,0,0
BRDA:80,6,0,0
BRDA:101,7,0,0
BRDA:111,8,0,0
BRDA:117,9,0,0
BRF:10
BRH:1
end_of_record
TN:
SF:src/ui/components/GeminiRespondingSpinner.tsx
FN:25,GeminiRespondingSpinner
FNF:1
FNH:1
FNDA:22,GeminiRespondingSpinner
DA:1,1
DA:8,1
DA:9,1
DA:11,1
DA:12,1
DA:23,1
DA:25,1
DA:26,22
DA:28,22
DA:29,0
DA:30,22
DA:31,0
DA:32,0
DA:33,22
DA:34,22
LF:15
LH:12
BRDA:25,0,0,22
BRDA:28,1,0,0
BRDA:30,2,0,0
BRF:3
BRH:1
end_of_record
TN:
SF:src/ui/components/Header.tsx
FN:21,Header
FNF:1
FNH:0
FNDA:0,Header
DA:1,1
DA:8,1
DA:9,1
DA:10,1
DA:11,1
DA:12,1
DA:21,1
DA:22,0
DA:23,0
DA:24,0
DA:25,0
DA:26,0
DA:27,0
DA:28,0
DA:30,0
DA:31,0
DA:32,0
DA:33,0
DA:34,0
DA:35,0
DA:37,0
DA:39,0
DA:40,0
DA:41,0
DA:42,0
DA:43,0
DA:44,0
DA:45,0
DA:48,0
DA:49,0
DA:50,0
DA:51,0
DA:52,0
DA:53,0
DA:54,0
DA:56,0
DA:58,0
LF:37
LH:7
BRF:0
BRH:0
end_of_record
TN:
SF:src/ui/components/Help.tsx
FN:16,Help
FNF:1
FNH:0
FNDA:0,Help
DA:1,1
DA:8,1
DA:9,1
DA:16,1
DA:17,0
DA:18,0
DA:19,0
DA:20,0
DA:21,0
DA:22,0
DA:25,0
DA:27,0
DA:28,0
DA:29,0
DA:31,0
DA:32,0
DA:33,0
DA:35,0
DA:36,0
DA:37,0
DA:39,0
DA:41,0
DA:42,0
DA:43,0
DA:45,0
DA:46,0
DA:47,0
DA:49,0
DA:50,0
DA:51,0
DA:53,0
DA:54,0
DA:55,0
DA:57,0
DA:59,0
DA:61,0
DA:64,0
DA:66,0
DA:67,0
DA:68,0
DA:69,0
DA:70,0
DA:71,0
DA:72,0
DA:73,0
DA:74,0
DA:75,0
DA:76,0
DA:77,0
DA:78,0
DA:79,0
DA:80,0
DA:81,0
DA:82,0
DA:83,0
DA:84,0
DA:85,0
DA:86,0
DA:87,0
DA:88,0
DA:89,0
DA:90,0
DA:91,0
DA:92,0
DA:93,0
DA:94,0
DA:96,0
DA:98,0
DA:101,0
DA:103,0
DA:104,0
DA:105,0
DA:107,0
DA:109,0
DA:110,0
DA:111,0
DA:112,0
DA:113,0
DA:114,0
DA:115,0
DA:116,0
DA:117,0
DA:118,0
DA:119,0
DA:121,0
DA:123,0
DA:124,0
DA:125,0
DA:127,0
DA:129,0
DA:130,0
DA:131,0
DA:133,0
DA:135,0
DA:136,0
DA:137,0
DA:139,0
DA:141,0
DA:142,0
DA:143,0
DA:145,0
DA:147,0
DA:148,0
DA:149,0
DA:151,0
DA:153,0
DA:154,0
LF:107
LH:4
BRF:0
BRH:0
end_of_record
TN:
SF:src/ui/components/HistoryItemDisplay.tsx
FN:34,HistoryItemDisplay
FNF:1
FNH:1
FNDA:7,HistoryItemDisplay
DA:1,1
DA:9,1
DA:10,1
DA:11,1
DA:12,1
DA:13,1
DA:14,1
DA:15,1
DA:16,1
DA:17,1
DA:18,1
DA:19,1
DA:20,1
DA:21,1
DA:22,1
DA:34,1
DA:35,7
DA:36,7
DA:37,7
DA:38,7
DA:39,7
DA:40,7
DA:41,7
DA:42,7
DA:44,7
DA:45,7
DA:46,7
DA:47,0
DA:48,0
DA:49,0
DA:50,0
DA:51,0
DA:52,0
DA:54,7
DA:55,0
DA:56,0
DA:57,0
DA:58,0
DA:59,0
DA:60,0
DA:62,7
DA:63,7
DA:64,7
DA:65,1
DA:66,1
DA:67,1
DA:68,1
DA:69,1
DA:70,1
DA:71,1
DA:72,1
DA:74,7
DA:75,7
DA:76,7
DA:77,7
DA:78,7
DA:79,0
DA:80,0
DA:81,0
DA:82,0
DA:83,0
DA:84,0
DA:85,0
DA:86,0
DA:88,7
DA:89,0
DA:91,7
LF:67
LH:46
BRDA:34,0,0,7
BRDA:44,1,0,1
BRDA:45,2,0,0
BRDA:46,3,0,0
BRDA:54,4,0,0
BRDA:62,5,0,1
BRDA:63,6,0,0
BRDA:64,7,0,1
BRDA:74,8,0,1
BRDA:75,9,0,1
BRDA:76,10,0,1
BRDA:77,11,0,1
BRDA:78,12,0,0
BRDA:88,13,0,0
BRF:14
BRH:8
end_of_record
TN:
SF:src/ui/components/InputPrompt.tsx
FN:45,InputPrompt
FNF:1
FNH:1
FNDA:24,InputPrompt
DA:1,1
DA:7,1
DA:8,1
DA:9,1
DA:10,1
DA:11,1
DA:13,1
DA:14,1
DA:15,1
DA:16,1
DA:17,1
DA:18,1
DA:19,1
DA:22,1
DA:27,1
DA:45,1
DA:46,24
DA:47,24
DA:48,24
DA:49,24
DA:50,24
DA:51,24
DA:52,24
DA:53,24
DA:54,24
DA:55,24
DA:56,24
DA:57,24
DA:58,24
DA:59,24
DA:60,24
DA:61,24
DA:62,24
DA:63,24
DA:64,24
DA:65,24
DA:66,24
DA:67,24
DA:68,24
DA:70,24
DA:71,24
DA:73,24
DA:74,24
DA:75,3
DA:76,1
DA:77,1
DA:80,3
DA:81,3
DA:82,3
DA:83,3
DA:84,24
DA:85,24
DA:87,24
DA:88,24
DA:89,0
DA:90,0
DA:91,0
DA:92,24
DA:93,24
DA:95,24
DA:96,24
DA:97,24
DA:98,24
DA:99,24
DA:100,24
DA:101,24
DA:104,24
DA:105,21
DA:106,0
DA:107,0
DA:108,0
DA:109,24
DA:110,24
DA:111,24
DA:112,24
DA:113,24
DA:114,24
DA:116,24
DA:117,24
DA:118,24
DA:119,7
DA:120,0
DA:121,0
DA:122,7
DA:123,7
DA:125,7
DA:126,6
DA:127,6
DA:128,6
DA:129,6
DA:130,6
DA:131,6
DA:133,6
DA:136,6
DA:137,5
DA:138,5
DA:139,7
DA:140,7
DA:141,7
DA:142,7
DA:144,7
DA:145,4
DA:146,1
DA:147,1
DA:148,4
DA:149,7
DA:151,3
DA:152,3
DA:153,3
DA:154,7
DA:155,7
DA:161,6
DA:162,6
DA:163,6
DA:165,6
DA:166,7
DA:167,1
DA:168,1
DA:169,1
DA:170,1
DA:171,1
DA:172,1
DA:173,1
DA:174,1
DA:175,1
DA:176,1
DA:177,1
DA:178,1
DA:179,1
DA:180,1
DA:181,7
DA:182,7
DA:183,24
DA:184,24
DA:187,24
DA:188,5
DA:189,5
DA:190,3
DA:191,3
DA:193,2
DA:195,2
DA:198,2
DA:201,2
DA:202,2
DA:203,2
DA:206,2
DA:207,2
DA:208,0
DA:209,0
DA:210,2
DA:213,2
DA:214,2
DA:215,2
DA:216,2
DA:218,2
DA:219,1
DA:220,1
DA:221,2
DA:222,1
DA:223,1
DA:226,2
DA:227,2
DA:228,3
DA:229,5
DA:230,1
DA:231,1
DA:232,24
DA:234,24
DA:235,24
DA:236,22
DA:237,0
DA:238,0
DA:240,22
DA:241,22
DA:242,0
DA:243,0
DA:244,22
DA:245,0
DA:246,0
DA:247,0
DA:248,0
DA:250,22
DA:251,0
DA:252,0
DA:253,0
DA:254,0
DA:256,0
DA:257,0
DA:258,0
DA:259,0
DA:260,0
DA:262,22
DA:263,0
DA:264,0
DA:265,0
DA:267,22
DA:268,7
DA:269,0
DA:270,0
DA:271,0
DA:272,7
DA:273,0
DA:274,0
DA:275,0
DA:277,7
DA:278,7
DA:279,7
DA:280,7
DA:281,0
DA:282,7
DA:283,7
DA:284,7
DA:285,7
DA:286,7
DA:287,7
DA:288,7
DA:289,22
DA:290,15
DA:291,11
DA:292,0
DA:293,0
DA:294,0
DA:295,11
DA:296,0
DA:297,0
DA:298,0
DA:300,11
DA:301,11
DA:302,1
DA:303,0
DA:304,11
DA:305,1
DA:306,1
DA:307,1
DA:308,10
DA:309,10
DA:310,1
DA:311,0
DA:312,11
DA:313,1
DA:314,1
DA:315,1
DA:316,15
DA:318,4
DA:319,2
DA:320,2
DA:321,2
DA:322,2
DA:323,4
DA:324,1
DA:325,1
DA:326,1
DA:327,1
DA:328,4
DA:330,15
DA:331,5
DA:332,4
DA:333,4
DA:334,4
DA:335,4
DA:336,1
DA:337,1
DA:338,4
DA:339,3
DA:340,3
DA:341,4
DA:342,5
DA:343,5
DA:344,15
DA:347,22
DA:348,0
DA:349,0
DA:350,0
DA:353,22
DA:354,0
DA:355,0
DA:356,0
DA:357,22
DA:358,0
DA:359,0
DA:360,0
DA:363,22
DA:364,0
DA:365,0
DA:366,0
DA:367,22
DA:368,0
DA:369,0
DA:370,0
DA:373,5
DA:374,22
DA:375,0
DA:376,0
DA:377,0
DA:380,22
DA:381,5
DA:382,5
DA:383,5
DA:386,0
DA:387,22
DA:388,24
DA:389,24
DA:390,24
DA:391,24
DA:392,24
DA:393,24
DA:394,24
DA:395,24
DA:396,24
DA:397,24
DA:398,24
DA:399,24
DA:400,24
DA:401,24
DA:403,24
DA:405,24
DA:406,24
DA:407,24
DA:408,24
DA:410,24
DA:411,24
DA:412,24
DA:413,24
DA:414,24
DA:415,24
DA:417,24
DA:418,24
DA:420,24
DA:421,24
DA:422,24
DA:423,24
DA:424,11
DA:425,11
DA:426,11
DA:427,11
DA:428,11
DA:430,0
DA:433,13
DA:434,13
DA:435,13
DA:436,13
DA:437,13
DA:438,13
DA:439,13
DA:441,13
DA:442,13
DA:444,13
DA:445,13
DA:446,13
DA:447,13
DA:448,13
DA:449,13
DA:450,13
DA:451,13
DA:452,13
DA:453,13
DA:454,13
DA:455,13
DA:456,13
DA:457,13
DA:458,0
DA:459,0
DA:460,0
DA:461,0
DA:462,0
DA:463,13
DA:464,13
DA:465,13
DA:466,13
DA:468,13
DA:470,24
DA:471,24
DA:472,24
DA:473,7
DA:474,7
DA:475,7
DA:476,7
DA:477,7
DA:478,7
DA:479,7
DA:480,7
DA:481,7
DA:482,7
DA:484,24
DA:486,24
LF:385
LH:315
BRDA:45,0,0,24
BRDA:64,1,0,23
BRDA:98,2,0,17
BRDA:414,3,0,4
BRDA:414,4,0,20
BRDA:418,5,0,4
BRDA:418,6,0,20
BRDA:420,7,0,4
BRDA:420,8,0,20
BRDA:423,9,0,11
BRDA:423,10,0,11
BRDA:428,11,0,0
BRDA:430,12,0,13
BRDA:472,13,0,7
BRDA:74,14,0,3
BRDA:75,15,0,1
BRDA:104,16,0,21
BRDA:105,17,0,0
BRDA:118,18,0,7
BRDA:119,19,0,0
BRDA:125,20,0,6
BRDA:136,21,0,5
BRDA:138,22,0,7
BRDA:140,23,0,6
BRDA:144,24,0,4
BRDA:145,25,0,2
BRDA:145,26,0,1
BRDA:149,27,0,3
BRDA:162,28,0,5
BRDA:162,29,0,2
BRDA:162,30,0,4
BRDA:166,31,0,1
BRDA:168,32,0,0
BRDA:141,33,0,16
BRDA:141,34,0,13
BRDA:187,35,0,5
BRDA:189,36,0,4
BRDA:189,37,0,3
BRDA:191,38,0,2
BRDA:207,39,0,0
BRDA:214,40,0,1
BRDA:214,41,0,1
BRDA:216,42,0,1
BRDA:216,43,0,1
BRDA:218,44,0,1
BRDA:218,45,0,1
BRDA:218,46,0,1
BRDA:221,47,0,1
BRDA:221,48,0,0
BRDA:221,49,0,1
BRDA:229,50,0,1
BRDA:235,51,0,22
BRDA:236,52,0,0
BRDA:241,53,0,0
BRDA:242,54,0,0
BRDA:244,55,0,0
BRDA:250,56,0,0
BRDA:262,57,0,5
BRDA:262,58,0,0
BRDA:267,59,0,7
BRDA:268,60,0,0
BRDA:272,61,0,0
BRDA:277,62,0,2
BRDA:280,63,0,0
BRDA:289,64,0,15
BRDA:290,65,0,11
BRDA:291,66,0,5
BRDA:291,67,0,0
BRDA:295,68,0,5
BRDA:295,69,0,0
BRDA:301,70,0,1
BRDA:302,71,0,0
BRDA:304,72,0,1
BRDA:307,73,0,10
BRDA:309,74,0,1
BRDA:310,75,0,0
BRDA:312,76,0,1
BRDA:316,77,0,4
BRDA:318,78,0,2
BRDA:320,79,0,1
BRDA:323,80,0,1
BRDA:325,81,0,0
BRDA:328,82,0,10
BRDA:330,83,0,5
BRDA:330,84,0,5
BRDA:330,85,0,5
BRDA:330,86,0,5
BRDA:331,87,0,4
BRDA:334,88,0,0
BRDA:335,89,0,1
BRDA:338,90,0,3
BRDA:344,91,0,5
BRDA:347,92,0,0
BRDA:347,93,0,0
BRDA:350,94,0,5
BRDA:353,95,0,0
BRDA:356,96,0,5
BRDA:357,97,0,0
BRDA:360,98,0,5
BRDA:363,99,0,0
BRDA:366,100,0,5
BRDA:367,101,0,0
BRDA:370,102,0,5
BRDA:374,103,0,0
BRDA:377,104,0,5
BRDA:380,105,0,5
BRDA:383,106,0,0
BRDA:433,107,0,13
BRDA:451,108,0,0
BRDA:457,109,0,0
BRF:110
BRH:79
end_of_record
TN:
SF:src/ui/components/LoadingIndicator.tsx
FN:23,LoadingIndicator
FNF:1
FNH:1
FNDA:40,LoadingIndicator
DA:1,1
DA:9,1
DA:10,1
DA:11,1
DA:12,1
DA:13,1
DA:14,1
DA:23,1
DA:24,40
DA:25,40
DA:26,40
DA:27,40
DA:28,40
DA:29,40
DA:31,40
DA:32,7
DA:33,7
DA:35,40
DA:37,40
DA:38,40
DA:40,40
DA:41,40
DA:42,40
DA:43,40
DA:44,40
DA:45,2
DA:46,31
DA:48,40
DA:49,40
DA:50,40
DA:51,40
DA:52,40
DA:53,2
DA:54,31
DA:55,40
DA:56,40
DA:57,40
DA:58,40
DA:59,40
DA:61,40
LF:40
LH:40
BRDA:23,0,0,40
BRDA:31,1,0,7
BRDA:33,2,0,33
BRDA:35,3,0,2
BRDA:35,4,0,31
BRDA:44,5,0,2
BRDA:45,6,0,31
BRDA:50,7,0,33
BRDA:52,8,0,2
BRDA:53,9,0,31
BRDA:54,10,0,29
BRDA:54,11,0,2
BRDA:57,12,0,1
BRF:13
BRH:13
end_of_record
TN:
SF:src/ui/components/MemoryUsageDisplay.tsx
FN:13,MemoryUsageDisplay
FNF:1
FNH:0
FNDA:0,MemoryUsageDisplay
DA:1,1
DA:7,1
DA:8,1
DA:9,1
DA:10,1
DA:11,1
DA:13,1
DA:14,0
DA:15,0
DA:17,0
DA:18,0
DA:19,0
DA:20,0
DA:21,0
DA:22,0
DA:23,0
DA:24,0
DA:25,0
DA:26,0
DA:27,0
DA:28,0
DA:30,0
DA:31,0
DA:32,0
DA:33,0
DA:34,0
DA:36,0
LF:27
LH:7
BRF:0
BRH:0
end_of_record
TN:
SF:src/ui/components/ModelStatsDisplay.tsx
FN:28,StatRow
FN:48,ModelStatsDisplay
FN:70,getModelValues
FNF:3
FNH:3
FNDA:52,StatRow
FNDA:8,ModelStatsDisplay
FNDA:42,getModelValues
DA:1,1
DA:8,1
DA:9,1
DA:10,1
DA:11,1
DA:16,1
DA:18,1
DA:19,1
DA:28,1
DA:29,52
DA:30,52
DA:31,52
DA:32,52
DA:33,52
DA:34,52
DA:35,52
DA:36,52
DA:37,52
DA:38,52
DA:39,52
DA:40,52
DA:41,60
DA:42,60
DA:43,60
DA:44,52
DA:45,52
DA:48,1
DA:49,8
DA:50,8
DA:51,8
DA:52,8
DA:53,8
DA:55,8
DA:56,3
DA:57,3
DA:58,3
DA:59,3
DA:60,3
DA:61,3
DA:63,3
DA:64,3
DA:66,3
DA:68,5
DA:70,5
DA:71,42
DA:72,42
DA:74,5
DA:75,5
DA:76,5
DA:77,5
DA:78,5
DA:79,5
DA:80,5
DA:82,5
DA:83,5
DA:84,5
DA:85,5
DA:86,5
DA:87,5
DA:88,5
DA:90,5
DA:92,5
DA:93,5
DA:96,5
DA:97,5
DA:98,5
DA:99,5
DA:100,5
DA:101,7
DA:102,7
DA:103,7
DA:104,5
DA:105,5
DA:108,5
DA:109,5
DA:110,5
DA:111,5
DA:112,5
DA:113,5
DA:114,5
DA:117,5
DA:118,5
DA:119,5
DA:120,5
DA:121,5
DA:122,5
DA:123,5
DA:124,5
DA:125,7
DA:126,7
DA:127,7
DA:128,7
DA:129,7
DA:132,7
DA:133,7
DA:135,5
DA:136,5
DA:137,5
DA:138,5
DA:139,5
DA:140,7
DA:141,7
DA:142,5
DA:143,5
DA:145,5
DA:148,5
DA:149,5
DA:150,5
DA:151,5
DA:152,7
DA:153,7
DA:154,7
DA:155,5
DA:156,5
DA:157,5
DA:158,5
DA:159,5
DA:160,5
DA:161,5
DA:162,5
DA:163,4
DA:164,4
DA:165,4
DA:166,4
DA:167,6
DA:168,6
DA:169,6
DA:170,6
DA:171,6
DA:173,4
DA:174,4
DA:176,8
DA:177,4
DA:178,4
DA:179,4
DA:180,4
DA:181,4
DA:183,8
DA:184,4
DA:185,4
DA:186,4
DA:187,4
DA:188,4
DA:190,8
DA:191,8
DA:192,8
DA:193,8
DA:194,8
DA:195,8
DA:197,8
LF:150
LH:150
BRDA:28,0,0,52
BRDA:36,1,0,10
BRDA:36,2,0,42
BRDA:37,3,0,22
BRDA:37,4,0,30
BRDA:40,5,0,60
BRDA:48,6,0,8
BRDA:55,7,0,3
BRDA:66,8,0,6
BRDA:66,9,0,5
BRDA:162,10,0,4
BRDA:176,11,0,4
BRDA:183,12,0,4
BRDA:52,13,0,7
BRDA:68,14,0,7
BRDA:70,15,0,42
BRDA:72,16,0,60
BRDA:75,17,0,5
BRDA:77,18,0,6
BRDA:79,19,0,5
BRDA:100,20,0,7
BRDA:120,21,0,7
BRDA:124,22,0,7
BRDA:129,23,0,3
BRDA:129,24,0,4
BRDA:139,25,0,7
BRDA:151,26,0,7
BRDA:160,27,0,7
BRDA:166,28,0,6
BRDA:180,29,0,6
BRDA:187,30,0,6
BRDA:193,31,0,7
BRF:32
BRH:32
end_of_record
TN:
SF:src/ui/components/SessionSummaryDisplay.tsx
FN:14,SessionSummaryDisplay
FNF:1
FNH:1
FNDA:2,SessionSummaryDisplay
DA:1,1
DA:8,1
DA:14,1
DA:15,2
DA:16,2
DA:17,2
LF:6
LH:6
BRDA:14,0,0,2
BRF:1
BRH:1
end_of_record
TN:
SF:src/ui/components/ShellModeIndicator.tsx
FN:11,ShellModeIndicator
FNF:1
FNH:0
FNDA:0,ShellModeIndicator
DA:1,1
DA:8,1
DA:9,1
DA:11,1
DA:12,0
DA:13,0
DA:15,0
DA:16,0
DA:17,0
LF:9
LH:4
BRF:0
BRH:0
end_of_record
TN:
SF:src/ui/components/ShowMoreLines.tsx
FN:17,ShowMoreLines
FNF:1
FNH:1
FNDA:34,ShowMoreLines
DA:1,1
DA:7,1
DA:8,1
DA:9,1
DA:10,1
DA:11,1
DA:17,1
DA:18,34
DA:19,34
DA:21,34
DA:22,34
DA:23,34
DA:24,0
DA:25,0
DA:26,0
DA:27,0
DA:29,34
DA:30,34
DA:31,34
DA:33,0
DA:34,0
DA:35,0
DA:37,0
DA:38,0
DA:40,0
LF:25
LH:15
BRDA:17,0,0,34
BRDA:23,1,0,0
BRDA:24,2,0,0
BRDA:31,3,0,0
BRF:4
BRH:1
end_of_record
TN:
SF:src/ui/components/StatsDisplay.tsx
FN:28,StatRow
FN:44,SubStatRow
FN:60,Section
FN:71,ModelUsageTable
FN:147,StatsDisplay
FN:170,renderTitle
FNF:6
FNH:6
FNDA:39,StatRow
FNDA:28,SubStatRow
FNDA:19,Section
FNDA:4,ModelUsageTable
FNDA:14,StatsDisplay
FNDA:14,renderTitle
DA:1,1
DA:8,1
DA:9,1
DA:10,1
DA:11,1
DA:12,1
DA:13,1
DA:20,1
DA:28,1
DA:29,39
DA:31,39
DA:32,39
DA:33,39
DA:34,39
DA:35,39
DA:44,1
DA:45,28
DA:47,28
DA:48,28
DA:49,28
DA:50,28
DA:51,28
DA:60,1
DA:61,19
DA:62,19
DA:63,19
DA:64,19
DA:67,1
DA:71,1
DA:72,4
DA:73,4
DA:74,4
DA:75,4
DA:77,4
DA:78,4
DA:80,4
DA:81,4
DA:82,4
DA:83,4
DA:84,4
DA:85,4
DA:86,4
DA:87,4
DA:88,4
DA:89,4
DA:90,4
DA:91,4
DA:92,4
DA:93,4
DA:95,4
DA:96,4
DA:97,4
DA:98,4
DA:99,4
DA:100,4
DA:101,4
DA:102,4
DA:105,4
DA:106,5
DA:107,5
DA:108,5
DA:109,5
DA:110,5
DA:111,5
DA:112,5
DA:113,5
DA:114,5
DA:115,5
DA:116,5
DA:117,5
DA:118,5
DA:119,5
DA:120,5
DA:121,5
DA:122,5
DA:123,5
DA:124,4
DA:125,4
DA:126,3
DA:127,3
DA:128,3
DA:129,3
DA:131,3
DA:132,3
DA:133,3
DA:135,3
DA:136,3
DA:138,4
DA:140,4
DA:147,1
DA:148,14
DA:149,14
DA:150,14
DA:151,14
DA:152,14
DA:153,14
DA:154,14
DA:156,14
DA:157,14
DA:158,14
DA:159,14
DA:160,14
DA:161,14
DA:162,14
DA:163,14
DA:164,14
DA:165,14
DA:166,14
DA:167,14
DA:168,14
DA:170,14
DA:171,14
DA:172,3
DA:173,3
DA:174,3
DA:175,3
DA:177,0
DA:178,0
DA:179,0
DA:181,3
DA:182,11
DA:183,11
DA:185,11
DA:187,14
DA:189,14
DA:190,14
DA:191,14
DA:192,14
DA:193,14
DA:194,14
DA:195,14
DA:197,14
DA:198,14
DA:200,14
DA:201,5
DA:202,5
DA:203,5
DA:204,5
DA:205,5
DA:206,5
DA:207,5
DA:208,5
DA:209,5
DA:210,5
DA:211,5
DA:212,5
DA:213,1
DA:214,1
DA:215,1
DA:216,1
DA:217,1
DA:218,1
DA:219,1
DA:220,1
DA:222,5
DA:225,14
DA:226,14
DA:227,14
DA:228,14
DA:229,14
DA:230,14
DA:231,14
DA:232,14
DA:233,14
DA:234,14
DA:235,14
DA:236,14
DA:237,14
DA:238,14
DA:239,14
DA:240,14
DA:241,14
DA:242,14
DA:243,14
DA:244,14
DA:245,14
DA:246,14
DA:247,14
DA:248,14
DA:250,14
DA:251,4
DA:252,4
DA:253,4
DA:254,4
DA:255,4
DA:257,14
DA:259,14
LF:187
LH:184
BRDA:28,0,0,39
BRDA:44,1,0,28
BRDA:60,2,0,19
BRDA:71,3,0,4
BRDA:125,4,0,3
BRDA:105,5,0,5
BRDA:147,6,0,14
BRDA:200,7,0,5
BRDA:212,8,0,1
BRDA:250,9,0,4
BRDA:170,10,0,14
BRDA:171,11,0,3
BRDA:175,12,0,0
BRDA:181,13,0,11
BRF:14
BRH:13
end_of_record
TN:
SF:src/ui/components/SuggestionsDisplay.tsx
FN:25,SuggestionsDisplay
FNF:1
FNH:1
FNDA:7,SuggestionsDisplay
DA:1,1
DA:7,1
DA:8,1
DA:23,1
DA:25,1
DA:26,7
DA:27,7
DA:28,7
DA:29,7
DA:30,7
DA:31,7
DA:32,7
DA:33,7
DA:34,0
DA:35,0
DA:36,0
DA:37,0
DA:39,0
DA:41,7
DA:42,0
DA:43,0
DA:46,7
DA:47,7
DA:48,7
DA:49,7
DA:50,7
DA:51,7
DA:53,7
DA:54,7
DA:55,7
DA:57,7
DA:58,9
DA:59,9
DA:60,9
DA:62,9
DA:63,9
DA:64,9
DA:65,9
DA:67,8
DA:68,8
DA:69,8
DA:72,1
DA:74,9
DA:75,1
DA:76,1
DA:77,1
DA:78,1
DA:79,1
DA:80,8
DA:81,9
DA:82,9
DA:84,7
DA:85,7
DA:86,7
DA:87,0
DA:88,0
DA:89,0
DA:91,7
DA:93,7
LF:59
LH:49
BRDA:25,0,0,7
BRDA:33,1,0,0
BRDA:41,2,0,0
BRDA:55,3,0,0
BRDA:85,4,0,0
BRDA:86,5,0,0
BRDA:57,6,0,9
BRDA:60,7,0,7
BRDA:60,8,0,2
BRDA:65,9,0,8
BRDA:69,10,0,1
BRDA:74,11,0,1
BRDA:79,12,0,8
BRF:13
BRH:8
end_of_record
TN:
SF:src/ui/components/ThemeDialog.tsx
FN:28,ThemeDialog
FNF:1
FNH:1
FNDA:8,ThemeDialog
DA:1,1
DA:7,1
DA:8,1
DA:9,1
DA:10,1
DA:11,1
DA:12,1
DA:13,1
DA:14,1
DA:28,1
DA:29,8
DA:30,8
DA:31,8
DA:32,8
DA:33,8
DA:34,8
DA:35,8
DA:36,8
DA:37,8
DA:40,8
DA:41,104
DA:42,104
DA:43,104
DA:44,104
DA:45,104
DA:46,104
DA:47,104
DA:48,8
DA:49,8
DA:53,8
DA:54,8
DA:55,8
DA:57,8
DA:58,8
DA:59,8
DA:60,8
DA:61,8
DA:63,8
DA:64,8
DA:65,0
DA:66,0
DA:67,8
DA:68,8
DA:70,8
DA:71,0
DA:72,0
DA:73,8
DA:75,8
DA:76,8
DA:77,0
DA:78,0
DA:79,0
DA:80,8
DA:81,8
DA:83,8
DA:84,8
DA:85,8
DA:87,8
DA:88,0
DA:89,0
DA:90,0
DA:91,0
DA:92,0
DA:93,0
DA:94,8
DA:96,8
DA:97,8
DA:98,8
DA:100,8
DA:101,8
DA:102,8
DA:104,8
DA:105,8
DA:106,0
DA:107,0
DA:108,0
DA:109,0
DA:110,0
DA:111,0
DA:115,8
DA:118,8
DA:120,8
DA:121,8
DA:122,8
DA:123,8
DA:124,8
DA:125,8
DA:126,8
DA:127,8
DA:128,8
DA:130,8
DA:131,8
DA:132,8
DA:133,8
DA:134,8
DA:135,8
DA:136,8
DA:137,8
DA:139,8
DA:140,8
DA:141,8
DA:142,8
DA:143,8
DA:145,8
DA:146,8
DA:149,8
DA:150,8
DA:151,8
DA:152,8
DA:154,8
DA:156,8
DA:157,8
DA:158,8
DA:161,8
DA:165,8
DA:168,8
DA:169,8
DA:170,8
DA:171,8
DA:172,8
DA:173,8
DA:174,8
DA:175,8
DA:177,8
DA:178,8
DA:180,8
DA:181,8
DA:182,8
DA:183,8
DA:184,8
DA:185,8
DA:186,8
DA:187,8
DA:188,8
DA:189,8
DA:191,8
DA:193,8
DA:194,8
DA:195,8
DA:196,8
DA:197,8
DA:198,8
DA:199,8
DA:200,8
DA:201,8
DA:202,8
DA:203,8
DA:204,8
DA:205,8
DA:206,8
DA:207,8
DA:210,8
DA:211,0
DA:212,0
DA:213,0
DA:214,0
DA:215,0
DA:216,0
DA:217,0
DA:218,0
DA:219,0
DA:220,0
DA:221,0
DA:222,0
DA:224,8
DA:227,8
DA:228,8
DA:229,8
DA:230,8
DA:231,8
DA:232,8
DA:233,8
DA:234,8
DA:235,8
DA:236,8
DA:238,8
DA:239,8
DA:245,8
DA:246,8
DA:247,8
DA:248,8
DA:249,8
DA:250,8
DA:251,8
DA:258,8
DA:259,8
DA:260,8
DA:261,8
DA:262,8
DA:263,8
DA:264,8
DA:265,8
DA:267,8
DA:268,8
DA:269,8
DA:270,8
DA:272,8
LF:197
LH:166
BRDA:28,0,0,8
BRDA:105,1,0,0
BRDA:135,2,0,0
BRDA:161,3,0,0
BRDA:175,4,0,0
BRDA:185,5,0,0
BRDA:186,6,0,0
BRDA:195,7,0,0
BRDA:210,8,0,0
BRDA:232,9,0,0
BRDA:233,10,0,0
BRDA:267,11,0,0
BRDA:40,12,0,104
BRDA:54,13,0,32
BRDA:97,14,0,24
BRDA:101,15,0,16
BRF:16
BRH:5
end_of_record
TN:
SF:src/ui/components/Tips.tsx
FN:16,Tips
FNF:1
FNH:0
FNDA:0,Tips
DA:1,1
DA:8,1
DA:9,1
DA:16,1
DA:17,0
DA:18,0
DA:19,0
DA:20,0
DA:21,0
DA:23,0
DA:24,0
DA:26,0
DA:27,0
DA:28,0
DA:29,0
DA:30,0
DA:32,0
DA:34,0
DA:36,0
DA:37,0
DA:38,0
DA:40,0
DA:42,0
DA:43,0
DA:45,0
LF:25
LH:4
BRF:0
BRH:0
end_of_record
TN:
SF:src/ui/components/ToolStatsDisplay.tsx
FN:29,StatRow
FN:55,ToolStatsDisplay
FN:76,ToolStatsDisplay.Object.values.reduce.accept
FNF:3
FNH:3
FNDA:5,StatRow
FNDA:7,ToolStatsDisplay
FNDA:5,ToolStatsDisplay.Object.values.reduce.accept
DA:1,1
DA:8,1
DA:9,1
DA:10,1
DA:11,1
DA:18,1
DA:21,1
DA:22,1
DA:23,1
DA:24,1
DA:26,1
DA:29,1
DA:30,5
DA:31,5
DA:32,5
DA:33,5
DA:34,5
DA:35,5
DA:37,5
DA:38,5
DA:39,5
DA:40,5
DA:41,5
DA:42,5
DA:43,5
DA:44,5
DA:45,5
DA:46,5
DA:47,5
DA:48,5
DA:49,5
DA:50,5
DA:51,5
DA:53,5
DA:55,1
DA:56,7
DA:57,7
DA:58,7
DA:59,7
DA:60,7
DA:62,7
DA:63,3
DA:64,3
DA:65,3
DA:66,3
DA:67,3
DA:68,3
DA:70,3
DA:71,3
DA:73,3
DA:75,4
DA:76,4
DA:77,5
DA:78,5
DA:79,5
DA:80,5
DA:81,5
DA:82,4
DA:83,4
DA:85,4
DA:86,4
DA:87,4
DA:88,7
DA:89,7
DA:90,7
DA:91,7
DA:92,7
DA:94,7
DA:95,7
DA:96,7
DA:97,7
DA:98,7
DA:99,7
DA:100,7
DA:101,7
DA:103,7
DA:105,7
DA:106,7
DA:109,7
DA:110,7
DA:111,7
DA:112,7
DA:113,7
DA:114,7
DA:115,7
DA:116,7
DA:117,7
DA:118,7
DA:119,7
DA:120,7
DA:121,7
DA:122,7
DA:125,7
DA:126,7
DA:127,7
DA:128,7
DA:129,7
DA:130,7
DA:131,7
DA:132,7
DA:135,7
DA:136,5
DA:137,7
DA:139,7
DA:142,7
DA:143,7
DA:144,7
DA:145,7
DA:147,7
DA:148,7
DA:149,7
DA:150,7
DA:151,7
DA:152,7
DA:153,7
DA:154,7
DA:155,7
DA:157,7
DA:158,7
DA:159,7
DA:160,7
DA:161,7
DA:162,7
DA:163,7
DA:164,7
DA:165,7
DA:167,7
DA:168,7
DA:169,7
DA:170,7
DA:171,7
DA:172,7
DA:173,7
DA:174,7
DA:175,7
DA:177,7
DA:178,7
DA:179,7
DA:180,7
DA:181,7
DA:182,7
DA:185,7
DA:186,7
DA:187,7
DA:188,7
DA:189,7
DA:190,7
DA:191,7
DA:192,7
DA:194,7
DA:195,7
DA:196,7
DA:198,7
DA:199,7
DA:200,7
DA:201,7
DA:202,7
DA:203,7
DA:204,7
DA:205,7
DA:206,7
DA:208,7
LF:162
LH:162
BRDA:29,0,0,5
BRDA:30,1,0,0
BRDA:31,2,0,0
BRDA:55,3,0,7
BRDA:62,4,0,3
BRDA:73,5,0,5
BRDA:73,6,0,4
BRDA:88,7,0,3
BRDA:88,8,0,1
BRDA:201,9,0,3
BRDA:201,10,0,1
BRDA:202,11,0,3
BRDA:202,12,0,1
BRDA:59,13,0,5
BRDA:76,14,0,5
BRDA:135,15,0,5
BRF:16
BRH:14
end_of_record
TN:
SF:src/ui/components/UpdateNotification.tsx
FN:14,UpdateNotification
FNF:1
FNH:0
FNDA:0,UpdateNotification
DA:1,1
DA:7,1
DA:8,1
DA:14,1
DA:15,0
DA:16,0
DA:17,0
DA:18,0
DA:19,0
DA:21,0
DA:22,0
LF:11
LH:4
BRF:0
BRH:0
end_of_record
TN:
SF:src/ui/components/messages/CompressionMessage.tsx
FN:21,CompressionMessage
FNF:1
FNH:0
FNDA:0,CompressionMessage
DA:1,1
DA:8,1
DA:10,1
DA:11,1
DA:21,1
DA:22,0
DA:23,0
DA:24,0
DA:25,0
DA:26,0
DA:27,0
DA:29,0
DA:30,0
DA:31,0
DA:32,0
DA:33,0
DA:35,0
DA:37,0
DA:38,0
DA:39,0
DA:40,0
DA:41,0
DA:44,0
DA:45,0
DA:46,0
DA:47,0
DA:49,0
LF:27
LH:5
BRF:0
BRH:0
end_of_record
TN:
SF:src/ui/components/messages/DiffRenderer.tsx
FN:21,parseDiffWithLineNumbers
FN:100,DiffRenderer
FN:163,renderDiffContent
FN:293,getLanguageFromExtension
FNF:4
FNH:4
FNDA:20,parseDiffWithLineNumbers
FNDA:21,DiffRenderer
FNDA:7,renderDiffContent
FNDA:3,getLanguageFromExtension
DA:1,1
DA:8,1
DA:9,1
DA:10,1
DA:11,1
DA:12,1
DA:21,20
DA:22,20
DA:23,20
DA:24,20
DA:25,20
DA:26,20
DA:27,20
DA:29,20
DA:30,202
DA:31,202
DA:32,17
DA:33,17
DA:34,17
DA:35,17
DA:38,17
DA:39,17
DA:40,17
DA:41,17
DA:42,202
DA:44,121
DA:45,121
DA:46,100
DA:47,87
DA:48,77
DA:49,67
DA:50,67
DA:51,67
DA:52,67
DA:53,64
DA:55,121
DA:57,64
DA:58,64
DA:59,146
DA:60,16
DA:61,16
DA:62,16
DA:63,16
DA:64,16
DA:65,16
DA:66,146
DA:67,10
DA:68,10
DA:69,10
DA:70,10
DA:71,10
DA:72,10
DA:73,48
DA:74,25
DA:75,25
DA:76,25
DA:77,25
DA:78,25
DA:79,25
DA:80,25
DA:81,25
DA:82,38
DA:84,2
DA:85,2
DA:86,202
DA:87,20
DA:88,20
DA:98,1
DA:100,1
DA:101,21
DA:102,21
DA:103,21
DA:104,21
DA:105,21
DA:106,21
DA:107,21
DA:108,1
DA:109,1
DA:111,20
DA:113,21
DA:114,9
DA:115,9
DA:116,9
DA:117,9
DA:119,9
DA:122,11
DA:123,11
DA:124,25
DA:125,19
DA:126,8
DA:127,7
DA:128,7
DA:129,11
DA:131,11
DA:133,13
DA:135,4
DA:136,4
DA:137,4
DA:138,4
DA:140,4
DA:141,4
DA:142,3
DA:143,1
DA:144,4
DA:145,4
DA:146,4
DA:147,4
DA:148,4
DA:149,4
DA:150,13
DA:151,7
DA:152,7
DA:153,7
DA:154,7
DA:155,7
DA:156,7
DA:157,7
DA:158,7
DA:160,11
DA:161,11
DA:163,1
DA:164,7
DA:165,7
DA:166,7
DA:167,7
DA:168,7
DA:169,7
DA:171,7
DA:172,59
DA:173,59
DA:174,7
DA:177,7
DA:178,7
DA:179,7
DA:181,7
DA:182,0
DA:183,0
DA:184,0
DA:185,0
DA:187,0
DA:190,7
DA:191,7
DA:193,45
DA:195,45
DA:196,45
DA:197,45
DA:198,45
DA:200,7
DA:201,0
DA:202,0
DA:204,7
DA:205,7
DA:206,0
DA:208,7
DA:209,7
DA:211,7
DA:212,7
DA:213,7
DA:214,7
DA:215,7
DA:217,7
DA:219,45
DA:220,45
DA:221,35
DA:222,45
DA:224,10
DA:225,10
DA:227,45
DA:228,45
DA:229,38
DA:230,38
DA:231,38
DA:232,45
DA:233,5
DA:234,5
DA:235,5
DA:236,5
DA:237,5
DA:238,5
DA:240,45
DA:241,45
DA:242,45
DA:243,45
DA:244,45
DA:246,45
DA:247,45
DA:248,10
DA:249,10
DA:250,10
DA:251,10
DA:252,10
DA:253,45
DA:254,10
DA:255,10
DA:256,10
DA:260,10
DA:261,10
DA:262,10
DA:263,10
DA:264,45
DA:265,25
DA:266,25
DA:267,25
DA:268,25
DA:269,25
DA:270,45
DA:271,0
DA:272,45
DA:274,45
DA:276,45
DA:277,45
DA:278,45
DA:279,45
DA:280,45
DA:281,45
DA:282,45
DA:283,45
DA:284,45
DA:285,45
DA:286,45
DA:287,45
DA:288,7
DA:289,7
DA:291,7
DA:293,1
DA:294,3
DA:295,3
DA:296,3
DA:297,3
DA:298,3
DA:299,3
DA:300,3
DA:301,3
DA:302,3
DA:303,3
DA:304,3
DA:305,3
DA:306,3
DA:307,3
DA:308,3
DA:309,3
DA:310,3
DA:311,3
DA:312,3
LF:244
LH:235
BRDA:21,0,0,20
BRDA:29,1,0,202
BRDA:31,2,0,17
BRDA:41,3,0,185
BRDA:42,4,0,121
BRDA:45,5,0,100
BRDA:46,6,0,87
BRDA:47,7,0,77
BRDA:48,8,0,67
BRDA:49,9,0,67
BRDA:50,10,0,67
BRDA:51,11,0,67
BRDA:52,12,0,64
BRDA:55,13,0,57
BRDA:55,14,0,64
BRDA:58,15,0,146
BRDA:58,16,0,64
BRDA:59,17,0,16
BRDA:66,18,0,48
BRDA:66,19,0,10
BRDA:73,20,0,38
BRDA:73,21,0,25
BRDA:82,22,0,13
BRDA:82,23,0,2
BRDA:100,24,0,21
BRDA:107,25,0,20
BRDA:107,26,0,1
BRDA:109,27,0,20
BRDA:113,28,0,9
BRDA:119,29,0,13
BRDA:119,30,0,11
BRDA:133,31,0,4
BRDA:140,32,0,3
BRDA:140,33,0,1
BRDA:141,34,0,3
BRDA:142,35,0,1
BRDA:150,36,0,7
BRDA:158,37,0,11
BRDA:123,38,0,25
BRDA:124,39,0,19
BRDA:125,40,0,8
BRDA:126,41,0,7
BRDA:127,42,0,7
BRDA:136,43,0,11
BRDA:137,44,0,6
BRDA:163,45,0,7
BRDA:181,46,0,0
BRDA:191,47,0,45
BRDA:193,48,0,0
BRDA:196,49,0,0
BRDA:200,50,0,0
BRDA:205,51,0,0
BRDA:171,52,0,59
BRDA:178,53,0,59
BRDA:178,54,0,46
BRDA:217,55,0,45
BRDA:220,56,0,35
BRDA:220,57,0,35
BRDA:221,58,0,0
BRDA:222,59,0,10
BRDA:224,60,0,0
BRDA:228,61,0,38
BRDA:229,62,0,38
BRDA:232,63,0,5
BRDA:247,64,0,10
BRDA:248,65,0,0
BRDA:251,66,0,0
BRDA:253,67,0,10
BRDA:254,68,0,0
BRDA:264,69,0,25
BRDA:265,70,0,0
BRDA:268,71,0,0
BRDA:270,72,0,0
BRDA:293,73,0,3
BRDA:311,74,0,2
BRF:75
BRH:62
end_of_record
TN:
SF:src/ui/components/messages/ErrorMessage.tsx
FN:15,ErrorMessage
FNF:1
FNH:0
FNDA:0,ErrorMessage
DA:1,1
DA:8,1
DA:9,1
DA:15,1
DA:16,0
DA:17,0
DA:19,0
DA:20,0
DA:21,0
DA:22,0
DA:23,0
DA:24,0
DA:25,0
DA:26,0
DA:27,0
DA:28,0
DA:29,0
DA:31,0
LF:18
LH:4
BRF:0
BRH:0
end_of_record
TN:
SF:src/ui/components/messages/GeminiMessage.tsx
FN:19,GeminiMessage
FNF:1
FNH:0
FNDA:0,GeminiMessage
DA:1,1
DA:8,1
DA:9,1
DA:10,1
DA:19,1
DA:20,0
DA:21,0
DA:22,0
DA:23,0
DA:24,0
DA:25,0
DA:26,0
DA:28,0
DA:29,0
DA:30,0
DA:31,0
DA:32,0
DA:33,0
DA:34,0
DA:35,0
DA:36,0
DA:37,0
DA:38,0
DA:39,0
DA:40,0
DA:41,0
DA:43,0
LF:27
LH:5
BRF:0
BRH:0
end_of_record
TN:
SF:src/ui/components/messages/GeminiMessageContent.tsx
FN:24,GeminiMessageContent
FNF:1
FNH:0
FNDA:0,GeminiMessageContent
DA:1,1
DA:8,1
DA:9,1
DA:24,1
DA:25,0
DA:26,0
DA:27,0
DA:28,0
DA:29,0
DA:30,0
DA:31,0
DA:33,0
DA:34,0
DA:35,0
DA:36,0
DA:37,0
DA:38,0
DA:39,0
DA:40,0
DA:41,0
DA:43,0
LF:21
LH:4
BRF:0
BRH:0
end_of_record
TN:
SF:src/ui/components/messages/InfoMessage.tsx
FN:15,InfoMessage
FNF:1
FNH:1
FNDA:1,InfoMessage
DA:1,1
DA:8,1
DA:9,1
DA:15,1
DA:16,1
DA:17,1
DA:19,1
DA:20,1
DA:21,1
DA:22,1
DA:23,1
DA:24,1
DA:25,1
DA:26,1
DA:27,1
DA:28,1
DA:29,1
DA:31,1
LF:18
LH:18
BRDA:15,0,0,1
BRF:1
BRH:1
end_of_record
TN:
SF:src/ui/components/messages/ToolConfirmationMessage.tsx
FN:34,ToolConfirmationMessage
FN:50,handleSelect
FN:62,availableBodyContentHeight
FNF:3
FNH:1
FNDA:2,ToolConfirmationMessage
FNDA:0,handleSelect
FNDA:0,availableBodyContentHeight
DA:1,1
DA:8,1
DA:9,1
DA:10,1
DA:11,1
DA:18,1
DA:22,1
DA:32,1
DA:34,1
DA:35,2
DA:36,2
DA:37,2
DA:38,2
DA:39,2
DA:40,2
DA:41,2
DA:43,2
DA:44,0
DA:45,0
DA:46,0
DA:47,0
DA:48,2
DA:50,2
DA:52,2
DA:53,2
DA:55,2
DA:57,2
DA:62,2
DA:63,0
DA:65,0
DA:66,0
DA:68,0
DA:69,0
DA:70,0
DA:74,0
DA:75,0
DA:76,0
DA:77,0
DA:78,0
DA:80,0
DA:81,0
DA:82,0
DA:83,0
DA:84,0
DA:85,0
DA:86,0
DA:87,0
DA:88,2
DA:89,0
DA:90,0
DA:91,0
DA:92,0
DA:93,0
DA:94,0
DA:95,0
DA:96,0
DA:97,0
DA:99,0
DA:100,0
DA:102,0
DA:103,0
DA:105,0
DA:107,0
DA:108,0
DA:109,0
DA:110,0
DA:111,0
DA:112,0
DA:113,0
DA:114,0
DA:115,0
DA:116,0
DA:117,0
DA:118,0
DA:119,0
DA:120,0
DA:121,0
DA:122,0
DA:123,0
DA:124,0
DA:125,0
DA:126,0
DA:127,0
DA:128,0
DA:129,0
DA:131,2
DA:132,0
DA:133,0
DA:135,0
DA:136,0
DA:137,0
DA:138,0
DA:139,0
DA:140,0
DA:141,0
DA:142,0
DA:143,0
DA:144,0
DA:145,0
DA:146,0
DA:148,0
DA:149,0
DA:150,0
DA:151,0
DA:152,0
DA:153,0
DA:154,0
DA:155,0
DA:156,0
DA:157,0
DA:159,0
DA:160,0
DA:161,0
DA:162,0
DA:163,0
DA:164,0
DA:166,2
DA:167,2
DA:168,2
DA:169,2
DA:170,2
DA:172,2
DA:173,2
DA:174,2
DA:175,2
DA:176,2
DA:177,2
DA:178,2
DA:179,2
DA:180,2
DA:181,2
DA:182,2
DA:183,2
DA:185,2
DA:186,2
DA:187,2
DA:188,2
DA:189,1
DA:190,1
DA:191,1
DA:192,1
DA:193,1
DA:194,1
DA:196,2
DA:198,2
DA:200,0
DA:202,0
DA:203,0
DA:204,0
DA:205,0
DA:206,0
DA:209,0
DA:210,0
DA:211,0
DA:212,0
DA:213,0
DA:214,0
DA:215,0
DA:216,0
DA:217,0
DA:218,0
DA:219,0
DA:220,0
DA:221,0
DA:222,0
DA:223,0
DA:224,0
DA:225,0
DA:227,2
DA:228,2
DA:231,2
DA:232,2
DA:233,2
DA:236,2
DA:237,2
DA:238,2
DA:241,2
DA:242,2
DA:243,2
DA:244,2
DA:245,2
DA:246,2
DA:247,2
DA:248,2
DA:250,2
LF:185
LH:72
BRDA:34,0,0,2
BRDA:88,1,0,0
BRDA:131,2,0,0
BRDA:188,3,0,1
BRDA:188,4,0,1
BRDA:188,5,0,1
BRDA:198,6,0,0
BRDA:191,7,0,1
BRF:8
BRH:5
end_of_record
TN:
SF:src/ui/components/messages/ToolGroupMessage.tsx
FN:25,ToolGroupMessage
FNF:1
FNH:0
FNDA:0,ToolGroupMessage
DA:1,1
DA:7,1
DA:8,1
DA:9,1
DA:10,1
DA:11,1
DA:12,1
DA:25,1
DA:26,0
DA:27,0
DA:28,0
DA:29,0
DA:30,0
DA:31,0
DA:32,0
DA:33,0
DA:34,0
DA:35,0
DA:37,0
DA:40,0
DA:44,0
DA:45,0
DA:46,0
DA:47,0
DA:49,0
DA:50,0
DA:51,0
DA:52,0
DA:53,0
DA:54,0
DA:55,0
DA:56,0
DA:57,0
DA:58,0
DA:59,0
DA:60,0
DA:61,0
DA:62,0
DA:63,0
DA:64,0
DA:66,0
DA:67,0
DA:68,0
DA:69,0
DA:76,0
DA:77,0
DA:78,0
DA:79,0
DA:81,0
DA:82,0
DA:83,0
DA:84,0
DA:85,0
DA:86,0
DA:87,0
DA:88,0
DA:89,0
DA:90,0
DA:91,0
DA:92,0
DA:93,0
DA:94,0
DA:95,0
DA:96,0
DA:97,0
DA:98,0
DA:99,0
DA:100,0
DA:102,0
DA:103,0
DA:104,0
DA:105,0
DA:106,0
DA:107,0
DA:108,0
DA:109,0
DA:110,0
DA:111,0
DA:112,0
DA:113,0
DA:115,0
DA:116,0
DA:118,0
DA:120,0
DA:121,0
DA:123,0
LF:86
LH:8
BRF:0
BRH:0
end_of_record
TN:
SF:src/ui/components/messages/ToolMessage.tsx
FN:33,ToolMessage
FN:116,ToolStatusIndicator
FN:154,ToolInfo
FN:189,TrailingIndicator
FNF:4
FNH:4
FNDA:12,ToolMessage
FNDA:12,ToolStatusIndicator
FNDA:12,ToolInfo
FNDA:1,TrailingIndicator
DA:1,1
DA:7,1
DA:8,1
DA:9,1
DA:10,1
DA:11,1
DA:12,1
DA:13,1
DA:14,1
DA:16,1
DA:17,1
DA:18,1
DA:19,1
DA:23,1
DA:33,1
DA:34,12
DA:35,12
DA:36,12
DA:37,12
DA:38,12
DA:39,12
DA:40,12
DA:41,12
DA:42,12
DA:43,12
DA:44,0
DA:45,0
DA:46,0
DA:47,0
DA:48,12
DA:53,12
DA:54,0
DA:55,0
DA:57,12
DA:58,12
DA:59,11
DA:61,0
DA:62,0
DA:63,0
DA:64,11
DA:65,12
DA:66,12
DA:67,12
DA:68,12
DA:69,12
DA:70,12
DA:71,12
DA:72,12
DA:73,12
DA:74,12
DA:75,12
DA:76,12
DA:77,12
DA:78,12
DA:79,12
DA:80,12
DA:81,11
DA:82,11
DA:83,11
DA:84,11
DA:85,11
DA:86,11
DA:87,11
DA:88,11
DA:90,12
DA:91,0
DA:92,0
DA:93,0
DA:94,0
DA:95,0
DA:97,12
DA:98,1
DA:99,1
DA:100,1
DA:101,1
DA:102,1
DA:103,1
DA:105,12
DA:106,12
DA:108,12
DA:110,12
DA:116,1
DA:117,12
DA:118,12
DA:119,12
DA:120,12
DA:121,1
DA:123,12
DA:124,3
DA:125,3
DA:126,3
DA:127,3
DA:129,12
DA:130,5
DA:132,12
DA:133,1
DA:135,12
DA:136,1
DA:138,1
DA:140,12
DA:141,1
DA:143,1
DA:145,12
DA:154,1
DA:155,12
DA:156,12
DA:157,12
DA:158,12
DA:159,12
DA:160,12
DA:161,12
DA:162,12
DA:163,1
DA:164,12
DA:165,10
DA:166,12
DA:167,1
DA:168,12
DA:169,0
DA:170,0
DA:171,0
DA:172,12
DA:173,12
DA:174,12
DA:175,12
DA:176,12
DA:177,12
DA:178,12
DA:180,12
DA:181,12
DA:182,12
DA:183,12
DA:184,12
DA:185,12
DA:187,12
DA:189,1
DA:190,1
DA:191,1
DA:193,1
LF:139
LH:122
BRDA:33,0,0,12
BRDA:43,1,0,0
BRDA:53,2,0,0
BRDA:58,3,0,11
BRDA:59,4,0,0
BRDA:75,5,0,1
BRDA:80,6,0,11
BRDA:80,7,0,11
BRDA:90,8,0,11
BRDA:90,9,0,0
BRDA:97,10,0,1
BRDA:116,11,0,12
BRDA:120,12,0,1
BRDA:123,13,0,3
BRDA:129,14,0,5
BRDA:132,15,0,1
BRDA:135,16,0,1
BRDA:140,17,0,1
BRDA:154,18,0,12
BRDA:160,19,0,12
BRDA:162,20,0,1
BRDA:164,21,0,10
BRDA:166,22,0,1
BRDA:168,23,0,0
BRDA:189,24,0,1
BRF:25
BRH:20
end_of_record
TN:
SF:src/ui/components/messages/UserMessage.tsx
FN:15,UserMessage
FNF:1
FNH:1
FNDA:1,UserMessage
DA:1,1
DA:8,1
DA:9,1
DA:15,1
DA:16,1
DA:17,1
DA:19,1
DA:20,1
DA:21,1
DA:22,1
DA:23,1
DA:24,1
DA:25,1
DA:26,1
DA:27,1
DA:29,1
DA:30,1
DA:31,1
DA:32,1
DA:33,1
DA:34,1
DA:35,1
DA:36,1
DA:37,1
DA:39,1
LF:25
LH:25
BRDA:15,0,0,1
BRF:1
BRH:1
end_of_record
TN:
SF:src/ui/components/messages/UserShellMessage.tsx
FN:15,UserShellMessage
FNF:1
FNH:0
FNDA:0,UserShellMessage
DA:1,1
DA:8,1
DA:9,1
DA:15,1
DA:17,0
DA:19,0
DA:20,0
DA:21,0
DA:22,0
DA:23,0
DA:25,0
LF:11
LH:4
BRF:0
BRH:0
end_of_record
TN:
SF:src/ui/components/shared/MaxSizedBox.tsx
FN:23,setMaxSizedBoxDebugging
FN:27,debugReportError
FN:99,MaxSizedBox
FN:118,visitRows
FN:250,visitBoxRow
FN:307,visitRowChild
FN:380,layoutInkElementAsStyledText
FN:444,addWrappingPartToLines
FN:461,addToWrappingPart
FNF:9
FNH:8
FNDA:1,setMaxSizedBoxDebugging
FNDA:0,debugReportError
FNDA:39,MaxSizedBox
FNDA:132,visitRows
FNDA:131,visitBoxRow
FNDA:1375,visitRowChild
FNDA:131,layoutInkElementAsStyledText
FNDA:147,addWrappingPartToLines
FNDA:744,addToWrappingPart
DA:1,1
DA:7,1
DA:8,1
DA:9,1
DA:10,1
DA:11,1
DA:12,1
DA:14,1
DA:21,1
DA:23,1
DA:24,1
DA:25,1
DA:27,0
DA:28,0
DA:30,0
DA:31,0
DA:32,0
DA:33,0
DA:34,0
DA:35,0
DA:36,0
DA:38,0
DA:39,0
DA:40,0
DA:43,0
DA:44,0
DA:45,0
DA:46,0
DA:47,0
DA:48,0
DA:50,0
DA:51,0
DA:99,1
DA:100,39
DA:101,39
DA:102,39
DA:103,39
DA:104,39
DA:105,39
DA:106,39
DA:107,39
DA:109,39
DA:110,39
DA:111,39
DA:112,39
DA:113,39
DA:115,39
DA:116,0
DA:117,0
DA:118,39
DA:119,132
DA:120,0
DA:121,0
DA:123,132
DA:124,1
DA:125,1
DA:126,1
DA:128,131
DA:129,131
DA:130,131
DA:131,131
DA:133,0
DA:134,132
DA:136,39
DA:138,39
DA:139,39
DA:140,39
DA:141,21
DA:142,39
DA:143,39
DA:144,18
DA:145,21
DA:147,39
DA:148,39
DA:149,39
DA:150,0
DA:151,39
DA:153,39
DA:154,35
DA:155,14
DA:156,27
DA:157,21
DA:158,21
DA:160,35
DA:161,4
DA:162,4
DA:163,39
DA:165,39
DA:166,39
DA:167,18
DA:168,15
DA:169,3
DA:170,21
DA:172,39
DA:173,141
DA:174,141
DA:175,141
DA:176,384
DA:177,384
DA:178,384
DA:179,141
DA:181,0
DA:183,141
DA:184,39
DA:186,39
DA:187,39
DA:188,39
DA:189,15
DA:190,15
DA:192,15
DA:194,39
DA:195,39
DA:196,3
DA:197,3
DA:199,3
DA:201,39
DA:203,39
DA:250,131
DA:251,131
DA:252,131
DA:253,131
DA:254,131
DA:255,0
DA:256,0
DA:257,0
DA:258,0
DA:259,0
DA:260,0
DA:261,0
DA:262,0
DA:263,0
DA:265,131
DA:266,30
DA:276,30
DA:277,30
DA:279,30
DA:280,30
DA:281,30
DA:282,30
DA:283,0
DA:284,30
DA:285,0
DA:286,0
DA:287,0
DA:288,0
DA:289,0
DA:290,30
DA:291,0
DA:292,0
DA:293,0
DA:294,0
DA:295,0
DA:296,0
DA:297,0
DA:298,30
DA:300,131
DA:301,131
DA:302,131
DA:303,131
DA:305,131
DA:307,131
DA:308,1375
DA:309,1375
DA:310,1375
DA:311,1375
DA:312,0
DA:313,0
DA:314,1375
DA:315,519
DA:317,519
DA:318,0
DA:319,0
DA:321,519
DA:324,519
DA:325,257
DA:326,257
DA:327,519
DA:328,262
DA:329,262
DA:330,262
DA:332,0
DA:333,0
DA:334,0
DA:335,0
DA:336,0
DA:337,0
DA:338,262
DA:339,519
DA:340,519
DA:342,1375
DA:343,0
DA:344,0
DA:345,0
DA:347,1375
DA:348,377
DA:349,377
DA:350,377
DA:351,377
DA:352,377
DA:354,1375
DA:355,0
DA:356,0
DA:357,0
DA:358,0
DA:359,0
DA:360,0
DA:363,479
DA:364,479
DA:365,479
DA:366,274
DA:367,205
DA:368,1375
DA:369,724
DA:370,1375
DA:371,1375
DA:373,131
DA:374,274
DA:375,131
DA:377,131
DA:378,131
DA:380,131
DA:381,131
DA:382,131
DA:383,131
DA:384,131
DA:385,131
DA:386,131
DA:388,0
DA:389,0
DA:390,0
DA:392,131
DA:393,131
DA:394,131
DA:397,131
DA:398,262
DA:399,262
DA:400,131
DA:402,131
DA:405,29
DA:406,29
DA:407,29
DA:408,29
DA:409,29
DA:410,87
DA:411,58
DA:412,58
DA:413,58
DA:414,87
DA:415,87
DA:416,87
DA:417,29
DA:418,29
DA:419,29
DA:420,29
DA:421,0
DA:422,0
DA:423,29
DA:424,29
DA:425,29
DA:426,29
DA:427,87
DA:428,87
DA:429,29
DA:430,29
DA:432,102
DA:434,131
DA:436,0
DA:437,0
DA:438,0
DA:441,102
DA:442,102
DA:444,102
DA:445,147
DA:446,102
DA:447,147
DA:448,45
DA:449,34
DA:450,34
DA:451,34
DA:452,34
DA:453,45
DA:454,11
DA:455,11
DA:456,45
DA:457,147
DA:458,147
DA:459,147
DA:461,102
DA:462,744
DA:463,744
DA:464,597
DA:465,744
DA:466,450
DA:467,744
DA:468,294
DA:469,294
DA:470,744
DA:472,102
DA:473,257
DA:475,257
DA:476,259
DA:477,2
DA:478,2
DA:480,259
DA:482,259
DA:483,845
DA:484,746
DA:486,746
DA:487,746
DA:488,37
DA:489,845
DA:490,33
DA:491,33
DA:492,12
DA:493,12
DA:494,33
DA:496,845
DA:498,4
DA:499,4
DA:500,4
DA:501,14
DA:502,14
DA:503,14
DA:504,60
DA:505,60
DA:506,60
DA:507,60
DA:508,60
DA:509,10
DA:510,10
DA:511,50
DA:512,50
DA:513,50
DA:515,14
DA:516,14
DA:517,14
DA:518,14
DA:519,14
DA:520,14
DA:521,14
DA:522,14
DA:523,14
DA:525,14
DA:526,10
DA:527,10
DA:528,14
DA:529,845
DA:530,730
DA:531,730
DA:532,730
DA:533,259
DA:534,257
DA:536,257
DA:537,0
DA:538,0
DA:539,102
DA:541,102
DA:542,102
DA:543,102
DA:544,131
DA:545,147
DA:546,147
DA:547,102
LF:363
LH:285
BRDA:23,0,0,1
BRDA:99,1,0,39
BRDA:107,2,0,12
BRDA:111,3,0,10
BRDA:115,4,0,0
BRDA:140,5,0,21
BRDA:143,6,0,18
BRDA:143,7,0,18
BRDA:144,8,0,21
BRDA:149,9,0,0
BRDA:166,10,0,18
BRDA:167,11,0,15
BRDA:168,12,0,3
BRDA:169,13,0,21
BRDA:188,14,0,18
BRDA:188,15,0,15
BRDA:190,16,0,0
BRDA:195,17,0,18
BRDA:195,18,0,3
BRDA:197,19,0,0
BRDA:118,20,0,132
BRDA:119,21,0,0
BRDA:123,22,0,1
BRDA:126,23,0,131
BRDA:131,24,0,0
BRDA:153,25,0,35
BRDA:154,26,0,27
BRDA:154,27,0,14
BRDA:155,28,0,10
BRDA:156,29,0,21
BRDA:157,30,0,17
BRDA:160,31,0,4
BRDA:161,32,0,0
BRDA:172,33,0,141
BRDA:179,34,0,0
BRDA:175,35,0,384
BRDA:250,36,0,131
BRDA:254,37,0,0
BRDA:265,38,0,30
BRDA:282,39,0,0
BRDA:284,40,0,0
BRDA:290,41,0,0
BRDA:307,42,0,1375
BRDA:311,43,0,0
BRDA:314,44,0,856
BRDA:314,45,0,519
BRDA:317,46,0,0
BRDA:321,47,0,0
BRDA:324,48,0,257
BRDA:327,49,0,262
BRDA:330,50,0,0
BRDA:340,51,0,856
BRDA:342,52,0,0
BRDA:345,53,0,856
BRDA:347,54,0,377
BRDA:352,55,0,479
BRDA:354,56,0,0
BRDA:360,57,0,1343
BRDA:360,58,0,479
BRDA:365,59,0,274
BRDA:366,60,0,205
BRDA:348,61,0,377
BRDA:368,62,0,724
BRDA:373,63,0,274
BRDA:380,64,0,131
BRDA:386,65,0,29
BRDA:386,66,0,0
BRDA:402,67,0,29
BRDA:420,68,0,0
BRDA:426,69,0,87
BRDA:430,70,0,102
BRDA:434,71,0,0
BRDA:438,72,0,102
BRDA:544,73,0,147
BRDA:546,74,0,102
BRDA:397,75,0,262
BRDA:407,76,0,29
BRDA:409,77,0,87
BRDA:410,78,0,58
BRDA:444,79,0,147
BRDA:445,80,0,102
BRDA:447,81,0,45
BRDA:448,82,0,34
BRDA:453,83,0,11
BRDA:461,84,0,744
BRDA:463,85,0,597
BRDA:465,86,0,450
BRDA:467,87,0,294
BRDA:472,88,0,257
BRDA:536,89,0,0
BRDA:475,90,0,259
BRDA:476,91,0,2
BRDA:482,92,0,845
BRDA:483,93,0,99
BRDA:483,94,0,746
BRDA:487,95,0,37
BRDA:489,96,0,33
BRDA:491,97,0,12
BRDA:494,98,0,734
BRDA:496,99,0,4
BRDA:500,100,0,14
BRDA:503,101,0,60
BRDA:508,102,0,10
BRDA:510,103,0,50
BRDA:525,104,0,10
BRDA:529,105,0,730
BRF:106
BRH:84
end_of_record
TN:
SF:src/ui/components/shared/RadioButtonSelect.tsx
FN:50,RadioButtonSelect
FN:75,RadioButtonSelect.isActive
FNF:2
FNH:2
FNDA:21,RadioButtonSelect
FNDA:3,RadioButtonSelect.isActive
DA:1,1
DA:7,1
DA:8,1
DA:9,1
DA:50,1
DA:51,21
DA:52,21
DA:53,21
DA:54,21
DA:55,21
DA:56,21
DA:57,21
DA:58,21
DA:59,21
DA:60,21
DA:62,21
DA:63,16
DA:64,16
DA:65,16
DA:66,16
DA:67,16
DA:68,0
DA:69,16
DA:70,0
DA:71,0
DA:72,21
DA:74,21
DA:75,21
DA:76,3
DA:77,0
DA:78,0
DA:79,0
DA:80,0
DA:81,3
DA:82,0
DA:83,0
DA:84,0
DA:85,0
DA:86,3
DA:87,0
DA:88,0
DA:91,3
DA:92,0
DA:93,0
DA:94,0
DA:95,0
DA:96,0
DA:97,0
DA:98,0
DA:99,0
DA:100,3
DA:101,21
DA:102,21
DA:104,21
DA:106,21
DA:107,21
DA:108,21
DA:109,8
DA:111,8
DA:113,21
DA:114,103
DA:115,103
DA:117,103
DA:118,103
DA:119,21
DA:120,103
DA:121,0
DA:122,0
DA:124,103
DA:125,103
DA:126,103
DA:127,103
DA:128,103
DA:129,103
DA:130,103
DA:131,103
DA:132,64
DA:133,64
DA:134,64
DA:135,64
DA:137,39
DA:138,39
DA:139,39
DA:141,103
DA:143,21
DA:144,21
DA:145,8
DA:146,8
DA:147,8
DA:148,8
DA:149,0
DA:151,8
DA:153,8
DA:155,21
DA:157,21
LF:95
LH:71
BRDA:50,0,0,21
BRDA:108,1,0,8
BRDA:109,2,0,0
BRDA:144,3,0,8
BRDA:148,4,0,0
BRDA:62,5,0,16
BRDA:67,6,0,0
BRDA:69,7,0,0
BRDA:75,8,0,3
BRDA:76,9,0,0
BRDA:81,10,0,0
BRDA:86,11,0,0
BRDA:91,12,0,0
BRDA:113,13,0,103
BRDA:118,14,0,21
BRDA:120,15,0,82
BRDA:120,16,0,0
BRDA:127,17,0,21
BRDA:127,18,0,82
BRDA:128,19,0,21
BRDA:128,20,0,82
BRDA:131,21,0,64
BRDA:131,22,0,64
BRDA:135,23,0,39
BRF:24
BRH:15
end_of_record
TN:
SF:src/ui/components/shared/text-buffer.ts
FN:28,isWordChar
FN:41,stripUnsafeCharacters
FN:62,clamp
FN:85,calculateInitialCursorPosition
FN:112,offsetToLogicalPos
FN:162,calculateVisualLayout
FN:424,textBufferReducer
FN:428,pushUndo
FN:441,currentLine
FN:442,currentLineLen
FN:470,currentLine2
FN:512,currentLine2
FN:956,useTextBuffer
FNF:13
FNH:12
FNDA:0,isWordChar
FNDA:33,stripUnsafeCharacters
FNDA:67,clamp
FNDA:70,calculateInitialCursorPosition
FNDA:41,offsetToLogicalPos
FNDA:199,calculateVisualLayout
FNDA:182,textBufferReducer
FNDA:61,pushUndo
FNDA:45,currentLine
FNDA:26,currentLineLen
FNDA:33,currentLine2
FNDA:18,currentLine2
FNDA:237,useTextBuffer
DA:1,1
DA:7,1
DA:8,1
DA:9,1
DA:10,1
DA:11,1
DA:12,1
DA:13,1
DA:14,1
DA:15,1
DA:28,0
DA:29,0
DA:30,0
DA:31,0
DA:32,0
DA:33,0
DA:41,33
DA:42,33
DA:43,33
DA:44,33
DA:45,4106
DA:46,4106
DA:47,4106
DA:48,0
DA:49,0
DA:50,4106
DA:51,4106
DA:52,4106
DA:53,33
DA:54,33
DA:55,33
DA:62,67
DA:63,67
DA:64,67
DA:85,70
DA:86,70
DA:87,70
DA:88,70
DA:89,70
DA:90,70
DA:91,70
DA:92,71
DA:94,71
DA:95,71
DA:97,71
DA:99,70
DA:100,70
DA:101,1
DA:102,1
DA:103,1
DA:105,0
DA:106,0
DA:107,0
DA:108,0
DA:109,0
DA:110,0
DA:112,1
DA:113,41
DA:114,41
DA:115,41
DA:116,41
DA:117,41
DA:118,41
DA:120,41
DA:122,33
DA:123,41
DA:124,70
DA:125,70
DA:126,70
DA:128,70
DA:130,19
DA:131,19
DA:132,19
DA:133,70
DA:135,9
DA:136,9
DA:138,9
DA:139,9
DA:140,9
DA:141,9
DA:142,9
DA:143,9
DA:144,0
DA:145,0
DA:146,42
DA:147,42
DA:151,5
DA:152,5
DA:153,5
DA:154,41
DA:155,0
DA:156,0
DA:157,0
DA:158,5
DA:159,5
DA:162,199
DA:163,199
DA:164,199
DA:165,199
DA:171,199
DA:172,199
DA:173,199
DA:174,199
DA:175,199
DA:177,199
DA:178,337
DA:179,337
DA:181,57
DA:182,57
DA:183,57
DA:184,57
DA:185,49
DA:186,49
DA:187,337
DA:189,280
DA:190,280
DA:192,280
DA:193,855
DA:194,855
DA:195,855
DA:196,855
DA:197,855
DA:200,855
DA:201,7009
DA:202,7009
DA:204,7009
DA:206,575
DA:207,575
DA:208,492
DA:209,492
DA:210,575
DA:212,492
DA:213,492
DA:214,492
DA:215,492
DA:216,492
DA:217,492
DA:218,492
DA:219,575
DA:222,83
DA:223,83
DA:224,0
DA:225,83
DA:227,0
DA:228,0
DA:229,0
DA:230,83
DA:231,0
DA:232,83
DA:238,0
DA:239,83
DA:240,575
DA:241,575
DA:243,6434
DA:244,6434
DA:245,6434
DA:248,7009
DA:249,695
DA:251,695
DA:252,695
DA:253,7009
DA:257,855
DA:258,855
DA:259,0
DA:260,855
DA:263,0
DA:264,0
DA:265,0
DA:266,0
DA:270,855
DA:271,855
DA:272,0
DA:273,855
DA:275,0
DA:276,0
DA:277,0
DA:279,855
DA:280,855
DA:281,855
DA:282,855
DA:283,855
DA:284,855
DA:288,855
DA:289,229
DA:290,229
DA:291,229
DA:292,178
DA:293,229
DA:294,96
DA:295,96
DA:296,96
DA:297,96
DA:298,96
DA:299,133
DA:300,55
DA:301,133
DA:303,55
DA:304,55
DA:305,55
DA:306,55
DA:307,55
DA:308,229
DA:310,855
DA:311,855
DA:316,855
DA:317,855
DA:318,855
DA:319,575
DA:320,575
DA:321,855
DA:322,516
DA:323,516
DA:324,855
DA:327,280
DA:328,280
DA:329,150
DA:330,280
DA:331,51
DA:332,51
DA:333,51
DA:334,51
DA:335,51
DA:336,51
DA:337,51
DA:338,51
DA:339,51
DA:340,51
DA:341,51
DA:342,280
DA:343,199
DA:346,199
DA:347,199
DA:348,199
DA:349,199
DA:350,41
DA:351,0
DA:352,0
DA:353,0
DA:354,0
DA:355,0
DA:356,41
DA:357,41
DA:361,158
[...]
DA:335,4
DA:336,4
DA:337,4
DA:338,4
DA:339,4
DA:340,4
DA:341,4
DA:343,4
DA:344,4
DA:345,4
DA:346,4
DA:347,4
DA:348,4
DA:350,4
DA:351,4
DA:353,4
DA:355,1
DA:364,1
DA:365,10
DA:366,10
DA:367,10
DA:368,10
DA:369,10
DA:370,10
DA:371,10
DA:372,10
DA:374,10
DA:375,10
DA:376,10
DA:377,10
DA:379,10
DA:380,10
DA:381,10
DA:382,10
DA:383,10
DA:384,10
DA:385,10
DA:386,10
DA:387,10
DA:389,10
DA:391,1
DA:399,1
DA:400,1
DA:401,1
DA:402,1
DA:403,1
DA:404,1
DA:407,1
DA:409,1
LF:326
LH:281
BRDA:28,0,0,14
BRDA:34,1,0,1
BRDA:34,2,0,13
BRDA:256,3,0,1
BRDA:267,4,0,13
BRDA:270,5,0,0
BRDA:270,6,0,0
BRDA:270,7,0,0
BRDA:279,8,0,13
BRDA:55,9,0,34
BRDA:62,10,0,65
BRDA:65,11,0,8
BRDA:68,12,0,3
BRDA:69,13,0,3
BRDA:71,14,0,3
BRDA:86,15,0,5
BRDA:90,16,0,57
BRDA:100,17,0,4
BRDA:103,18,0,2
BRDA:104,19,0,53
BRDA:104,20,0,7
BRDA:104,21,0,4
BRDA:107,22,0,3
BRDA:109,23,0,1
BRDA:113,24,0,3
BRDA:123,25,0,49
BRDA:123,26,0,4
BRDA:123,27,0,1
BRDA:125,28,0,48
BRDA:125,29,0,3
BRDA:125,30,0,2
BRDA:129,31,0,0
BRDA:132,32,0,0
BRDA:136,33,0,46
BRDA:136,34,0,1
BRDA:136,35,0,1
BRDA:153,36,0,0
BRDA:162,37,0,45
BRDA:162,38,0,2
BRDA:168,39,0,43
BRDA:168,40,0,5
BRDA:173,41,0,2
BRDA:180,42,0,1
BRDA:187,43,0,1
BRDA:194,44,0,1
BRDA:201,45,0,0
BRDA:210,46,0,38
BRDA:210,47,0,8
BRDA:223,48,0,30
BRDA:223,49,0,2
BRDA:236,50,0,28
BRDA:237,51,0,19
BRDA:237,52,0,19
BRDA:238,53,0,11
BRDA:244,54,0,9
BRDA:111,55,0,2
BRDA:127,56,0,4
BRDA:294,57,0,4
BRDA:304,58,0,1
BRDA:304,59,0,1
BRDA:310,60,0,0
BRDA:364,61,0,10
BRDA:370,62,0,2
BRDA:370,63,0,8
BRDA:399,64,0,1
BRF:65
BRH:57
end_of_record
TN:
SF:src/ui/utils/TableRenderer.tsx
FN:22,TableRenderer
FN:45,renderCell
FN:104,renderBorder
FN:119,renderRow
FNF:4
FNH:4
FNDA:1,TableRenderer
FNDA:6,renderCell
FNDA:3,renderBorder
FNDA:3,renderRow
DA:1,1
DA:7,1
DA:8,1
DA:9,1
DA:10,1
DA:22,1
DA:23,1
DA:24,1
DA:25,1
DA:26,1
DA:28,1
DA:29,2
DA:30,2
DA:31,2
DA:32,2
DA:33,2
DA:34,1
DA:37,1
DA:38,1
DA:39,1
DA:40,1
DA:41,2
DA:42,1
DA:45,1
DA:46,6
DA:47,6
DA:48,6
DA:49,6
DA:50,6
DA:51,6
DA:53,6
DA:54,6
DA:55,0
DA:57,0
DA:58,0
DA:59,0
DA:60,0
DA:61,0
DA:63,0
DA:64,0
DA:65,0
DA:68,0
DA:69,0
DA:70,0
DA:71,0
DA:73,0
DA:74,0
DA:75,0
DA:76,0
DA:77,0
DA:78,0
DA:79,0
DA:81,0
DA:82,0
DA:83,0
DA:86,6
DA:87,6
DA:89,6
DA:90,6
DA:91,6
DA:92,2
DA:93,2
DA:94,2
DA:96,4
DA:98,6
DA:99,6
DA:101,6
DA:104,1
DA:105,3
DA:106,3
DA:107,3
DA:108,3
DA:109,3
DA:111,3
DA:112,3
DA:113,3
DA:115,3
DA:116,3
DA:119,1
DA:120,3
DA:121,6
DA:122,6
DA:123,3
DA:125,3
DA:126,3
DA:127,3
DA:128,3
DA:129,6
DA:130,6
DA:131,6
DA:132,6
DA:133,3
DA:135,3
DA:137,3
DA:139,1
DA:140,1
DA:142,1
DA:145,1
DA:148,1
DA:151,1
DA:152,2
DA:153,1
DA:156,1
DA:157,1
DA:159,1
LF:105
LH:82
BRDA:22,0,0,1
BRDA:39,1,0,0
BRDA:28,2,0,2
BRDA:31,3,0,4
BRDA:31,4,0,0
BRDA:37,5,0,2
BRDA:40,6,0,2
BRDA:45,7,0,6
BRDA:54,8,0,0
BRDA:91,9,0,2
BRDA:94,10,0,4
BRDA:104,11,0,3
BRDA:112,12,0,6
BRDA:119,13,0,3
BRDA:120,14,0,6
BRDA:121,15,0,0
BRDA:122,16,0,0
BRDA:128,17,0,6
BRDA:131,18,0,3
BRDA:131,19,0,3
BRDA:151,20,0,2
BRF:21
BRH:16
end_of_record
TN:
SF:src/ui/utils/clipboardUtils.ts
FN:18,clipboardHasImage
FN:40,saveClipboardImage
FN:122,cleanupOldClipboardImages
FNF:3
FNH:3
FNDA:1,clipboardHasImage
FNDA:1,saveClipboardImage
FNDA:2,cleanupOldClipboardImages
DA:1,1
DA:7,1
DA:8,1
DA:9,1
DA:10,1
DA:12,1
DA:18,1
DA:19,1
DA:20,0
DA:21,0
DA:23,1
DA:25,1
DA:26,1
DA:27,1
DA:28,1
DA:29,1
DA:30,1
DA:31,0
DA:32,0
DA:33,1
DA:40,1
DA:41,1
DA:42,1
DA:43,1
DA:44,0
DA:45,0
DA:47,1
DA:50,1
DA:51,1
DA:52,1
DA:55,0
DA:58,0
DA:59,0
DA:60,0
DA:61,0
DA:62,0
DA:63,0
DA:65,0
DA:66,0
DA:67,0
DA:68,0
DA:69,0
DA:72,0
DA:74,0
DA:75,0
DA:81,0
DA:87,0
DA:89,0
DA:91,0
DA:92,0
DA:93,0
DA:94,0
DA:95,0
DA:96,0
DA:98,0
DA:99,0
DA:102,0
DA:103,0
DA:104,0
DA:106,0
DA:107,0
DA:110,0
DA:111,1
DA:112,1
DA:113,1
DA:114,1
DA:115,1
DA:122,2
DA:123,2
DA:124,2
DA:125,2
DA:126,2
DA:127,2
DA:128,2
DA:129,0
DA:131,0
DA:132,0
DA:133,0
DA:134,0
DA:135,0
DA:136,0
DA:137,0
DA:138,0
DA:139,0
DA:140,0
DA:141,0
DA:142,0
DA:143,0
DA:144,0
DA:145,0
DA:146,2
DA:148,2
DA:149,2
LF:93
LH:39
BRDA:18,0,0,1
BRDA:19,1,0,0
BRDA:30,2,0,0
BRDA:40,3,0,1
BRDA:43,4,0,0
BRDA:50,5,0,0
BRDA:52,6,0,0
BRDA:122,7,0,2
BRDA:126,8,0,0
BRDA:128,9,0,0
BRF:10
BRH:3
end_of_record
TN:
SF:src/ui/utils/commandUtils.ts
FN:15,isAtCommand
FN:26,isSlashCommand
FNF:2
FNH:2
FNDA:27,isAtCommand
FNDA:23,isSlashCommand
DA:1,1
DA:15,1
DA:17,27
DA:26,1
LF:4
LH:4
BRDA:15,0,0,27
BRDA:17,1,0,26
BRDA:26,2,0,23
BRF:3
BRH:3
end_of_record
TN:
SF:src/ui/utils/computeStats.ts
FN:13,calculateErrorRate
FN:20,calculateAverageLatency
FN:27,calculateCacheHitRate
FN:34,computeSessionStats
FNF:4
FNH:4
FNDA:9,calculateErrorRate
FNDA:9,calculateAverageLatency
FNDA:8,calculateCacheHitRate
FNDA:19,computeSessionStats
DA:1,1
DA:13,1
DA:14,9
DA:15,1
DA:16,1
DA:17,8
DA:18,8
DA:20,1
DA:21,9
DA:22,1
DA:23,1
DA:24,8
DA:25,8
DA:27,1
DA:28,8
DA:29,1
DA:30,1
DA:31,7
DA:32,7
DA:34,1
DA:35,19
DA:36,19
DA:37,19
DA:38,19
DA:39,19
DA:40,19
DA:41,19
DA:42,19
DA:43,19
DA:44,19
DA:45,19
DA:46,19
DA:47,19
DA:49,19
DA:50,19
DA:51,19
DA:52,19
DA:53,19
DA:54,19
DA:55,19
DA:56,19
DA:57,19
DA:58,19
DA:60,19
DA:61,19
DA:62,19
DA:63,19
DA:64,19
DA:65,19
DA:66,19
DA:67,19
DA:68,2
DA:69,17
DA:71,19
DA:72,19
DA:73,19
DA:74,19
DA:75,19
DA:76,19
DA:77,19
DA:78,19
DA:79,19
DA:80,19
DA:81,19
DA:82,19
DA:83,19
DA:84,19
LF:67
LH:67
BRDA:13,0,0,9
BRDA:14,1,0,8
BRDA:14,2,0,1
BRDA:20,3,0,9
BRDA:21,4,0,8
BRDA:21,5,0,1
BRDA:27,6,0,8
BRDA:28,7,0,7
BRDA:28,8,0,1
BRDA:34,9,0,19
BRDA:45,10,0,8
BRDA:45,11,0,11
BRDA:47,12,0,8
BRDA:47,13,0,11
BRDA:58,14,0,6
BRDA:58,15,0,13
BRDA:65,16,0,7
BRDA:65,17,0,12
BRDA:67,18,0,2
BRDA:68,19,0,17
BRDA:39,20,0,7
BRDA:50,21,0,7
BRDA:54,22,0,7
BRF:23
BRH:23
end_of_record
TN:
SF:src/ui/utils/displayUtils.ts
FN:20,getStatusColor
FNF:1
FNH:1
FNDA:44,getStatusColor
DA:1,1
DA:7,1
DA:10,1
DA:11,1
DA:13,1
DA:14,1
DA:16,1
DA:17,1
DA:20,1
DA:21,44
DA:22,44
DA:23,44
DA:24,44
DA:25,44
DA:26,8
DA:27,8
DA:28,44
DA:29,5
DA:30,5
DA:31,35
DA:32,44
LF:21
LH:21
BRDA:20,0,0,44
BRDA:25,1,0,8
BRDA:27,2,0,36
BRDA:28,3,0,5
BRDA:30,4,0,35
BRDA:30,5,0,31
BRDA:31,6,0,30
BRF:7
BRH:7
end_of_record
TN:
SF:src/ui/utils/errorParsing.ts
FN:19,getRateLimitErrorMessageGoogleFree
FN:24,getRateLimitErrorMessageGoogleProQuotaFree
FN:30,getRateLimitErrorMessageGoogleGenericQuotaFree
FN:34,getRateLimitErrorMessageGooglePaid
FN:39,getRateLimitErrorMessageGoogleProQuotaPaid
FN:45,getRateLimitErrorMessageGoogleGenericQuotaPaid
FN:53,getRateLimitErrorMessageDefault
FN:58,getRateLimitMessage
FN:102,parseAndFormatApiError
FNF:9
FNH:9
FNDA:2,getRateLimitErrorMessageGoogleFree
FNDA:4,getRateLimitErrorMessageGoogleProQuotaFree
FNDA:1,getRateLimitErrorMessageGoogleGenericQuotaFree
FNDA:1,getRateLimitErrorMessageGooglePaid
FNDA:2,getRateLimitErrorMessageGoogleProQuotaPaid
FNDA:1,getRateLimitErrorMessageGoogleGenericQuotaPaid
FNDA:1,getRateLimitErrorMessageDefault
FNDA:15,getRateLimitMessage
FNDA:22,parseAndFormatApiError
DA:1,1
DA:7,1
DA:19,1
DA:20,2
DA:22,2
DA:24,1
DA:25,4
DA:26,4
DA:28,4
DA:30,1
DA:31,1
DA:34,1
DA:35,1
DA:37,1
DA:39,1
DA:40,2
DA:41,2
DA:43,2
DA:45,1
DA:46,1
DA:48,1
DA:49,1
DA:50,1
DA:51,1
DA:52,1
DA:53,1
DA:54,1
DA:56,1
DA:58,15
DA:59,15
DA:60,15
DA:61,15
DA:62,15
DA:63,15
DA:64,15
DA:65,15
DA:66,15
DA:68,11
DA:69,11
DA:71,11
DA:72,6
DA:73,2
DA:74,2
DA:75,2
DA:76,2
DA:77,4
DA:78,4
DA:79,4
DA:80,4
DA:81,11
DA:82,2
DA:83,1
DA:84,1
DA:85,1
DA:86,1
DA:87,5
DA:88,3
DA:89,1
DA:90,2
DA:91,3
DA:92,11
DA:93,15
DA:94,1
DA:95,15
DA:96,2
DA:97,15
DA:98,1
DA:99,15
DA:100,15
DA:102,1
DA:103,22
DA:104,22
DA:105,22
DA:106,22
DA:107,22
DA:108,22
DA:109,22
DA:110,3
DA:111,3
DA:112,1
DA:113,1
DA:114,1
DA:115,1
DA:116,1
DA:117,1
DA:118,1
DA:119,1
DA:120,3
DA:121,3
DA:124,21
DA:125,18
DA:126,18
DA:127,1
DA:128,1
DA:130,17
DA:132,17
DA:133,17
DA:134,18
DA:135,15
DA:136,15
DA:138,15
DA:139,15
DA:140,1
DA:141,1
DA:142,15
DA:144,14
DA:145,15
DA:146,15
DA:147,14
DA:148,14
DA:149,14
DA:150,14
DA:151,14
DA:152,14
DA:153,14
DA:154,14
DA:155,15
DA:156,15
DA:157,18
DA:159,2
DA:160,2
DA:161,2
DA:163,1
DA:164,1
LF:124
LH:124
BRDA:19,0,0,2
BRDA:24,1,0,4
BRDA:30,2,0,1
BRDA:34,3,0,1
BRDA:39,4,0,2
BRDA:45,5,0,1
BRDA:53,6,0,1
BRDA:58,7,0,15
BRDA:66,8,0,11
BRDA:69,9,0,10
BRDA:71,10,0,6
BRDA:72,11,0,2
BRDA:74,12,0,0
BRDA:76,13,0,4
BRDA:78,14,0,0
BRDA:81,15,0,5
BRDA:81,16,0,2
BRDA:82,17,0,1
BRDA:84,18,0,0
BRDA:85,19,0,1
BRDA:87,20,0,3
BRDA:88,21,0,1
BRDA:89,22,0,2
BRDA:93,23,0,1
BRDA:95,24,0,2
BRDA:97,25,0,1
BRDA:102,26,0,22
BRDA:109,27,0,3
BRDA:111,28,0,1
BRDA:121,29,0,21
BRDA:121,30,0,19
BRDA:124,31,0,18
BRDA:126,32,0,1
BRDA:128,33,0,17
BRDA:134,34,0,15
BRDA:139,35,0,1
BRDA:142,36,0,14
BRDA:146,37,0,14
BRDA:157,38,0,2
BRDA:161,39,0,1
BRF:40
BRH:37
end_of_record
TN:
SF:src/ui/utils/formatters.ts
FN:7,formatMemoryUsage
FN:24,formatDuration
FNF:2
FNH:2
FNDA:6,formatMemoryUsage
FNDA:70,formatDuration
DA:1,1
DA:7,1
DA:8,6
DA:9,6
DA:10,2
DA:11,2
DA:12,5
DA:13,3
DA:14,3
DA:15,1
DA:16,1
DA:24,1
DA:25,70
DA:26,33
DA:27,33
DA:29,61
DA:30,20
DA:31,20
DA:33,17
DA:35,20
DA:36,6
DA:37,6
DA:39,11
DA:40,11
DA:41,11
DA:43,11
DA:45,16
DA:46,7
DA:47,7
DA:48,16
DA:49,9
DA:50,9
DA:51,16
DA:52,8
DA:53,8
DA:56,16
DA:57,0
DA:58,0
DA:59,0
DA:60,0
DA:62,11
DA:63,11
LF:42
LH:38
BRDA:7,0,0,6
BRDA:9,1,0,2
BRDA:11,2,0,5
BRDA:11,3,0,4
BRDA:12,4,0,3
BRDA:14,5,0,1
BRDA:24,6,0,70
BRDA:25,7,0,33
BRDA:27,8,0,61
BRDA:27,9,0,37
BRDA:29,10,0,20
BRDA:31,11,0,49
BRDA:31,12,0,20
BRDA:31,13,0,17
BRDA:35,14,0,6
BRDA:37,15,0,16
BRDA:37,16,0,11
BRDA:45,17,0,7
BRDA:47,18,0,11
BRDA:48,19,0,9
BRDA:50,20,0,11
BRDA:51,21,0,8
BRDA:53,22,0,11
BRDA:56,23,0,0
BRDA:60,24,0,11
BRF:25
BRH:24
end_of_record
TN:
SF:src/ui/utils/markdownUtilities.ts
FN:44,isIndexInsideCodeBlock
FN:68,findEnclosingCodeBlockStart
FN:93,findLastSafeSplitPoint
FNF:3
FNH:3
FNDA:11,isIndexInsideCodeBlock
FNDA:7,findEnclosingCodeBlockStart
FNDA:7,findLastSafeSplitPoint
DA:1,1
DA:44,1
DA:45,11
DA:46,11
DA:47,11
DA:48,11
DA:49,11
DA:50,11
DA:51,13
DA:52,13
DA:53,10
DA:54,10
DA:55,3
DA:56,3
DA:57,3
DA:58,11
DA:59,11
DA:68,1
DA:69,7
DA:70,7
DA:71,7
DA:72,7
DA:73,7
DA:74,7
DA:75,0
DA:76,0
DA:77,0
DA:78,0
DA:79,0
DA:80,0
DA:81,0
DA:82,0
DA:83,0
DA:84,0
DA:85,0
DA:86,0
DA:87,0
DA:88,0
DA:89,0
DA:90,0
DA:91,0
DA:93,1
DA:94,7
DA:95,7
DA:96,7
DA:97,7
DA:98,7
DA:100,0
DA:101,0
DA:104,7
DA:105,7
DA:106,8
DA:107,8
DA:109,4
DA:110,4
DA:112,4
DA:113,8
DA:114,3
DA:115,3
DA:119,1
DA:120,1
DA:124,4
DA:125,4
LF:63
LH:44
BRDA:44,0,0,11
BRDA:50,1,0,13
BRDA:52,2,0,4
BRDA:52,3,0,10
BRDA:54,4,0,3
BRDA:68,5,0,7
BRDA:74,6,0,0
BRDA:93,7,0,7
BRDA:98,8,0,0
BRDA:105,9,0,8
BRDA:107,10,0,4
BRDA:113,11,0,3
BRDA:115,12,0,1
BRDA:120,13,0,4
BRF:14
BRH:12
end_of_record
TN:
SF:src/ui/utils/textUtils.ts
FN:12,getAsciiArtWidth
FN:27,isBinary
FN:55,toCodePoints
FN:61,cpLen
FN:65,cpSlice
FNF:5
FNH:4
FNDA:0,getAsciiArtWidth
FNDA:6,isBinary
FNDA:1072,toCodePoints
FNDA:565,cpLen
FNDA:168,cpSlice
DA:1,1
DA:12,1
DA:13,0
DA:14,0
DA:15,0
DA:16,0
DA:17,0
DA:18,0
DA:27,1
DA:28,6
DA:29,6
DA:30,6
DA:31,6
DA:32,2
DA:33,2
DA:35,6
DA:37,6
DA:40,542
DA:41,1
DA:42,1
DA:43,542
DA:46,3
DA:47,3
DA:55,1
DA:58,1072
DA:59,1072
DA:61,1
DA:62,565
DA:63,565
DA:65,1
DA:67,168
DA:68,168
DA:69,168
LF:33
LH:27
BRDA:27,0,0,6
BRDA:31,1,0,2
BRDA:33,2,0,4
BRDA:35,3,0,1
BRDA:35,4,0,3
BRDA:37,5,0,542
BRDA:40,6,0,1
BRDA:43,7,0,3
BRDA:55,8,0,1072
BRDA:61,9,0,565
BRDA:65,10,0,168
BRF:11
BRH:11
end_of_record
TN:
SF:src/ui/utils/updateCheck.ts
FN:11,checkForUpdates
FNF:1
FNH:1
FNDA:22,checkForUpdates
DA:1,1
DA:7,1
DA:8,1
DA:9,1
DA:11,22
DA:12,22
DA:13,22
DA:14,22
DA:15,1
DA:16,1
DA:17,20
DA:18,20
DA:19,20
DA:20,20
DA:21,20
DA:23,20
DA:25,20
DA:26,20
DA:28,20
DA:29,20
DA:30,3
DA:31,22
DA:32,1
DA:33,1
DA:35,19
DA:36,22
DA:37,1
DA:38,1
DA:39,1
DA:40,22
LF:30
LH:30
BRDA:11,0,0,22
BRDA:13,1,0,21
BRDA:14,2,0,20
BRDA:14,3,0,20
BRDA:14,4,0,1
BRDA:16,5,0,20
BRDA:29,6,0,3
BRDA:31,7,0,1
BRDA:33,8,0,19
BRDA:36,9,0,1
BRF:10
BRH:10
end_of_record
TN:
SF:src/utils/cleanup.ts
FN:13,registerCleanup
FN:17,runExitCleanup
FN:28,cleanupCheckpoints
FNF:3
FNH:2
FNDA:16,registerCleanup
FNDA:0,runExitCleanup
FNDA:1,cleanupCheckpoints
DA:1,1
DA:7,1
DA:8,1
DA:9,1
DA:11,1
DA:13,1
DA:14,16
DA:15,16
DA:17,1
DA:18,0
DA:19,0
DA:20,0
DA:21,0
DA:23,0
DA:24,0
DA:25,0
DA:26,0
DA:28,1
DA:29,1
DA:30,1
DA:31,1
DA:32,1
DA:33,1
DA:35,0
DA:36,1
LF:25
LH:16
BRDA:13,0,0,16
BRDA:28,1,0,1
BRDA:33,2,0,0
BRF:3
BRH:2
end_of_record
TN:
SF:src/utils/package.ts
FN:25,getPackageJson
FNF:1
FNH:1
FNDA:115,getPackageJson
DA:1,1
DA:7,1
DA:11,1
DA:12,1
DA:20,1
DA:21,1
DA:23,1
DA:25,115
DA:26,115
DA:27,98
DA:28,98
DA:30,17
DA:31,115
DA:33,0
DA:34,0
DA:36,17
DA:37,17
DA:38,17
LF:18
LH:16
BRDA:25,0,0,115
BRDA:26,1,0,98
BRDA:28,2,0,17
BRDA:31,3,0,0
BRDA:34,4,0,17
BRF:5
BRH:4
end_of_record
TN:
SF:src/utils/readStdin.ts
FN:7,readStdin
FNF:1
FNH:0
FNDA:0,readStdin
DA:1,1
DA:7,0
DA:8,0
DA:9,0
DA:10,0
DA:12,0
DA:13,0
DA:14,0
DA:15,0
DA:16,0
DA:17,0
DA:19,0
DA:20,0
DA:21,0
DA:22,0
DA:24,0
DA:25,0
DA:26,0
DA:27,0
DA:29,0
DA:30,0
DA:31,0
DA:32,0
DA:33,0
DA:35,0
DA:36,0
DA:37,0
DA:38,0
DA:39,0
LF:29
LH:1
BRF:0
BRH:0
end_of_record
TN:
SF:src/utils/sandbox.ts
FN:1,(empty-report)
FNF:1
FNH:0
FNDA:0,(empty-report)
DA:1,0
DA:7,0
DA:8,0
DA:9,0
DA:10,0
DA:11,0
DA:12,0
DA:13,0
DA:17,0
DA:20,0
DA:22,0
DA:23,0
DA:24,0
DA:25,0
DA:26,0
DA:27,0
DA:28,0
DA:29,0
DA:30,0
DA:31,0
DA:32,0
DA:34,0
DA:35,0
DA:36,0
DA:37,0
DA:38,0
DA:39,0
DA:40,0
DA:41,0
DA:42,0
DA:43,0
DA:44,0
DA:64,0
DA:65,0
DA:67,0
DA:68,0
DA:69,0
DA:70,0
DA:71,0
DA:72,0
DA:75,0
DA:76,0
DA:77,0
DA:78,0
DA:79,0
DA:80,0
DA:81,0
DA:82,0
DA:83,0
DA:85,0
DA:86,0
DA:87,0
DA:88,0
DA:89,0
DA:90,0
DA:93,0
DA:94,0
DA:95,0
DA:96,0
DA:97,0
DA:98,0
DA:99,0
DA:103,0
DA:104,0
DA:105,0
DA:106,0
DA:107,0
DA:109,0
DA:110,0
DA:111,0
DA:112,0
DA:113,0
DA:114,0
DA:116,0
DA:117,0
DA:118,0
DA:119,0
DA:120,0
DA:122,0
DA:123,0
DA:124,0
DA:125,0
DA:126,0
DA:127,0
DA:128,0
DA:129,0
DA:130,0
DA:131,0
DA:132,0
DA:133,0
DA:134,0
DA:135,0
DA:136,0
DA:138,0
DA:139,0
DA:140,0
DA:141,0
DA:142,0
DA:143,0
DA:144,0
DA:145,0
DA:146,0
DA:147,0
DA:148,0
DA:149,0
DA:150,0
DA:151,0
DA:152,0
DA:154,0
DA:155,0
DA:156,0
DA:157,0
DA:158,0
DA:159,0
DA:160,0
DA:162,0
DA:163,0
DA:164,0
DA:165,0
DA:166,0
DA:168,0
DA:169,0
DA:170,0
DA:171,0
DA:172,0
DA:173,0
DA:174,0
DA:175,0
DA:176,0
DA:178,0
DA:180,0
DA:181,0
DA:183,0
DA:184,0
DA:185,0
DA:186,0
DA:187,0
DA:189,0
DA:190,0
DA:191,0
DA:192,0
DA:193,0
DA:194,0
DA:195,0
DA:197,0
DA:198,0
DA:199,0
DA:200,0
DA:201,0
DA:202,0
DA:203,0
DA:204,0
DA:205,0
DA:206,0
DA:207,0
DA:208,0
DA:210,0
DA:212,0
DA:213,0
DA:214,0
DA:215,0
DA:217,0
DA:218,0
DA:219,0
DA:220,0
DA:221,0
DA:222,0
DA:223,0
DA:224,0
DA:225,0
DA:226,0
DA:227,0
DA:228,0
DA:229,0
DA:230,0
DA:231,0
DA:232,0
DA:233,0
DA:234,0
DA:235,0
DA:237,0
DA:238,0
DA:239,0
DA:240,0
DA:241,0
DA:242,0
DA:243,0
DA:244,0
DA:245,0
DA:246,0
DA:247,0
DA:248,0
DA:249,0
DA:250,0
DA:251,0
DA:252,0
DA:253,0
DA:254,0
DA:255,0
DA:256,0
DA:257,0
DA:258,0
DA:259,0
DA:260,0
DA:261,0
DA:263,0
DA:264,0
DA:265,0
DA:266,0
DA:267,0
DA:268,0
DA:269,0
DA:270,0
DA:271,0
DA:277,0
DA:278,0
DA:279,0
DA:280,0
DA:281,0
DA:282,0
DA:283,0
DA:284,0
DA:285,0
DA:286,0
DA:287,0
DA:288,0
DA:289,0
DA:290,0
DA:291,0
DA:292,0
DA:293,0
DA:295,0
DA:296,0
DA:297,0
DA:298,0
DA:299,0
DA:300,0
DA:302,0
DA:305,0
DA:307,0
DA:308,0
DA:309,0
DA:310,0
DA:311,0
DA:313,0
DA:314,0
DA:315,0
DA:320,0
DA:321,0
DA:322,0
DA:323,0
DA:325,0
DA:326,0
DA:327,0
DA:328,0
DA:329,0
DA:331,0
DA:332,0
DA:333,0
DA:334,0
DA:335,0
DA:336,0
DA:337,0
DA:338,0
DA:339,0
DA:340,0
DA:341,0
DA:342,0
DA:343,0
DA:344,0
DA:345,0
DA:346,0
DA:347,0
DA:348,0
DA:349,0
DA:350,0
DA:351,0
DA:354,0
DA:355,0
DA:356,0
DA:357,0
DA:358,0
DA:359,0
DA:360,0
DA:361,0
DA:362,0
DA:363,0
DA:367,0
DA:370,0
DA:371,0
DA:372,0
DA:375,0
DA:379,0
DA:380,0
DA:381,0
DA:382,0
DA:383,0
DA:384,0
DA:385,0
DA:386,0
DA:387,0
DA:388,0
DA:389,0
DA:390,0
DA:391,0
DA:392,0
DA:395,0
DA:398,0
DA:399,0
DA:400,0
DA:401,0
DA:402,0
DA:403,0
DA:404,0
DA:407,0
DA:408,0
DA:409,0
DA:410,0
DA:411,0
DA:412,0
DA:413,0
DA:414,0
DA:415,0
DA:416,0
DA:419,0
DA:420,0
DA:421,0
DA:423,0
DA:424,0
DA:425,0
DA:426,0
DA:428,0
DA:429,0
DA:430,0
DA:431,0
DA:432,0
DA:433,0
DA:435,0
DA:436,0
DA:437,0
DA:438,0
DA:439,0
DA:440,0
DA:441,0
DA:442,0
DA:443,0
DA:444,0
DA:445,0
DA:448,0
DA:451,0
DA:452,0
DA:453,0
DA:454,0
DA:459,0
DA:461,0
DA:462,0
DA:463,0
DA:464,0
DA:465,0
DA:466,0
DA:467,0
DA:468,0
DA:469,0
DA:470,0
DA:471,0
DA:472,0
DA:473,0
DA:474,0
DA:475,0
DA:476,0
DA:477,0
DA:478,0
DA:479,0
DA:482,0
DA:483,0
DA:484,0
DA:485,0
DA:486,0
DA:490,0
DA:491,0
DA:492,0
DA:493,0
DA:494,0
DA:495,0
DA:496,0
DA:499,0
DA:500,0
DA:501,0
DA:502,0
DA:503,0
DA:504,0
DA:505,0
DA:506,0
DA:507,0
DA:508,0
DA:509,0
DA:510,0
DA:513,0
DA:514,0
DA:515,0
DA:516,0
DA:517,0
DA:518,0
DA:521,0
DA:522,0
DA:523,0
DA:524,0
DA:525,0
DA:526,0
DA:529,0
DA:530,0
DA:531,0
DA:532,0
DA:533,0
DA:534,0
DA:537,0
DA:538,0
DA:539,0
DA:540,0
DA:541,0
DA:542,0
DA:545,0
DA:546,0
DA:547,0
DA:550,0
DA:551,0
DA:552,0
DA:553,0
DA:554,0
DA:555,0
DA:561,0
DA:562,0
DA:563,0
DA:564,0
DA:565,0
DA:566,0
DA:567,0
DA:568,0
DA:569,0
DA:570,0
DA:571,0
DA:572,0
DA:573,0
DA:574,0
DA:575,0
DA:576,0
DA:577,0
DA:578,0
DA:579,0
DA:582,0
DA:583,0
DA:584,0
DA:585,0
DA:586,0
DA:587,0
DA:588,0
DA:589,0
DA:590,0
DA:591,0
DA:592,0
DA:593,0
DA:594,0
DA:595,0
DA:596,0
DA:599,0
DA:600,0
DA:601,0
DA:602,0
DA:603,0
DA:605,0
DA:606,0
DA:607,0
DA:610,0
DA:613,0
DA:614,0
DA:615,0
DA:616,0
DA:617,0
DA:621,0
DA:622,0
DA:624,0
DA:625,0
DA:626,0
DA:627,0
DA:630,0
DA:632,0
DA:633,0
DA:640,0
DA:641,0
DA:643,0
DA:645,0
DA:647,0
DA:648,0
DA:650,0
DA:651,0
DA:654,0
DA:657,0
DA:660,0
DA:662,0
DA:663,0
DA:666,0
DA:669,0
DA:672,0
DA:673,0
DA:675,0
DA:677,0
DA:678,0
DA:679,0
DA:680,0
DA:681,0
DA:682,0
DA:684,0
DA:685,0
DA:686,0
DA:687,0
DA:688,0
DA:689,0
DA:690,0
DA:696,0
DA:697,0
DA:698,0
DA:699,0
DA:700,0
DA:701,0
DA:702,0
DA:703,0
DA:704,0
DA:705,0
DA:706,0
DA:707,0
DA:708,0
DA:709,0
DA:710,0
DA:711,0
DA:714,0
DA:715,0
DA:716,0
DA:717,0
DA:720,0
DA:721,0
DA:722,0
DA:724,0
DA:725,0
DA:726,0
DA:728,0
DA:729,0
DA:730,0
DA:731,0
DA:732,0
DA:733,0
DA:734,0
DA:735,0
DA:736,0
DA:737,0
DA:738,0
DA:741,0
DA:742,0
DA:743,0
DA:744,0
DA:746,0
DA:747,0
DA:748,0
DA:749,0
DA:750,0
DA:751,0
DA:753,0
DA:754,0
DA:755,0
DA:756,0
DA:757,0
DA:758,0
DA:760,0
DA:763,0
DA:765,0
DA:766,0
DA:767,0
DA:768,0
DA:769,0
DA:771,0
DA:772,0
DA:773,0
DA:774,0
DA:775,0
DA:777,0
DA:779,0
DA:780,0
DA:781,0
DA:783,0
DA:784,0
DA:785,0
DA:786,0
DA:788,0
DA:789,0
DA:790,0
DA:791,0
DA:792,0
DA:793,0
DA:794,0
DA:796,0
DA:797,0
DA:798,0
DA:799,0
DA:800,0
DA:801,0
DA:802,0
DA:803,0
DA:804,0
DA:805,0
DA:807,0
DA:808,0
DA:809,0
DA:810,0
DA:811,0
DA:813,0
DA:814,0
DA:815,0
DA:816,0
DA:817,0
DA:818,0
DA:819,0
DA:820,0
DA:821,0
DA:822,0
DA:823,0
DA:824,0
DA:825,0
DA:827,0
DA:828,0
DA:829,0
DA:830,0
DA:831,0
DA:832,0
DA:833,0
DA:834,0
DA:835,0
DA:836,0
DA:838,0
DA:839,0
DA:840,0
DA:841,0
DA:842,0
DA:843,0
DA:844,0
DA:845,0
DA:846,0
DA:848,0
DA:849,0
DA:851,0
DA:852,0
DA:854,0
DA:856,0
DA:857,0
DA:858,0
DA:859,0
DA:860,0
DA:861,0
DA:862,0
DA:863,0
DA:864,0
DA:865,0
DA:867,0
DA:868,0
DA:869,0
DA:870,0
DA:871,0
LF:665
LH:0
BRDA:1,0,0,0
BRF:1
BRH:0
end_of_record
TN:
SF:src/utils/startupWarnings.ts
FN:14,getStartupWarnings
FNF:1
FNH:0
FNDA:0,getStartupWarnings
DA:1,1
DA:7,1
DA:8,1
DA:9,1
DA:10,1
DA:12,1
DA:14,0
DA:15,0
DA:16,0
DA:17,0
DA:18,0
DA:19,0
DA:20,0
DA:21,0
DA:22,0
DA:23,0
DA:24,0
DA:25,0
DA:26,0
DA:27,0
DA:34,0
DA:35,0
DA:36,0
DA:38,0
DA:39,0
DA:40,0
LF:26
LH:6
BRF:0
BRH:0
end_of_record
TN:
SF:src/utils/userStartupWarnings.ts
FN:18,check
FN:38,getUserStartupWarnings
FNF:2
FNH:2
FNDA:3,check
FNDA:3,getUserStartupWarnings
DA:1,1
DA:7,1
DA:8,1
DA:16,1
DA:17,1
DA:18,1
DA:19,3
DA:20,3
DA:21,3
DA:22,3
DA:23,3
DA:25,3
DA:26,1
DA:27,1
DA:28,1
DA:29,1
DA:30,1
DA:31,1
DA:32,3
DA:33,1
DA:36,1
DA:38,3
DA:39,3
DA:40,3
DA:41,3
DA:42,3
DA:43,3
DA:44,3
DA:45,3
LF:29
LH:29
BRDA:18,0,0,3
BRDA:23,1,0,2
BRDA:25,2,0,1
BRDA:38,3,0,3
BRDA:42,4,0,3
BRDA:44,5,0,3
BRF:6
BRH:6
end_of_record
TN:
SF:src/utils/version.ts
FN:9,getCliVersion
FNF:1
FNH:1
FNDA:52,getCliVersion
DA:1,1
DA:7,1
DA:9,52
DA:10,52
DA:11,52
DA:12,52
LF:6
LH:6
BRDA:9,0,0,52
BRDA:11,1,0,0
BRF:2
BRH:1
end_of_record
