<?xml version="1.0" encoding="UTF-8" ?>
<testsuites name="vitest tests" tests="817" failures="0" errors="0" time="3.024073708">
    <testsuite name="src/index.test.ts" timestamp="2025-07-17T20:01:55.522Z" hostname="Alexanders-MacBook-Pro.local" tests="1" failures="0" errors="0" skipped="0" time="0.00188">
        <testcase classname="src/index.test.ts" name="placeholder tests &gt; should pass" time="0.00124325">
        </testcase>
    </testsuite>
    <testsuite name="src/code_assist/converter.test.ts" timestamp="2025-07-17T20:01:55.522Z" hostname="Alexanders-MacBook-Pro.local" tests="11" failures="0" errors="0" skipped="0" time="0.003750292">
        <testcase classname="src/code_assist/converter.test.ts" name="converter &gt; toCodeAssistRequest &gt; should convert a simple request with project" time="0.001849542">
        </testcase>
        <testcase classname="src/code_assist/converter.test.ts" name="converter &gt; toCodeAssistRequest &gt; should convert a request without a project" time="0.000113042">
        </testcase>
        <testcase classname="src/code_assist/converter.test.ts" name="converter &gt; toCodeAssistRequest &gt; should convert a request with sessionId" time="0.000073458">
        </testcase>
        <testcase classname="src/code_assist/converter.test.ts" name="converter &gt; toCodeAssistRequest &gt; should handle string content" time="0.000105625">
        </testcase>
        <testcase classname="src/code_assist/converter.test.ts" name="converter &gt; toCodeAssistRequest &gt; should handle Part[] content" time="0.000051042">
        </testcase>
        <testcase classname="src/code_assist/converter.test.ts" name="converter &gt; toCodeAssistRequest &gt; should handle system instructions" time="0.000064917">
        </testcase>
        <testcase classname="src/code_assist/converter.test.ts" name="converter &gt; toCodeAssistRequest &gt; should handle generation config" time="0.000050834">
        </testcase>
        <testcase classname="src/code_assist/converter.test.ts" name="converter &gt; toCodeAssistRequest &gt; should handle all generation config fields" time="0.000062041">
        </testcase>
        <testcase classname="src/code_assist/converter.test.ts" name="converter &gt; fromCodeAssistResponse &gt; should convert a simple response" time="0.000275708">
        </testcase>
        <testcase classname="src/code_assist/converter.test.ts" name="converter &gt; fromCodeAssistResponse &gt; should handle prompt feedback and usage metadata" time="0.000057875">
        </testcase>
        <testcase classname="src/code_assist/converter.test.ts" name="converter &gt; fromCodeAssistResponse &gt; should handle automatic function calling history" time="0.000038958">
        </testcase>
    </testsuite>
    <testsuite name="src/code_assist/oauth2.test.ts" timestamp="2025-07-17T20:01:55.523Z" hostname="Alexanders-MacBook-Pro.local" tests="7" failures="0" errors="0" skipped="0" time="0.034961833">
        <testcase classname="src/code_assist/oauth2.test.ts" name="oauth2 &gt; should perform a web login" time="0.022457416">
            <system-out>


Code Assist login required.
Attempting to open authentication page in your browser.
Otherwise navigate to:

https://example.com/auth



Waiting for authentication...

            </system-out>
        </testcase>
        <testcase classname="src/code_assist/oauth2.test.ts" name="oauth2 &gt; should perform login with user code" time="0.002637875">
        </testcase>
        <testcase classname="src/code_assist/oauth2.test.ts" name="oauth2 &gt; in Cloud Shell &gt; should attempt to load cached credentials first" time="0.005554292">
            <system-out>
Loaded cached credentials.

            </system-out>
            <system-err>
Error retrieving user info: TypeError: Cannot read properties of undefined (reading &apos;filter&apos;)
    at cacheGoogleAccount [90m(/Users/alexanderhuth/Code/yelm/packages/core/[39msrc/utils/user_account.ts:52:31[90m)[39m
    at fetchAndCacheUserInfo [90m(/Users/alexanderhuth/Code/yelm/packages/core/[39msrc/code_assist/oauth2.ts:359:7[90m)[39m
    at Module.getOauthClient [90m(/Users/alexanderhuth/Code/yelm/packages/core/[39msrc/code_assist/oauth2.ts:86:9[90m)[39m
    at [90m/Users/alexanderhuth/Code/yelm/packages/core/[39msrc/code_assist/oauth2.test.ts:283:7
    at file:///Users/alexanderhuth/Code/yelm/node_modules/[4m@vitest[24m/runner/dist/chunk-hooks.js:752:20

            </system-err>
        </testcase>
        <testcase classname="src/code_assist/oauth2.test.ts" name="oauth2 &gt; in Cloud Shell &gt; should use Compute to get a client if no cached credentials exist" time="0.000957792">
            <system-out>
Attempting to authenticate via Cloud Shell VM&apos;s ADC.

Authentication successful.

            </system-out>
        </testcase>
        <testcase classname="src/code_assist/oauth2.test.ts" name="oauth2 &gt; in Cloud Shell &gt; should not cache the credentials after fetching them via ADC" time="0.000615375">
            <system-out>
Attempting to authenticate via Cloud Shell VM&apos;s ADC.

Authentication successful.

            </system-out>
        </testcase>
        <testcase classname="src/code_assist/oauth2.test.ts" name="oauth2 &gt; in Cloud Shell &gt; should return the Compute client on successful ADC authentication" time="0.000716958">
            <system-out>
Attempting to authenticate via Cloud Shell VM&apos;s ADC.

Authentication successful.

            </system-out>
        </testcase>
        <testcase classname="src/code_assist/oauth2.test.ts" name="oauth2 &gt; in Cloud Shell &gt; should throw an error if ADC fails" time="0.001220917">
            <system-out>
Attempting to authenticate via Cloud Shell VM&apos;s ADC.

            </system-out>
        </testcase>
    </testsuite>
    <testsuite name="src/code_assist/server.test.ts" timestamp="2025-07-17T20:01:55.523Z" hostname="Alexanders-MacBook-Pro.local" tests="7" failures="0" errors="0" skipped="0" time="0.010655708">
        <testcase classname="src/code_assist/server.test.ts" name="CodeAssistServer &gt; should be able to be constructed" time="0.001473625">
        </testcase>
        <testcase classname="src/code_assist/server.test.ts" name="CodeAssistServer &gt; should call the generateContent endpoint" time="0.002458458">
        </testcase>
        <testcase classname="src/code_assist/server.test.ts" name="CodeAssistServer &gt; should call the generateContentStream endpoint" time="0.000992042">
        </testcase>
        <testcase classname="src/code_assist/server.test.ts" name="CodeAssistServer &gt; should call the onboardUser endpoint" time="0.000610333">
        </testcase>
        <testcase classname="src/code_assist/server.test.ts" name="CodeAssistServer &gt; should call the loadCodeAssist endpoint" time="0.000781458">
        </testcase>
        <testcase classname="src/code_assist/server.test.ts" name="CodeAssistServer &gt; should return 0 for countTokens" time="0.000428167">
        </testcase>
        <testcase classname="src/code_assist/server.test.ts" name="CodeAssistServer &gt; should throw an error for embedContent" time="0.003119667">
        </testcase>
    </testsuite>
    <testsuite name="src/code_assist/setup.test.ts" timestamp="2025-07-17T20:01:55.524Z" hostname="Alexanders-MacBook-Pro.local" tests="3" failures="0" errors="0" skipped="0" time="0.003270917">
        <testcase classname="src/code_assist/setup.test.ts" name="setupUser &gt; should use GOOGLE_CLOUD_PROJECT when set" time="0.001951208">
        </testcase>
        <testcase classname="src/code_assist/setup.test.ts" name="setupUser &gt; should treat empty GOOGLE_CLOUD_PROJECT as undefined and use project from server" time="0.000337541">
        </testcase>
        <testcase classname="src/code_assist/setup.test.ts" name="setupUser &gt; should throw ProjectIdRequiredError when no project ID is available" time="0.000391458">
        </testcase>
    </testsuite>
    <testsuite name="src/config/config.test.ts" timestamp="2025-07-17T20:01:55.524Z" hostname="Alexanders-MacBook-Pro.local" tests="23" failures="0" errors="0" skipped="0" time="0.03646825">
        <testcase classname="src/config/config.test.ts" name="Server Config (config.ts) &gt; initialize &gt; should throw an error if checkpointing is enabled and GitService fails" time="0.012887833">
        </testcase>
        <testcase classname="src/config/config.test.ts" name="Server Config (config.ts) &gt; initialize &gt; should not throw an error if checkpointing is disabled and GitService fails" time="0.001873166">
        </testcase>
        <testcase classname="src/config/config.test.ts" name="Server Config (config.ts) &gt; refreshAuth &gt; should refresh auth and update config" time="0.001295292">
        </testcase>
        <testcase classname="src/config/config.test.ts" name="Server Config (config.ts) &gt; Config constructor should store userMemory correctly" time="0.000519">
        </testcase>
        <testcase classname="src/config/config.test.ts" name="Server Config (config.ts) &gt; Config constructor should default userMemory to empty string if not provided" time="0.001098084">
        </testcase>
        <testcase classname="src/config/config.test.ts" name="Server Config (config.ts) &gt; Config constructor should call setGeminiMdFilename with contextFileName if provided" time="0.000522334">
        </testcase>
        <testcase classname="src/config/config.test.ts" name="Server Config (config.ts) &gt; Config constructor should not call setGeminiMdFilename if contextFileName is not provided" time="0.000370875">
        </testcase>
        <testcase classname="src/config/config.test.ts" name="Server Config (config.ts) &gt; should set default file filtering settings when not provided" time="0.001098791">
        </testcase>
        <testcase classname="src/config/config.test.ts" name="Server Config (config.ts) &gt; should set custom file filtering settings when provided" time="0.001702792">
        </testcase>
        <testcase classname="src/config/config.test.ts" name="Server Config (config.ts) &gt; Config constructor should set telemetry to true when provided as true" time="0.000454958">
        </testcase>
        <testcase classname="src/config/config.test.ts" name="Server Config (config.ts) &gt; Config constructor should set telemetry to false when provided as false" time="0.000371583">
        </testcase>
        <testcase classname="src/config/config.test.ts" name="Server Config (config.ts) &gt; Config constructor should default telemetry to default value if not provided" time="0.000297458">
        </testcase>
        <testcase classname="src/config/config.test.ts" name="Server Config (config.ts) &gt; should have a getFileService method that returns FileDiscoveryService" time="0.000391417">
        </testcase>
        <testcase classname="src/config/config.test.ts" name="Server Config (config.ts) &gt; Telemetry Settings &gt; should return default telemetry target if not provided" time="0.000293">
        </testcase>
        <testcase classname="src/config/config.test.ts" name="Server Config (config.ts) &gt; Telemetry Settings &gt; should return provided OTLP endpoint" time="0.000275083">
        </testcase>
        <testcase classname="src/config/config.test.ts" name="Server Config (config.ts) &gt; Telemetry Settings &gt; should return default OTLP endpoint if not provided" time="0.000284875">
        </testcase>
        <testcase classname="src/config/config.test.ts" name="Server Config (config.ts) &gt; Telemetry Settings &gt; should return provided logPrompts setting" time="0.0002545">
        </testcase>
        <testcase classname="src/config/config.test.ts" name="Server Config (config.ts) &gt; Telemetry Settings &gt; should return default logPrompts setting (true) if not provided" time="0.00575075">
        </testcase>
        <testcase classname="src/config/config.test.ts" name="Server Config (config.ts) &gt; Telemetry Settings &gt; should return default logPrompts setting (true) if telemetry object is not provided" time="0.000550125">
        </testcase>
        <testcase classname="src/config/config.test.ts" name="Server Config (config.ts) &gt; Telemetry Settings &gt; should return default telemetry target if telemetry object is not provided" time="0.003352">
        </testcase>
        <testcase classname="src/config/config.test.ts" name="Server Config (config.ts) &gt; Telemetry Settings &gt; should return default OTLP endpoint if telemetry object is not provided" time="0.000647959">
        </testcase>
        <testcase classname="src/config/config.test.ts" name="Server Config (config.ts) &gt; refreshMemory &gt; should update memory and file count on successful refresh" time="0.000805083">
        </testcase>
        <testcase classname="src/config/config.test.ts" name="Server Config (config.ts) &gt; refreshMemory &gt; should propagate errors from loadServerHierarchicalMemory" time="0.000461708">
        </testcase>
    </testsuite>
    <testsuite name="src/config/flashFallback.test.ts" timestamp="2025-07-17T20:01:55.525Z" hostname="Alexanders-MacBook-Pro.local" tests="10" failures="0" errors="0" skipped="0" time="0.022272542">
        <testcase classname="src/config/flashFallback.test.ts" name="Flash Model Fallback Configuration &gt; setModel &gt; should update the model and mark as switched during session" time="0.012023791">
        </testcase>
        <testcase classname="src/config/flashFallback.test.ts" name="Flash Model Fallback Configuration &gt; setModel &gt; should handle multiple model switches during session" time="0.000758667">
        </testcase>
        <testcase classname="src/config/flashFallback.test.ts" name="Flash Model Fallback Configuration &gt; setModel &gt; should only mark as switched if contentGeneratorConfig exists" time="0.002319125">
        </testcase>
        <testcase classname="src/config/flashFallback.test.ts" name="Flash Model Fallback Configuration &gt; getModel &gt; should return contentGeneratorConfig model if available" time="0.001464417">
        </testcase>
        <testcase classname="src/config/flashFallback.test.ts" name="Flash Model Fallback Configuration &gt; getModel &gt; should fallback to initial model if contentGeneratorConfig is not available" time="0.000815875">
        </testcase>
        <testcase classname="src/config/flashFallback.test.ts" name="Flash Model Fallback Configuration &gt; isModelSwitchedDuringSession &gt; should start as false for new session" time="0.000676375">
        </testcase>
        <testcase classname="src/config/flashFallback.test.ts" name="Flash Model Fallback Configuration &gt; isModelSwitchedDuringSession &gt; should remain false if no model switch occurs" time="0.001354417">
        </testcase>
        <testcase classname="src/config/flashFallback.test.ts" name="Flash Model Fallback Configuration &gt; isModelSwitchedDuringSession &gt; should persist switched state throughout session" time="0.000403541">
        </testcase>
        <testcase classname="src/config/flashFallback.test.ts" name="Flash Model Fallback Configuration &gt; resetModelToDefault &gt; should reset model to default and clear session switch flag" time="0.000457333">
        </testcase>
        <testcase classname="src/config/flashFallback.test.ts" name="Flash Model Fallback Configuration &gt; resetModelToDefault &gt; should handle case where contentGeneratorConfig is not initialized" time="0.001129167">
        </testcase>
    </testsuite>
    <testsuite name="src/core/client.test.ts" timestamp="2025-07-17T20:01:55.525Z" hostname="Alexanders-MacBook-Pro.local" tests="31" failures="0" errors="0" skipped="0" time="0.057393125">
        <testcase classname="src/core/client.test.ts" name="findIndexAfterFraction &gt; should throw an error for non-positive numbers" time="0.001845459">
        </testcase>
        <testcase classname="src/core/client.test.ts" name="findIndexAfterFraction &gt; should throw an error for a fraction greater than or equal to 1" time="0.000142875">
        </testcase>
        <testcase classname="src/core/client.test.ts" name="findIndexAfterFraction &gt; should handle a fraction in the middle" time="0.000096042">
        </testcase>
        <testcase classname="src/core/client.test.ts" name="findIndexAfterFraction &gt; should handle a fraction that results in the last index" time="0.00003475">
        </testcase>
        <testcase classname="src/core/client.test.ts" name="findIndexAfterFraction &gt; should handle an empty history" time="0.000029834">
        </testcase>
        <testcase classname="src/core/client.test.ts" name="findIndexAfterFraction &gt; should handle a history with only one item" time="0.000035083">
        </testcase>
        <testcase classname="src/core/client.test.ts" name="findIndexAfterFraction &gt; should handle history with weird parts" time="0.0000635">
        </testcase>
        <testcase classname="src/core/client.test.ts" name="Gemini Client (client.ts) &gt; generateEmbedding &gt; should call embedContent with correct parameters and return embeddings" time="0.014032292">
        </testcase>
        <testcase classname="src/core/client.test.ts" name="Gemini Client (client.ts) &gt; generateEmbedding &gt; should return an empty array if an empty array is passed" time="0.006262541">
        </testcase>
        <testcase classname="src/core/client.test.ts" name="Gemini Client (client.ts) &gt; generateEmbedding &gt; should throw an error if API response has no embeddings array" time="0.000698916">
        </testcase>
        <testcase classname="src/core/client.test.ts" name="Gemini Client (client.ts) &gt; generateEmbedding &gt; should throw an error if API response has an empty embeddings array" time="0.000476166">
        </testcase>
        <testcase classname="src/core/client.test.ts" name="Gemini Client (client.ts) &gt; generateEmbedding &gt; should throw an error if API returns a mismatched number of embeddings" time="0.000526375">
        </testcase>
        <testcase classname="src/core/client.test.ts" name="Gemini Client (client.ts) &gt; generateEmbedding &gt; should throw an error if any embedding has nullish values" time="0.000493333">
        </testcase>
        <testcase classname="src/core/client.test.ts" name="Gemini Client (client.ts) &gt; generateEmbedding &gt; should throw an error if any embedding has an empty values array" time="0.000427917">
        </testcase>
        <testcase classname="src/core/client.test.ts" name="Gemini Client (client.ts) &gt; generateEmbedding &gt; should propagate errors from the API call" time="0.000541875">
        </testcase>
        <testcase classname="src/core/client.test.ts" name="Gemini Client (client.ts) &gt; generateContent &gt; should call generateContent with the correct parameters" time="0.003213917">
        </testcase>
        <testcase classname="src/core/client.test.ts" name="Gemini Client (client.ts) &gt; generateJson &gt; should call generateContent with the correct parameters" time="0.00103125">
        </testcase>
        <testcase classname="src/core/client.test.ts" name="Gemini Client (client.ts) &gt; generateJson &gt; should allow overriding model and config" time="0.004104833">
        </testcase>
        <testcase classname="src/core/client.test.ts" name="Gemini Client (client.ts) &gt; addHistory &gt; should call chat.addHistory with the provided content" time="0.000848583">
        </testcase>
        <testcase classname="src/core/client.test.ts" name="Gemini Client (client.ts) &gt; resetChat &gt; should create a new chat session, clearing the old history" time="0.000833167">
        </testcase>
        <testcase classname="src/core/client.test.ts" name="Gemini Client (client.ts) &gt; tryCompressChat &gt; should not trigger summarization if token count is below threshold" time="0.000604084">
        </testcase>
        <testcase classname="src/core/client.test.ts" name="Gemini Client (client.ts) &gt; tryCompressChat &gt; should trigger summarization if token count is at threshold" time="0.0008335">
        </testcase>
        <testcase classname="src/core/client.test.ts" name="Gemini Client (client.ts) &gt; tryCompressChat &gt; should not compress across a function call response" time="0.000732333">
        </testcase>
        <testcase classname="src/core/client.test.ts" name="Gemini Client (client.ts) &gt; tryCompressChat &gt; should always trigger summarization when force is true, regardless of token count" time="0.000580792">
        </testcase>
        <testcase classname="src/core/client.test.ts" name="Gemini Client (client.ts) &gt; sendMessageStream &gt; should return the turn instance after the stream is complete" time="0.00069825">
        </testcase>
        <testcase classname="src/core/client.test.ts" name="Gemini Client (client.ts) &gt; sendMessageStream &gt; should stop infinite loop after MAX_TURNS when nextSpeaker always returns model" time="0.006449334">
            <system-out>
checkNextSpeaker called 100 times - infinite loop protection worked

            </system-out>
        </testcase>
        <testcase classname="src/core/client.test.ts" name="Gemini Client (client.ts) &gt; sendMessageStream &gt; should yield MaxSessionTurns and stop when session turn limit is reached" time="0.001234541">
        </testcase>
        <testcase classname="src/core/client.test.ts" name="Gemini Client (client.ts) &gt; sendMessageStream &gt; should respect MAX_TURNS limit even when turns parameter is set to a large value" time="0.002955917">
            <system-out>
Infinite loop protection working: checkNextSpeaker called 100 times, 1 events generated (properly bounded by MAX_TURNS)

            </system-out>
        </testcase>
        <testcase classname="src/core/client.test.ts" name="Gemini Client (client.ts) &gt; generateContent &gt; should use current model from config for content generation" time="0.001461709">
        </testcase>
        <testcase classname="src/core/client.test.ts" name="Gemini Client (client.ts) &gt; tryCompressChat &gt; should use current model from config for token counting after sendMessage" time="0.000925625">
        </testcase>
        <testcase classname="src/core/client.test.ts" name="Gemini Client (client.ts) &gt; handleFlashFallback &gt; should use current model from config when checking for fallback" time="0.0033535">
        </testcase>
    </testsuite>
    <testsuite name="src/core/contentGenerator.test.ts" timestamp="2025-07-17T20:01:55.527Z" hostname="Alexanders-MacBook-Pro.local" tests="7" failures="0" errors="0" skipped="0" time="0.190253375">
        <testcase classname="src/core/contentGenerator.test.ts" name="createContentGenerator &gt; should create a CodeAssistContentGenerator" time="0.000888208">
        </testcase>
        <testcase classname="src/core/contentGenerator.test.ts" name="createContentGenerator &gt; should create a GoogleGenAI content generator" time="0.000964666">
        </testcase>
        <testcase classname="src/core/contentGenerator.test.ts" name="createContentGeneratorConfig &gt; should configure for Gemini using GEMINI_API_KEY when set" time="0.186719375">
        </testcase>
        <testcase classname="src/core/contentGenerator.test.ts" name="createContentGeneratorConfig &gt; should not configure for Gemini if GEMINI_API_KEY is empty" time="0.000243">
        </testcase>
        <testcase classname="src/core/contentGenerator.test.ts" name="createContentGeneratorConfig &gt; should configure for Vertex AI using GOOGLE_API_KEY when set" time="0.000178459">
        </testcase>
        <testcase classname="src/core/contentGenerator.test.ts" name="createContentGeneratorConfig &gt; should configure for Vertex AI using GCP project and location when set" time="0.000201667">
        </testcase>
        <testcase classname="src/core/contentGenerator.test.ts" name="createContentGeneratorConfig &gt; should not configure for Vertex AI if required env vars are empty" time="0.000179583">
        </testcase>
    </testsuite>
    <testsuite name="src/core/coreToolScheduler.test.ts" timestamp="2025-07-17T20:01:55.527Z" hostname="Alexanders-MacBook-Pro.local" tests="13" failures="0" errors="0" skipped="0" time="0.006214125">
        <testcase classname="src/core/coreToolScheduler.test.ts" name="CoreToolScheduler &gt; should cancel a tool call if the signal is aborted before confirmation" time="0.002700083">
        </testcase>
        <testcase classname="src/core/coreToolScheduler.test.ts" name="CoreToolScheduler with payload &gt; should update args and diff and execute tool when payload is provided" time="0.001835083">
        </testcase>
        <testcase classname="src/core/coreToolScheduler.test.ts" name="convertToFunctionResponse &gt; should handle simple string llmContent" time="0.000092666">
        </testcase>
        <testcase classname="src/core/coreToolScheduler.test.ts" name="convertToFunctionResponse &gt; should handle llmContent as a single Part with text" time="0.000132708">
        </testcase>
        <testcase classname="src/core/coreToolScheduler.test.ts" name="convertToFunctionResponse &gt; should handle llmContent as a PartListUnion array with a single text Part" time="0.00004625">
        </testcase>
        <testcase classname="src/core/coreToolScheduler.test.ts" name="convertToFunctionResponse &gt; should handle llmContent with inlineData" time="0.000060125">
        </testcase>
        <testcase classname="src/core/coreToolScheduler.test.ts" name="convertToFunctionResponse &gt; should handle llmContent with fileData" time="0.000083042">
        </testcase>
        <testcase classname="src/core/coreToolScheduler.test.ts" name="convertToFunctionResponse &gt; should handle llmContent as an array of multiple Parts (text and inlineData)" time="0.000049875">
        </testcase>
        <testcase classname="src/core/coreToolScheduler.test.ts" name="convertToFunctionResponse &gt; should handle llmContent as an array with a single inlineData Part" time="0.000205166">
        </testcase>
        <testcase classname="src/core/coreToolScheduler.test.ts" name="convertToFunctionResponse &gt; should handle llmContent as a generic Part (not text, inlineData, or fileData)" time="0.000044125">
        </testcase>
        <testcase classname="src/core/coreToolScheduler.test.ts" name="convertToFunctionResponse &gt; should handle empty string llmContent" time="0.000034541">
        </testcase>
        <testcase classname="src/core/coreToolScheduler.test.ts" name="convertToFunctionResponse &gt; should handle llmContent as an empty array" time="0.000034791">
        </testcase>
        <testcase classname="src/core/coreToolScheduler.test.ts" name="convertToFunctionResponse &gt; should handle llmContent as a Part with undefined inlineData/fileData/text" time="0.000033292">
        </testcase>
    </testsuite>
    <testsuite name="src/core/geminiChat.test.ts" timestamp="2025-07-17T20:01:55.528Z" hostname="Alexanders-MacBook-Pro.local" tests="21" failures="0" errors="0" skipped="0" time="0.010023459">
        <testcase classname="src/core/geminiChat.test.ts" name="GeminiChat &gt; sendMessage &gt; should call generateContent with the correct parameters" time="0.003477708">
        </testcase>
        <testcase classname="src/core/geminiChat.test.ts" name="GeminiChat &gt; sendMessageStream &gt; should call generateContentStream with the correct parameters" time="0.000482084">
        </testcase>
        <testcase classname="src/core/geminiChat.test.ts" name="GeminiChat &gt; recordHistory &gt; should add user input and a single model output to history" time="0.000220459">
        </testcase>
        <testcase classname="src/core/geminiChat.test.ts" name="GeminiChat &gt; recordHistory &gt; should consolidate adjacent model outputs" time="0.000241875">
        </testcase>
        <testcase classname="src/core/geminiChat.test.ts" name="GeminiChat &gt; recordHistory &gt; should handle a mix of user and model roles in outputContents (though unusual)" time="0.000262583">
        </testcase>
        <testcase classname="src/core/geminiChat.test.ts" name="GeminiChat &gt; recordHistory &gt; should consolidate multiple adjacent model outputs correctly" time="0.000161375">
        </testcase>
        <testcase classname="src/core/geminiChat.test.ts" name="GeminiChat &gt; recordHistory &gt; should not consolidate if roles are different between model outputs" time="0.000138416">
        </testcase>
        <testcase classname="src/core/geminiChat.test.ts" name="GeminiChat &gt; recordHistory &gt; should merge with last history entry if it is also a model output" time="0.000224375">
        </testcase>
        <testcase classname="src/core/geminiChat.test.ts" name="GeminiChat &gt; recordHistory &gt; should correctly merge consolidated new output with existing model history" time="0.000995459">
        </testcase>
        <testcase classname="src/core/geminiChat.test.ts" name="GeminiChat &gt; recordHistory &gt; should handle empty modelOutput array" time="0.000222958">
        </testcase>
        <testcase classname="src/core/geminiChat.test.ts" name="GeminiChat &gt; recordHistory &gt; should handle aggregating modelOutput" time="0.00021525">
        </testcase>
        <testcase classname="src/core/geminiChat.test.ts" name="GeminiChat &gt; recordHistory &gt; should handle modelOutput with parts being undefined or empty (if they pass initial every check)" time="0.000167208">
        </testcase>
        <testcase classname="src/core/geminiChat.test.ts" name="GeminiChat &gt; recordHistory &gt; should correctly handle automaticFunctionCallingHistory" time="0.000199292">
        </testcase>
        <testcase classname="src/core/geminiChat.test.ts" name="GeminiChat &gt; recordHistory &gt; should add userInput if AFC history is present but empty" time="0.000133209">
        </testcase>
        <testcase classname="src/core/geminiChat.test.ts" name="GeminiChat &gt; recordHistory &gt; should skip &quot;thought&quot; content from modelOutput" time="0.000137208">
        </testcase>
        <testcase classname="src/core/geminiChat.test.ts" name="GeminiChat &gt; recordHistory &gt; should skip &quot;thought&quot; content even if it is the only content" time="0.000585583">
        </testcase>
        <testcase classname="src/core/geminiChat.test.ts" name="GeminiChat &gt; recordHistory &gt; should correctly consolidate text parts when a thought part is in between" time="0.000209">
        </testcase>
        <testcase classname="src/core/geminiChat.test.ts" name="GeminiChat &gt; recordHistory &gt; should handle multiple thought parts correctly" time="0.000174041">
        </testcase>
        <testcase classname="src/core/geminiChat.test.ts" name="GeminiChat &gt; recordHistory &gt; should handle thought part at the end of outputContents" time="0.00014">
        </testcase>
        <testcase classname="src/core/geminiChat.test.ts" name="GeminiChat &gt; addHistory &gt; should add a new content item to the history" time="0.000149542">
        </testcase>
        <testcase classname="src/core/geminiChat.test.ts" name="GeminiChat &gt; addHistory &gt; should add multiple items correctly" time="0.000139625">
        </testcase>
    </testsuite>
    <testsuite name="src/core/geminiRequest.test.ts" timestamp="2025-07-17T20:01:55.529Z" hostname="Alexanders-MacBook-Pro.local" tests="12" failures="0" errors="0" skipped="0" time="0.002371208">
        <testcase classname="src/core/geminiRequest.test.ts" name="partListUnionToString &gt; should return the string value if the input is a string" time="0.000698125">
        </testcase>
        <testcase classname="src/core/geminiRequest.test.ts" name="partListUnionToString &gt; should return a concatenated string if the input is an array of strings" time="0.000139042">
        </testcase>
        <testcase classname="src/core/geminiRequest.test.ts" name="partListUnionToString &gt; should handle videoMetadata" time="0.000048041">
        </testcase>
        <testcase classname="src/core/geminiRequest.test.ts" name="partListUnionToString &gt; should handle thought" time="0.000039292">
        </testcase>
        <testcase classname="src/core/geminiRequest.test.ts" name="partListUnionToString &gt; should handle codeExecutionResult" time="0.000077958">
        </testcase>
        <testcase classname="src/core/geminiRequest.test.ts" name="partListUnionToString &gt; should handle executableCode" time="0.000041083">
        </testcase>
        <testcase classname="src/core/geminiRequest.test.ts" name="partListUnionToString &gt; should handle fileData" time="0.000037959">
        </testcase>
        <testcase classname="src/core/geminiRequest.test.ts" name="partListUnionToString &gt; should handle functionCall" time="0.000033625">
        </testcase>
        <testcase classname="src/core/geminiRequest.test.ts" name="partListUnionToString &gt; should handle functionResponse" time="0.000237083">
        </testcase>
        <testcase classname="src/core/geminiRequest.test.ts" name="partListUnionToString &gt; should handle inlineData" time="0.000040792">
        </testcase>
        <testcase classname="src/core/geminiRequest.test.ts" name="partListUnionToString &gt; should handle text" time="0.000080875">
        </testcase>
        <testcase classname="src/core/geminiRequest.test.ts" name="partListUnionToString &gt; should return an empty string for an unknown part type" time="0.00002975">
        </testcase>
    </testsuite>
    <testsuite name="src/core/logger.test.ts" timestamp="2025-07-17T20:01:55.529Z" hostname="Alexanders-MacBook-Pro.local" tests="22" failures="0" errors="0" skipped="0" time="0.153056583">
        <testcase classname="src/core/logger.test.ts" name="Logger &gt; initialize &gt; should create .gemini directory and an empty log file if none exist" time="0.025416041">
        </testcase>
        <testcase classname="src/core/logger.test.ts" name="Logger &gt; initialize &gt; should load existing logs and set correct messageId for the current session" time="0.012700167">
        </testcase>
        <testcase classname="src/core/logger.test.ts" name="Logger &gt; initialize &gt; should set messageId to 0 for a new session if log file exists but has no logs for current session" time="0.013395792">
        </testcase>
        <testcase classname="src/core/logger.test.ts" name="Logger &gt; initialize &gt; should be idempotent" time="0.01022125">
        </testcase>
        <testcase classname="src/core/logger.test.ts" name="Logger &gt; initialize &gt; should handle invalid JSON in log file by backing it up and starting fresh" time="0.007763208">
        </testcase>
        <testcase classname="src/core/logger.test.ts" name="Logger &gt; initialize &gt; should handle non-array JSON in log file by backing it up and starting fresh" time="0.006169625">
        </testcase>
        <testcase classname="src/core/logger.test.ts" name="Logger &gt; logMessage &gt; should append a message to the log file and update in-memory logs" time="0.005213125">
        </testcase>
        <testcase classname="src/core/logger.test.ts" name="Logger &gt; logMessage &gt; should correctly increment messageId for subsequent messages in the same session" time="0.015666417">
        </testcase>
        <testcase classname="src/core/logger.test.ts" name="Logger &gt; logMessage &gt; should handle logger not initialized" time="0.003219375">
        </testcase>
        <testcase classname="src/core/logger.test.ts" name="Logger &gt; logMessage &gt; should simulate concurrent writes from different logger instances to the same file" time="0.009202209">
        </testcase>
        <testcase classname="src/core/logger.test.ts" name="Logger &gt; logMessage &gt; should not throw, not increment messageId, and log error if writing to file fails" time="0.005530167">
        </testcase>
        <testcase classname="src/core/logger.test.ts" name="Logger &gt; getPreviousUserMessages &gt; should retrieve all user messages from logs, sorted newest first" time="0.006992584">
        </testcase>
        <testcase classname="src/core/logger.test.ts" name="Logger &gt; getPreviousUserMessages &gt; should return empty array if no user messages exist" time="0.0029305">
        </testcase>
        <testcase classname="src/core/logger.test.ts" name="Logger &gt; getPreviousUserMessages &gt; should return empty array if logger not initialized" time="0.001858666">
        </testcase>
        <testcase classname="src/core/logger.test.ts" name="Logger &gt; saveCheckpoint &gt; should save a checkpoint to a tagged file when a tag is provided" time="0.005450958">
        </testcase>
        <testcase classname="src/core/logger.test.ts" name="Logger &gt; saveCheckpoint &gt; should not throw if logger is not initialized" time="0.002894291">
        </testcase>
        <testcase classname="src/core/logger.test.ts" name="Logger &gt; loadCheckpoint &gt; should load from a tagged checkpoint file when a tag is provided" time="0.002047959">
        </testcase>
        <testcase classname="src/core/logger.test.ts" name="Logger &gt; loadCheckpoint &gt; should return an empty array if a tagged checkpoint file does not exist" time="0.00526325">
            <system-err>
Failed to read or parse checkpoint file /Users/alexanderhuth/.gemini/tmp/afd7c05dd26c5bfc25be07dc849ef19b2273f5a67d3ade9bdca0a1de85300251/checkpoint-non-existent-tag.json: Error: ENOENT: no such file or directory, open &apos;/Users/alexanderhuth/.gemini/tmp/afd7c05dd26c5bfc25be07dc849ef19b2273f5a67d3ade9bdca0a1de85300251/checkpoint-non-existent-tag.json&apos;
[90m    at open (node:internal/fs/promises:634:25)[39m
[90m    at Object.readFile (node:internal/fs/promises:1238:14)[39m
    at Logger.loadCheckpoint [90m(/Users/alexanderhuth/Code/yelm/packages/core/[39msrc/core/logger.ts:269:27[90m)[39m
    at [90m/Users/alexanderhuth/Code/yelm/packages/core/[39msrc/core/logger.test.ts:456:22
    at file:///Users/alexanderhuth/Code/yelm/node_modules/[4m@vitest[24m/runner/dist/chunk-hooks.js:752:20 {
  errno: [33m-2[39m,
  code: [32m&apos;ENOENT&apos;[39m,
  syscall: [32m&apos;open&apos;[39m,
  path: [32m&apos;/Users/alexanderhuth/.gemini/tmp/afd7c05dd26c5bfc25be07dc849ef19b2273f5a67d3ade9bdca0a1de85300251/checkpoint-non-existent-tag.json&apos;[39m
}

            </system-err>
        </testcase>
        <testcase classname="src/core/logger.test.ts" name="Logger &gt; loadCheckpoint &gt; should return an empty array if the checkpoint file does not exist" time="0.002031334">
            <system-err>
Failed to read or parse checkpoint file /Users/alexanderhuth/.gemini/tmp/afd7c05dd26c5bfc25be07dc849ef19b2273f5a67d3ade9bdca0a1de85300251/checkpoint-missing.json: Error: ENOENT: no such file or directory, open &apos;/Users/alexanderhuth/.gemini/tmp/afd7c05dd26c5bfc25be07dc849ef19b2273f5a67d3ade9bdca0a1de85300251/checkpoint-missing.json&apos;
[90m    at open (node:internal/fs/promises:634:25)[39m
[90m    at Object.readFile (node:internal/fs/promises:1238:14)[39m
    at Logger.loadCheckpoint [90m(/Users/alexanderhuth/Code/yelm/packages/core/[39msrc/core/logger.ts:269:27[90m)[39m
    at [90m/Users/alexanderhuth/Code/yelm/packages/core/[39msrc/core/logger.test.ts:462:22
    at file:///Users/alexanderhuth/Code/yelm/node_modules/[4m@vitest[24m/runner/dist/chunk-hooks.js:752:20 {
  errno: [33m-2[39m,
  code: [32m&apos;ENOENT&apos;[39m,
  syscall: [32m&apos;open&apos;[39m,
  path: [32m&apos;/Users/alexanderhuth/.gemini/tmp/afd7c05dd26c5bfc25be07dc849ef19b2273f5a67d3ade9bdca0a1de85300251/checkpoint-missing.json&apos;[39m
}

            </system-err>
        </testcase>
        <testcase classname="src/core/logger.test.ts" name="Logger &gt; loadCheckpoint &gt; should return an empty array if the file contains invalid JSON" time="0.00237725">
        </testcase>
        <testcase classname="src/core/logger.test.ts" name="Logger &gt; loadCheckpoint &gt; should return an empty array if logger is not initialized" time="0.002806958">
        </testcase>
        <testcase classname="src/core/logger.test.ts" name="Logger &gt; close &gt; should reset logger state" time="0.002424667">
        </testcase>
    </testsuite>
    <testsuite name="src/core/nonInteractiveToolExecutor.test.ts" timestamp="2025-07-17T20:01:55.530Z" hostname="Alexanders-MacBook-Pro.local" tests="5" failures="0" errors="0" skipped="0" time="0.005037958">
        <testcase classname="src/core/nonInteractiveToolExecutor.test.ts" name="executeToolCall &gt; should execute a tool successfully" time="0.002821166">
        </testcase>
        <testcase classname="src/core/nonInteractiveToolExecutor.test.ts" name="executeToolCall &gt; should return an error if tool is not found" time="0.00081125">
        </testcase>
        <testcase classname="src/core/nonInteractiveToolExecutor.test.ts" name="executeToolCall &gt; should return an error if tool execution fails" time="0.000248333">
        </testcase>
        <testcase classname="src/core/nonInteractiveToolExecutor.test.ts" name="executeToolCall &gt; should handle cancellation during tool execution" time="0.000292541">
        </testcase>
        <testcase classname="src/core/nonInteractiveToolExecutor.test.ts" name="executeToolCall &gt; should correctly format llmContent with inlineData" time="0.000222666">
        </testcase>
    </testsuite>
    <testsuite name="src/core/prompts.test.ts" timestamp="2025-07-17T20:01:55.531Z" hostname="Alexanders-MacBook-Pro.local" tests="9" failures="0" errors="0" skipped="0" time="0.004308625">
        <testcase classname="src/core/prompts.test.ts" name="Core System Prompt (prompts.ts) &gt; should return the base prompt when no userMemory is provided" time="0.001975583">
        </testcase>
        <testcase classname="src/core/prompts.test.ts" name="Core System Prompt (prompts.ts) &gt; should return the base prompt when userMemory is empty string" time="0.000276459">
        </testcase>
        <testcase classname="src/core/prompts.test.ts" name="Core System Prompt (prompts.ts) &gt; should return the base prompt when userMemory is whitespace only" time="0.000140125">
        </testcase>
        <testcase classname="src/core/prompts.test.ts" name="Core System Prompt (prompts.ts) &gt; should append userMemory with separator when provided" time="0.000127459">
        </testcase>
        <testcase classname="src/core/prompts.test.ts" name="Core System Prompt (prompts.ts) &gt; should include sandbox-specific instructions when SANDBOX env var is set" time="0.0002335">
        </testcase>
        <testcase classname="src/core/prompts.test.ts" name="Core System Prompt (prompts.ts) &gt; should include seatbelt-specific instructions when SANDBOX env var is &quot;sandbox-exec&quot;" time="0.00011175">
        </testcase>
        <testcase classname="src/core/prompts.test.ts" name="Core System Prompt (prompts.ts) &gt; should include non-sandbox instructions when SANDBOX env var is not set" time="0.000087625">
        </testcase>
        <testcase classname="src/core/prompts.test.ts" name="Core System Prompt (prompts.ts) &gt; should include git instructions when in a git repo" time="0.000086791">
        </testcase>
        <testcase classname="src/core/prompts.test.ts" name="Core System Prompt (prompts.ts) &gt; should not include git instructions when not in a git repo" time="0.000522666">
        </testcase>
    </testsuite>
    <testsuite name="src/core/turn.test.ts" timestamp="2025-07-17T20:01:55.531Z" hostname="Alexanders-MacBook-Pro.local" tests="7" failures="0" errors="0" skipped="0" time="0.005279292">
        <testcase classname="src/core/turn.test.ts" name="Turn &gt; constructor &gt; should initialize pendingToolCalls and debugResponses" time="0.001196625">
        </testcase>
        <testcase classname="src/core/turn.test.ts" name="Turn &gt; run &gt; should yield content events for text parts" time="0.001553959">
        </testcase>
        <testcase classname="src/core/turn.test.ts" name="Turn &gt; run &gt; should yield tool_call_request events for function calls" time="0.000513959">
        </testcase>
        <testcase classname="src/core/turn.test.ts" name="Turn &gt; run &gt; should yield UserCancelled event if signal is aborted" time="0.00027475">
        </testcase>
        <testcase classname="src/core/turn.test.ts" name="Turn &gt; run &gt; should yield Error event and report if sendMessageStream throws" time="0.00034525">
        </testcase>
        <testcase classname="src/core/turn.test.ts" name="Turn &gt; run &gt; should handle function calls with undefined name or args" time="0.000394">
        </testcase>
        <testcase classname="src/core/turn.test.ts" name="Turn &gt; getDebugResponses &gt; should return collected debug responses" time="0.000210417">
        </testcase>
    </testsuite>
    <testsuite name="src/services/fileDiscoveryService.test.ts" timestamp="2025-07-17T20:01:55.531Z" hostname="Alexanders-MacBook-Pro.local" tests="9" failures="0" errors="0" skipped="0" time="0.004218167">
        <testcase classname="src/services/fileDiscoveryService.test.ts" name="FileDiscoveryService &gt; initialization &gt; should initialize git ignore parser by default" time="0.001863458">
        </testcase>
        <testcase classname="src/services/fileDiscoveryService.test.ts" name="FileDiscoveryService &gt; initialization &gt; should not initialize git ignore parser when not a git repo" time="0.000214625">
        </testcase>
        <testcase classname="src/services/fileDiscoveryService.test.ts" name="FileDiscoveryService &gt; filterFiles &gt; should filter out git-ignored files by default" time="0.000317">
        </testcase>
        <testcase classname="src/services/fileDiscoveryService.test.ts" name="FileDiscoveryService &gt; filterFiles &gt; should not filter files when respectGitIgnore is false" time="0.000189584">
        </testcase>
        <testcase classname="src/services/fileDiscoveryService.test.ts" name="FileDiscoveryService &gt; filterFiles &gt; should handle empty file list" time="0.000090708">
        </testcase>
        <testcase classname="src/services/fileDiscoveryService.test.ts" name="FileDiscoveryService &gt; shouldGitIgnoreFile &gt; should return true for git-ignored files" time="0.000135125">
        </testcase>
        <testcase classname="src/services/fileDiscoveryService.test.ts" name="FileDiscoveryService &gt; shouldGitIgnoreFile &gt; should return false for non-ignored files" time="0.00012725">
        </testcase>
        <testcase classname="src/services/fileDiscoveryService.test.ts" name="FileDiscoveryService &gt; edge cases &gt; should handle relative project root paths" time="0.000201792">
        </testcase>
        <testcase classname="src/services/fileDiscoveryService.test.ts" name="FileDiscoveryService &gt; edge cases &gt; should handle filterFiles with undefined options" time="0.000234917">
        </testcase>
    </testsuite>
    <testsuite name="src/services/gitService.test.ts" timestamp="2025-07-17T20:01:55.532Z" hostname="Alexanders-MacBook-Pro.local" tests="13" failures="0" errors="0" skipped="0" time="0.006982375">
        <testcase classname="src/services/gitService.test.ts" name="GitService &gt; constructor &gt; should successfully create an instance if projectRoot is a Git repository" time="0.001274708">
        </testcase>
        <testcase classname="src/services/gitService.test.ts" name="GitService &gt; verifyGitAvailability &gt; should resolve true if git --version command succeeds" time="0.0004215">
        </testcase>
        <testcase classname="src/services/gitService.test.ts" name="GitService &gt; verifyGitAvailability &gt; should resolve false if git --version command fails" time="0.000145375">
        </testcase>
        <testcase classname="src/services/gitService.test.ts" name="GitService &gt; initialize &gt; should throw an error if Git is not available" time="0.000230625">
        </testcase>
        <testcase classname="src/services/gitService.test.ts" name="GitService &gt; initialize &gt; should call setupShadowGitRepository if Git is available" time="0.000300042">
        </testcase>
        <testcase classname="src/services/gitService.test.ts" name="GitService &gt; setupShadowGitRepository &gt; should create a .gitconfig file with the correct content" time="0.001666084">
        </testcase>
        <testcase classname="src/services/gitService.test.ts" name="GitService &gt; setupShadowGitRepository &gt; should create history and repository directories" time="0.000559417">
        </testcase>
        <testcase classname="src/services/gitService.test.ts" name="GitService &gt; setupShadowGitRepository &gt; should initialize git repo in historyDir if not already initialized" time="0.000182792">
        </testcase>
        <testcase classname="src/services/gitService.test.ts" name="GitService &gt; setupShadowGitRepository &gt; should not initialize git repo if already initialized" time="0.000229792">
        </testcase>
        <testcase classname="src/services/gitService.test.ts" name="GitService &gt; setupShadowGitRepository &gt; should copy .gitignore from projectRoot if it exists" time="0.000202375">
        </testcase>
        <testcase classname="src/services/gitService.test.ts" name="GitService &gt; setupShadowGitRepository &gt; should throw an error if reading projectRoot .gitignore fails with other errors" time="0.000196">
        </testcase>
        <testcase classname="src/services/gitService.test.ts" name="GitService &gt; setupShadowGitRepository &gt; should make an initial commit if no commits exist in history repo" time="0.000527625">
        </testcase>
        <testcase classname="src/services/gitService.test.ts" name="GitService &gt; setupShadowGitRepository &gt; should not make an initial commit if commits already exist" time="0.000115083">
        </testcase>
    </testsuite>
    <testsuite name="src/telemetry/loggers.test.ts" timestamp="2025-07-17T20:01:55.533Z" hostname="Alexanders-MacBook-Pro.local" tests="13" failures="0" errors="0" skipped="0" time="0.023403333">
        <testcase classname="src/telemetry/loggers.test.ts" name="loggers &gt; logCliConfiguration &gt; should log the cli configuration" time="0.01487525">
            <system-out>
Flushing log events to Clearcut.

            </system-out>
        </testcase>
        <testcase classname="src/telemetry/loggers.test.ts" name="loggers &gt; logUserPrompt &gt; should log a user prompt" time="0.000721834">
        </testcase>
        <testcase classname="src/telemetry/loggers.test.ts" name="loggers &gt; logUserPrompt &gt; should not log prompt if disabled" time="0.000271084">
        </testcase>
        <testcase classname="src/telemetry/loggers.test.ts" name="loggers &gt; logApiResponse &gt; should log an API response with all fields" time="0.000826333">
        </testcase>
        <testcase classname="src/telemetry/loggers.test.ts" name="loggers &gt; logApiResponse &gt; should log an API response with an error" time="0.000450083">
        </testcase>
        <testcase classname="src/telemetry/loggers.test.ts" name="loggers &gt; logApiRequest &gt; should log an API request with request_text" time="0.00024975">
        </testcase>
        <testcase classname="src/telemetry/loggers.test.ts" name="loggers &gt; logApiRequest &gt; should log an API request without request_text" time="0.000207917">
        </testcase>
        <testcase classname="src/telemetry/loggers.test.ts" name="loggers &gt; logFlashFallback &gt; should log flash fallback event" time="0.001794209">
            <system-out>
Flushing log events to Clearcut.

            </system-out>
        </testcase>
        <testcase classname="src/telemetry/loggers.test.ts" name="loggers &gt; logToolCall &gt; should log a tool call with all fields" time="0.001916959">
        </testcase>
        <testcase classname="src/telemetry/loggers.test.ts" name="loggers &gt; logToolCall &gt; should log a tool call with a reject decision" time="0.000319375">
        </testcase>
        <testcase classname="src/telemetry/loggers.test.ts" name="loggers &gt; logToolCall &gt; should log a tool call with a modify decision" time="0.000254834">
        </testcase>
        <testcase classname="src/telemetry/loggers.test.ts" name="loggers &gt; logToolCall &gt; should log a tool call without a decision" time="0.000257792">
        </testcase>
        <testcase classname="src/telemetry/loggers.test.ts" name="loggers &gt; logToolCall &gt; should log a failed tool call with an error" time="0.000223875">
        </testcase>
    </testsuite>
    <testsuite name="src/telemetry/metrics.test.ts" timestamp="2025-07-17T20:01:55.533Z" hostname="Alexanders-MacBook-Pro.local" tests="8" failures="0" errors="0" skipped="0" time="0.060685833">
        <testcase classname="src/telemetry/metrics.test.ts" name="Telemetry Metrics &gt; recordTokenUsageMetrics &gt; should not record metrics if not initialized" time="0.012328875">
        </testcase>
        <testcase classname="src/telemetry/metrics.test.ts" name="Telemetry Metrics &gt; recordTokenUsageMetrics &gt; should record token usage with the correct attributes" time="0.00624075">
        </testcase>
        <testcase classname="src/telemetry/metrics.test.ts" name="Telemetry Metrics &gt; recordTokenUsageMetrics &gt; should record token usage for different types" time="0.006938833">
        </testcase>
        <testcase classname="src/telemetry/metrics.test.ts" name="Telemetry Metrics &gt; recordTokenUsageMetrics &gt; should handle different models" time="0.009408583">
        </testcase>
        <testcase classname="src/telemetry/metrics.test.ts" name="Telemetry Metrics &gt; recordFileOperationMetric &gt; should not record metrics if not initialized" time="0.00463875">
        </testcase>
        <testcase classname="src/telemetry/metrics.test.ts" name="Telemetry Metrics &gt; recordFileOperationMetric &gt; should record file creation with all attributes" time="0.007122916">
        </testcase>
        <testcase classname="src/telemetry/metrics.test.ts" name="Telemetry Metrics &gt; recordFileOperationMetric &gt; should record file read with minimal attributes" time="0.006542875">
        </testcase>
        <testcase classname="src/telemetry/metrics.test.ts" name="Telemetry Metrics &gt; recordFileOperationMetric &gt; should record file update with some attributes" time="0.00610875">
        </testcase>
    </testsuite>
    <testsuite name="src/telemetry/telemetry.test.ts" timestamp="2025-07-17T20:01:55.534Z" hostname="Alexanders-MacBook-Pro.local" tests="2" failures="0" errors="0" skipped="0" time="0.006495166">
        <testcase classname="src/telemetry/telemetry.test.ts" name="telemetry &gt; should initialize the telemetry service" time="0.004520875">
            <system-out>
OpenTelemetry SDK started successfully.

OpenTelemetry SDK shut down successfully.

            </system-out>
        </testcase>
        <testcase classname="src/telemetry/telemetry.test.ts" name="telemetry &gt; should shutdown the telemetry service" time="0.001415208">
            <system-out>
OpenTelemetry SDK started successfully.

OpenTelemetry SDK shut down successfully.

            </system-out>
        </testcase>
    </testsuite>
    <testsuite name="src/telemetry/uiTelemetry.test.ts" timestamp="2025-07-17T20:01:55.534Z" hostname="Alexanders-MacBook-Pro.local" tests="13" failures="0" errors="0" skipped="0" time="0.005844">
        <testcase classname="src/telemetry/uiTelemetry.test.ts" name="UiTelemetryService &gt; should have correct initial metrics" time="0.001181292">
        </testcase>
        <testcase classname="src/telemetry/uiTelemetry.test.ts" name="UiTelemetryService &gt; should emit an update event when an event is added" time="0.000685458">
        </testcase>
        <testcase classname="src/telemetry/uiTelemetry.test.ts" name="UiTelemetryService &gt; API Response Event Processing &gt; should process a single ApiResponseEvent" time="0.000136542">
        </testcase>
        <testcase classname="src/telemetry/uiTelemetry.test.ts" name="UiTelemetryService &gt; API Response Event Processing &gt; should aggregate multiple ApiResponseEvents for the same model" time="0.000072625">
        </testcase>
        <testcase classname="src/telemetry/uiTelemetry.test.ts" name="UiTelemetryService &gt; API Response Event Processing &gt; should handle ApiResponseEvents for different models" time="0.000176625">
        </testcase>
        <testcase classname="src/telemetry/uiTelemetry.test.ts" name="UiTelemetryService &gt; API Error Event Processing &gt; should process a single ApiErrorEvent" time="0.000110792">
        </testcase>
        <testcase classname="src/telemetry/uiTelemetry.test.ts" name="UiTelemetryService &gt; API Error Event Processing &gt; should aggregate ApiErrorEvents and ApiResponseEvents" time="0.000054083">
        </testcase>
        <testcase classname="src/telemetry/uiTelemetry.test.ts" name="UiTelemetryService &gt; Tool Call Event Processing &gt; should process a single successful ToolCallEvent" time="0.000555584">
        </testcase>
        <testcase classname="src/telemetry/uiTelemetry.test.ts" name="UiTelemetryService &gt; Tool Call Event Processing &gt; should process a single failed ToolCallEvent" time="0.000260292">
        </testcase>
        <testcase classname="src/telemetry/uiTelemetry.test.ts" name="UiTelemetryService &gt; Tool Call Event Processing &gt; should process a ToolCallEvent with modify decision" time="0.000062584">
        </testcase>
        <testcase classname="src/telemetry/uiTelemetry.test.ts" name="UiTelemetryService &gt; Tool Call Event Processing &gt; should process a ToolCallEvent without a decision" time="0.000065375">
        </testcase>
        <testcase classname="src/telemetry/uiTelemetry.test.ts" name="UiTelemetryService &gt; Tool Call Event Processing &gt; should aggregate multiple ToolCallEvents for the same tool" time="0.001059">
        </testcase>
        <testcase classname="src/telemetry/uiTelemetry.test.ts" name="UiTelemetryService &gt; Tool Call Event Processing &gt; should handle ToolCallEvents for different tools" time="0.000393375">
        </testcase>
    </testsuite>
    <testsuite name="src/tools/edit.test.ts" timestamp="2025-07-17T20:01:55.535Z" hostname="Alexanders-MacBook-Pro.local" tests="29" failures="0" errors="0" skipped="0" time="0.078160625">
        <testcase classname="src/tools/edit.test.ts" name="EditTool &gt; _applyReplacement &gt; should return newString if isNewFile is true" time="0.002281583">
        </testcase>
        <testcase classname="src/tools/edit.test.ts" name="EditTool &gt; _applyReplacement &gt; should return newString if currentContent is null and oldString is empty (defensive)" time="0.000449125">
        </testcase>
        <testcase classname="src/tools/edit.test.ts" name="EditTool &gt; _applyReplacement &gt; should return empty string if currentContent is null and oldString is not empty (defensive)" time="0.000570792">
        </testcase>
        <testcase classname="src/tools/edit.test.ts" name="EditTool &gt; _applyReplacement &gt; should replace oldString with newString in currentContent" time="0.000409292">
        </testcase>
        <testcase classname="src/tools/edit.test.ts" name="EditTool &gt; _applyReplacement &gt; should return currentContent if oldString is empty and not a new file" time="0.000414416">
        </testcase>
        <testcase classname="src/tools/edit.test.ts" name="EditTool &gt; validateToolParams &gt; should return null for valid params" time="0.021481791">
        </testcase>
        <testcase classname="src/tools/edit.test.ts" name="EditTool &gt; validateToolParams &gt; should return error for relative path" time="0.002371542">
        </testcase>
        <testcase classname="src/tools/edit.test.ts" name="EditTool &gt; validateToolParams &gt; should return error for path outside root" time="0.001092625">
        </testcase>
        <testcase classname="src/tools/edit.test.ts" name="EditTool &gt; shouldConfirmExecute &gt; should return false if params are invalid" time="0.001856583">
            <system-err>
[EditTool Wrapper] Attempted confirmation with invalid parameters: File path must be absolute: relative.txt

            </system-err>
        </testcase>
        <testcase classname="src/tools/edit.test.ts" name="EditTool &gt; shouldConfirmExecute &gt; should request confirmation for valid edit" time="0.006544625">
        </testcase>
        <testcase classname="src/tools/edit.test.ts" name="EditTool &gt; shouldConfirmExecute &gt; should return false if old_string is not found (ensureCorrectEdit returns 0)" time="0.00988675">
            <system-out>
Error: Failed to edit, could not find the string to replace.

            </system-out>
        </testcase>
        <testcase classname="src/tools/edit.test.ts" name="EditTool &gt; shouldConfirmExecute &gt; should return false if multiple occurrences of old_string are found (ensureCorrectEdit returns &gt; 1)" time="0.008300291">
            <system-out>
Error: Failed to edit, expected 1 occurrence but found 2.

            </system-out>
        </testcase>
        <testcase classname="src/tools/edit.test.ts" name="EditTool &gt; shouldConfirmExecute &gt; should request confirmation for creating a new file (empty old_string)" time="0.001477209">
        </testcase>
        <testcase classname="src/tools/edit.test.ts" name="EditTool &gt; shouldConfirmExecute &gt; should use corrected params from ensureCorrectEdit for diff generation" time="0.001954625">
        </testcase>
        <testcase classname="src/tools/edit.test.ts" name="EditTool &gt; execute &gt; should return error if params are invalid" time="0.001315833">
        </testcase>
        <testcase classname="src/tools/edit.test.ts" name="EditTool &gt; execute &gt; should edit an existing file and return diff with fileName" time="0.001711125">
        </testcase>
        <testcase classname="src/tools/edit.test.ts" name="EditTool &gt; execute &gt; should create a new file if old_string is empty and file does not exist, and return created message" time="0.00162875">
        </testcase>
        <testcase classname="src/tools/edit.test.ts" name="EditTool &gt; execute &gt; should return error if old_string is not found in file" time="0.001583583">
        </testcase>
        <testcase classname="src/tools/edit.test.ts" name="EditTool &gt; execute &gt; should return error if multiple occurrences of old_string are found" time="0.001841208">
        </testcase>
        <testcase classname="src/tools/edit.test.ts" name="EditTool &gt; execute &gt; should successfully replace multiple occurrences when expected_replacements specified" time="0.001766542">
        </testcase>
        <testcase classname="src/tools/edit.test.ts" name="EditTool &gt; execute &gt; should return error if expected_replacements does not match actual occurrences" time="0.001216375">
        </testcase>
        <testcase classname="src/tools/edit.test.ts" name="EditTool &gt; execute &gt; should return error if trying to create a file that already exists (empty old_string)" time="0.001002708">
        </testcase>
        <testcase classname="src/tools/edit.test.ts" name="EditTool &gt; execute &gt; should include modification message when proposed content is modified" time="0.001234833">
        </testcase>
        <testcase classname="src/tools/edit.test.ts" name="EditTool &gt; execute &gt; should not include modification message when proposed content is not modified" time="0.001047667">
        </testcase>
        <testcase classname="src/tools/edit.test.ts" name="EditTool &gt; execute &gt; should not include modification message when modified_by_user is not provided" time="0.002161791">
        </testcase>
        <testcase classname="src/tools/edit.test.ts" name="EditTool &gt; getDescription &gt; should return &quot;No file changes to...&quot; if old_string and new_string are the same" time="0.000457541">
        </testcase>
        <testcase classname="src/tools/edit.test.ts" name="EditTool &gt; getDescription &gt; should return a snippet of old and new strings if they are different" time="0.000343041">
        </testcase>
        <testcase classname="src/tools/edit.test.ts" name="EditTool &gt; getDescription &gt; should handle very short strings correctly in the description" time="0.00031425">
        </testcase>
        <testcase classname="src/tools/edit.test.ts" name="EditTool &gt; getDescription &gt; should truncate long strings in the description" time="0.000306208">
        </testcase>
    </testsuite>
    <testsuite name="src/tools/glob.test.ts" timestamp="2025-07-17T20:01:55.536Z" hostname="Alexanders-MacBook-Pro.local" tests="27" failures="0" errors="0" skipped="0" time="1.364514417">
        <testcase classname="src/tools/glob.test.ts" name="GlobTool &gt; execute &gt; should find files matching a simple pattern in the root" time="0.07922325">
        </testcase>
        <testcase classname="src/tools/glob.test.ts" name="GlobTool &gt; execute &gt; should find files case-sensitively when case_sensitive is true" time="0.059141167">
        </testcase>
        <testcase classname="src/tools/glob.test.ts" name="GlobTool &gt; execute &gt; should find files case-insensitively by default (pattern: *.TXT)" time="0.060070542">
        </testcase>
        <testcase classname="src/tools/glob.test.ts" name="GlobTool &gt; execute &gt; should find files case-insensitively when case_sensitive is false (pattern: *.TXT)" time="0.133083375">
        </testcase>
        <testcase classname="src/tools/glob.test.ts" name="GlobTool &gt; execute &gt; should find files using a pattern that includes a subdirectory" time="0.063498334">
        </testcase>
        <testcase classname="src/tools/glob.test.ts" name="GlobTool &gt; execute &gt; should find files in a specified relative path (relative to rootDir)" time="0.064896625">
        </testcase>
        <testcase classname="src/tools/glob.test.ts" name="GlobTool &gt; execute &gt; should find files using a deep globstar pattern (e.g., **/*.log)" time="0.065100333">
        </testcase>
        <testcase classname="src/tools/glob.test.ts" name="GlobTool &gt; execute &gt; should return &quot;No files found&quot; message when pattern matches nothing" time="0.064685958">
        </testcase>
        <testcase classname="src/tools/glob.test.ts" name="GlobTool &gt; execute &gt; should correctly sort files by modification time (newest first)" time="0.06276625">
        </testcase>
        <testcase classname="src/tools/glob.test.ts" name="GlobTool &gt; validateToolParams &gt; should return null for valid parameters (pattern only)" time="0.065505833">
        </testcase>
        <testcase classname="src/tools/glob.test.ts" name="GlobTool &gt; validateToolParams &gt; should return null for valid parameters (pattern and path)" time="0.063758">
        </testcase>
        <testcase classname="src/tools/glob.test.ts" name="GlobTool &gt; validateToolParams &gt; should return null for valid parameters (pattern, path, and case_sensitive)" time="0.068098792">
        </testcase>
        <testcase classname="src/tools/glob.test.ts" name="GlobTool &gt; validateToolParams &gt; should return error if pattern is missing (schema validation)" time="0.058700542">
        </testcase>
        <testcase classname="src/tools/glob.test.ts" name="GlobTool &gt; validateToolParams &gt; should return error if pattern is an empty string" time="0.064080208">
        </testcase>
        <testcase classname="src/tools/glob.test.ts" name="GlobTool &gt; validateToolParams &gt; should return error if pattern is only whitespace" time="0.059500209">
        </testcase>
        <testcase classname="src/tools/glob.test.ts" name="GlobTool &gt; validateToolParams &gt; should return error if path is provided but is not a string (schema validation)" time="0.059310666">
        </testcase>
        <testcase classname="src/tools/glob.test.ts" name="GlobTool &gt; validateToolParams &gt; should return error if case_sensitive is provided but is not a boolean (schema validation)" time="0.066105083">
        </testcase>
        <testcase classname="src/tools/glob.test.ts" name="GlobTool &gt; validateToolParams &gt; should return error if search path resolves outside the tool&apos;s root directory" time="0.063779375">
        </testcase>
        <testcase classname="src/tools/glob.test.ts" name="GlobTool &gt; validateToolParams &gt; should return error if specified search path does not exist" time="0.069195875">
        </testcase>
        <testcase classname="src/tools/glob.test.ts" name="GlobTool &gt; validateToolParams &gt; should return error if specified search path is a file, not a directory" time="0.065288042">
        </testcase>
        <testcase classname="src/tools/glob.test.ts" name="sortFileEntries &gt; should sort a mix of recent and older files correctly" time="0.0066785">
        </testcase>
        <testcase classname="src/tools/glob.test.ts" name="sortFileEntries &gt; should sort only recent files by mtime descending" time="0.000094375">
        </testcase>
        <testcase classname="src/tools/glob.test.ts" name="sortFileEntries &gt; should sort only older files alphabetically by path" time="0.000121459">
        </testcase>
        <testcase classname="src/tools/glob.test.ts" name="sortFileEntries &gt; should handle an empty array" time="0.000041833">
        </testcase>
        <testcase classname="src/tools/glob.test.ts" name="sortFileEntries &gt; should correctly sort files when mtimes are identical for older files" time="0.000096584">
        </testcase>
        <testcase classname="src/tools/glob.test.ts" name="sortFileEntries &gt; should correctly sort files when mtimes are identical for recent files (maintaining mtime sort)" time="0.000380542">
        </testcase>
        <testcase classname="src/tools/glob.test.ts" name="sortFileEntries &gt; should use recencyThresholdMs parameter correctly" time="0.00004975">
        </testcase>
    </testsuite>
    <testsuite name="src/tools/grep.test.ts" timestamp="2025-07-17T20:01:55.537Z" hostname="Alexanders-MacBook-Pro.local" tests="20" failures="0" errors="0" skipped="0" time="0.167347958">
        <testcase classname="src/tools/grep.test.ts" name="GrepTool &gt; validateToolParams &gt; should return null for valid params (pattern only)" time="0.022590291">
        </testcase>
        <testcase classname="src/tools/grep.test.ts" name="GrepTool &gt; validateToolParams &gt; should return null for valid params (pattern and path)" time="0.006223209">
        </testcase>
        <testcase classname="src/tools/grep.test.ts" name="GrepTool &gt; validateToolParams &gt; should return null for valid params (pattern, path, and include)" time="0.005525833">
        </testcase>
        <testcase classname="src/tools/grep.test.ts" name="GrepTool &gt; validateToolParams &gt; should return error if pattern is missing" time="0.002350959">
        </testcase>
        <testcase classname="src/tools/grep.test.ts" name="GrepTool &gt; validateToolParams &gt; should return error for invalid regex pattern" time="0.004975583">
        </testcase>
        <testcase classname="src/tools/grep.test.ts" name="GrepTool &gt; validateToolParams &gt; should return error if path does not exist" time="0.021300375">
        </testcase>
        <testcase classname="src/tools/grep.test.ts" name="GrepTool &gt; validateToolParams &gt; should return error if path is a file, not a directory" time="0.005038458">
        </testcase>
        <testcase classname="src/tools/grep.test.ts" name="GrepTool &gt; execute &gt; should find matches for a simple pattern in all files" time="0.016047">
            <system-out>
GrepLogic: Falling back to JavaScript grep implementation.

            </system-out>
        </testcase>
        <testcase classname="src/tools/grep.test.ts" name="GrepTool &gt; execute &gt; should find matches in a specific path" time="0.012986333">
            <system-out>
GrepLogic: Falling back to JavaScript grep implementation.

            </system-out>
        </testcase>
        <testcase classname="src/tools/grep.test.ts" name="GrepTool &gt; execute &gt; should find matches with an include glob" time="0.009346625">
            <system-out>
GrepLogic: Falling back to JavaScript grep implementation.

            </system-out>
        </testcase>
        <testcase classname="src/tools/grep.test.ts" name="GrepTool &gt; execute &gt; should find matches with an include glob and path" time="0.008051542">
            <system-out>
GrepLogic: Falling back to JavaScript grep implementation.

            </system-out>
        </testcase>
        <testcase classname="src/tools/grep.test.ts" name="GrepTool &gt; execute &gt; should return &quot;No matches found&quot; when pattern does not exist" time="0.006188209">
            <system-out>
GrepLogic: Falling back to JavaScript grep implementation.

            </system-out>
        </testcase>
        <testcase classname="src/tools/grep.test.ts" name="GrepTool &gt; execute &gt; should handle regex special characters correctly" time="0.007564709">
            <system-out>
GrepLogic: Falling back to JavaScript grep implementation.

            </system-out>
        </testcase>
        <testcase classname="src/tools/grep.test.ts" name="GrepTool &gt; execute &gt; should be case-insensitive by default (JS fallback)" time="0.009027833">
            <system-out>
GrepLogic: Falling back to JavaScript grep implementation.

            </system-out>
        </testcase>
        <testcase classname="src/tools/grep.test.ts" name="GrepTool &gt; execute &gt; should return an error if params are invalid" time="0.004334709">
        </testcase>
        <testcase classname="src/tools/grep.test.ts" name="GrepTool &gt; getDescription &gt; should generate correct description with pattern only" time="0.004717584">
        </testcase>
        <testcase classname="src/tools/grep.test.ts" name="GrepTool &gt; getDescription &gt; should generate correct description with pattern and include" time="0.004906584">
        </testcase>
        <testcase classname="src/tools/grep.test.ts" name="GrepTool &gt; getDescription &gt; should generate correct description with pattern and path" time="0.006716958">
        </testcase>
        <testcase classname="src/tools/grep.test.ts" name="GrepTool &gt; getDescription &gt; should generate correct description with pattern, include, and path" time="0.004883334">
        </testcase>
        <testcase classname="src/tools/grep.test.ts" name="GrepTool &gt; getDescription &gt; should use ./ for root path in description" time="0.002980334">
        </testcase>
    </testsuite>
    <testsuite name="src/tools/mcp-client.test.ts" timestamp="2025-07-17T20:01:55.538Z" hostname="Alexanders-MacBook-Pro.local" tests="26" failures="0" errors="0" skipped="0" time="0.007361958">
        <testcase classname="src/tools/mcp-client.test.ts" name="mcp-client &gt; discoverTools &gt; should discover tools" time="0.0012985">
        </testcase>
        <testcase classname="src/tools/mcp-client.test.ts" name="mcp-client &gt; appendMcpServerCommand &gt; should do nothing if no MCP servers or command are configured" time="0.000458">
        </testcase>
        <testcase classname="src/tools/mcp-client.test.ts" name="mcp-client &gt; appendMcpServerCommand &gt; should discover tools via mcpServerCommand" time="0.00069025">
        </testcase>
        <testcase classname="src/tools/mcp-client.test.ts" name="mcp-client &gt; appendMcpServerCommand &gt; should handle error if mcpServerCommand parsing fails" time="0.000561125">
        </testcase>
        <testcase classname="src/tools/mcp-client.test.ts" name="mcp-client &gt; createTransport &gt; should connect via httpUrl &gt; without headers" time="0.000336625">
        </testcase>
        <testcase classname="src/tools/mcp-client.test.ts" name="mcp-client &gt; createTransport &gt; should connect via httpUrl &gt; with headers" time="0.000217">
        </testcase>
        <testcase classname="src/tools/mcp-client.test.ts" name="mcp-client &gt; createTransport &gt; should connect via url &gt; without headers" time="0.000118208">
        </testcase>
        <testcase classname="src/tools/mcp-client.test.ts" name="mcp-client &gt; createTransport &gt; should connect via url &gt; with headers" time="0.000148791">
        </testcase>
        <testcase classname="src/tools/mcp-client.test.ts" name="mcp-client &gt; createTransport &gt; should connect via command" time="0.000902459">
        </testcase>
        <testcase classname="src/tools/mcp-client.test.ts" name="mcp-client &gt; generateValidName &gt; should return a valid name for a simple function" time="0.000151042">
        </testcase>
        <testcase classname="src/tools/mcp-client.test.ts" name="mcp-client &gt; generateValidName &gt; should prepend the server name" time="0.000066084">
        </testcase>
        <testcase classname="src/tools/mcp-client.test.ts" name="mcp-client &gt; generateValidName &gt; should replace invalid characters with underscores" time="0.000062875">
        </testcase>
        <testcase classname="src/tools/mcp-client.test.ts" name="mcp-client &gt; generateValidName &gt; should truncate long names" time="0.0000715">
        </testcase>
        <testcase classname="src/tools/mcp-client.test.ts" name="mcp-client &gt; generateValidName &gt; should handle names with only invalid characters" time="0.000059292">
        </testcase>
        <testcase classname="src/tools/mcp-client.test.ts" name="mcp-client &gt; generateValidName &gt; should handle names that are already valid" time="0.000066375">
        </testcase>
        <testcase classname="src/tools/mcp-client.test.ts" name="mcp-client &gt; generateValidName &gt; should handle names with leading/trailing invalid characters" time="0.000101458">
        </testcase>
        <testcase classname="src/tools/mcp-client.test.ts" name="mcp-client &gt; generateValidName &gt; should handle names that are exactly 63 characters long" time="0.000074791">
        </testcase>
        <testcase classname="src/tools/mcp-client.test.ts" name="mcp-client &gt; generateValidName &gt; should handle names that are exactly 64 characters long" time="0.000068625">
        </testcase>
        <testcase classname="src/tools/mcp-client.test.ts" name="mcp-client &gt; generateValidName &gt; should handle names that are longer than 64 characters" time="0.000068084">
        </testcase>
        <testcase classname="src/tools/mcp-client.test.ts" name="mcp-client &gt; isEnabled &gt; should return true if no include or exclude lists are provided" time="0.000077167">
        </testcase>
        <testcase classname="src/tools/mcp-client.test.ts" name="mcp-client &gt; isEnabled &gt; should return false if the tool is in the exclude list" time="0.000064625">
        </testcase>
        <testcase classname="src/tools/mcp-client.test.ts" name="mcp-client &gt; isEnabled &gt; should return true if the tool is in the include list" time="0.000069916">
        </testcase>
        <testcase classname="src/tools/mcp-client.test.ts" name="mcp-client &gt; isEnabled &gt; should return true if the tool is in the include list with parentheses" time="0.000072208">
        </testcase>
        <testcase classname="src/tools/mcp-client.test.ts" name="mcp-client &gt; isEnabled &gt; should return false if the include list exists but does not contain the tool" time="0.000061167">
        </testcase>
        <testcase classname="src/tools/mcp-client.test.ts" name="mcp-client &gt; isEnabled &gt; should return false if the tool is in both the include and exclude lists" time="0.000061292">
        </testcase>
        <testcase classname="src/tools/mcp-client.test.ts" name="mcp-client &gt; isEnabled &gt; should return false if the function declaration has no name" time="0.000527208">
            <system-err>
[...]
        </testcase>
        <testcase classname="src/utils/nextSpeakerChecker.test.ts" name="checkNextSpeaker &gt; should return null if geminiClient.generateJson throws an error" time="0.000777084">
        </testcase>
        <testcase classname="src/utils/nextSpeakerChecker.test.ts" name="checkNextSpeaker &gt; should return null if geminiClient.generateJson returns invalid JSON (missing next_speaker)" time="0.000814542">
        </testcase>
        <testcase classname="src/utils/nextSpeakerChecker.test.ts" name="checkNextSpeaker &gt; should return null if geminiClient.generateJson returns a non-string next_speaker" time="0.0006525">
        </testcase>
        <testcase classname="src/utils/nextSpeakerChecker.test.ts" name="checkNextSpeaker &gt; should return null if geminiClient.generateJson returns an invalid next_speaker string value" time="0.000785583">
        </testcase>
        <testcase classname="src/utils/nextSpeakerChecker.test.ts" name="checkNextSpeaker &gt; should call generateJson with DEFAULT_GEMINI_FLASH_MODEL" time="0.000750042">
        </testcase>
    </testsuite>
    <testsuite name="src/utils/retry.test.ts" timestamp="2025-07-17T20:01:55.558Z" hostname="Alexanders-MacBook-Pro.local" tests="13" failures="0" errors="0" skipped="0" time="0.027125875">
        <testcase classname="src/utils/retry.test.ts" name="retryWithBackoff &gt; should return the result on the first attempt if successful" time="0.002129583">
        </testcase>
        <testcase classname="src/utils/retry.test.ts" name="retryWithBackoff &gt; should retry and succeed if failures are within maxAttempts" time="0.005201583">
            <system-err>
Attempt 1 failed with status 500. Retrying with backoff... Error: Simulated error attempt 1
    at [90m/Users/alexanderhuth/Code/yelm/packages/core/[39msrc/utils/retry.test.ts:27:32
    at mockCall (file:///Users/alexanderhuth/Code/yelm/node_modules/[4m@vitest[24m/spy/dist/index.js:96:15)
    at spy (file:///Users/alexanderhuth/Code/yelm/node_modules/[4mtinyspy[24m/dist/index.js:47:103)
    at retryWithBackoff [90m(/Users/alexanderhuth/Code/yelm/packages/core/[39msrc/utils/retry.ts:92:20[90m)[39m
    at [90m/Users/alexanderhuth/Code/yelm/packages/core/[39msrc/utils/retry.test.ts:66:21
    at file:///Users/alexanderhuth/Code/yelm/node_modules/[4m@vitest[24m/runner/dist/chunk-hooks.js:155:11
    at file:///Users/alexanderhuth/Code/yelm/node_modules/[4m@vitest[24m/runner/dist/chunk-hooks.js:752:26
    at file:///Users/alexanderhuth/Code/yelm/node_modules/[4m@vitest[24m/runner/dist/chunk-hooks.js:1897:20
    at new Promise (&lt;anonymous&gt;)
    at runWithTimeout (file:///Users/alexanderhuth/Code/yelm/node_modules/[4m@vitest[24m/runner/dist/chunk-hooks.js:1863:10) {
  status: [33m500[39m
}

Attempt 2 failed with status 500. Retrying with backoff... Error: Simulated error attempt 2
    at [90m/Users/alexanderhuth/Code/yelm/packages/core/[39msrc/utils/retry.test.ts:27:32
    at mockCall (file:///Users/alexanderhuth/Code/yelm/node_modules/[4m@vitest[24m/spy/dist/index.js:96:15)
    at spy (file:///Users/alexanderhuth/Code/yelm/node_modules/[4mtinyspy[24m/dist/index.js:47:103)
    at retryWithBackoff [90m(/Users/alexanderhuth/Code/yelm/packages/core/[39msrc/utils/retry.ts:92:20[90m)[39m {
  status: [33m500[39m
}

            </system-err>
        </testcase>
        <testcase classname="src/utils/retry.test.ts" name="retryWithBackoff &gt; should throw an error if all attempts fail" time="0.0062015">
            <system-err>
Attempt 1 failed with status 500. Retrying with backoff... Error: Simulated error attempt 1
    at [90m/Users/alexanderhuth/Code/yelm/packages/core/[39msrc/utils/retry.test.ts:27:32
    at mockCall (file:///Users/alexanderhuth/Code/yelm/node_modules/[4m@vitest[24m/spy/dist/index.js:96:15)
    at spy (file:///Users/alexanderhuth/Code/yelm/node_modules/[4mtinyspy[24m/dist/index.js:47:103)
    at retryWithBackoff [90m(/Users/alexanderhuth/Code/yelm/packages/core/[39msrc/utils/retry.ts:92:20[90m)[39m
    at [90m/Users/alexanderhuth/Code/yelm/packages/core/[39msrc/utils/retry.test.ts:82:21
    at file:///Users/alexanderhuth/Code/yelm/node_modules/[4m@vitest[24m/runner/dist/chunk-hooks.js:155:11
    at file:///Users/alexanderhuth/Code/yelm/node_modules/[4m@vitest[24m/runner/dist/chunk-hooks.js:752:26
    at file:///Users/alexanderhuth/Code/yelm/node_modules/[4m@vitest[24m/runner/dist/chunk-hooks.js:1897:20
    at new Promise (&lt;anonymous&gt;)
    at runWithTimeout (file:///Users/alexanderhuth/Code/yelm/node_modules/[4m@vitest[24m/runner/dist/chunk-hooks.js:1863:10) {
  status: [33m500[39m
}

Attempt 2 failed with status 500. Retrying with backoff... Error: Simulated error attempt 2
    at [90m/Users/alexanderhuth/Code/yelm/packages/core/[39msrc/utils/retry.test.ts:27:32
    at mockCall (file:///Users/alexanderhuth/Code/yelm/node_modules/[4m@vitest[24m/spy/dist/index.js:96:15)
    at spy (file:///Users/alexanderhuth/Code/yelm/node_modules/[4mtinyspy[24m/dist/index.js:47:103)
    at retryWithBackoff [90m(/Users/alexanderhuth/Code/yelm/packages/core/[39msrc/utils/retry.ts:92:20[90m)[39m {
  status: [33m500[39m
}

            </system-err>
        </testcase>
        <testcase classname="src/utils/retry.test.ts" name="retryWithBackoff &gt; should not retry if shouldRetry returns false" time="0.000346708">
        </testcase>
        <testcase classname="src/utils/retry.test.ts" name="retryWithBackoff &gt; should use default shouldRetry if not provided, retrying on 429" time="0.00129425">
        </testcase>
        <testcase classname="src/utils/retry.test.ts" name="retryWithBackoff &gt; should use default shouldRetry if not provided, not retrying on 400" time="0.000421209">
        </testcase>
        <testcase classname="src/utils/retry.test.ts" name="retryWithBackoff &gt; should respect maxDelayMs" time="0.003559916">
            <system-err>
Attempt 1 failed with status 500. Retrying with backoff... Error: Simulated error attempt 1
    at [90m/Users/alexanderhuth/Code/yelm/packages/core/[39msrc/utils/retry.test.ts:27:32
    at mockCall (file:///Users/alexanderhuth/Code/yelm/node_modules/[4m@vitest[24m/spy/dist/index.js:96:15)
    at spy (file:///Users/alexanderhuth/Code/yelm/node_modules/[4mtinyspy[24m/dist/index.js:47:103)
    at retryWithBackoff [90m(/Users/alexanderhuth/Code/yelm/packages/core/[39msrc/utils/retry.ts:92:20[90m)[39m
    at [90m/Users/alexanderhuth/Code/yelm/packages/core/[39msrc/utils/retry.test.ts:164:21
    at file:///Users/alexanderhuth/Code/yelm/node_modules/[4m@vitest[24m/runner/dist/chunk-hooks.js:155:11
    at file:///Users/alexanderhuth/Code/yelm/node_modules/[4m@vitest[24m/runner/dist/chunk-hooks.js:752:26
    at file:///Users/alexanderhuth/Code/yelm/node_modules/[4m@vitest[24m/runner/dist/chunk-hooks.js:1897:20
    at new Promise (&lt;anonymous&gt;)
    at runWithTimeout (file:///Users/alexanderhuth/Code/yelm/node_modules/[4m@vitest[24m/runner/dist/chunk-hooks.js:1863:10) {
  status: [33m500[39m
}

Attempt 2 failed with status 500. Retrying with backoff... Error: Simulated error attempt 2
    at [90m/Users/alexanderhuth/Code/yelm/packages/core/[39msrc/utils/retry.test.ts:27:32
    at mockCall (file:///Users/alexanderhuth/Code/yelm/node_modules/[4m@vitest[24m/spy/dist/index.js:96:15)
    at spy (file:///Users/alexanderhuth/Code/yelm/node_modules/[4mtinyspy[24m/dist/index.js:47:103)
    at retryWithBackoff [90m(/Users/alexanderhuth/Code/yelm/packages/core/[39msrc/utils/retry.ts:92:20[90m)[39m {
  status: [33m500[39m
}

Attempt 3 failed with status 500. Retrying with backoff... Error: Simulated error attempt 3
    at [90m/Users/alexanderhuth/Code/yelm/packages/core/[39msrc/utils/retry.test.ts:27:32
    at mockCall (file:///Users/alexanderhuth/Code/yelm/node_modules/[4m@vitest[24m/spy/dist/index.js:96:15)
    at spy (file:///Users/alexanderhuth/Code/yelm/node_modules/[4mtinyspy[24m/dist/index.js:47:103)
    at retryWithBackoff [90m(/Users/alexanderhuth/Code/yelm/packages/core/[39msrc/utils/retry.ts:92:20[90m)[39m {
  status: [33m500[39m
}

            </system-err>
        </testcase>
        <testcase classname="src/utils/retry.test.ts" name="retryWithBackoff &gt; should handle jitter correctly, ensuring varied delays" time="0.00214275">
            <system-err>
Attempt 1 failed with status 500. Retrying with backoff... Error: Simulated error attempt 1
    at [90m/Users/alexanderhuth/Code/yelm/packages/core/[39msrc/utils/retry.test.ts:27:32
    at mockCall (file:///Users/alexanderhuth/Code/yelm/node_modules/[4m@vitest[24m/spy/dist/index.js:96:15)
    at spy (file:///Users/alexanderhuth/Code/yelm/node_modules/[4mtinyspy[24m/dist/index.js:47:103)
    at retryWithBackoff [90m(/Users/alexanderhuth/Code/yelm/packages/core/[39msrc/utils/retry.ts:92:20[90m)[39m
    at runRetry [90m(/Users/alexanderhuth/Code/yelm/packages/core/[39msrc/utils/retry.test.ts:193:7[90m)[39m
    at [90m/Users/alexanderhuth/Code/yelm/packages/core/[39msrc/utils/retry.test.ts:200:22
    at file:///Users/alexanderhuth/Code/yelm/node_modules/[4m@vitest[24m/runner/dist/chunk-hooks.js:155:11
    at file:///Users/alexanderhuth/Code/yelm/node_modules/[4m@vitest[24m/runner/dist/chunk-hooks.js:752:26
    at file:///Users/alexanderhuth/Code/yelm/node_modules/[4m@vitest[24m/runner/dist/chunk-hooks.js:1897:20
    at new Promise (&lt;anonymous&gt;) {
  status: [33m500[39m
}

Attempt 1 failed with status 500. Retrying with backoff... Error: Simulated error attempt 1
    at [90m/Users/alexanderhuth/Code/yelm/packages/core/[39msrc/utils/retry.test.ts:27:32
    at mockCall (file:///Users/alexanderhuth/Code/yelm/node_modules/[4m@vitest[24m/spy/dist/index.js:96:15)
    at spy (file:///Users/alexanderhuth/Code/yelm/node_modules/[4mtinyspy[24m/dist/index.js:47:103)
    at retryWithBackoff [90m(/Users/alexanderhuth/Code/yelm/packages/core/[39msrc/utils/retry.ts:92:20[90m)[39m
    at runRetry [90m(/Users/alexanderhuth/Code/yelm/packages/core/[39msrc/utils/retry.test.ts:193:7[90m)[39m
    at [90m/Users/alexanderhuth/Code/yelm/packages/core/[39msrc/utils/retry.test.ts:214:22
    at file:///Users/alexanderhuth/Code/yelm/node_modules/[4m@vitest[24m/runner/dist/chunk-hooks.js:752:20 {
  status: [33m500[39m
}

            </system-err>
        </testcase>
        <testcase classname="src/utils/retry.test.ts" name="retryWithBackoff &gt; Flash model fallback for OAuth users &gt; should trigger fallback for OAuth personal users after persistent 429 errors" time="0.001157833">
        </testcase>
        <testcase classname="src/utils/retry.test.ts" name="retryWithBackoff &gt; Flash model fallback for OAuth users &gt; should NOT trigger fallback for API key users" time="0.000645542">
        </testcase>
        <testcase classname="src/utils/retry.test.ts" name="retryWithBackoff &gt; Flash model fallback for OAuth users &gt; should reset attempt counter and continue after successful fallback" time="0.000584875">
        </testcase>
        <testcase classname="src/utils/retry.test.ts" name="retryWithBackoff &gt; Flash model fallback for OAuth users &gt; should continue with original error if fallback is rejected" time="0.001146709">
        </testcase>
        <testcase classname="src/utils/retry.test.ts" name="retryWithBackoff &gt; Flash model fallback for OAuth users &gt; should handle mixed error types (only count consecutive 429s)" time="0.000931041">
            <system-err>
Attempt 1 failed with status 500. Retrying with backoff... Error: Server error
    at [90m/Users/alexanderhuth/Code/yelm/packages/core/[39msrc/utils/retry.test.ts:378:36
    at mockCall (file:///Users/alexanderhuth/Code/yelm/node_modules/[4m@vitest[24m/spy/dist/index.js:96:15)
    at spy (file:///Users/alexanderhuth/Code/yelm/node_modules/[4mtinyspy[24m/dist/index.js:47:103)
    at retryWithBackoff [90m(/Users/alexanderhuth/Code/yelm/packages/core/[39msrc/utils/retry.ts:92:20[90m)[39m
    at [90m/Users/alexanderhuth/Code/yelm/packages/core/[39msrc/utils/retry.test.ts:389:23
    at file:///Users/alexanderhuth/Code/yelm/node_modules/[4m@vitest[24m/runner/dist/chunk-hooks.js:155:11
    at file:///Users/alexanderhuth/Code/yelm/node_modules/[4m@vitest[24m/runner/dist/chunk-hooks.js:752:26
    at file:///Users/alexanderhuth/Code/yelm/node_modules/[4m@vitest[24m/runner/dist/chunk-hooks.js:1897:20
    at new Promise (&lt;anonymous&gt;)
    at runWithTimeout (file:///Users/alexanderhuth/Code/yelm/node_modules/[4m@vitest[24m/runner/dist/chunk-hooks.js:1863:10) {
  status: [33m500[39m
}

            </system-err>
        </testcase>
    </testsuite>
    <testsuite name="src/utils/safeJsonStringify.test.ts" timestamp="2025-07-17T20:01:55.558Z" hostname="Alexanders-MacBook-Pro.local" tests="8" failures="0" errors="0" skipped="0" time="0.002167042">
        <testcase classname="src/utils/safeJsonStringify.test.ts" name="safeJsonStringify &gt; should stringify normal objects without issues" time="0.00071975">
        </testcase>
        <testcase classname="src/utils/safeJsonStringify.test.ts" name="safeJsonStringify &gt; should handle circular references by replacing them with [Circular]" time="0.000118708">
        </testcase>
        <testcase classname="src/utils/safeJsonStringify.test.ts" name="safeJsonStringify &gt; should handle complex circular structures like HttpsProxyAgent" time="0.000109417">
        </testcase>
        <testcase classname="src/utils/safeJsonStringify.test.ts" name="safeJsonStringify &gt; should respect the space parameter for formatting" time="0.000087792">
        </testcase>
        <testcase classname="src/utils/safeJsonStringify.test.ts" name="safeJsonStringify &gt; should handle circular references with formatting" time="0.000034709">
        </testcase>
        <testcase classname="src/utils/safeJsonStringify.test.ts" name="safeJsonStringify &gt; should handle arrays with circular references" time="0.000041">
        </testcase>
        <testcase classname="src/utils/safeJsonStringify.test.ts" name="safeJsonStringify &gt; should handle null and undefined values" time="0.000037333">
        </testcase>
        <testcase classname="src/utils/safeJsonStringify.test.ts" name="safeJsonStringify &gt; should handle primitive values" time="0.000089916">
        </testcase>
    </testsuite>
    <testsuite name="src/utils/summarizer.test.ts" timestamp="2025-07-17T20:01:55.559Z" hostname="Alexanders-MacBook-Pro.local" tests="8" failures="0" errors="0" skipped="0" time="0.009150209">
        <testcase classname="src/utils/summarizer.test.ts" name="summarizers &gt; summarizeToolOutput &gt; should return original text if it is shorter than maxLength" time="0.002214625">
        </testcase>
        <testcase classname="src/utils/summarizer.test.ts" name="summarizers &gt; summarizeToolOutput &gt; should return original text if it is empty" time="0.000658083">
        </testcase>
        <testcase classname="src/utils/summarizer.test.ts" name="summarizers &gt; summarizeToolOutput &gt; should call generateContent if text is longer than maxLength" time="0.000730709">
        </testcase>
        <testcase classname="src/utils/summarizer.test.ts" name="summarizers &gt; summarizeToolOutput &gt; should return original text if generateContent throws an error" time="0.001648">
        </testcase>
        <testcase classname="src/utils/summarizer.test.ts" name="summarizers &gt; summarizeToolOutput &gt; should construct the correct prompt for summarization" time="0.000631709">
        </testcase>
        <testcase classname="src/utils/summarizer.test.ts" name="summarizers &gt; llmSummarizer &gt; should summarize tool output using summarizeToolOutput" time="0.000676625">
        </testcase>
        <testcase classname="src/utils/summarizer.test.ts" name="summarizers &gt; llmSummarizer &gt; should handle different llmContent types" time="0.000658625">
        </testcase>
        <testcase classname="src/utils/summarizer.test.ts" name="summarizers &gt; defaultSummarizer &gt; should stringify the llmContent" time="0.001044625">
        </testcase>
    </testsuite>
    <testsuite name="src/utils/user_account.test.ts" timestamp="2025-07-17T20:01:55.559Z" hostname="Alexanders-MacBook-Pro.local" tests="16" failures="0" errors="0" skipped="0" time="0.016400792">
        <testcase classname="src/utils/user_account.test.ts" name="user_account &gt; cacheGoogleAccount &gt; should create directory and write initial account file" time="0.002286416">
        </testcase>
        <testcase classname="src/utils/user_account.test.ts" name="user_account &gt; cacheGoogleAccount &gt; should update active account and move previous to old" time="0.001295292">
        </testcase>
        <testcase classname="src/utils/user_account.test.ts" name="user_account &gt; cacheGoogleAccount &gt; should not add a duplicate to the old list" time="0.001419417">
        </testcase>
        <testcase classname="src/utils/user_account.test.ts" name="user_account &gt; cacheGoogleAccount &gt; should handle corrupted JSON by starting fresh" time="0.00187775">
        </testcase>
        <testcase classname="src/utils/user_account.test.ts" name="user_account &gt; getCachedGoogleAccount &gt; should return the active account if file exists and is valid" time="0.000835">
        </testcase>
        <testcase classname="src/utils/user_account.test.ts" name="user_account &gt; getCachedGoogleAccount &gt; should return null if file does not exist" time="0.000274625">
        </testcase>
        <testcase classname="src/utils/user_account.test.ts" name="user_account &gt; getCachedGoogleAccount &gt; should return null if file is empty" time="0.000549084">
        </testcase>
        <testcase classname="src/utils/user_account.test.ts" name="user_account &gt; getCachedGoogleAccount &gt; should return null and log if file is corrupted" time="0.000776417">
        </testcase>
        <testcase classname="src/utils/user_account.test.ts" name="user_account &gt; clearCachedGoogleAccount &gt; should set active to null and move it to old" time="0.001426041">
        </testcase>
        <testcase classname="src/utils/user_account.test.ts" name="user_account &gt; clearCachedGoogleAccount &gt; should handle empty file gracefully" time="0.001134542">
        </testcase>
        <testcase classname="src/utils/user_account.test.ts" name="user_account &gt; getLifetimeGoogleAccounts &gt; should return 0 if the file does not exist" time="0.000299667">
        </testcase>
        <testcase classname="src/utils/user_account.test.ts" name="user_account &gt; getLifetimeGoogleAccounts &gt; should return 0 if the file is empty" time="0.0005925">
        </testcase>
        <testcase classname="src/utils/user_account.test.ts" name="user_account &gt; getLifetimeGoogleAccounts &gt; should return 0 if the file is corrupted" time="0.000641625">
        </testcase>
        <testcase classname="src/utils/user_account.test.ts" name="user_account &gt; getLifetimeGoogleAccounts &gt; should return 1 if there is only an active account" time="0.000479125">
        </testcase>
        <testcase classname="src/utils/user_account.test.ts" name="user_account &gt; getLifetimeGoogleAccounts &gt; should correctly count old accounts when active is null" time="0.00059725">
        </testcase>
        <testcase classname="src/utils/user_account.test.ts" name="user_account &gt; getLifetimeGoogleAccounts &gt; should correctly count both active and old accounts" time="0.000895292">
        </testcase>
    </testsuite>
    <testsuite name="src/utils/user_id.test.ts" timestamp="2025-07-17T20:01:55.560Z" hostname="Alexanders-MacBook-Pro.local" tests="1" failures="0" errors="0" skipped="0" time="0.001520209">
        <testcase classname="src/utils/user_id.test.ts" name="user_id &gt; getInstallationId &gt; should return a valid UUID format string" time="0.000941334">
        </testcase>
    </testsuite>
</testsuites>
