<?xml version="1.0" encoding="UTF-8" ?>
<testsuites name="vitest tests" tests="675" failures="0" errors="0" time="8.923522792">
    <testsuite name="src/nonInteractiveCli.test.ts" timestamp="2025-07-17T20:01:51.790Z" hostname="Alexanders-MacBook-Pro.local" tests="6" failures="0" errors="0" skipped="0" time="0.006878917">
        <testcase classname="src/nonInteractiveCli.test.ts" name="runNonInteractive &gt; should process input and write text output" time="0.003517833">
        </testcase>
        <testcase classname="src/nonInteractiveCli.test.ts" name="runNonInteractive &gt; should handle a single tool call and respond" time="0.00097625">
        </testcase>
        <testcase classname="src/nonInteractiveCli.test.ts" name="runNonInteractive &gt; should handle error during tool execution" time="0.000532792">
        </testcase>
        <testcase classname="src/nonInteractiveCli.test.ts" name="runNonInteractive &gt; should exit with error if sendMessageStream throws initially" time="0.000340041">
        </testcase>
        <testcase classname="src/nonInteractiveCli.test.ts" name="runNonInteractive &gt; should not exit if a tool is not found, and should send error back to model" time="0.000439625">
        </testcase>
        <testcase classname="src/nonInteractiveCli.test.ts" name="runNonInteractive &gt; should exit when max session turns are exceeded" time="0.000264834">
        </testcase>
    </testsuite>
    <testsuite name="src/yelm.test.tsx" timestamp="2025-07-17T20:01:51.790Z" hostname="Alexanders-MacBook-Pro.local" tests="1" failures="0" errors="0" skipped="0" time="0.003523792">
        <testcase classname="src/yelm.test.tsx" name="gemini.tsx main function &gt; should call process.exit(1) if settings have errors" time="0.002804708">
        </testcase>
    </testsuite>
    <testsuite name="src/config/auth.test.ts" timestamp="2025-07-17T20:01:51.790Z" hostname="Alexanders-MacBook-Pro.local" tests="8" failures="0" errors="0" skipped="0" time="0.002698917">
        <testcase classname="src/config/auth.test.ts" name="validateAuthMethod &gt; should return null for LOGIN_WITH_GOOGLE" time="0.000982584">
        </testcase>
        <testcase classname="src/config/auth.test.ts" name="validateAuthMethod &gt; should return null for CLOUD_SHELL" time="0.000220625">
        </testcase>
        <testcase classname="src/config/auth.test.ts" name="validateAuthMethod &gt; USE_GEMINI &gt; should return null if GEMINI_API_KEY is set" time="0.000176625">
        </testcase>
        <testcase classname="src/config/auth.test.ts" name="validateAuthMethod &gt; USE_GEMINI &gt; should return an error message if GEMINI_API_KEY is not set" time="0.000183208">
        </testcase>
        <testcase classname="src/config/auth.test.ts" name="validateAuthMethod &gt; USE_VERTEX_AI &gt; should return null if GOOGLE_CLOUD_PROJECT and GOOGLE_CLOUD_LOCATION are set" time="0.000173875">
        </testcase>
        <testcase classname="src/config/auth.test.ts" name="validateAuthMethod &gt; USE_VERTEX_AI &gt; should return null if GOOGLE_API_KEY is set" time="0.000092042">
        </testcase>
        <testcase classname="src/config/auth.test.ts" name="validateAuthMethod &gt; USE_VERTEX_AI &gt; should return an error message if no required environment variables are set" time="0.000086208">
        </testcase>
        <testcase classname="src/config/auth.test.ts" name="validateAuthMethod &gt; should return an error message for an invalid auth method" time="0.000077792">
        </testcase>
    </testsuite>
    <testsuite name="src/config/config.integration.test.ts" timestamp="2025-07-17T20:01:51.791Z" hostname="Alexanders-MacBook-Pro.local" tests="11" failures="0" errors="0" skipped="0" time="0.022311209">
        <testcase classname="src/config/config.integration.test.ts" name="Configuration Integration Tests &gt; File Filtering Configuration &gt; should load default file filtering settings" time="0.012306166">
        </testcase>
        <testcase classname="src/config/config.integration.test.ts" name="Configuration Integration Tests &gt; File Filtering Configuration &gt; should load custom file filtering settings from configuration" time="0.001256667">
        </testcase>
        <testcase classname="src/config/config.integration.test.ts" name="Configuration Integration Tests &gt; File Filtering Configuration &gt; should merge user and workspace file filtering settings" time="0.001102375">
        </testcase>
        <testcase classname="src/config/config.integration.test.ts" name="Configuration Integration Tests &gt; Configuration Integration &gt; should handle partial configuration objects gracefully" time="0.000914042">
        </testcase>
        <testcase classname="src/config/config.integration.test.ts" name="Configuration Integration Tests &gt; Configuration Integration &gt; should handle empty configuration objects gracefully" time="0.000855625">
        </testcase>
        <testcase classname="src/config/config.integration.test.ts" name="Configuration Integration Tests &gt; Configuration Integration &gt; should handle missing configuration sections gracefully" time="0.000553625">
        </testcase>
        <testcase classname="src/config/config.integration.test.ts" name="Configuration Integration Tests &gt; Real-world Configuration Scenarios &gt; should handle a security-focused configuration" time="0.000454041">
        </testcase>
        <testcase classname="src/config/config.integration.test.ts" name="Configuration Integration Tests &gt; Real-world Configuration Scenarios &gt; should handle a CI/CD environment configuration" time="0.00083">
        </testcase>
        <testcase classname="src/config/config.integration.test.ts" name="Configuration Integration Tests &gt; Checkpointing Configuration &gt; should enable checkpointing when the setting is true" time="0.001671209">
        </testcase>
        <testcase classname="src/config/config.integration.test.ts" name="Configuration Integration Tests &gt; Extension Context Files &gt; should have an empty array for extension context files by default" time="0.000867292">
        </testcase>
        <testcase classname="src/config/config.integration.test.ts" name="Configuration Integration Tests &gt; Extension Context Files &gt; should correctly store and return extension context file paths" time="0.000481583">
        </testcase>
    </testsuite>
    <testsuite name="src/config/config.test.ts" timestamp="2025-07-17T20:01:51.791Z" hostname="Alexanders-MacBook-Pro.local" tests="52" failures="0" errors="0" skipped="0" time="0.141653917">
        <testcase classname="src/config/config.test.ts" name="parseArguments &gt; should throw an error when both --prompt and --prompt-interactive are used together" time="0.012167334">
        </testcase>
        <testcase classname="src/config/config.test.ts" name="parseArguments &gt; should throw an error when using short flags -p and -i together" time="0.003395542">
        </testcase>
        <testcase classname="src/config/config.test.ts" name="parseArguments &gt; should allow --prompt without --prompt-interactive" time="0.001283208">
        </testcase>
        <testcase classname="src/config/config.test.ts" name="parseArguments &gt; should allow --prompt-interactive without --prompt" time="0.000888459">
        </testcase>
        <testcase classname="src/config/config.test.ts" name="parseArguments &gt; should allow -i flag as alias for --prompt-interactive" time="0.001559875">
        </testcase>
        <testcase classname="src/config/config.test.ts" name="loadCliConfig &gt; should set showMemoryUsage to true when --show-memory-usage flag is present" time="0.018732084">
            <system-err>
Error accessing installation ID file, generating ephemeral ID: Error: ENOENT: no such file or directory, mkdir &apos;/mock/home/user/.gemini&apos;
[90m    at Proxy.mkdirSync (node:fs:1361:26)[39m
    at ensureGeminiDirExists (/Users/alexanderhuth/Code/yelm/packages/core/src/utils/user_id.ts:19:8)
    at getInstallationId (/Users/alexanderhuth/Code/yelm/packages/core/src/utils/user_id.ts:42:5)
    at ClearcutLogger.createLogEvent (/Users/alexanderhuth/Code/yelm/packages/core/src/telemetry/clearcut-logger/clearcut-logger.ts:94:53)
    at ClearcutLogger.logStartSessionEvent (/Users/alexanderhuth/Code/yelm/packages/core/src/telemetry/clearcut-logger/clearcut-logger.ts:269:31)
    at new Config (/Users/alexanderhuth/Code/yelm/packages/core/src/config/config.ts:250:41)
    at Module.loadCliConfig [90m(/Users/alexanderhuth/Code/yelm/packages/cli/[39msrc/config/config.ts:307:10[90m)[39m
[90m    at processTicksAndRejections (node:internal/process/task_queues:105:5)[39m
    at [90m/Users/alexanderhuth/Code/yelm/packages/cli/[39msrc/config/config.test.ts:163:20
    at file:///Users/alexanderhuth/Code/yelm/node_modules/[4m@vitest[24m/runner/dist/chunk-hooks.js:752:20 {
  errno: [33m-2[39m,
  code: [32m&apos;ENOENT&apos;[39m,
  syscall: [32m&apos;mkdir&apos;[39m,
  path: [32m&apos;/mock/home/user/.gemini&apos;[39m
}

            </system-err>
        </testcase>
        <testcase classname="src/config/config.test.ts" name="loadCliConfig &gt; should set showMemoryUsage to false when --memory flag is not present" time="0.002154666">
            <system-err>
Error accessing installation ID file, generating ephemeral ID: Error: ENOENT: no such file or directory, mkdir &apos;/mock/home/user/.gemini&apos;
[90m    at Proxy.mkdirSync (node:fs:1361:26)[39m
    at ensureGeminiDirExists (/Users/alexanderhuth/Code/yelm/packages/core/src/utils/user_id.ts:19:8)
    at getInstallationId (/Users/alexanderhuth/Code/yelm/packages/core/src/utils/user_id.ts:42:5)
    at ClearcutLogger.createLogEvent (/Users/alexanderhuth/Code/yelm/packages/core/src/telemetry/clearcut-logger/clearcut-logger.ts:94:53)
    at ClearcutLogger.logStartSessionEvent (/Users/alexanderhuth/Code/yelm/packages/core/src/telemetry/clearcut-logger/clearcut-logger.ts:269:31)
    at new Config (/Users/alexanderhuth/Code/yelm/packages/core/src/config/config.ts:250:41)
    at Module.loadCliConfig [90m(/Users/alexanderhuth/Code/yelm/packages/cli/[39msrc/config/config.ts:307:10[90m)[39m
[90m    at processTicksAndRejections (node:internal/process/task_queues:105:5)[39m
    at [90m/Users/alexanderhuth/Code/yelm/packages/cli/[39msrc/config/config.test.ts:171:20
    at file:///Users/alexanderhuth/Code/yelm/node_modules/[4m@vitest[24m/runner/dist/chunk-hooks.js:752:20 {
  errno: [33m-2[39m,
  code: [32m&apos;ENOENT&apos;[39m,
  syscall: [32m&apos;mkdir&apos;[39m,
  path: [32m&apos;/mock/home/user/.gemini&apos;[39m
}

            </system-err>
        </testcase>
        <testcase classname="src/config/config.test.ts" name="loadCliConfig &gt; should set showMemoryUsage to false by default from settings if CLI flag is not present" time="0.001641042">
            <system-err>
Error accessing installation ID file, generating ephemeral ID: Error: ENOENT: no such file or directory, mkdir &apos;/mock/home/user/.gemini&apos;
[90m    at Proxy.mkdirSync (node:fs:1361:26)[39m
    at ensureGeminiDirExists (/Users/alexanderhuth/Code/yelm/packages/core/src/utils/user_id.ts:19:8)
    at getInstallationId (/Users/alexanderhuth/Code/yelm/packages/core/src/utils/user_id.ts:42:5)
    at ClearcutLogger.createLogEvent (/Users/alexanderhuth/Code/yelm/packages/core/src/telemetry/clearcut-logger/clearcut-logger.ts:94:53)
    at ClearcutLogger.logStartSessionEvent (/Users/alexanderhuth/Code/yelm/packages/core/src/telemetry/clearcut-logger/clearcut-logger.ts:269:31)
    at new Config (/Users/alexanderhuth/Code/yelm/packages/core/src/config/config.ts:250:41)
    at Module.loadCliConfig [90m(/Users/alexanderhuth/Code/yelm/packages/cli/[39msrc/config/config.ts:307:10[90m)[39m
[90m    at processTicksAndRejections (node:internal/process/task_queues:105:5)[39m
    at [90m/Users/alexanderhuth/Code/yelm/packages/cli/[39msrc/config/config.test.ts:179:20
    at file:///Users/alexanderhuth/Code/yelm/node_modules/[4m@vitest[24m/runner/dist/chunk-hooks.js:752:20 {
  errno: [33m-2[39m,
  code: [32m&apos;ENOENT&apos;[39m,
  syscall: [32m&apos;mkdir&apos;[39m,
  path: [32m&apos;/mock/home/user/.gemini&apos;[39m
}

            </system-err>
        </testcase>
        <testcase classname="src/config/config.test.ts" name="loadCliConfig &gt; should prioritize CLI flag over settings for showMemoryUsage (CLI true, settings false)" time="0.002170375">
            <system-err>
Error accessing installation ID file, generating ephemeral ID: Error: ENOENT: no such file or directory, mkdir &apos;/mock/home/user/.gemini&apos;
[90m    at Proxy.mkdirSync (node:fs:1361:26)[39m
    at ensureGeminiDirExists (/Users/alexanderhuth/Code/yelm/packages/core/src/utils/user_id.ts:19:8)
    at getInstallationId (/Users/alexanderhuth/Code/yelm/packages/core/src/utils/user_id.ts:42:5)
    at ClearcutLogger.createLogEvent (/Users/alexanderhuth/Code/yelm/packages/core/src/telemetry/clearcut-logger/clearcut-logger.ts:94:53)
    at ClearcutLogger.logStartSessionEvent (/Users/alexanderhuth/Code/yelm/packages/core/src/telemetry/clearcut-logger/clearcut-logger.ts:269:31)
    at new Config (/Users/alexanderhuth/Code/yelm/packages/core/src/config/config.ts:250:41)
    at Module.loadCliConfig [90m(/Users/alexanderhuth/Code/yelm/packages/cli/[39msrc/config/config.ts:307:10[90m)[39m
[90m    at processTicksAndRejections (node:internal/process/task_queues:105:5)[39m
    at [90m/Users/alexanderhuth/Code/yelm/packages/cli/[39msrc/config/config.test.ts:187:20
    at file:///Users/alexanderhuth/Code/yelm/node_modules/[4m@vitest[24m/runner/dist/chunk-hooks.js:752:20 {
  errno: [33m-2[39m,
  code: [32m&apos;ENOENT&apos;[39m,
  syscall: [32m&apos;mkdir&apos;[39m,
  path: [32m&apos;/mock/home/user/.gemini&apos;[39m
}

            </system-err>
        </testcase>
        <testcase classname="src/config/config.test.ts" name="loadCliConfig telemetry &gt; should set telemetry to false by default when no flag or setting is present" time="0.002988875">
            <system-err>
Error accessing installation ID file, generating ephemeral ID: Error: ENOENT: no such file or directory, mkdir &apos;/mock/home/user/.gemini&apos;
[90m    at Proxy.mkdirSync (node:fs:1361:26)[39m
    at ensureGeminiDirExists (/Users/alexanderhuth/Code/yelm/packages/core/src/utils/user_id.ts:19:8)
    at getInstallationId (/Users/alexanderhuth/Code/yelm/packages/core/src/utils/user_id.ts:42:5)
    at ClearcutLogger.createLogEvent (/Users/alexanderhuth/Code/yelm/packages/core/src/telemetry/clearcut-logger/clearcut-logger.ts:94:53)
    at ClearcutLogger.logStartSessionEvent (/Users/alexanderhuth/Code/yelm/packages/core/src/telemetry/clearcut-logger/clearcut-logger.ts:269:31)
    at new Config (/Users/alexanderhuth/Code/yelm/packages/core/src/config/config.ts:250:41)
    at Module.loadCliConfig [90m(/Users/alexanderhuth/Code/yelm/packages/cli/[39msrc/config/config.ts:307:10[90m)[39m
[90m    at processTicksAndRejections (node:internal/process/task_queues:105:5)[39m
    at [90m/Users/alexanderhuth/Code/yelm/packages/cli/[39msrc/config/config.test.ts:212:20
    at file:///Users/alexanderhuth/Code/yelm/node_modules/[4m@vitest[24m/runner/dist/chunk-hooks.js:752:20 {
  errno: [33m-2[39m,
  code: [32m&apos;ENOENT&apos;[39m,
  syscall: [32m&apos;mkdir&apos;[39m,
  path: [32m&apos;/mock/home/user/.gemini&apos;[39m
}

            </system-err>
        </testcase>
        <testcase classname="src/config/config.test.ts" name="loadCliConfig telemetry &gt; should set telemetry to true when --telemetry flag is present" time="0.0090045">
            <system-out>
OpenTelemetry SDK started successfully.

            </system-out>
            <system-err>
Error accessing installation ID file, generating ephemeral ID: Error: ENOENT: no such file or directory, mkdir &apos;/mock/home/user/.gemini&apos;
[90m    at Proxy.mkdirSync (node:fs:1361:26)[39m
    at ensureGeminiDirExists (/Users/alexanderhuth/Code/yelm/packages/core/src/utils/user_id.ts:19:8)
    at getInstallationId (/Users/alexanderhuth/Code/yelm/packages/core/src/utils/user_id.ts:42:5)
    at ClearcutLogger.createLogEvent (/Users/alexanderhuth/Code/yelm/packages/core/src/telemetry/clearcut-logger/clearcut-logger.ts:94:53)
    at ClearcutLogger.logStartSessionEvent (/Users/alexanderhuth/Code/yelm/packages/core/src/telemetry/clearcut-logger/clearcut-logger.ts:269:31)
    at new Config (/Users/alexanderhuth/Code/yelm/packages/core/src/config/config.ts:250:41)
    at Module.loadCliConfig [90m(/Users/alexanderhuth/Code/yelm/packages/cli/[39msrc/config/config.ts:307:10[90m)[39m
[90m    at processTicksAndRejections (node:internal/process/task_queues:105:5)[39m
    at [90m/Users/alexanderhuth/Code/yelm/packages/cli/[39msrc/config/config.test.ts:220:20
    at file:///Users/alexanderhuth/Code/yelm/node_modules/[4m@vitest[24m/runner/dist/chunk-hooks.js:752:20 {
  errno: [33m-2[39m,
  code: [32m&apos;ENOENT&apos;[39m,
  syscall: [32m&apos;mkdir&apos;[39m,
  path: [32m&apos;/mock/home/user/.gemini&apos;[39m
}
Accessing resource attributes before async attributes settled

            </system-err>
        </testcase>
        <testcase classname="src/config/config.test.ts" name="loadCliConfig telemetry &gt; should set telemetry to false when --no-telemetry flag is present" time="0.001972">
            <system-err>
Error accessing installation ID file, generating ephemeral ID: Error: ENOENT: no such file or directory, mkdir &apos;/mock/home/user/.gemini&apos;
[90m    at Proxy.mkdirSync (node:fs:1361:26)[39m
    at ensureGeminiDirExists (/Users/alexanderhuth/Code/yelm/packages/core/src/utils/user_id.ts:19:8)
    at getInstallationId (/Users/alexanderhuth/Code/yelm/packages/core/src/utils/user_id.ts:42:5)
    at ClearcutLogger.createLogEvent (/Users/alexanderhuth/Code/yelm/packages/core/src/telemetry/clearcut-logger/clearcut-logger.ts:94:53)
    at ClearcutLogger.logStartSessionEvent (/Users/alexanderhuth/Code/yelm/packages/core/src/telemetry/clearcut-logger/clearcut-logger.ts:269:31)
    at new Config (/Users/alexanderhuth/Code/yelm/packages/core/src/config/config.ts:250:41)
    at Module.loadCliConfig [90m(/Users/alexanderhuth/Code/yelm/packages/cli/[39msrc/config/config.ts:307:10[90m)[39m
[90m    at processTicksAndRejections (node:internal/process/task_queues:105:5)[39m
    at [90m/Users/alexanderhuth/Code/yelm/packages/cli/[39msrc/config/config.test.ts:228:20
    at file:///Users/alexanderhuth/Code/yelm/node_modules/[4m@vitest[24m/runner/dist/chunk-hooks.js:752:20 {
  errno: [33m-2[39m,
  code: [32m&apos;ENOENT&apos;[39m,
  syscall: [32m&apos;mkdir&apos;[39m,
  path: [32m&apos;/mock/home/user/.gemini&apos;[39m
}

            </system-err>
        </testcase>
        <testcase classname="src/config/config.test.ts" name="loadCliConfig telemetry &gt; should use telemetry value from settings if CLI flag is not present (settings true)" time="0.001824667">
            <system-err>
Error accessing installation ID file, generating ephemeral ID: Error: ENOENT: no such file or directory, mkdir &apos;/mock/home/user/.gemini&apos;
[90m    at Proxy.mkdirSync (node:fs:1361:26)[39m
    at ensureGeminiDirExists (/Users/alexanderhuth/Code/yelm/packages/core/src/utils/user_id.ts:19:8)
    at getInstallationId (/Users/alexanderhuth/Code/yelm/packages/core/src/utils/user_id.ts:42:5)
    at ClearcutLogger.createLogEvent (/Users/alexanderhuth/Code/yelm/packages/core/src/telemetry/clearcut-logger/clearcut-logger.ts:94:53)
    at ClearcutLogger.logStartSessionEvent (/Users/alexanderhuth/Code/yelm/packages/core/src/telemetry/clearcut-logger/clearcut-logger.ts:269:31)
    at new Config (/Users/alexanderhuth/Code/yelm/packages/core/src/config/config.ts:250:41)
    at Module.loadCliConfig [90m(/Users/alexanderhuth/Code/yelm/packages/cli/[39msrc/config/config.ts:307:10[90m)[39m
[90m    at processTicksAndRejections (node:internal/process/task_queues:105:5)[39m
    at [90m/Users/alexanderhuth/Code/yelm/packages/cli/[39msrc/config/config.test.ts:236:20
    at file:///Users/alexanderhuth/Code/yelm/node_modules/[4m@vitest[24m/runner/dist/chunk-hooks.js:752:20 {
  errno: [33m-2[39m,
  code: [32m&apos;ENOENT&apos;[39m,
  syscall: [32m&apos;mkdir&apos;[39m,
  path: [32m&apos;/mock/home/user/.gemini&apos;[39m
}

            </system-err>
        </testcase>
        <testcase classname="src/config/config.test.ts" name="loadCliConfig telemetry &gt; should use telemetry value from settings if CLI flag is not present (settings false)" time="0.002540375">
            <system-err>
Error accessing installation ID file, generating ephemeral ID: Error: ENOENT: no such file or directory, mkdir &apos;/mock/home/user/.gemini&apos;
[90m    at Proxy.mkdirSync (node:fs:1361:26)[39m
    at ensureGeminiDirExists (/Users/alexanderhuth/Code/yelm/packages/core/src/utils/user_id.ts:19:8)
    at getInstallationId (/Users/alexanderhuth/Code/yelm/packages/core/src/utils/user_id.ts:42:5)
    at ClearcutLogger.createLogEvent (/Users/alexanderhuth/Code/yelm/packages/core/src/telemetry/clearcut-logger/clearcut-logger.ts:94:53)
    at ClearcutLogger.logStartSessionEvent (/Users/alexanderhuth/Code/yelm/packages/core/src/telemetry/clearcut-logger/clearcut-logger.ts:269:31)
    at new Config (/Users/alexanderhuth/Code/yelm/packages/core/src/config/config.ts:250:41)
    at Module.loadCliConfig [90m(/Users/alexanderhuth/Code/yelm/packages/cli/[39msrc/config/config.ts:307:10[90m)[39m
[90m    at processTicksAndRejections (node:internal/process/task_queues:105:5)[39m
    at [90m/Users/alexanderhuth/Code/yelm/packages/cli/[39msrc/config/config.test.ts:244:20
    at file:///Users/alexanderhuth/Code/yelm/node_modules/[4m@vitest[24m/runner/dist/chunk-hooks.js:752:20 {
  errno: [33m-2[39m,
  code: [32m&apos;ENOENT&apos;[39m,
  syscall: [32m&apos;mkdir&apos;[39m,
  path: [32m&apos;/mock/home/user/.gemini&apos;[39m
}

            </system-err>
        </testcase>
        <testcase classname="src/config/config.test.ts" name="loadCliConfig telemetry &gt; should prioritize --telemetry CLI flag (true) over settings (false)" time="0.002512083">
            <system-err>
Error accessing installation ID file, generating ephemeral ID: Error: ENOENT: no such file or directory, mkdir &apos;/mock/home/user/.gemini&apos;
[90m    at Proxy.mkdirSync (node:fs:1361:26)[39m
    at ensureGeminiDirExists (/Users/alexanderhuth/Code/yelm/packages/core/src/utils/user_id.ts:19:8)
    at getInstallationId (/Users/alexanderhuth/Code/yelm/packages/core/src/utils/user_id.ts:42:5)
    at ClearcutLogger.createLogEvent (/Users/alexanderhuth/Code/yelm/packages/core/src/telemetry/clearcut-logger/clearcut-logger.ts:94:53)
    at ClearcutLogger.logStartSessionEvent (/Users/alexanderhuth/Code/yelm/packages/core/src/telemetry/clearcut-logger/clearcut-logger.ts:269:31)
    at new Config (/Users/alexanderhuth/Code/yelm/packages/core/src/config/config.ts:250:41)
    at Module.loadCliConfig [90m(/Users/alexanderhuth/Code/yelm/packages/cli/[39msrc/config/config.ts:307:10[90m)[39m
[90m    at processTicksAndRejections (node:internal/process/task_queues:105:5)[39m
    at [90m/Users/alexanderhuth/Code/yelm/packages/cli/[39msrc/config/config.test.ts:252:20
    at file:///Users/alexanderhuth/Code/yelm/node_modules/[4m@vitest[24m/runner/dist/chunk-hooks.js:752:20 {
  errno: [33m-2[39m,
  code: [32m&apos;ENOENT&apos;[39m,
  syscall: [32m&apos;mkdir&apos;[39m,
  path: [32m&apos;/mock/home/user/.gemini&apos;[39m
}

            </system-err>
        </testcase>
        <testcase classname="src/config/config.test.ts" name="loadCliConfig telemetry &gt; should prioritize --no-telemetry CLI flag (false) over settings (true)" time="0.001570667">
            <system-err>
Error accessing installation ID file, generating ephemeral ID: Error: ENOENT: no such file or directory, mkdir &apos;/mock/home/user/.gemini&apos;
[90m    at Proxy.mkdirSync (node:fs:1361:26)[39m
    at ensureGeminiDirExists (/Users/alexanderhuth/Code/yelm/packages/core/src/utils/user_id.ts:19:8)
    at getInstallationId (/Users/alexanderhuth/Code/yelm/packages/core/src/utils/user_id.ts:42:5)
    at ClearcutLogger.createLogEvent (/Users/alexanderhuth/Code/yelm/packages/core/src/telemetry/clearcut-logger/clearcut-logger.ts:94:53)
    at ClearcutLogger.logStartSessionEvent (/Users/alexanderhuth/Code/yelm/packages/core/src/telemetry/clearcut-logger/clearcut-logger.ts:269:31)
    at new Config (/Users/alexanderhuth/Code/yelm/packages/core/src/config/config.ts:250:41)
    at Module.loadCliConfig [90m(/Users/alexanderhuth/Code/yelm/packages/cli/[39msrc/config/config.ts:307:10[90m)[39m
[90m    at processTicksAndRejections (node:internal/process/task_queues:105:5)[39m
    at [90m/Users/alexanderhuth/Code/yelm/packages/cli/[39msrc/config/config.test.ts:260:20
    at file:///Users/alexanderhuth/Code/yelm/node_modules/[4m@vitest[24m/runner/dist/chunk-hooks.js:752:20 {
  errno: [33m-2[39m,
  code: [32m&apos;ENOENT&apos;[39m,
  syscall: [32m&apos;mkdir&apos;[39m,
  path: [32m&apos;/mock/home/user/.gemini&apos;[39m
}

            </system-err>
        </testcase>
        <testcase classname="src/config/config.test.ts" name="loadCliConfig telemetry &gt; should use telemetry OTLP endpoint from settings if CLI flag is not present" time="0.001574625">
            <system-err>
Error accessing installation ID file, generating ephemeral ID: Error: ENOENT: no such file or directory, mkdir &apos;/mock/home/user/.gemini&apos;
[90m    at Proxy.mkdirSync (node:fs:1361:26)[39m
    at ensureGeminiDirExists (/Users/alexanderhuth/Code/yelm/packages/core/src/utils/user_id.ts:19:8)
    at getInstallationId (/Users/alexanderhuth/Code/yelm/packages/core/src/utils/user_id.ts:42:5)
    at ClearcutLogger.createLogEvent (/Users/alexanderhuth/Code/yelm/packages/core/src/telemetry/clearcut-logger/clearcut-logger.ts:94:53)
    at ClearcutLogger.logStartSessionEvent (/Users/alexanderhuth/Code/yelm/packages/core/src/telemetry/clearcut-logger/clearcut-logger.ts:269:31)
    at new Config (/Users/alexanderhuth/Code/yelm/packages/core/src/config/config.ts:250:41)
    at Module.loadCliConfig [90m(/Users/alexanderhuth/Code/yelm/packages/cli/[39msrc/config/config.ts:307:10[90m)[39m
[90m    at processTicksAndRejections (node:internal/process/task_queues:105:5)[39m
    at [90m/Users/alexanderhuth/Code/yelm/packages/cli/[39msrc/config/config.test.ts:270:20
    at file:///Users/alexanderhuth/Code/yelm/node_modules/[4m@vitest[24m/runner/dist/chunk-hooks.js:752:20 {
  errno: [33m-2[39m,
  code: [32m&apos;ENOENT&apos;[39m,
  syscall: [32m&apos;mkdir&apos;[39m,
  path: [32m&apos;/mock/home/user/.gemini&apos;[39m
}

            </system-err>
        </testcase>
        <testcase classname="src/config/config.test.ts" name="loadCliConfig telemetry &gt; should prioritize --telemetry-otlp-endpoint CLI flag over settings" time="0.001470208">
            <system-err>
Error accessing installation ID file, generating ephemeral ID: Error: ENOENT: no such file or directory, mkdir &apos;/mock/home/user/.gemini&apos;
[90m    at Proxy.mkdirSync (node:fs:1361:26)[39m
    at ensureGeminiDirExists (/Users/alexanderhuth/Code/yelm/packages/core/src/utils/user_id.ts:19:8)
    at getInstallationId (/Users/alexanderhuth/Code/yelm/packages/core/src/utils/user_id.ts:42:5)
    at ClearcutLogger.createLogEvent (/Users/alexanderhuth/Code/yelm/packages/core/src/telemetry/clearcut-logger/clearcut-logger.ts:94:53)
    at ClearcutLogger.logStartSessionEvent (/Users/alexanderhuth/Code/yelm/packages/core/src/telemetry/clearcut-logger/clearcut-logger.ts:269:31)
    at new Config (/Users/alexanderhuth/Code/yelm/packages/core/src/config/config.ts:250:41)
    at Module.loadCliConfig [90m(/Users/alexanderhuth/Code/yelm/packages/cli/[39msrc/config/config.ts:307:10[90m)[39m
[90m    at processTicksAndRejections (node:internal/process/task_queues:105:5)[39m
    at [90m/Users/alexanderhuth/Code/yelm/packages/cli/[39msrc/config/config.test.ts:287:20
    at file:///Users/alexanderhuth/Code/yelm/node_modules/[4m@vitest[24m/runner/dist/chunk-hooks.js:752:20 {
  errno: [33m-2[39m,
  code: [32m&apos;ENOENT&apos;[39m,
  syscall: [32m&apos;mkdir&apos;[39m,
  path: [32m&apos;/mock/home/user/.gemini&apos;[39m
}

            </system-err>
        </testcase>
        <testcase classname="src/config/config.test.ts" name="loadCliConfig telemetry &gt; should use default endpoint if no OTLP endpoint is provided via CLI or settings" time="0.001356917">
            <system-err>
Error accessing installation ID file, generating ephemeral ID: Error: ENOENT: no such file or directory, mkdir &apos;/mock/home/user/.gemini&apos;
[90m    at Proxy.mkdirSync (node:fs:1361:26)[39m
    at ensureGeminiDirExists (/Users/alexanderhuth/Code/yelm/packages/core/src/utils/user_id.ts:19:8)
    at getInstallationId (/Users/alexanderhuth/Code/yelm/packages/core/src/utils/user_id.ts:42:5)
    at ClearcutLogger.createLogEvent (/Users/alexanderhuth/Code/yelm/packages/core/src/telemetry/clearcut-logger/clearcut-logger.ts:94:53)
    at ClearcutLogger.logStartSessionEvent (/Users/alexanderhuth/Code/yelm/packages/core/src/telemetry/clearcut-logger/clearcut-logger.ts:269:31)
    at new Config (/Users/alexanderhuth/Code/yelm/packages/core/src/config/config.ts:250:41)
    at Module.loadCliConfig [90m(/Users/alexanderhuth/Code/yelm/packages/cli/[39msrc/config/config.ts:307:10[90m)[39m
[90m    at processTicksAndRejections (node:internal/process/task_queues:105:5)[39m
    at [90m/Users/alexanderhuth/Code/yelm/packages/cli/[39msrc/config/config.test.ts:295:20
    at file:///Users/alexanderhuth/Code/yelm/node_modules/[4m@vitest[24m/runner/dist/chunk-hooks.js:752:20 {
  errno: [33m-2[39m,
  code: [32m&apos;ENOENT&apos;[39m,
  syscall: [32m&apos;mkdir&apos;[39m,
  path: [32m&apos;/mock/home/user/.gemini&apos;[39m
}

            </system-err>
        </testcase>
        <testcase classname="src/config/config.test.ts" name="loadCliConfig telemetry &gt; should use telemetry target from settings if CLI flag is not present" time="0.001298625">
            <system-err>
Error accessing installation ID file, generating ephemeral ID: Error: ENOENT: no such file or directory, mkdir &apos;/mock/home/user/.gemini&apos;
[90m    at Proxy.mkdirSync (node:fs:1361:26)[39m
    at ensureGeminiDirExists (/Users/alexanderhuth/Code/yelm/packages/core/src/utils/user_id.ts:19:8)
    at getInstallationId (/Users/alexanderhuth/Code/yelm/packages/core/src/utils/user_id.ts:42:5)
    at ClearcutLogger.createLogEvent (/Users/alexanderhuth/Code/yelm/packages/core/src/telemetry/clearcut-logger/clearcut-logger.ts:94:53)
    at ClearcutLogger.logStartSessionEvent (/Users/alexanderhuth/Code/yelm/packages/core/src/telemetry/clearcut-logger/clearcut-logger.ts:269:31)
    at new Config (/Users/alexanderhuth/Code/yelm/packages/core/src/config/config.ts:250:41)
    at Module.loadCliConfig [90m(/Users/alexanderhuth/Code/yelm/packages/cli/[39msrc/config/config.ts:307:10[90m)[39m
[90m    at processTicksAndRejections (node:internal/process/task_queues:105:5)[39m
    at [90m/Users/alexanderhuth/Code/yelm/packages/cli/[39msrc/config/config.test.ts:305:20
    at file:///Users/alexanderhuth/Code/yelm/node_modules/[4m@vitest[24m/runner/dist/chunk-hooks.js:752:20 {
  errno: [33m-2[39m,
  code: [32m&apos;ENOENT&apos;[39m,
  syscall: [32m&apos;mkdir&apos;[39m,
  path: [32m&apos;/mock/home/user/.gemini&apos;[39m
}

            </system-err>
        </testcase>
        <testcase classname="src/config/config.test.ts" name="loadCliConfig telemetry &gt; should prioritize --telemetry-target CLI flag over settings" time="0.009748166">
            <system-err>
Error accessing installation ID file, generating ephemeral ID: Error: ENOENT: no such file or directory, mkdir &apos;/mock/home/user/.gemini&apos;
[90m    at Proxy.mkdirSync (node:fs:1361:26)[39m
    at ensureGeminiDirExists (/Users/alexanderhuth/Code/yelm/packages/core/src/utils/user_id.ts:19:8)
    at getInstallationId (/Users/alexanderhuth/Code/yelm/packages/core/src/utils/user_id.ts:42:5)
    at ClearcutLogger.createLogEvent (/Users/alexanderhuth/Code/yelm/packages/core/src/telemetry/clearcut-logger/clearcut-logger.ts:94:53)
    at ClearcutLogger.logStartSessionEvent (/Users/alexanderhuth/Code/yelm/packages/core/src/telemetry/clearcut-logger/clearcut-logger.ts:269:31)
    at new Config (/Users/alexanderhuth/Code/yelm/packages/core/src/config/config.ts:250:41)
    at Module.loadCliConfig [90m(/Users/alexanderhuth/Code/yelm/packages/cli/[39msrc/config/config.ts:307:10[90m)[39m
[90m    at processTicksAndRejections (node:internal/process/task_queues:105:5)[39m
    at [90m/Users/alexanderhuth/Code/yelm/packages/cli/[39msrc/config/config.test.ts:317:20
    at file:///Users/alexanderhuth/Code/yelm/node_modules/[4m@vitest[24m/runner/dist/chunk-hooks.js:752:20 {
  errno: [33m-2[39m,
  code: [32m&apos;ENOENT&apos;[39m,
  syscall: [32m&apos;mkdir&apos;[39m,
  path: [32m&apos;/mock/home/user/.gemini&apos;[39m
}

            </system-err>
        </testcase>
        <testcase classname="src/config/config.test.ts" name="loadCliConfig telemetry &gt; should use default target if no target is provided via CLI or settings" time="0.007139958">
            <system-err>
Error accessing installation ID file, generating ephemeral ID: Error: ENOENT: no such file or directory, mkdir &apos;/mock/home/user/.gemini&apos;
[90m    at Proxy.mkdirSync (node:fs:1361:26)[39m
    at ensureGeminiDirExists (/Users/alexanderhuth/Code/yelm/packages/core/src/utils/user_id.ts:19:8)
    at getInstallationId (/Users/alexanderhuth/Code/yelm/packages/core/src/utils/user_id.ts:42:5)
    at ClearcutLogger.createLogEvent (/Users/alexanderhuth/Code/yelm/packages/core/src/telemetry/clearcut-logger/clearcut-logger.ts:94:53)
    at ClearcutLogger.logStartSessionEvent (/Users/alexanderhuth/Code/yelm/packages/core/src/telemetry/clearcut-logger/clearcut-logger.ts:269:31)
    at new Config (/Users/alexanderhuth/Code/yelm/packages/core/src/config/config.ts:250:41)
    at Module.loadCliConfig [90m(/Users/alexanderhuth/Code/yelm/packages/cli/[39msrc/config/config.ts:307:10[90m)[39m
[90m    at processTicksAndRejections (node:internal/process/task_queues:105:5)[39m
    at [90m/Users/alexanderhuth/Code/yelm/packages/cli/[39msrc/config/config.test.ts:325:20
    at file:///Users/alexanderhuth/Code/yelm/node_modules/[4m@vitest[24m/runner/dist/chunk-hooks.js:752:20 {
  errno: [33m-2[39m,
  code: [32m&apos;ENOENT&apos;[39m,
  syscall: [32m&apos;mkdir&apos;[39m,
  path: [32m&apos;/mock/home/user/.gemini&apos;[39m
}

            </system-err>
        </testcase>
        <testcase classname="src/config/config.test.ts" name="loadCliConfig telemetry &gt; should use telemetry log prompts from settings if CLI flag is not present" time="0.001975667">
            <system-err>
Error accessing installation ID file, generating ephemeral ID: Error: ENOENT: no such file or directory, mkdir &apos;/mock/home/user/.gemini&apos;
[90m    at Proxy.mkdirSync (node:fs:1361:26)[39m
    at ensureGeminiDirExists (/Users/alexanderhuth/Code/yelm/packages/core/src/utils/user_id.ts:19:8)
    at getInstallationId (/Users/alexanderhuth/Code/yelm/packages/core/src/utils/user_id.ts:42:5)
    at ClearcutLogger.createLogEvent (/Users/alexanderhuth/Code/yelm/packages/core/src/telemetry/clearcut-logger/clearcut-logger.ts:94:53)
    at ClearcutLogger.logStartSessionEvent (/Users/alexanderhuth/Code/yelm/packages/core/src/telemetry/clearcut-logger/clearcut-logger.ts:269:31)
    at new Config (/Users/alexanderhuth/Code/yelm/packages/core/src/config/config.ts:250:41)
    at Module.loadCliConfig [90m(/Users/alexanderhuth/Code/yelm/packages/cli/[39msrc/config/config.ts:307:10[90m)[39m
[90m    at processTicksAndRejections (node:internal/process/task_queues:105:5)[39m
    at [90m/Users/alexanderhuth/Code/yelm/packages/cli/[39msrc/config/config.test.ts:335:20
    at file:///Users/alexanderhuth/Code/yelm/node_modules/[4m@vitest[24m/runner/dist/chunk-hooks.js:752:20 {
  errno: [33m-2[39m,
  code: [32m&apos;ENOENT&apos;[39m,
  syscall: [32m&apos;mkdir&apos;[39m,
  path: [32m&apos;/mock/home/user/.gemini&apos;[39m
}

            </system-err>
        </testcase>
        <testcase classname="src/config/config.test.ts" name="loadCliConfig telemetry &gt; should prioritize --telemetry-log-prompts CLI flag (true) over settings (false)" time="0.001753833">
            <system-err>
Error accessing installation ID file, generating ephemeral ID: Error: ENOENT: no such file or directory, mkdir &apos;/mock/home/user/.gemini&apos;
[90m    at Proxy.mkdirSync (node:fs:1361:26)[39m
    at ensureGeminiDirExists (/Users/alexanderhuth/Code/yelm/packages/core/src/utils/user_id.ts:19:8)
    at getInstallationId (/Users/alexanderhuth/Code/yelm/packages/core/src/utils/user_id.ts:42:5)
    at ClearcutLogger.createLogEvent (/Users/alexanderhuth/Code/yelm/packages/core/src/telemetry/clearcut-logger/clearcut-logger.ts:94:53)
    at ClearcutLogger.logStartSessionEvent (/Users/alexanderhuth/Code/yelm/packages/core/src/telemetry/clearcut-logger/clearcut-logger.ts:269:31)
    at new Config (/Users/alexanderhuth/Code/yelm/packages/core/src/config/config.ts:250:41)
    at Module.loadCliConfig [90m(/Users/alexanderhuth/Code/yelm/packages/cli/[39msrc/config/config.ts:307:10[90m)[39m
[90m    at processTicksAndRejections (node:internal/process/task_queues:105:5)[39m
    at [90m/Users/alexanderhuth/Code/yelm/packages/cli/[39msrc/config/config.test.ts:343:20
    at file:///Users/alexanderhuth/Code/yelm/node_modules/[4m@vitest[24m/runner/dist/chunk-hooks.js:752:20 {
  errno: [33m-2[39m,
  code: [32m&apos;ENOENT&apos;[39m,
  syscall: [32m&apos;mkdir&apos;[39m,
  path: [32m&apos;/mock/home/user/.gemini&apos;[39m
}

            </system-err>
        </testcase>
        <testcase classname="src/config/config.test.ts" name="loadCliConfig telemetry &gt; should prioritize --no-telemetry-log-prompts CLI flag (false) over settings (true)" time="0.001806416">
            <system-err>
Error accessing installation ID file, generating ephemeral ID: Error: ENOENT: no such file or directory, mkdir &apos;/mock/home/user/.gemini&apos;
[90m    at Proxy.mkdirSync (node:fs:1361:26)[39m
    at ensureGeminiDirExists (/Users/alexanderhuth/Code/yelm/packages/core/src/utils/user_id.ts:19:8)
    at getInstallationId (/Users/alexanderhuth/Code/yelm/packages/core/src/utils/user_id.ts:42:5)
    at ClearcutLogger.createLogEvent (/Users/alexanderhuth/Code/yelm/packages/core/src/telemetry/clearcut-logger/clearcut-logger.ts:94:53)
    at ClearcutLogger.logStartSessionEvent (/Users/alexanderhuth/Code/yelm/packages/core/src/telemetry/clearcut-logger/clearcut-logger.ts:269:31)
    at new Config (/Users/alexanderhuth/Code/yelm/packages/core/src/config/config.ts:250:41)
    at Module.loadCliConfig [90m(/Users/alexanderhuth/Code/yelm/packages/cli/[39msrc/config/config.ts:307:10[90m)[39m
[90m    at processTicksAndRejections (node:internal/process/task_queues:105:5)[39m
    at [90m/Users/alexanderhuth/Code/yelm/packages/cli/[39msrc/config/config.test.ts:351:20
    at file:///Users/alexanderhuth/Code/yelm/node_modules/[4m@vitest[24m/runner/dist/chunk-hooks.js:752:20 {
  errno: [33m-2[39m,
  code: [32m&apos;ENOENT&apos;[39m,
  syscall: [32m&apos;mkdir&apos;[39m,
  path: [32m&apos;/mock/home/user/.gemini&apos;[39m
}

            </system-err>
        </testcase>
        <testcase classname="src/config/config.test.ts" name="loadCliConfig telemetry &gt; should use default log prompts (true) if no value is provided via CLI or settings" time="0.0024365">
            <system-err>
Error accessing installation ID file, generating ephemeral ID: Error: ENOENT: no such file or directory, mkdir &apos;/mock/home/user/.gemini&apos;
[90m    at Proxy.mkdirSync (node:fs:1361:26)[39m
    at ensureGeminiDirExists (/Users/alexanderhuth/Code/yelm/packages/core/src/utils/user_id.ts:19:8)
    at getInstallationId (/Users/alexanderhuth/Code/yelm/packages/core/src/utils/user_id.ts:42:5)
    at ClearcutLogger.createLogEvent (/Users/alexanderhuth/Code/yelm/packages/core/src/telemetry/clearcut-logger/clearcut-logger.ts:94:53)
    at ClearcutLogger.logStartSessionEvent (/Users/alexanderhuth/Code/yelm/packages/core/src/telemetry/clearcut-logger/clearcut-logger.ts:269:31)
    at new Config (/Users/alexanderhuth/Code/yelm/packages/core/src/config/config.ts:250:41)
    at Module.loadCliConfig [90m(/Users/alexanderhuth/Code/yelm/packages/cli/[39msrc/config/config.ts:307:10[90m)[39m
[90m    at processTicksAndRejections (node:internal/process/task_queues:105:5)[39m
    at [90m/Users/alexanderhuth/Code/yelm/packages/cli/[39msrc/config/config.test.ts:359:20
    at file:///Users/alexanderhuth/Code/yelm/node_modules/[4m@vitest[24m/runner/dist/chunk-hooks.js:752:20 {
  errno: [33m-2[39m,
  code: [32m&apos;ENOENT&apos;[39m,
  syscall: [32m&apos;mkdir&apos;[39m,
  path: [32m&apos;/mock/home/user/.gemini&apos;[39m
}

            </system-err>
        </testcase>
        <testcase classname="src/config/config.test.ts" name="Hierarchical Memory Loading (config.ts) - Placeholder Suite &gt; should pass extension context file paths to loadServerHierarchicalMemory" time="0.002350125">
            <system-err>
Error accessing installation ID file, generating ephemeral ID: Error: ENOENT: no such file or directory, mkdir &apos;/mock/home/user/.gemini&apos;
[90m    at Proxy.mkdirSync (node:fs:1361:26)[39m
    at ensureGeminiDirExists (/Users/alexanderhuth/Code/yelm/packages/core/src/utils/user_id.ts:19:8)
    at getInstallationId (/Users/alexanderhuth/Code/yelm/packages/core/src/utils/user_id.ts:42:5)
    at ClearcutLogger.createLogEvent (/Users/alexanderhuth/Code/yelm/packages/core/src/telemetry/clearcut-logger/clearcut-logger.ts:94:53)
    at ClearcutLogger.logStartSessionEvent (/Users/alexanderhuth/Code/yelm/packages/core/src/telemetry/clearcut-logger/clearcut-logger.ts:269:31)
    at new Config (/Users/alexanderhuth/Code/yelm/packages/core/src/config/config.ts:250:41)
    at Module.loadCliConfig [90m(/Users/alexanderhuth/Code/yelm/packages/cli/[39msrc/config/config.ts:307:10[90m)[39m
[90m    at processTicksAndRejections (node:internal/process/task_queues:105:5)[39m
    at [90m/Users/alexanderhuth/Code/yelm/packages/cli/[39msrc/config/config.test.ts:405:5
    at file:///Users/alexanderhuth/Code/yelm/node_modules/[4m@vitest[24m/runner/dist/chunk-hooks.js:752:20 {
  errno: [33m-2[39m,
  code: [32m&apos;ENOENT&apos;[39m,
  syscall: [32m&apos;mkdir&apos;[39m,
  path: [32m&apos;/mock/home/user/.gemini&apos;[39m
}

            </system-err>
        </testcase>
        <testcase classname="src/config/config.test.ts" name="mergeMcpServers &gt; should not modify the original settings object" time="0.001798167">
            <system-err>
Error accessing installation ID file, generating ephemeral ID: Error: ENOENT: no such file or directory, mkdir &apos;/mock/home/user/.gemini&apos;
[90m    at Proxy.mkdirSync (node:fs:1361:26)[39m
    at ensureGeminiDirExists (/Users/alexanderhuth/Code/yelm/packages/core/src/utils/user_id.ts:19:8)
    at getInstallationId (/Users/alexanderhuth/Code/yelm/packages/core/src/utils/user_id.ts:42:5)
    at ClearcutLogger.createLogEvent (/Users/alexanderhuth/Code/yelm/packages/core/src/telemetry/clearcut-logger/clearcut-logger.ts:94:53)
    at ClearcutLogger.logStartSessionEvent (/Users/alexanderhuth/Code/yelm/packages/core/src/telemetry/clearcut-logger/clearcut-logger.ts:269:31)
    at new Config (/Users/alexanderhuth/Code/yelm/packages/core/src/config/config.ts:250:41)
    at Module.loadCliConfig [90m(/Users/alexanderhuth/Code/yelm/packages/cli/[39msrc/config/config.ts:307:10[90m)[39m
[90m    at processTicksAndRejections (node:internal/process/task_queues:105:5)[39m
    at [90m/Users/alexanderhuth/Code/yelm/packages/cli/[39msrc/config/config.test.ts:467:5
    at file:///Users/alexanderhuth/Code/yelm/node_modules/[4m@vitest[24m/runner/dist/chunk-hooks.js:752:20 {
  errno: [33m-2[39m,
  code: [32m&apos;ENOENT&apos;[39m,
  syscall: [32m&apos;mkdir&apos;[39m,
  path: [32m&apos;/mock/home/user/.gemini&apos;[39m
}

            </system-err>
        </testcase>
        <testcase classname="src/config/config.test.ts" name="mergeExcludeTools &gt; should merge excludeTools from settings and extensions" time="0.001738291">
            <system-err>
Error accessing installation ID file, generating ephemeral ID: Error: ENOENT: no such file or directory, mkdir &apos;/mock/home/user/.gemini&apos;
[90m    at Proxy.mkdirSync (node:fs:1361:26)[39m
    at ensureGeminiDirExists (/Users/alexanderhuth/Code/yelm/packages/core/src/utils/user_id.ts:19:8)
    at getInstallationId (/Users/alexanderhuth/Code/yelm/packages/core/src/utils/user_id.ts:42:5)
    at ClearcutLogger.createLogEvent (/Users/alexanderhuth/Code/yelm/packages/core/src/telemetry/clearcut-logger/clearcut-logger.ts:94:53)
    at ClearcutLogger.logStartSessionEvent (/Users/alexanderhuth/Code/yelm/packages/core/src/telemetry/clearcut-logger/clearcut-logger.ts:269:31)
    at new Config (/Users/alexanderhuth/Code/yelm/packages/core/src/config/config.ts:250:41)
    at Module.loadCliConfig [90m(/Users/alexanderhuth/Code/yelm/packages/cli/[39msrc/config/config.ts:307:10[90m)[39m
[90m    at processTicksAndRejections (node:internal/process/task_queues:105:5)[39m
    at [90m/Users/alexanderhuth/Code/yelm/packages/cli/[39msrc/config/config.test.ts:495:20
    at file:///Users/alexanderhuth/Code/yelm/node_modules/[4m@vitest[24m/runner/dist/chunk-hooks.js:752:20 {
  errno: [33m-2[39m,
  code: [32m&apos;ENOENT&apos;[39m,
  syscall: [32m&apos;mkdir&apos;[39m,
  path: [32m&apos;/mock/home/user/.gemini&apos;[39m
}

            </system-err>
        </testcase>
        <testcase classname="src/config/config.test.ts" name="mergeExcludeTools &gt; should handle overlapping excludeTools between settings and extensions" time="0.001322542">
            <system-err>
Error accessing installation ID file, generating ephemeral ID: Error: ENOENT: no such file or directory, mkdir &apos;/mock/home/user/.gemini&apos;
[90m    at Proxy.mkdirSync (node:fs:1361:26)[39m
    at ensureGeminiDirExists (/Users/alexanderhuth/Code/yelm/packages/core/src/utils/user_id.ts:19:8)
    at getInstallationId (/Users/alexanderhuth/Code/yelm/packages/core/src/utils/user_id.ts:42:5)
    at ClearcutLogger.createLogEvent (/Users/alexanderhuth/Code/yelm/packages/core/src/telemetry/clearcut-logger/clearcut-logger.ts:94:53)
    at ClearcutLogger.logStartSessionEvent (/Users/alexanderhuth/Code/yelm/packages/core/src/telemetry/clearcut-logger/clearcut-logger.ts:269:31)
    at new Config (/Users/alexanderhuth/Code/yelm/packages/core/src/config/config.ts:250:41)
    at Module.loadCliConfig [90m(/Users/alexanderhuth/Code/yelm/packages/cli/[39msrc/config/config.ts:307:10[90m)[39m
[90m    at processTicksAndRejections (node:internal/process/task_queues:105:5)[39m
    at [90m/Users/alexanderhuth/Code/yelm/packages/cli/[39msrc/config/config.test.ts:521:20
    at file:///Users/alexanderhuth/Code/yelm/node_modules/[4m@vitest[24m/runner/dist/chunk-hooks.js:752:20 {
  errno: [33m-2[39m,
  code: [32m&apos;ENOENT&apos;[39m,
  syscall: [32m&apos;mkdir&apos;[39m,
  path: [32m&apos;/mock/home/user/.gemini&apos;[39m
}

            </system-err>
        </testcase>
        <testcase classname="src/config/config.test.ts" name="mergeExcludeTools &gt; should handle overlapping excludeTools between extensions" time="0.001249792">
            <system-err>
Error accessing installation ID file, generating ephemeral ID: Error: ENOENT: no such file or directory, mkdir &apos;/mock/home/user/.gemini&apos;
[90m    at Proxy.mkdirSync (node:fs:1361:26)[39m
    at ensureGeminiDirExists (/Users/alexanderhuth/Code/yelm/packages/core/src/utils/user_id.ts:19:8)
    at getInstallationId (/Users/alexanderhuth/Code/yelm/packages/core/src/utils/user_id.ts:42:5)
    at ClearcutLogger.createLogEvent (/Users/alexanderhuth/Code/yelm/packages/core/src/telemetry/clearcut-logger/clearcut-logger.ts:94:53)
    at ClearcutLogger.logStartSessionEvent (/Users/alexanderhuth/Code/yelm/packages/core/src/telemetry/clearcut-logger/clearcut-logger.ts:269:31)
    at new Config (/Users/alexanderhuth/Code/yelm/packages/core/src/config/config.ts:250:41)
    at Module.loadCliConfig [90m(/Users/alexanderhuth/Code/yelm/packages/cli/[39msrc/config/config.ts:307:10[90m)[39m
[90m    at processTicksAndRejections (node:internal/process/task_queues:105:5)[39m
    at [90m/Users/alexanderhuth/Code/yelm/packages/cli/[39msrc/config/config.test.ts:555:20
    at file:///Users/alexanderhuth/Code/yelm/node_modules/[4m@vitest[24m/runner/dist/chunk-hooks.js:752:20 {
  errno: [33m-2[39m,
  code: [32m&apos;ENOENT&apos;[39m,
  syscall: [32m&apos;mkdir&apos;[39m,
  path: [32m&apos;/mock/home/user/.gemini&apos;[39m
}

            </system-err>
        </testcase>
        <testcase classname="src/config/config.test.ts" name="mergeExcludeTools &gt; should return an empty array when no excludeTools are specified" time="0.003536542">
            <system-err>
Error accessing installation ID file, generating ephemeral ID: Error: ENOENT: no such file or directory, mkdir &apos;/mock/home/user/.gemini&apos;
[90m    at Proxy.mkdirSync (node:fs:1361:26)[39m
    at ensureGeminiDirExists (/Users/alexanderhuth/Code/yelm/packages/core/src/utils/user_id.ts:19:8)
    at getInstallationId (/Users/alexanderhuth/Code/yelm/packages/core/src/utils/user_id.ts:42:5)
    at ClearcutLogger.createLogEvent (/Users/alexanderhuth/Code/yelm/packages/core/src/telemetry/clearcut-logger/clearcut-logger.ts:94:53)
    at ClearcutLogger.logStartSessionEvent (/Users/alexanderhuth/Code/yelm/packages/core/src/telemetry/clearcut-logger/clearcut-logger.ts:269:31)
    at new Config (/Users/alexanderhuth/Code/yelm/packages/core/src/config/config.ts:250:41)
    at Module.loadCliConfig [90m(/Users/alexanderhuth/Code/yelm/packages/cli/[39msrc/config/config.ts:307:10[90m)[39m
[90m    at processTicksAndRejections (node:internal/process/task_queues:105:5)[39m
    at [90m/Users/alexanderhuth/Code/yelm/packages/cli/[39msrc/config/config.test.ts:572:20
    at file:///Users/alexanderhuth/Code/yelm/node_modules/[4m@vitest[24m/runner/dist/chunk-hooks.js:752:20 {
  errno: [33m-2[39m,
  code: [32m&apos;ENOENT&apos;[39m,
  syscall: [32m&apos;mkdir&apos;[39m,
  path: [32m&apos;/mock/home/user/.gemini&apos;[39m
}

            </system-err>
        </testcase>
        <testcase classname="src/config/config.test.ts" name="mergeExcludeTools &gt; should handle settings with excludeTools but no extensions" time="0.001772208">
            <system-err>
Error accessing installation ID file, generating ephemeral ID: Error: ENOENT: no such file or directory, mkdir &apos;/mock/home/user/.gemini&apos;
[90m    at Proxy.mkdirSync (node:fs:1361:26)[39m
    at ensureGeminiDirExists (/Users/alexanderhuth/Code/yelm/packages/core/src/utils/user_id.ts:19:8)
    at getInstallationId (/Users/alexanderhuth/Code/yelm/packages/core/src/utils/user_id.ts:42:5)
    at ClearcutLogger.createLogEvent (/Users/alexanderhuth/Code/yelm/packages/core/src/telemetry/clearcut-logger/clearcut-logger.ts:94:53)
    at ClearcutLogger.logStartSessionEvent (/Users/alexanderhuth/Code/yelm/packages/core/src/telemetry/clearcut-logger/clearcut-logger.ts:269:31)
    at new Config (/Users/alexanderhuth/Code/yelm/packages/core/src/config/config.ts:250:41)
    at Module.loadCliConfig [90m(/Users/alexanderhuth/Code/yelm/packages/cli/[39msrc/config/config.ts:307:10[90m)[39m
[90m    at processTicksAndRejections (node:internal/process/task_queues:105:5)[39m
    at [90m/Users/alexanderhuth/Code/yelm/packages/cli/[39msrc/config/config.test.ts:586:20
    at file:///Users/alexanderhuth/Code/yelm/node_modules/[4m@vitest[24m/runner/dist/chunk-hooks.js:752:20 {
  errno: [33m-2[39m,
  code: [32m&apos;ENOENT&apos;[39m,
  syscall: [32m&apos;mkdir&apos;[39m,
  path: [32m&apos;/mock/home/user/.gemini&apos;[39m
}

            </system-err>
        </testcase>
        <testcase classname="src/config/config.test.ts" name="mergeExcludeTools &gt; should handle extensions with excludeTools but no settings" time="0.002438375">
            <system-err>
Error accessing installation ID file, generating ephemeral ID: Error: ENOENT: no such file or directory, mkdir &apos;/mock/home/user/.gemini&apos;
[90m    at Proxy.mkdirSync (node:fs:1361:26)[39m
    at ensureGeminiDirExists (/Users/alexanderhuth/Code/yelm/packages/core/src/utils/user_id.ts:19:8)
    at getInstallationId (/Users/alexanderhuth/Code/yelm/packages/core/src/utils/user_id.ts:42:5)
    at ClearcutLogger.createLogEvent (/Users/alexanderhuth/Code/yelm/packages/core/src/telemetry/clearcut-logger/clearcut-logger.ts:94:53)
    at ClearcutLogger.logStartSessionEvent (/Users/alexanderhuth/Code/yelm/packages/core/src/telemetry/clearcut-logger/clearcut-logger.ts:269:31)
    at new Config (/Users/alexanderhuth/Code/yelm/packages/core/src/config/config.ts:250:41)
    at Module.loadCliConfig [90m(/Users/alexanderhuth/Code/yelm/packages/cli/[39msrc/config/config.ts:307:10[90m)[39m
[90m    at processTicksAndRejections (node:internal/process/task_queues:105:5)[39m
    at [90m/Users/alexanderhuth/Code/yelm/packages/cli/[39msrc/config/config.test.ts:612:20
    at file:///Users/alexanderhuth/Code/yelm/node_modules/[4m@vitest[24m/runner/dist/chunk-hooks.js:752:20 {
  errno: [33m-2[39m,
  code: [32m&apos;ENOENT&apos;[39m,
  syscall: [32m&apos;mkdir&apos;[39m,
  path: [32m&apos;/mock/home/user/.gemini&apos;[39m
}

            </system-err>
        </testcase>
        <testcase classname="src/config/config.test.ts" name="mergeExcludeTools &gt; should not modify the original settings object" time="0.001620875">
            <system-err>
Error accessing installation ID file, generating ephemeral ID: Error: ENOENT: no such file or directory, mkdir &apos;/mock/home/user/.gemini&apos;
[90m    at Proxy.mkdirSync (node:fs:1361:26)[39m
    at ensureGeminiDirExists (/Users/alexanderhuth/Code/yelm/packages/core/src/utils/user_id.ts:19:8)
    at getInstallationId (/Users/alexanderhuth/Code/yelm/packages/core/src/utils/user_id.ts:42:5)
    at ClearcutLogger.createLogEvent (/Users/alexanderhuth/Code/yelm/packages/core/src/telemetry/clearcut-logger/clearcut-logger.ts:94:53)
    at ClearcutLogger.logStartSessionEvent (/Users/alexanderhuth/Code/yelm/packages/core/src/telemetry/clearcut-logger/clearcut-logger.ts:269:31)
    at new Config (/Users/alexanderhuth/Code/yelm/packages/core/src/config/config.ts:250:41)
    at Module.loadCliConfig [90m(/Users/alexanderhuth/Code/yelm/packages/cli/[39msrc/config/config.ts:307:10[90m)[39m
[90m    at processTicksAndRejections (node:internal/process/task_queues:105:5)[39m
    at [90m/Users/alexanderhuth/Code/yelm/packages/cli/[39msrc/config/config.test.ts:639:5
    at file:///Users/alexanderhuth/Code/yelm/node_modules/[4m@vitest[24m/runner/dist/chunk-hooks.js:752:20 {
  errno: [33m-2[39m,
  code: [32m&apos;ENOENT&apos;[39m,
  syscall: [32m&apos;mkdir&apos;[39m,
  path: [32m&apos;/mock/home/user/.gemini&apos;[39m
}

            </system-err>
        </testcase>
        <testcase classname="src/config/config.test.ts" name="loadCliConfig with allowed-mcp-server-names &gt; should allow all MCP servers if the flag is not provided" time="0.001918667">
            <system-err>
Error accessing installation ID file, generating ephemeral ID: Error: ENOENT: no such file or directory, mkdir &apos;/mock/home/user/.gemini&apos;
[90m    at Proxy.mkdirSync (node:fs:1361:26)[39m
    at ensureGeminiDirExists (/Users/alexanderhuth/Code/yelm/packages/core/src/utils/user_id.ts:19:8)
    at getInstallationId (/Users/alexanderhuth/Code/yelm/packages/core/src/utils/user_id.ts:42:5)
    at ClearcutLogger.createLogEvent (/Users/alexanderhuth/Code/yelm/packages/core/src/telemetry/clearcut-logger/clearcut-logger.ts:94:53)
    at ClearcutLogger.logStartSessionEvent (/Users/alexanderhuth/Code/yelm/packages/core/src/telemetry/clearcut-logger/clearcut-logger.ts:269:31)
    at new Config (/Users/alexanderhuth/Code/yelm/packages/core/src/config/config.ts:250:41)
    at Module.loadCliConfig [90m(/Users/alexanderhuth/Code/yelm/packages/cli/[39msrc/config/config.ts:307:10[90m)[39m
[90m    at processTicksAndRejections (node:internal/process/task_queues:105:5)[39m
    at [90m/Users/alexanderhuth/Code/yelm/packages/cli/[39msrc/config/config.test.ts:671:20
    at file:///Users/alexanderhuth/Code/yelm/node_modules/[4m@vitest[24m/runner/dist/chunk-hooks.js:752:20 {
  errno: [33m-2[39m,
  code: [32m&apos;ENOENT&apos;[39m,
  syscall: [32m&apos;mkdir&apos;[39m,
  path: [32m&apos;/mock/home/user/.gemini&apos;[39m
}

            </system-err>
        </testcase>
        <testcase classname="src/config/config.test.ts" name="loadCliConfig with allowed-mcp-server-names &gt; should allow only the specified MCP server" time="0.001620042">
            <system-err>
Error accessing installation ID file, generating ephemeral ID: Error: ENOENT: no such file or directory, mkdir &apos;/mock/home/user/.gemini&apos;
[90m    at Proxy.mkdirSync (node:fs:1361:26)[39m
    at ensureGeminiDirExists (/Users/alexanderhuth/Code/yelm/packages/core/src/utils/user_id.ts:19:8)
    at getInstallationId (/Users/alexanderhuth/Code/yelm/packages/core/src/utils/user_id.ts:42:5)
    at ClearcutLogger.createLogEvent (/Users/alexanderhuth/Code/yelm/packages/core/src/telemetry/clearcut-logger/clearcut-logger.ts:94:53)
    at ClearcutLogger.logStartSessionEvent (/Users/alexanderhuth/Code/yelm/packages/core/src/telemetry/clearcut-logger/clearcut-logger.ts:269:31)
    at new Config (/Users/alexanderhuth/Code/yelm/packages/core/src/config/config.ts:250:41)
    at Module.loadCliConfig [90m(/Users/alexanderhuth/Code/yelm/packages/cli/[39msrc/config/config.ts:307:10[90m)[39m
[90m    at processTicksAndRejections (node:internal/process/task_queues:105:5)[39m
    at [90m/Users/alexanderhuth/Code/yelm/packages/cli/[39msrc/config/config.test.ts:683:20
    at file:///Users/alexanderhuth/Code/yelm/node_modules/[4m@vitest[24m/runner/dist/chunk-hooks.js:752:20 {
  errno: [33m-2[39m,
  code: [32m&apos;ENOENT&apos;[39m,
  syscall: [32m&apos;mkdir&apos;[39m,
  path: [32m&apos;/mock/home/user/.gemini&apos;[39m
}

            </system-err>
        </testcase>
        <testcase classname="src/config/config.test.ts" name="loadCliConfig with allowed-mcp-server-names &gt; should allow multiple specified MCP servers" time="0.00133125">
            <system-err>
Error accessing installation ID file, generating ephemeral ID: Error: ENOENT: no such file or directory, mkdir &apos;/mock/home/user/.gemini&apos;
[90m    at Proxy.mkdirSync (node:fs:1361:26)[39m
    at ensureGeminiDirExists (/Users/alexanderhuth/Code/yelm/packages/core/src/utils/user_id.ts:19:8)
    at getInstallationId (/Users/alexanderhuth/Code/yelm/packages/core/src/utils/user_id.ts:42:5)
    at ClearcutLogger.createLogEvent (/Users/alexanderhuth/Code/yelm/packages/core/src/telemetry/clearcut-logger/clearcut-logger.ts:94:53)
    at ClearcutLogger.logStartSessionEvent (/Users/alexanderhuth/Code/yelm/packages/core/src/telemetry/clearcut-logger/clearcut-logger.ts:269:31)
    at new Config (/Users/alexanderhuth/Code/yelm/packages/core/src/config/config.ts:250:41)
    at Module.loadCliConfig [90m(/Users/alexanderhuth/Code/yelm/packages/cli/[39msrc/config/config.ts:307:10[90m)[39m
[90m    at processTicksAndRejections (node:internal/process/task_queues:105:5)[39m
    at [90m/Users/alexanderhuth/Code/yelm/packages/cli/[39msrc/config/config.test.ts:699:20
    at file:///Users/alexanderhuth/Code/yelm/node_modules/[4m@vitest[24m/runner/dist/chunk-hooks.js:752:20 {
  errno: [33m-2[39m,
  code: [32m&apos;ENOENT&apos;[39m,
  syscall: [32m&apos;mkdir&apos;[39m,
  path: [32m&apos;/mock/home/user/.gemini&apos;[39m
}

            </system-err>
        </testcase>
        <testcase classname="src/config/config.test.ts" name="loadCliConfig with allowed-mcp-server-names &gt; should handle server names that do not exist" time="0.001392917">
            <system-err>
Error accessing installation ID file, generating ephemeral ID: Error: ENOENT: no such file or directory, mkdir &apos;/mock/home/user/.gemini&apos;
[90m    at Proxy.mkdirSync (node:fs:1361:26)[39m
    at ensureGeminiDirExists (/Users/alexanderhuth/Code/yelm/packages/core/src/utils/user_id.ts:19:8)
    at getInstallationId (/Users/alexanderhuth/Code/yelm/packages/core/src/utils/user_id.ts:42:5)
    at ClearcutLogger.createLogEvent (/Users/alexanderhuth/Code/yelm/packages/core/src/telemetry/clearcut-logger/clearcut-logger.ts:94:53)
    at ClearcutLogger.logStartSessionEvent (/Users/alexanderhuth/Code/yelm/packages/core/src/telemetry/clearcut-logger/clearcut-logger.ts:269:31)
    at new Config (/Users/alexanderhuth/Code/yelm/packages/core/src/config/config.ts:250:41)
    at Module.loadCliConfig [90m(/Users/alexanderhuth/Code/yelm/packages/cli/[39msrc/config/config.ts:307:10[90m)[39m
[90m    at processTicksAndRejections (node:internal/process/task_queues:105:5)[39m
    at [90m/Users/alexanderhuth/Code/yelm/packages/cli/[39msrc/config/config.test.ts:716:20
    at file:///Users/alexanderhuth/Code/yelm/node_modules/[4m@vitest[24m/runner/dist/chunk-hooks.js:752:20 {
  errno: [33m-2[39m,
  code: [32m&apos;ENOENT&apos;[39m,
  syscall: [32m&apos;mkdir&apos;[39m,
  path: [32m&apos;/mock/home/user/.gemini&apos;[39m
}

            </system-err>
        </testcase>
        <testcase classname="src/config/config.test.ts" name="loadCliConfig with allowed-mcp-server-names &gt; should allow no MCP servers if the flag is provided but empty" time="0.001552375">
            <system-err>
Error accessing installation ID file, generating ephemeral ID: Error: ENOENT: no such file or directory, mkdir &apos;/mock/home/user/.gemini&apos;
[90m    at Proxy.mkdirSync (node:fs:1361:26)[39m
    at ensureGeminiDirExists (/Users/alexanderhuth/Code/yelm/packages/core/src/utils/user_id.ts:19:8)
    at getInstallationId (/Users/alexanderhuth/Code/yelm/packages/core/src/utils/user_id.ts:42:5)
    at ClearcutLogger.createLogEvent (/Users/alexanderhuth/Code/yelm/packages/core/src/telemetry/clearcut-logger/clearcut-logger.ts:94:53)
    at ClearcutLogger.logStartSessionEvent (/Users/alexanderhuth/Code/yelm/packages/core/src/telemetry/clearcut-logger/clearcut-logger.ts:269:31)
    at new Config (/Users/alexanderhuth/Code/yelm/packages/core/src/config/config.ts:250:41)
    at Module.loadCliConfig [90m(/Users/alexanderhuth/Code/yelm/packages/cli/[39msrc/config/config.ts:307:10[90m)[39m
[90m    at processTicksAndRejections (node:internal/process/task_queues:105:5)[39m
    at [90m/Users/alexanderhuth/Code/yelm/packages/cli/[39msrc/config/config.test.ts:725:20
    at file:///Users/alexanderhuth/Code/yelm/node_modules/[4m@vitest[24m/runner/dist/chunk-hooks.js:752:20 {
  errno: [33m-2[39m,
  code: [32m&apos;ENOENT&apos;[39m,
  syscall: [32m&apos;mkdir&apos;[39m,
  path: [32m&apos;/mock/home/user/.gemini&apos;[39m
}

            </system-err>
        </testcase>
        <testcase classname="src/config/config.test.ts" name="loadCliConfig extensions &gt; should not filter extensions if --extensions flag is not used" time="0.001523167">
            <system-err>
Error accessing installation ID file, generating ephemeral ID: Error: ENOENT: no such file or directory, mkdir &apos;/mock/home/user/.gemini&apos;
[90m    at Proxy.mkdirSync (node:fs:1361:26)[39m
    at ensureGeminiDirExists (/Users/alexanderhuth/Code/yelm/packages/core/src/utils/user_id.ts:19:8)
    at getInstallationId (/Users/alexanderhuth/Code/yelm/packages/core/src/utils/user_id.ts:42:5)
    at ClearcutLogger.createLogEvent (/Users/alexanderhuth/Code/yelm/packages/core/src/telemetry/clearcut-logger/clearcut-logger.ts:94:53)
    at ClearcutLogger.logStartSessionEvent (/Users/alexanderhuth/Code/yelm/packages/core/src/telemetry/clearcut-logger/clearcut-logger.ts:269:31)
    at new Config (/Users/alexanderhuth/Code/yelm/packages/core/src/config/config.ts:250:41)
    at Module.loadCliConfig [90m(/Users/alexanderhuth/Code/yelm/packages/cli/[39msrc/config/config.ts:307:10[90m)[39m
[90m    at processTicksAndRejections (node:internal/process/task_queues:105:5)[39m
    at [90m/Users/alexanderhuth/Code/yelm/packages/cli/[39msrc/config/config.test.ts:746:20
    at file:///Users/alexanderhuth/Code/yelm/node_modules/[4m@vitest[24m/runner/dist/chunk-hooks.js:752:20 {
  errno: [33m-2[39m,
  code: [32m&apos;ENOENT&apos;[39m,
  syscall: [32m&apos;mkdir&apos;[39m,
  path: [32m&apos;/mock/home/user/.gemini&apos;[39m
}

            </system-err>
        </testcase>
        <testcase classname="src/config/config.test.ts" name="loadCliConfig extensions &gt; should filter extensions if --extensions flag is used" time="0.001437209">
            <system-out>
Activated extension: ext1 (version: 1.0.0)
Disabled extension: ext2

            </system-out>
            <system-err>
Error accessing installation ID file, generating ephemeral ID: Error: ENOENT: no such file or directory, mkdir &apos;/mock/home/user/.gemini&apos;
[90m    at Proxy.mkdirSync (node:fs:1361:26)[39m
    at ensureGeminiDirExists (/Users/alexanderhuth/Code/yelm/packages/core/src/utils/user_id.ts:19:8)
    at getInstallationId (/Users/alexanderhuth/Code/yelm/packages/core/src/utils/user_id.ts:42:5)
    at ClearcutLogger.createLogEvent (/Users/alexanderhuth/Code/yelm/packages/core/src/telemetry/clearcut-logger/clearcut-logger.ts:94:53)
    at ClearcutLogger.logStartSessionEvent (/Users/alexanderhuth/Code/yelm/packages/core/src/telemetry/clearcut-logger/clearcut-logger.ts:269:31)
    at new Config (/Users/alexanderhuth/Code/yelm/packages/core/src/config/config.ts:250:41)
    at Module.loadCliConfig [90m(/Users/alexanderhuth/Code/yelm/packages/cli/[39msrc/config/config.ts:307:10[90m)[39m
[90m    at processTicksAndRejections (node:internal/process/task_queues:105:5)[39m
    at [90m/Users/alexanderhuth/Code/yelm/packages/cli/[39msrc/config/config.test.ts:762:20
    at file:///Users/alexanderhuth/Code/yelm/node_modules/[4m@vitest[24m/runner/dist/chunk-hooks.js:752:20 {
  errno: [33m-2[39m,
  code: [32m&apos;ENOENT&apos;[39m,
  syscall: [32m&apos;mkdir&apos;[39m,
  path: [32m&apos;/mock/home/user/.gemini&apos;[39m
}

            </system-err>
        </testcase>
        <testcase classname="src/config/config.test.ts" name="loadCliConfig ideMode &gt; should be false by default" time="0.001258">
            <system-err>
Error accessing installation ID file, generating ephemeral ID: Error: ENOENT: no such file or directory, mkdir &apos;/mock/home/user/.gemini&apos;
[90m    at Proxy.mkdirSync (node:fs:1361:26)[39m
    at ensureGeminiDirExists (/Users/alexanderhuth/Code/yelm/packages/core/src/utils/user_id.ts:19:8)
    at getInstallationId (/Users/alexanderhuth/Code/yelm/packages/core/src/utils/user_id.ts:42:5)
    at ClearcutLogger.createLogEvent (/Users/alexanderhuth/Code/yelm/packages/core/src/telemetry/clearcut-logger/clearcut-logger.ts:94:53)
    at ClearcutLogger.logStartSessionEvent (/Users/alexanderhuth/Code/yelm/packages/core/src/telemetry/clearcut-logger/clearcut-logger.ts:269:31)
    at new Config (/Users/alexanderhuth/Code/yelm/packages/core/src/config/config.ts:250:41)
    at Module.loadCliConfig [90m(/Users/alexanderhuth/Code/yelm/packages/cli/[39msrc/config/config.ts:307:10[90m)[39m
[90m    at processTicksAndRejections (node:internal/process/task_queues:105:5)[39m
    at [90m/Users/alexanderhuth/Code/yelm/packages/cli/[39msrc/config/config.test.ts:795:20
    at file:///Users/alexanderhuth/Code/yelm/node_modules/[4m@vitest[24m/runner/dist/chunk-hooks.js:752:20 {
  errno: [33m-2[39m,
  code: [32m&apos;ENOENT&apos;[39m,
  syscall: [32m&apos;mkdir&apos;[39m,
  path: [32m&apos;/mock/home/user/.gemini&apos;[39m
}

            </system-err>
        </testcase>
        <testcase classname="src/config/config.test.ts" name="loadCliConfig ideMode &gt; should be false if --ide-mode is true but TERM_PROGRAM is not vscode" time="0.001301458">
            <system-err>
Error accessing installation ID file, generating ephemeral ID: Error: ENOENT: no such file or directory, mkdir &apos;/mock/home/user/.gemini&apos;
[90m    at Proxy.mkdirSync (node:fs:1361:26)[39m
    at ensureGeminiDirExists (/Users/alexanderhuth/Code/yelm/packages/core/src/utils/user_id.ts:19:8)
    at getInstallationId (/Users/alexanderhuth/Code/yelm/packages/core/src/utils/user_id.ts:42:5)
    at ClearcutLogger.createLogEvent (/Users/alexanderhuth/Code/yelm/packages/core/src/telemetry/clearcut-logger/clearcut-logger.ts:94:53)
    at ClearcutLogger.logStartSessionEvent (/Users/alexanderhuth/Code/yelm/packages/core/src/telemetry/clearcut-logger/clearcut-logger.ts:269:31)
    at new Config (/Users/alexanderhuth/Code/yelm/packages/core/src/config/config.ts:250:41)
    at Module.loadCliConfig [90m(/Users/alexanderhuth/Code/yelm/packages/cli/[39msrc/config/config.ts:307:10[90m)[39m
[90m    at processTicksAndRejections (node:internal/process/task_queues:105:5)[39m
    at [90m/Users/alexanderhuth/Code/yelm/packages/cli/[39msrc/config/config.test.ts:803:20
    at file:///Users/alexanderhuth/Code/yelm/node_modules/[4m@vitest[24m/runner/dist/chunk-hooks.js:752:20 {
  errno: [33m-2[39m,
  code: [32m&apos;ENOENT&apos;[39m,
  syscall: [32m&apos;mkdir&apos;[39m,
  path: [32m&apos;/mock/home/user/.gemini&apos;[39m
}

            </system-err>
        </testcase>
        <testcase classname="src/config/config.test.ts" name="loadCliConfig ideMode &gt; should be false if settings.ideMode is true but TERM_PROGRAM is not vscode" time="0.001229042">
            <system-err>
Error accessing installation ID file, generating ephemeral ID: Error: ENOENT: no such file or directory, mkdir &apos;/mock/home/user/.gemini&apos;
[90m    at Proxy.mkdirSync (node:fs:1361:26)[39m
    at ensureGeminiDirExists (/Users/alexanderhuth/Code/yelm/packages/core/src/utils/user_id.ts:19:8)
    at getInstallationId (/Users/alexanderhuth/Code/yelm/packages/core/src/utils/user_id.ts:42:5)
    at ClearcutLogger.createLogEvent (/Users/alexanderhuth/Code/yelm/packages/core/src/telemetry/clearcut-logger/clearcut-logger.ts:94:53)
    at ClearcutLogger.logStartSessionEvent (/Users/alexanderhuth/Code/yelm/packages/core/src/telemetry/clearcut-logger/clearcut-logger.ts:269:31)
    at new Config (/Users/alexanderhuth/Code/yelm/packages/core/src/config/config.ts:250:41)
    at Module.loadCliConfig [90m(/Users/alexanderhuth/Code/yelm/packages/cli/[39msrc/config/config.ts:307:10[90m)[39m
[90m    at processTicksAndRejections (node:internal/process/task_queues:105:5)[39m
    at [90m/Users/alexanderhuth/Code/yelm/packages/cli/[39msrc/config/config.test.ts:811:20
    at file:///Users/alexanderhuth/Code/yelm/node_modules/[4m@vitest[24m/runner/dist/chunk-hooks.js:752:20 {
  errno: [33m-2[39m,
  code: [32m&apos;ENOENT&apos;[39m,
  syscall: [32m&apos;mkdir&apos;[39m,
  path: [32m&apos;/mock/home/user/.gemini&apos;[39m
}

            </system-err>
        </testcase>
        <testcase classname="src/config/config.test.ts" name="loadCliConfig ideMode &gt; should be true when --ide-mode is set and TERM_PROGRAM is vscode" time="0.001309167">
            <system-err>
Error accessing installation ID file, generating ephemeral ID: Error: ENOENT: no such file or directory, mkdir &apos;/mock/home/user/.gemini&apos;
[90m    at Proxy.mkdirSync (node:fs:1361:26)[39m
    at ensureGeminiDirExists (/Users/alexanderhuth/Code/yelm/packages/core/src/utils/user_id.ts:19:8)
    at getInstallationId (/Users/alexanderhuth/Code/yelm/packages/core/src/utils/user_id.ts:42:5)
    at ClearcutLogger.createLogEvent (/Users/alexanderhuth/Code/yelm/packages/core/src/telemetry/clearcut-logger/clearcut-logger.ts:94:53)
    at ClearcutLogger.logStartSessionEvent (/Users/alexanderhuth/Code/yelm/packages/core/src/telemetry/clearcut-logger/clearcut-logger.ts:269:31)
    at new Config (/Users/alexanderhuth/Code/yelm/packages/core/src/config/config.ts:250:41)
    at Module.loadCliConfig [90m(/Users/alexanderhuth/Code/yelm/packages/cli/[39msrc/config/config.ts:307:10[90m)[39m
[90m    at processTicksAndRejections (node:internal/process/task_queues:105:5)[39m
    at [90m/Users/alexanderhuth/Code/yelm/packages/cli/[39msrc/config/config.test.ts:820:20
    at file:///Users/alexanderhuth/Code/yelm/node_modules/[4m@vitest[24m/runner/dist/chunk-hooks.js:752:20 {
  errno: [33m-2[39m,
  code: [32m&apos;ENOENT&apos;[39m,
  syscall: [32m&apos;mkdir&apos;[39m,
  path: [32m&apos;/mock/home/user/.gemini&apos;[39m
}

            </system-err>
        </testcase>
        <testcase classname="src/config/config.test.ts" name="loadCliConfig ideMode &gt; should be true when settings.ideMode is true and TERM_PROGRAM is vscode" time="0.001235917">
            <system-err>
Error accessing installation ID file, generating ephemeral ID: Error: ENOENT: no such file or directory, mkdir &apos;/mock/home/user/.gemini&apos;
[90m    at Proxy.mkdirSync (node:fs:1361:26)[39m
    at ensureGeminiDirExists (/Users/alexanderhuth/Code/yelm/packages/core/src/utils/user_id.ts:19:8)
    at getInstallationId (/Users/alexanderhuth/Code/yelm/packages/core/src/utils/user_id.ts:42:5)
    at ClearcutLogger.createLogEvent (/Users/alexanderhuth/Code/yelm/packages/core/src/telemetry/clearcut-logger/clearcut-logger.ts:94:53)
    at ClearcutLogger.logStartSessionEvent (/Users/alexanderhuth/Code/yelm/packages/core/src/telemetry/clearcut-logger/clearcut-logger.ts:269:31)
    at new Config (/Users/alexanderhuth/Code/yelm/packages/core/src/config/config.ts:250:41)
    at Module.loadCliConfig [90m(/Users/alexanderhuth/Code/yelm/packages/cli/[39msrc/config/config.ts:307:10[90m)[39m
[90m    at processTicksAndRejections (node:internal/process/task_queues:105:5)[39m
    at [90m/Users/alexanderhuth/Code/yelm/packages/cli/[39msrc/config/config.test.ts:829:20
    at file:///Users/alexanderhuth/Code/yelm/node_modules/[4m@vitest[24m/runner/dist/chunk-hooks.js:752:20 {
  errno: [33m-2[39m,
  code: [32m&apos;ENOENT&apos;[39m,
  syscall: [32m&apos;mkdir&apos;[39m,
  path: [32m&apos;/mock/home/user/.gemini&apos;[39m
}

            </system-err>
        </testcase>
        <testcase classname="src/config/config.test.ts" name="loadCliConfig ideMode &gt; should prioritize --ide-mode (true) over settings (false) when TERM_PROGRAM is vscode" time="0.002780542">
            <system-err>
Error accessing installation ID file, generating ephemeral ID: Error: ENOENT: no such file or directory, mkdir &apos;/mock/home/user/.gemini&apos;
[90m    at Proxy.mkdirSync (node:fs:1361:26)[39m
    at ensureGeminiDirExists (/Users/alexanderhuth/Code/yelm/packages/core/src/utils/user_id.ts:19:8)
    at getInstallationId (/Users/alexanderhuth/Code/yelm/packages/core/src/utils/user_id.ts:42:5)
    at ClearcutLogger.createLogEvent (/Users/alexanderhuth/Code/yelm/packages/core/src/telemetry/clearcut-logger/clearcut-logger.ts:94:53)
    at ClearcutLogger.logStartSessionEvent (/Users/alexanderhuth/Code/yelm/packages/core/src/telemetry/clearcut-logger/clearcut-logger.ts:269:31)
    at new Config (/Users/alexanderhuth/Code/yelm/packages/core/src/config/config.ts:250:41)
    at Module.loadCliConfig [90m(/Users/alexanderhuth/Code/yelm/packages/cli/[39msrc/config/config.ts:307:10[90m)[39m
[90m    at processTicksAndRejections (node:internal/process/task_queues:105:5)[39m
    at [90m/Users/alexanderhuth/Code/yelm/packages/cli/[39msrc/config/config.test.ts:838:20
    at file:///Users/alexanderhuth/Code/yelm/node_modules/[4m@vitest[24m/runner/dist/chunk-hooks.js:752:20 {
  errno: [33m-2[39m,
  code: [32m&apos;ENOENT&apos;[39m,
  syscall: [32m&apos;mkdir&apos;[39m,
  path: [32m&apos;/mock/home/user/.gemini&apos;[39m
}

            </system-err>
        </testcase>
        <testcase classname="src/config/config.test.ts" name="loadCliConfig ideMode &gt; should prioritize --no-ide-mode (false) over settings (true) even when TERM_PROGRAM is vscode" time="0.001583375">
            <system-err>
Error accessing installation ID file, generating ephemeral ID: Error: ENOENT: no such file or directory, mkdir &apos;/mock/home/user/.gemini&apos;
[90m    at Proxy.mkdirSync (node:fs:1361:26)[39m
    at ensureGeminiDirExists (/Users/alexanderhuth/Code/yelm/packages/core/src/utils/user_id.ts:19:8)
    at getInstallationId (/Users/alexanderhuth/Code/yelm/packages/core/src/utils/user_id.ts:42:5)
    at ClearcutLogger.createLogEvent (/Users/alexanderhuth/Code/yelm/packages/core/src/telemetry/clearcut-logger/clearcut-logger.ts:94:53)
    at ClearcutLogger.logStartSessionEvent (/Users/alexanderhuth/Code/yelm/packages/core/src/telemetry/clearcut-logger/clearcut-logger.ts:269:31)
    at new Config (/Users/alexanderhuth/Code/yelm/packages/core/src/config/config.ts:250:41)
    at Module.loadCliConfig [90m(/Users/alexanderhuth/Code/yelm/packages/cli/[39msrc/config/config.ts:307:10[90m)[39m
[90m    at processTicksAndRejections (node:internal/process/task_queues:105:5)[39m
    at [90m/Users/alexanderhuth/Code/yelm/packages/cli/[39msrc/config/config.test.ts:847:20
    at file:///Users/alexanderhuth/Code/yelm/node_modules/[4m@vitest[24m/runner/dist/chunk-hooks.js:752:20 {
  errno: [33m-2[39m,
  code: [32m&apos;ENOENT&apos;[39m,
  syscall: [32m&apos;mkdir&apos;[39m,
  path: [32m&apos;/mock/home/user/.gemini&apos;[39m
}

            </system-err>
        </testcase>
        <testcase classname="src/config/config.test.ts" name="loadCliConfig ideMode &gt; should be false when --ide-mode is true, TERM_PROGRAM is vscode, but SANDBOX is set" time="0.001348333">
            <system-err>
Error accessing installation ID file, generating ephemeral ID: Error: ENOENT: no such file or directory, mkdir &apos;/mock/home/user/.gemini&apos;
[90m    at Proxy.mkdirSync (node:fs:1361:26)[39m
    at ensureGeminiDirExists (/Users/alexanderhuth/Code/yelm/packages/core/src/utils/user_id.ts:19:8)
    at getInstallationId (/Users/alexanderhuth/Code/yelm/packages/core/src/utils/user_id.ts:42:5)
    at ClearcutLogger.createLogEvent (/Users/alexanderhuth/Code/yelm/packages/core/src/telemetry/clearcut-logger/clearcut-logger.ts:94:53)
    at ClearcutLogger.logStartSessionEvent (/Users/alexanderhuth/Code/yelm/packages/core/src/telemetry/clearcut-logger/clearcut-logger.ts:269:31)
    at new Config (/Users/alexanderhuth/Code/yelm/packages/core/src/config/config.ts:250:41)
    at Module.loadCliConfig [90m(/Users/alexanderhuth/Code/yelm/packages/cli/[39msrc/config/config.ts:307:10[90m)[39m
[90m    at processTicksAndRejections (node:internal/process/task_queues:105:5)[39m
    at [90m/Users/alexanderhuth/Code/yelm/packages/cli/[39msrc/config/config.test.ts:857:20
    at file:///Users/alexanderhuth/Code/yelm/node_modules/[4m@vitest[24m/runner/dist/chunk-hooks.js:752:20 {
  errno: [33m-2[39m,
  code: [32m&apos;ENOENT&apos;[39m,
  syscall: [32m&apos;mkdir&apos;[39m,
  path: [32m&apos;/mock/home/user/.gemini&apos;[39m
}

            </system-err>
        </testcase>
        <testcase classname="src/config/config.test.ts" name="loadCliConfig ideMode &gt; should be false when settings.ideMode is true, TERM_PROGRAM is vscode, but SANDBOX is set" time="0.001253125">
            <system-err>
Error accessing installation ID file, generating ephemeral ID: Error: ENOENT: no such file or directory, mkdir &apos;/mock/home/user/.gemini&apos;
[90m    at Proxy.mkdirSync (node:fs:1361:26)[39m
    at ensureGeminiDirExists (/Users/alexanderhuth/Code/yelm/packages/core/src/utils/user_id.ts:19:8)
    at getInstallationId (/Users/alexanderhuth/Code/yelm/packages/core/src/utils/user_id.ts:42:5)
    at ClearcutLogger.createLogEvent (/Users/alexanderhuth/Code/yelm/packages/core/src/telemetry/clearcut-logger/clearcut-logger.ts:94:53)
    at ClearcutLogger.logStartSessionEvent (/Users/alexanderhuth/Code/yelm/packages/core/src/telemetry/clearcut-logger/clearcut-logger.ts:269:31)
    at new Config (/Users/alexanderhuth/Code/yelm/packages/core/src/config/config.ts:250:41)
    at Module.loadCliConfig [90m(/Users/alexanderhuth/Code/yelm/packages/cli/[39msrc/config/config.ts:307:10[90m)[39m
[90m    at processTicksAndRejections (node:internal/process/task_queues:105:5)[39m
[...]
        </testcase>
        <testcase classname="src/ui/components/shared/text-buffer.test.ts" name="useTextBuffer &gt; Initialization &gt; should wrap visual lines with multiple spaces" time="0.001309917">
        </testcase>
        <testcase classname="src/ui/components/shared/text-buffer.test.ts" name="useTextBuffer &gt; Initialization &gt; should wrap visual lines even without spaces" time="0.000451167">
        </testcase>
        <testcase classname="src/ui/components/shared/text-buffer.test.ts" name="useTextBuffer &gt; Initialization &gt; should initialize with multi-byte unicode characters and correct cursor offset" time="0.001398125">
        </testcase>
        <testcase classname="src/ui/components/shared/text-buffer.test.ts" name="useTextBuffer &gt; Basic Editing &gt; insert: should insert a character and update cursor" time="0.000843">
        </testcase>
        <testcase classname="src/ui/components/shared/text-buffer.test.ts" name="useTextBuffer &gt; Basic Editing &gt; insert: should insert text in the middle of a line" time="0.001240958">
        </testcase>
        <testcase classname="src/ui/components/shared/text-buffer.test.ts" name="useTextBuffer &gt; Basic Editing &gt; newline: should create a new line and move cursor" time="0.000571625">
        </testcase>
        <testcase classname="src/ui/components/shared/text-buffer.test.ts" name="useTextBuffer &gt; Basic Editing &gt; backspace: should delete char to the left or merge lines" time="0.001115208">
        </testcase>
        <testcase classname="src/ui/components/shared/text-buffer.test.ts" name="useTextBuffer &gt; Basic Editing &gt; del: should delete char to the right or merge lines" time="0.00062175">
        </testcase>
        <testcase classname="src/ui/components/shared/text-buffer.test.ts" name="useTextBuffer &gt; Drag and Drop File Paths &gt; should prepend @ to a valid file path on insert" time="0.000527875">
        </testcase>
        <testcase classname="src/ui/components/shared/text-buffer.test.ts" name="useTextBuffer &gt; Drag and Drop File Paths &gt; should not prepend @ to an invalid file path on insert" time="0.000528875">
        </testcase>
        <testcase classname="src/ui/components/shared/text-buffer.test.ts" name="useTextBuffer &gt; Drag and Drop File Paths &gt; should handle quoted paths" time="0.00044125">
        </testcase>
        <testcase classname="src/ui/components/shared/text-buffer.test.ts" name="useTextBuffer &gt; Drag and Drop File Paths &gt; should not prepend @ to short text that is not a path" time="0.000385625">
        </testcase>
        <testcase classname="src/ui/components/shared/text-buffer.test.ts" name="useTextBuffer &gt; Shell Mode Behavior &gt; should not prepend @ to valid file paths when shellModeActive is true" time="0.000524416">
        </testcase>
        <testcase classname="src/ui/components/shared/text-buffer.test.ts" name="useTextBuffer &gt; Shell Mode Behavior &gt; should not prepend @ to quoted paths when shellModeActive is true" time="0.000445791">
        </testcase>
        <testcase classname="src/ui/components/shared/text-buffer.test.ts" name="useTextBuffer &gt; Shell Mode Behavior &gt; should behave normally with invalid paths when shellModeActive is true" time="0.000426541">
        </testcase>
        <testcase classname="src/ui/components/shared/text-buffer.test.ts" name="useTextBuffer &gt; Shell Mode Behavior &gt; should behave normally with short text when shellModeActive is true" time="0.000362083">
        </testcase>
        <testcase classname="src/ui/components/shared/text-buffer.test.ts" name="useTextBuffer &gt; Cursor Movement &gt; move: left/right should work within and across visual lines (due to wrapping)" time="0.001363583">
        </testcase>
        <testcase classname="src/ui/components/shared/text-buffer.test.ts" name="useTextBuffer &gt; Cursor Movement &gt; move: up/down should preserve preferred visual column" time="0.001400666">
        </testcase>
        <testcase classname="src/ui/components/shared/text-buffer.test.ts" name="useTextBuffer &gt; Cursor Movement &gt; move: home/end should go to visual line start/end" time="0.001079">
        </testcase>
        <testcase classname="src/ui/components/shared/text-buffer.test.ts" name="useTextBuffer &gt; Visual Layout &amp; Viewport &gt; should wrap long lines correctly into visualLines" time="0.000470041">
        </testcase>
        <testcase classname="src/ui/components/shared/text-buffer.test.ts" name="useTextBuffer &gt; Visual Layout &amp; Viewport &gt; should update visualScrollRow when visualCursor moves out of viewport" time="0.001243208">
        </testcase>
        <testcase classname="src/ui/components/shared/text-buffer.test.ts" name="useTextBuffer &gt; Undo/Redo &gt; should undo and redo an insert operation" time="0.000597458">
        </testcase>
        <testcase classname="src/ui/components/shared/text-buffer.test.ts" name="useTextBuffer &gt; Undo/Redo &gt; should undo and redo a newline operation" time="0.000652667">
        </testcase>
        <testcase classname="src/ui/components/shared/text-buffer.test.ts" name="useTextBuffer &gt; Unicode Handling &gt; insert: should correctly handle multi-byte unicode characters" time="0.000437333">
        </testcase>
        <testcase classname="src/ui/components/shared/text-buffer.test.ts" name="useTextBuffer &gt; Unicode Handling &gt; backspace: should correctly delete multi-byte unicode characters" time="0.000470333">
        </testcase>
        <testcase classname="src/ui/components/shared/text-buffer.test.ts" name="useTextBuffer &gt; Unicode Handling &gt; move: left/right should treat multi-byte chars as single units for visual cursor" time="0.000515459">
        </testcase>
        <testcase classname="src/ui/components/shared/text-buffer.test.ts" name="useTextBuffer &gt; handleInput &gt; should insert printable characters" time="0.000432958">
        </testcase>
        <testcase classname="src/ui/components/shared/text-buffer.test.ts" name="useTextBuffer &gt; handleInput &gt; should handle &quot;Enter&quot; key as newline" time="0.000356125">
        </testcase>
        <testcase classname="src/ui/components/shared/text-buffer.test.ts" name="useTextBuffer &gt; handleInput &gt; should handle &quot;Backspace&quot; key" time="0.0004045">
        </testcase>
        <testcase classname="src/ui/components/shared/text-buffer.test.ts" name="useTextBuffer &gt; handleInput &gt; should handle multiple delete characters in one input" time="0.003183375">
        </testcase>
        <testcase classname="src/ui/components/shared/text-buffer.test.ts" name="useTextBuffer &gt; handleInput &gt; should handle inserts that contain delete characters " time="0.00077425">
        </testcase>
        <testcase classname="src/ui/components/shared/text-buffer.test.ts" name="useTextBuffer &gt; handleInput &gt; should handle inserts with a mix of regular and delete characters " time="0.000545917">
        </testcase>
        <testcase classname="src/ui/components/shared/text-buffer.test.ts" name="useTextBuffer &gt; handleInput &gt; should handle arrow keys for movement" time="0.000583167">
        </testcase>
        <testcase classname="src/ui/components/shared/text-buffer.test.ts" name="useTextBuffer &gt; handleInput &gt; should strip ANSI escape codes when pasting text" time="0.000782459">
        </testcase>
        <testcase classname="src/ui/components/shared/text-buffer.test.ts" name="useTextBuffer &gt; handleInput &gt; should handle VSCode terminal Shift+Enter as newline" time="0.000539166">
        </testcase>
        <testcase classname="src/ui/components/shared/text-buffer.test.ts" name="useTextBuffer &gt; handleInput &gt; should correctly handle repeated pasting of long text" time="0.009962958">
        </testcase>
        <testcase classname="src/ui/components/shared/text-buffer.test.ts" name="useTextBuffer &gt; replaceRange &gt; should replace a single-line range with single-line text" time="0.00061825">
        </testcase>
        <testcase classname="src/ui/components/shared/text-buffer.test.ts" name="useTextBuffer &gt; replaceRange &gt; should replace a multi-line range with single-line text" time="0.000602209">
        </testcase>
        <testcase classname="src/ui/components/shared/text-buffer.test.ts" name="useTextBuffer &gt; replaceRange &gt; should delete a range when replacing with an empty string" time="0.000708208">
        </testcase>
        <testcase classname="src/ui/components/shared/text-buffer.test.ts" name="useTextBuffer &gt; replaceRange &gt; should handle replacing at the beginning of the text" time="0.000645792">
        </testcase>
        <testcase classname="src/ui/components/shared/text-buffer.test.ts" name="useTextBuffer &gt; replaceRange &gt; should handle replacing at the end of the text" time="0.000549833">
        </testcase>
        <testcase classname="src/ui/components/shared/text-buffer.test.ts" name="useTextBuffer &gt; replaceRange &gt; should handle replacing the entire buffer content" time="0.000507833">
        </testcase>
        <testcase classname="src/ui/components/shared/text-buffer.test.ts" name="useTextBuffer &gt; replaceRange &gt; should correctly replace with unicode characters" time="0.000472167">
        </testcase>
        <testcase classname="src/ui/components/shared/text-buffer.test.ts" name="useTextBuffer &gt; replaceRange &gt; should handle invalid range by returning false and not changing text" time="0.000424833">
        </testcase>
        <testcase classname="src/ui/components/shared/text-buffer.test.ts" name="useTextBuffer &gt; replaceRange &gt; replaceRange: multiple lines with a single character" time="0.000447417">
        </testcase>
        <testcase classname="src/ui/components/shared/text-buffer.test.ts" name="useTextBuffer &gt; Input Sanitization &gt; should strip ANSI escape codes from input" time="0.000366584">
        </testcase>
        <testcase classname="src/ui/components/shared/text-buffer.test.ts" name="useTextBuffer &gt; Input Sanitization &gt; should strip control characters from input" time="0.000344709">
        </testcase>
        <testcase classname="src/ui/components/shared/text-buffer.test.ts" name="useTextBuffer &gt; Input Sanitization &gt; should strip mixed ANSI and control characters from input" time="0.000389125">
        </testcase>
        <testcase classname="src/ui/components/shared/text-buffer.test.ts" name="useTextBuffer &gt; Input Sanitization &gt; should not strip standard characters or newlines" time="0.000422333">
        </testcase>
        <testcase classname="src/ui/components/shared/text-buffer.test.ts" name="useTextBuffer &gt; Input Sanitization &gt; should sanitize pasted text via handleInput" time="0.000378625">
        </testcase>
        <testcase classname="src/ui/components/shared/text-buffer.test.ts" name="offsetToLogicalPos &gt; should return [0,0] for offset 0" time="0.000042958">
        </testcase>
        <testcase classname="src/ui/components/shared/text-buffer.test.ts" name="offsetToLogicalPos &gt; should handle single line text" time="0.000072042">
        </testcase>
        <testcase classname="src/ui/components/shared/text-buffer.test.ts" name="offsetToLogicalPos &gt; should handle multi-line text" time="0.0001425">
        </testcase>
        <testcase classname="src/ui/components/shared/text-buffer.test.ts" name="offsetToLogicalPos &gt; should handle empty lines" time="0.000066708">
        </testcase>
        <testcase classname="src/ui/components/shared/text-buffer.test.ts" name="offsetToLogicalPos &gt; should handle text ending with a newline" time="0.000046333">
        </testcase>
        <testcase classname="src/ui/components/shared/text-buffer.test.ts" name="offsetToLogicalPos &gt; should handle text starting with a newline" time="0.000045625">
        </testcase>
        <testcase classname="src/ui/components/shared/text-buffer.test.ts" name="offsetToLogicalPos &gt; should handle empty string input" time="0.00003525">
        </testcase>
        <testcase classname="src/ui/components/shared/text-buffer.test.ts" name="offsetToLogicalPos &gt; should handle multi-byte unicode characters correctly" time="0.000080916">
        </testcase>
        <testcase classname="src/ui/components/shared/text-buffer.test.ts" name="offsetToLogicalPos &gt; should handle offset exactly at newline character" time="0.000037541">
        </testcase>
        <testcase classname="src/ui/components/shared/text-buffer.test.ts" name="offsetToLogicalPos &gt; should handle offset in the middle of a multi-byte character (should place at start of that char)" time="0.000042958">
        </testcase>
    </testsuite>
    <testsuite name="src/ui/components/messages/DiffRenderer.test.tsx" timestamp="2025-07-17T20:01:51.821Z" hostname="Alexanders-MacBook-Pro.local" tests="13" failures="0" errors="0" skipped="0" time="0.135257042">
        <testcase classname="src/ui/components/messages/DiffRenderer.test.tsx" name="&lt;OverflowProvider&gt;&lt;DiffRenderer /&gt;&lt;/OverflowProvider&gt; &gt; should call colorizeCode with correct language for new file with known extension" time="0.019897958">
        </testcase>
        <testcase classname="src/ui/components/messages/DiffRenderer.test.tsx" name="&lt;OverflowProvider&gt;&lt;DiffRenderer /&gt;&lt;/OverflowProvider&gt; &gt; should call colorizeCode with null language for new file with unknown extension" time="0.071805459">
        </testcase>
        <testcase classname="src/ui/components/messages/DiffRenderer.test.tsx" name="&lt;OverflowProvider&gt;&lt;DiffRenderer /&gt;&lt;/OverflowProvider&gt; &gt; should call colorizeCode with null language for new file if no filename is provided" time="0.011515458">
        </testcase>
        <testcase classname="src/ui/components/messages/DiffRenderer.test.tsx" name="&lt;OverflowProvider&gt;&lt;DiffRenderer /&gt;&lt;/OverflowProvider&gt; &gt; should render diff content for existing file (not calling colorizeCode directly for the whole block)" time="0.003093542">
        </testcase>
        <testcase classname="src/ui/components/messages/DiffRenderer.test.tsx" name="&lt;OverflowProvider&gt;&lt;DiffRenderer /&gt;&lt;/OverflowProvider&gt; &gt; should handle diff with only header and no changes" time="0.00116775">
        </testcase>
        <testcase classname="src/ui/components/messages/DiffRenderer.test.tsx" name="&lt;OverflowProvider&gt;&lt;DiffRenderer /&gt;&lt;/OverflowProvider&gt; &gt; should handle empty diff content" time="0.000409292">
        </testcase>
        <testcase classname="src/ui/components/messages/DiffRenderer.test.tsx" name="&lt;OverflowProvider&gt;&lt;DiffRenderer /&gt;&lt;/OverflowProvider&gt; &gt; should render a gap indicator for skipped lines" time="0.003590208">
        </testcase>
        <testcase classname="src/ui/components/messages/DiffRenderer.test.tsx" name="&lt;OverflowProvider&gt;&lt;DiffRenderer /&gt;&lt;/OverflowProvider&gt; &gt; should not render a gap indicator for small gaps (&lt;= MAX_CONTEXT_LINES_WITHOUT_GAP)" time="0.004267833">
        </testcase>
        <testcase classname="src/ui/components/messages/DiffRenderer.test.tsx" name="&lt;OverflowProvider&gt;&lt;DiffRenderer /&gt;&lt;/OverflowProvider&gt; &gt; should correctly render a diff with multiple hunks and a gap indicator &gt; with terminalWidth 80 and height undefined" time="0.005211125">
        </testcase>
        <testcase classname="src/ui/components/messages/DiffRenderer.test.tsx" name="&lt;OverflowProvider&gt;&lt;DiffRenderer /&gt;&lt;/OverflowProvider&gt; &gt; should correctly render a diff with multiple hunks and a gap indicator &gt; with terminalWidth 80 and height 6" time="0.002815958">
        </testcase>
        <testcase classname="src/ui/components/messages/DiffRenderer.test.tsx" name="&lt;OverflowProvider&gt;&lt;DiffRenderer /&gt;&lt;/OverflowProvider&gt; &gt; should correctly render a diff with multiple hunks and a gap indicator &gt; with terminalWidth 30 and height 6" time="0.003741375">
        </testcase>
        <testcase classname="src/ui/components/messages/DiffRenderer.test.tsx" name="&lt;OverflowProvider&gt;&lt;DiffRenderer /&gt;&lt;/OverflowProvider&gt; &gt; should correctly render a diff with a SVN diff format" time="0.002119834">
        </testcase>
        <testcase classname="src/ui/components/messages/DiffRenderer.test.tsx" name="&lt;OverflowProvider&gt;&lt;DiffRenderer /&gt;&lt;/OverflowProvider&gt; &gt; should correctly render a new file with no file extension correctly" time="0.004261208">
        </testcase>
    </testsuite>
    <testsuite name="src/ui/components/messages/ToolConfirmationMessage.test.tsx" timestamp="2025-07-17T20:01:51.822Z" hostname="Alexanders-MacBook-Pro.local" tests="2" failures="0" errors="0" skipped="0" time="0.020247125">
        <testcase classname="src/ui/components/messages/ToolConfirmationMessage.test.tsx" name="ToolConfirmationMessage &gt; should not display urls if prompt and url are the same" time="0.015724666">
        </testcase>
        <testcase classname="src/ui/components/messages/ToolConfirmationMessage.test.tsx" name="ToolConfirmationMessage &gt; should display urls if prompt and url are different" time="0.003527542">
        </testcase>
    </testsuite>
    <testsuite name="src/ui/components/messages/ToolMessage.test.tsx" timestamp="2025-07-17T20:01:51.822Z" hostname="Alexanders-MacBook-Pro.local" tests="11" failures="0" errors="0" skipped="0" time="0.042870167">
        <testcase classname="src/ui/components/messages/ToolMessage.test.tsx" name="&lt;ToolMessage /&gt; &gt; renders basic tool information" time="0.014045833">
        </testcase>
        <testcase classname="src/ui/components/messages/ToolMessage.test.tsx" name="&lt;ToolMessage /&gt; &gt; ToolStatusIndicator rendering &gt; shows ✔ for Success status" time="0.002557084">
        </testcase>
        <testcase classname="src/ui/components/messages/ToolMessage.test.tsx" name="&lt;ToolMessage /&gt; &gt; ToolStatusIndicator rendering &gt; shows o for Pending status" time="0.00352125">
        </testcase>
        <testcase classname="src/ui/components/messages/ToolMessage.test.tsx" name="&lt;ToolMessage /&gt; &gt; ToolStatusIndicator rendering &gt; shows ? for Confirming status" time="0.004171709">
        </testcase>
        <testcase classname="src/ui/components/messages/ToolMessage.test.tsx" name="&lt;ToolMessage /&gt; &gt; ToolStatusIndicator rendering &gt; shows - for Canceled status" time="0.001878417">
        </testcase>
        <testcase classname="src/ui/components/messages/ToolMessage.test.tsx" name="&lt;ToolMessage /&gt; &gt; ToolStatusIndicator rendering &gt; shows x for Error status" time="0.00563975">
        </testcase>
        <testcase classname="src/ui/components/messages/ToolMessage.test.tsx" name="&lt;ToolMessage /&gt; &gt; ToolStatusIndicator rendering &gt; shows paused spinner for Executing status when streamingState is Idle" time="0.001321417">
        </testcase>
        <testcase classname="src/ui/components/messages/ToolMessage.test.tsx" name="&lt;ToolMessage /&gt; &gt; ToolStatusIndicator rendering &gt; shows paused spinner for Executing status when streamingState is WaitingForConfirmation" time="0.001268125">
        </testcase>
        <testcase classname="src/ui/components/messages/ToolMessage.test.tsx" name="&lt;ToolMessage /&gt; &gt; ToolStatusIndicator rendering &gt; shows MockRespondingSpinner for Executing status when streamingState is Responding" time="0.00437475">
        </testcase>
        <testcase classname="src/ui/components/messages/ToolMessage.test.tsx" name="&lt;ToolMessage /&gt; &gt; renders DiffRenderer for diff results" time="0.001125042">
        </testcase>
        <testcase classname="src/ui/components/messages/ToolMessage.test.tsx" name="&lt;ToolMessage /&gt; &gt; renders emphasis correctly" time="0.001953458">
        </testcase>
    </testsuite>
</testsuites>
